<?xml version="1.0" encoding="UTF-8"?>
<testsuite xmlns:xsi="http://www.w3.org/2001/XMLSchema-instance" xsi:noNamespaceSchemaLocation="https://maven.apache.org/surefire/maven-surefire-plugin/xsd/surefire-test-report.xsd" name="com.mycompany.pruebajoobyuno.AppTest" time="12.176" tests="2" errors="0" skipped="0" failures="1">
  <properties>
    <property name="sun.desktop" value="windows"/>
    <property name="awt.toolkit" value="sun.awt.windows.WToolkit"/>
    <property name="file.encoding.pkg" value="sun.io"/>
    <property name="java.specification.version" value="1.8"/>
    <property name="sun.cpu.isalist" value="amd64"/>
    <property name="sun.jnu.encoding" value="Cp1252"/>
    <property name="java.class.path" value="C:\Users\Irais\Documents\NetBeansProjects\PruebaJoobyUno\target\test-classes;C:\Users\Irais\Documents\NetBeansProjects\PruebaJoobyUno\target\classes;C:\Users\Irais\.m2\repository\org\jooby\jooby-netty\1.6.2\jooby-netty-1.6.2.jar;C:\Users\Irais\.m2\repository\org\jooby\jooby\1.6.2\jooby-1.6.2.jar;C:\Users\Irais\.m2\repository\com\typesafe\config\1.3.3\config-1.3.3.jar;C:\Users\Irais\.m2\repository\org\jooby\funzy\0.1.0\funzy-0.1.0.jar;C:\Users\Irais\.m2\repository\com\google\guava\guava\25.1-jre\guava-25.1-jre.jar;C:\Users\Irais\.m2\repository\com\google\code\findbugs\jsr305\3.0.2\jsr305-3.0.2.jar;C:\Users\Irais\.m2\repository\org\checkerframework\checker-qual\2.0.0\checker-qual-2.0.0.jar;C:\Users\Irais\.m2\repository\com\google\errorprone\error_prone_annotations\2.1.3\error_prone_annotations-2.1.3.jar;C:\Users\Irais\.m2\repository\com\google\j2objc\j2objc-annotations\1.1\j2objc-annotations-1.1.jar;C:\Users\Irais\.m2\repository\org\codehaus\mojo\animal-sniffer-annotations\1.14\animal-sniffer-annotations-1.14.jar;C:\Users\Irais\.m2\repository\com\google\inject\extensions\guice-multibindings\4.2.0\guice-multibindings-4.2.0.jar;C:\Users\Irais\.m2\repository\com\google\inject\guice\4.2.0\guice-4.2.0.jar;C:\Users\Irais\.m2\repository\javax\inject\javax.inject\1\javax.inject-1.jar;C:\Users\Irais\.m2\repository\aopalliance\aopalliance\1.0\aopalliance-1.0.jar;C:\Users\Irais\.m2\repository\io\netty\netty-transport\4.1.36.Final\netty-transport-4.1.36.Final.jar;C:\Users\Irais\.m2\repository\io\netty\netty-buffer\4.1.36.Final\netty-buffer-4.1.36.Final.jar;C:\Users\Irais\.m2\repository\io\netty\netty-resolver\4.1.36.Final\netty-resolver-4.1.36.Final.jar;C:\Users\Irais\.m2\repository\io\netty\netty-codec\4.1.36.Final\netty-codec-4.1.36.Final.jar;C:\Users\Irais\.m2\repository\io\netty\netty-codec-http\4.1.36.Final\netty-codec-http-4.1.36.Final.jar;C:\Users\Irais\.m2\repository\io\netty\netty-codec-http2\4.1.36.Final\netty-codec-http2-4.1.36.Final.jar;C:\Users\Irais\.m2\repository\io\netty\netty-common\4.1.36.Final\netty-common-4.1.36.Final.jar;C:\Users\Irais\.m2\repository\io\netty\netty-handler\4.1.36.Final\netty-handler-4.1.36.Final.jar;C:\Users\Irais\.m2\repository\org\javassist\javassist\3.22.0-GA\javassist-3.22.0-GA.jar;C:\Users\Irais\.m2\repository\io\netty\netty-transport-native-epoll\4.1.36.Final\netty-transport-native-epoll-4.1.36.Final.jar;C:\Users\Irais\.m2\repository\io\netty\netty-transport-native-unix-common\4.1.36.Final\netty-transport-native-unix-common-4.1.36.Final.jar;C:\Users\Irais\.m2\repository\io\netty\netty-tcnative-boringssl-static\2.0.20.Final\netty-tcnative-boringssl-static-2.0.20.Final-windows-x86_64.jar;C:\Users\Irais\.m2\repository\ch\qos\logback\logback-classic\1.2.3\logback-classic-1.2.3.jar;C:\Users\Irais\.m2\repository\ch\qos\logback\logback-core\1.2.3\logback-core-1.2.3.jar;C:\Users\Irais\.m2\repository\org\slf4j\slf4j-api\1.7.25\slf4j-api-1.7.25.jar;C:\Users\Irais\.m2\repository\junit\junit\4.12\junit-4.12.jar;C:\Users\Irais\.m2\repository\org\hamcrest\hamcrest-core\1.3\hamcrest-core-1.3.jar;C:\Users\Irais\.m2\repository\io\rest-assured\rest-assured\3.1.0\rest-assured-3.1.0.jar;C:\Users\Irais\.m2\repository\org\codehaus\groovy\groovy\2.5.0\groovy-2.5.0.jar;C:\Users\Irais\.m2\repository\org\codehaus\groovy\groovy-xml\2.4.12\groovy-xml-2.4.12.jar;C:\Users\Irais\.m2\repository\org\apache\httpcomponents\httpclient\4.5.5\httpclient-4.5.5.jar;C:\Users\Irais\.m2\repository\org\apache\httpcomponents\httpcore\4.4.9\httpcore-4.4.9.jar;C:\Users\Irais\.m2\repository\commons-logging\commons-logging\1.2\commons-logging-1.2.jar;C:\Users\Irais\.m2\repository\commons-codec\commons-codec\1.10\commons-codec-1.10.jar;C:\Users\Irais\.m2\repository\org\apache\httpcomponents\httpmime\4.5.5\httpmime-4.5.5.jar;C:\Users\Irais\.m2\repository\org\hamcrest\hamcrest-library\1.3\hamcrest-library-1.3.jar;C:\Users\Irais\.m2\repository\org\ccil\cowan\tagsoup\tagsoup\1.2.1\tagsoup-1.2.1.jar;C:\Users\Irais\.m2\repository\io\rest-assured\json-path\3.1.0\json-path-3.1.0.jar;C:\Users\Irais\.m2\repository\org\codehaus\groovy\groovy-json\2.4.12\groovy-json-2.4.12.jar;C:\Users\Irais\.m2\repository\io\rest-assured\rest-assured-common\3.1.0\rest-assured-common-3.1.0.jar;C:\Users\Irais\.m2\repository\io\rest-assured\xml-path\3.1.0\xml-path-3.1.0.jar;C:\Users\Irais\.m2\repository\org\apache\commons\commons-lang3\3.7\commons-lang3-3.7.jar;C:\Users\Irais\.m2\repository\javax\xml\bind\jaxb-api\2.2.12\jaxb-api-2.2.12.jar;"/>
    <property name="java.vm.vendor" value="Oracle Corporation"/>
    <property name="sun.arch.data.model" value="64"/>
    <property name="user.variant" value=""/>
    <property name="java.vendor.url" value="http://java.oracle.com/"/>
    <property name="user.timezone" value=""/>
    <property name="java.vm.specification.version" value="1.8"/>
    <property name="os.name" value="Windows 10"/>
    <property name="sun.java.launcher" value="SUN_STANDARD"/>
    <property name="user.country" value="MX"/>
    <property name="sun.boot.library.path" value="C:\Program Files\Java\jdk1.8.0_162\jre\bin"/>
    <property name="sun.java.command" value="C:\Users\Irais\AppData\Local\Temp\surefire3434797304336648746\surefirebooter8740650080244693480.jar C:\Users\Irais\AppData\Local\Temp\surefire3434797304336648746 2019-07-08T15-58-30_420-jvmRun1 surefire3169018763225815489tmp surefire_07948939196601145798tmp"/>
    <property name="surefire.test.class.path" value="C:\Users\Irais\Documents\NetBeansProjects\PruebaJoobyUno\target\test-classes;C:\Users\Irais\Documents\NetBeansProjects\PruebaJoobyUno\target\classes;C:\Users\Irais\.m2\repository\org\jooby\jooby-netty\1.6.2\jooby-netty-1.6.2.jar;C:\Users\Irais\.m2\repository\org\jooby\jooby\1.6.2\jooby-1.6.2.jar;C:\Users\Irais\.m2\repository\com\typesafe\config\1.3.3\config-1.3.3.jar;C:\Users\Irais\.m2\repository\org\jooby\funzy\0.1.0\funzy-0.1.0.jar;C:\Users\Irais\.m2\repository\com\google\guava\guava\25.1-jre\guava-25.1-jre.jar;C:\Users\Irais\.m2\repository\com\google\code\findbugs\jsr305\3.0.2\jsr305-3.0.2.jar;C:\Users\Irais\.m2\repository\org\checkerframework\checker-qual\2.0.0\checker-qual-2.0.0.jar;C:\Users\Irais\.m2\repository\com\google\errorprone\error_prone_annotations\2.1.3\error_prone_annotations-2.1.3.jar;C:\Users\Irais\.m2\repository\com\google\j2objc\j2objc-annotations\1.1\j2objc-annotations-1.1.jar;C:\Users\Irais\.m2\repository\org\codehaus\mojo\animal-sniffer-annotations\1.14\animal-sniffer-annotations-1.14.jar;C:\Users\Irais\.m2\repository\com\google\inject\extensions\guice-multibindings\4.2.0\guice-multibindings-4.2.0.jar;C:\Users\Irais\.m2\repository\com\google\inject\guice\4.2.0\guice-4.2.0.jar;C:\Users\Irais\.m2\repository\javax\inject\javax.inject\1\javax.inject-1.jar;C:\Users\Irais\.m2\repository\aopalliance\aopalliance\1.0\aopalliance-1.0.jar;C:\Users\Irais\.m2\repository\io\netty\netty-transport\4.1.36.Final\netty-transport-4.1.36.Final.jar;C:\Users\Irais\.m2\repository\io\netty\netty-buffer\4.1.36.Final\netty-buffer-4.1.36.Final.jar;C:\Users\Irais\.m2\repository\io\netty\netty-resolver\4.1.36.Final\netty-resolver-4.1.36.Final.jar;C:\Users\Irais\.m2\repository\io\netty\netty-codec\4.1.36.Final\netty-codec-4.1.36.Final.jar;C:\Users\Irais\.m2\repository\io\netty\netty-codec-http\4.1.36.Final\netty-codec-http-4.1.36.Final.jar;C:\Users\Irais\.m2\repository\io\netty\netty-codec-http2\4.1.36.Final\netty-codec-http2-4.1.36.Final.jar;C:\Users\Irais\.m2\repository\io\netty\netty-common\4.1.36.Final\netty-common-4.1.36.Final.jar;C:\Users\Irais\.m2\repository\io\netty\netty-handler\4.1.36.Final\netty-handler-4.1.36.Final.jar;C:\Users\Irais\.m2\repository\org\javassist\javassist\3.22.0-GA\javassist-3.22.0-GA.jar;C:\Users\Irais\.m2\repository\io\netty\netty-transport-native-epoll\4.1.36.Final\netty-transport-native-epoll-4.1.36.Final.jar;C:\Users\Irais\.m2\repository\io\netty\netty-transport-native-unix-common\4.1.36.Final\netty-transport-native-unix-common-4.1.36.Final.jar;C:\Users\Irais\.m2\repository\io\netty\netty-tcnative-boringssl-static\2.0.20.Final\netty-tcnative-boringssl-static-2.0.20.Final-windows-x86_64.jar;C:\Users\Irais\.m2\repository\ch\qos\logback\logback-classic\1.2.3\logback-classic-1.2.3.jar;C:\Users\Irais\.m2\repository\ch\qos\logback\logback-core\1.2.3\logback-core-1.2.3.jar;C:\Users\Irais\.m2\repository\org\slf4j\slf4j-api\1.7.25\slf4j-api-1.7.25.jar;C:\Users\Irais\.m2\repository\junit\junit\4.12\junit-4.12.jar;C:\Users\Irais\.m2\repository\org\hamcrest\hamcrest-core\1.3\hamcrest-core-1.3.jar;C:\Users\Irais\.m2\repository\io\rest-assured\rest-assured\3.1.0\rest-assured-3.1.0.jar;C:\Users\Irais\.m2\repository\org\codehaus\groovy\groovy\2.5.0\groovy-2.5.0.jar;C:\Users\Irais\.m2\repository\org\codehaus\groovy\groovy-xml\2.4.12\groovy-xml-2.4.12.jar;C:\Users\Irais\.m2\repository\org\apache\httpcomponents\httpclient\4.5.5\httpclient-4.5.5.jar;C:\Users\Irais\.m2\repository\org\apache\httpcomponents\httpcore\4.4.9\httpcore-4.4.9.jar;C:\Users\Irais\.m2\repository\commons-logging\commons-logging\1.2\commons-logging-1.2.jar;C:\Users\Irais\.m2\repository\commons-codec\commons-codec\1.10\commons-codec-1.10.jar;C:\Users\Irais\.m2\repository\org\apache\httpcomponents\httpmime\4.5.5\httpmime-4.5.5.jar;C:\Users\Irais\.m2\repository\org\hamcrest\hamcrest-library\1.3\hamcrest-library-1.3.jar;C:\Users\Irais\.m2\repository\org\ccil\cowan\tagsoup\tagsoup\1.2.1\tagsoup-1.2.1.jar;C:\Users\Irais\.m2\repository\io\rest-assured\json-path\3.1.0\json-path-3.1.0.jar;C:\Users\Irais\.m2\repository\org\codehaus\groovy\groovy-json\2.4.12\groovy-json-2.4.12.jar;C:\Users\Irais\.m2\repository\io\rest-assured\rest-assured-common\3.1.0\rest-assured-common-3.1.0.jar;C:\Users\Irais\.m2\repository\io\rest-assured\xml-path\3.1.0\xml-path-3.1.0.jar;C:\Users\Irais\.m2\repository\org\apache\commons\commons-lang3\3.7\commons-lang3-3.7.jar;C:\Users\Irais\.m2\repository\javax\xml\bind\jaxb-api\2.2.12\jaxb-api-2.2.12.jar;"/>
    <property name="sun.cpu.endian" value="little"/>
    <property name="user.home" value="C:\Users\Irais"/>
    <property name="user.language" value="es"/>
    <property name="java.specification.vendor" value="Oracle Corporation"/>
    <property name="java.home" value="C:\Program Files\Java\jdk1.8.0_162\jre"/>
    <property name="basedir" value="C:\Users\Irais\Documents\NetBeansProjects\PruebaJoobyUno"/>
    <property name="file.separator" value="\"/>
    <property name="line.separator" value="&#10;"/>
    <property name="java.vm.specification.vendor" value="Oracle Corporation"/>
    <property name="java.specification.name" value="Java Platform API Specification"/>
    <property name="java.awt.graphicsenv" value="sun.awt.Win32GraphicsEnvironment"/>
    <property name="surefire.real.class.path" value="C:\Users\Irais\AppData\Local\Temp\surefire3434797304336648746\surefirebooter8740650080244693480.jar"/>
    <property name="sun.boot.class.path" value="C:\Program Files\Java\jdk1.8.0_162\jre\lib\resources.jar;C:\Program Files\Java\jdk1.8.0_162\jre\lib\rt.jar;C:\Program Files\Java\jdk1.8.0_162\jre\lib\sunrsasign.jar;C:\Program Files\Java\jdk1.8.0_162\jre\lib\jsse.jar;C:\Program Files\Java\jdk1.8.0_162\jre\lib\jce.jar;C:\Program Files\Java\jdk1.8.0_162\jre\lib\charsets.jar;C:\Program Files\Java\jdk1.8.0_162\jre\lib\jfr.jar;C:\Program Files\Java\jdk1.8.0_162\jre\classes"/>
    <property name="user.script" value=""/>
    <property name="sun.management.compiler" value="HotSpot 64-Bit Tiered Compilers"/>
    <property name="java.runtime.version" value="1.8.0_162-b12"/>
    <property name="user.name" value="Irais"/>
    <property name="path.separator" value=";"/>
    <property name="os.version" value="10.0"/>
    <property name="java.endorsed.dirs" value="C:\Program Files\Java\jdk1.8.0_162\jre\lib\endorsed"/>
    <property name="java.runtime.name" value="Java(TM) SE Runtime Environment"/>
    <property name="file.encoding" value="UTF-8"/>
    <property name="java.vm.name" value="Java HotSpot(TM) 64-Bit Server VM"/>
    <property name="maven.ext.class.path" value="C:\Program Files\NetBeans 8.2\java\maven-nblib\netbeans-eventspy.jar"/>
    <property name="localRepository" value="C:\Users\Irais\.m2\repository"/>
    <property name="java.vendor.url.bug" value="http://bugreport.sun.com/bugreport/"/>
    <property name="java.io.tmpdir" value="C:\Users\Irais\AppData\Local\Temp\"/>
    <property name="java.version" value="1.8.0_162"/>
    <property name="user.dir" value="C:\Users\Irais\Documents\NetBeansProjects\PruebaJoobyUno"/>
    <property name="os.arch" value="amd64"/>
    <property name="java.vm.specification.name" value="Java Virtual Machine Specification"/>
    <property name="java.awt.printerjob" value="sun.awt.windows.WPrinterJob"/>
    <property name="sun.os.patch.level" value=""/>
    <property name="java.library.path" value="C:\Program Files\Java\jdk1.8.0_162\jre\bin;C:\WINDOWS\Sun\Java\bin;C:\WINDOWS\system32;C:\WINDOWS;C:\ProgramData\Oracle\Java\javapath;C:\WINDOWS\system32;C:\WINDOWS;C:\WINDOWS\System32\Wbem;C:\WINDOWS\System32\WindowsPowerShell\v1.0\;C:\Program Files\MySQL\MySQL Utilities 1.6\;C:\WINDOWS\System32\OpenSSH\;C:\Program Files\nodejs\;C:\Users\Irais\AppData\Local\Microsoft\WindowsApps;C:\Users\Irais\AppData\Roaming\npm;C:\Users\Irais\AppData\Local\Programs\Microsoft VS Code\bin;."/>
    <property name="java.vm.info" value="mixed mode"/>
    <property name="java.vendor" value="Oracle Corporation"/>
    <property name="java.vm.version" value="25.162-b12"/>
    <property name="java.ext.dirs" value="C:\Program Files\Java\jdk1.8.0_162\jre\lib\ext;C:\WINDOWS\Sun\Java\lib\ext"/>
    <property name="sun.io.unicode.encoding" value="UnicodeLittle"/>
    <property name="java.class.version" value="52.0"/>
  </properties>
  <testcase name="unitTest" classname="com.mycompany.pruebajoobyuno.AppTest" time="0.125"/>
  <testcase name="integrationTest" classname="com.mycompany.pruebajoobyuno.AppTest" time="5.908">
    <failure message="1 expectation failed.&#10;Response body doesn&apos;t match expectation.&#10;Expected: &quot;Hello World!&quot;&#10;  Actual: ï»¿&lt;!DOCTYPE html&gt;&#10;&#10;&lt;html lang=&quot;en&quot;&gt;&#10;&#10;&lt;head&gt;&#10;&#10;    &lt;title&gt;HP PC Hardware Diagnostics Windows Application&lt;/title&gt;&#10;    &lt;meta charset=&quot;UTF-8&quot;&gt;&#10;&#10;    &lt;meta http-equiv=&quot;X-UA-Compatible&quot; content=&quot;IE=edge&quot; /&gt;&#10;&#10;&#10;    &lt;!-- 1. Load libraries --&gt;&#10;    &lt;meta name=&quot;viewport&quot; content=&quot;width=device-width, initial-scale=1&quot;&gt;&#10;    &lt;!-- essential for routing --&gt;&#10;    &lt;base href=&quot;/&quot;&gt;&#10;&#10;    &lt;link rel=&quot;stylesheet&quot; href=&quot;node_modules/bootstrap/dist/css/bootstrap.min.css&quot;&gt;&#10;    &lt;link href=&quot;css/fa/css/font-awesome.css&quot; rel=&quot;stylesheet&quot; /&gt;&#10;    &lt;link rel=&quot;stylesheet&quot; href=&quot;css/typography.css&quot; /&gt;&#10;    &lt;link rel=&quot;stylesheet&quot; href=&quot;css/site.css&quot;&gt;&#10;    &lt;link rel=&quot;stylesheet&quot; href=&quot;css/hp-buttons.css&quot; /&gt;&#10;&#10;&#10;    &lt;script&gt;&#10;        window.module = &apos;aot&apos;;&#10;    &lt;/script&gt;&#10;    &lt;script src=&quot;node_modules/core-js/client/shim.min.js&quot;&gt;&lt;/script&gt;&#10;    &lt;script src=&quot;node_modules/jquery/dist/jquery.min.js&quot;&gt;&lt;/script&gt;&#10;    &lt;script src=&quot;node_modules/moment/moment.js&quot;&gt;&lt;/script&gt;&#10;&#10;    &lt;script src=&quot;node_modules/zone.js/dist/zone.js&quot;&gt;&lt;/script&gt;&#10;&#10;    &lt;script src=&quot;WebApi.js&quot;&gt;&lt;/script&gt;&#10;&#10;    &lt;style&gt;&#10;        body {&#10;            background-color: white;&#10;        }&#10;    &lt;/style&gt;&#10;&#10;&lt;/head&gt;&#10;&lt;!-- 3. Display the application --&gt;&#10;&#10;&lt;body&gt;&#10;    &lt;my-app&gt;&#10;        &lt;!--img src=&quot;data:image/gif;base64,R0lGODlhyADIAPcAAAAAAABHZgCQzgCV1QCV1QCV1QCV1QCV1QCW1gCW1gCW1gCW1gCW1gCW1gKX1gua1xKd2RSe2RWe2RWe2RWe2RWe2RWe2RWe2RWe2Raf2haf2hef2hig2h+j2yem3Cmn3Cqn3Cqn3Cqn3Cqn3Cuo3Cuo3Suo3Suo3Syo3S6p3TCq3jKq3jOr3jWr3jes3zmt3zyu3z6v3z+v3z+v3z+v3z+v30Cw4ECw4ECw4ECw4ECw4EGw4EOx4EWy4Uez4Um04Uu04U214k624k+24lG34lK341O441S441S441S441S441S441S441W55FW55FW55FW55FW55Fe55Fq75Fy75F285F+95WK+5WS/5mbA5mjB5mrB5mvC52vC52vC52rB52rB52rB52vC523C53PF6HfG6HnH6XrI6XvI6XzJ6X/K6oDL6oDL64DL64DL64DL64DL6oDL64DL64DL64LM64TM64zP7JHR7ZHR7ZLS7ZPS7ZTS7ZTS7ZTS7ZTS7ZTS7ZTS7ZTS7ZTS7ZTS7ZTS7ZTS7ZXT7ZfU7prV75vW753W75zW75zW753W757X76DX76HY76PZ8KXZ8Kjb8Knb8Krb8Krb8Krb8arb8arb8arb8arb8arb8arb8arb8arb8arb8avc8a/e8bDe8rri9L7k9L/k9MDl9MLl9cHl9cDl9cDl9L/k9L/k9MDk9MDl9cDl9cLm9cTm9cbn9cjo9sro9szq9s7q9s/r99Hs99Ls99Pt99Tt+NTt+NTt+NTt+NXt+NXt+Nbu+Njv+Nrv+d3x+d/x+eDy+uHy+uHy+uX0++r2++v2++v2/Or2/Or2/Or2/Ov2/Ov2++r2/Or2/Ov2/Oz3/Ov2/Ov2/Oz2/O33/O/3/PP5/fb7/ff7/ff7/fj7/fj7/ff7/fb7/fX6/fT6/fT6/fT6/fT6/fT6/fT6/fX6/fb7/fj7/f7+/v7+/v7+/v7+/v7+/v7+/v7+/v7+/v7+/v7+//7+//7+/v7+/v7+/v7+/v7+/v7+/v7+/iH/C05FVFNDQVBFMi4wAwEAAAAh+QQJAwD3ACwAAAAAyADIAAAI/gDvCRxIsKDBgwgTKlzIsKHDhxAjSpxIsaLFixgzatzIsaPHjyBDihxJsqTJkyhTqlzJsqXLlzBjypxJs6bNmzhz6tzJs6fPn0CDCh1KtKjRo0iTKl3KtKnTp1CjSp1KtarVq1izat3KtavXr2DDih1LtqzZs2jTql3Ltq3bt3Djyp1Lt67du3jz6t3Lt6/fv4ADCx5MuLDhw4gTK15bTpu2cotvurPmrLIza+4i09Rm2bI2zTLLde4MGfRLyqMrWzPtElzqzuBYY1TFhs0jiNxeW+YGcduyZd1kC1SDoDgCCI4cbtNdeZtDbcOASQe2TLYj49itOF/Imflnhsqm/ovfDjoFduwqyCNkbplhMfHii5nedv48kYXsKy9EBh++aVX1nXeHQvk5o5A2/cEXnGa4BHjeMQkVmBA4CcLnjWkOYnffevkldEyF4rEGQYbGqcIhewh1A+J0w7BmBYnFdYBQd7p9ZxAxK0qnDGvHwFhccgYtx5x6A22To3SxsWaDjzIalBtzvN14JISyAeijiQW5xlySBHFzJDALyjaEj0MchFpqqxnEX47ICCdQjz4eJNprYRL0JZfCEQfjjKnZWNCR1bkp0DYdwIhlQZN1lqZBKq5IjGHbzDLLQw2SiEtCjT2WkDc5XqjcNpnFNQkPGZSaAQtjtLnQHSRitKKf/gh5MwwtqtSqii0GumWHqbyWWoQsC70YoA0YfZjgjgptg4utzNZK5VrI9CptBlaoipAjI2IHwaUXyQrfMEQW5A0vzZariqdqTTLttHaEOxAuwh7HLUbe6oiuQe4cY665uaq167rSsrBLsrV61E2dB3FD677lPpvWLgCvi4hNyjC8b5RrsRDxtGPQNIzF5tLilrobSzuJTM6AzO9bY5TcqwcDv8SNLCo32+Jb2+zgMq8dv/RxzbbaEirOVexcqgcw0Qy0KrwMHRciRmcQM0vbLC1Lv3QhQ8TO7p7kDdC83GuXLBpHzAJMCzNMS9d2TVK2tDDDNPO+tGDtFylVeMAr/hFTy7ysrbLwsihh28jSN03cgCro4ow37vjjkAclChpW+FDC5Zj7YAUaowh1TC2ukBLK6KST4kotDo/FjR0vYO7665e/YAfGOYGDyyik56776KPggudXwhgB+/CvGyGMTtuIvvvyuZPCNlbKtE789LEja1M3uDOvPe8Ib1UH9eCXUAdOuGxvfijzdtVD+NT7gJPy5zNPCljrs098D+/Hr/38X31v//Dju0n59Le89HElev973QusV5NuiIKAuhNF97YijCIk8HJFOF5OkgfB0TlPdXWQXvheYAja4cR2D4yfKIDxO7GI4gxWqJ/remCFM4jCc6CDX+lOl7rI+fCH/kAMohCHuBBu5OJRN2mGMloYmFikwQZQhCIZkAiTZozCEFjEIinkExhSSCGKYLRBEKjYEmUsIotoNEQkbsYXXHwxjGGUAkwgkcY6RoKBdlEGGeDIRxuYMCXcqKMgDTGKP8YlFH3sIxlVooxBDjIXdOHGExMJxyDA5IyOrCMpmKgWbmCBknwMoEtKkUlBUoKTaEEDKCu5yJU0A5OlRGMp3oLIVYaRfzARRizrqEG2vNGWUBRlTEi5yyxGoi3EAGYUQ2GTXBQzi81giyOUKYVWEqQc0vHIMY4htoI0g47FrAVbSAFMRxjyTXZogjqt0EOKKMMOtWHDJPBIEHDUopi9/kyLMlaJBnoSxBRWUKdA2YmRd8azNnYwYEG4QYpYnrMs0+wjGRRaEEMI9KJNUANGHnHQg3ZOIcq44iPfQopPRlEKdfBnQUaBUYxipKMdFVkRSwFOLFIin2/BBUURcoyWYrSd97BGKNSghlAMjiDKgGlHVXoQZTC1L+Xggk8vyouDIKMMXMgqF8pgLYIcQ6kHvUM3WXOJqV70IN2og1a1WocJgvWghxKOM8x6VoOEYq1rZaZB3nrQ5ykmnXRtgh0YhVW8ZrUMB5kEX2tzMuHwIrDqrGpBZmHYtU6qIMJYbG2Aqhg1QPYLB4FEZbUKiYPcQbO3Yc1cIWsK0442qwMy/gguNMsGvxbGooEF7UHS8FouaNS0mv0oaAIaWMkapLdZ5almB2sayP72IMjlQkI4uljT9DSwdiNIdBOyDc0+lTCPpatwoYtchdBisZwtTDnoytyEbFchin0ra8ow1TKUxr3lVYg3DgHWQ7DGFD41xH0TwtvXpoEh3hiFUneamLIOtLUNuUNvY8sQXMAznjKVDS8ucQkIO0S0ry0tpZxFRINQ9rWXLfFFukGG0ZJBxRq5a2XHC+OKpNWwba1xRpDRYq2S4ag6rohQ05AGowb5yEhOspKXzOQmO/nJUI6ylKdM5Spb+cpYzrKWt8zlLnv5y2AOs5jHTOYym/nMaE6zFprXzOY2u/nNcI6znOdM5zrb+c5ICQgAIfkECQMA6QAsAAAAAMgAyACHAAAABUReCZTPCZnWCZnWCZnWCZnWCZrXCZrXCZrXCZrXCZrXCZrXCZrXCZrXCZrXCZrXCZrXCprXEJ3YGaDZHaLaHqLaHqLaHqLaHqLaH6PbH6PbH6PbH6PbH6PbH6PbIKPbIKPbJKTbLajdMardM6rdNKveNKveNKveNKveNKveNKveNKveNaveNqzeOK3fOq7fPK/fP7DgQbDgQrHgRLHgRLLhRrLhR7PhSLPhSbThSbThSbThSbThSbThSbTiSbTiSbTiSbTiSbTiSrTiTbXiULfjVbnjWbrkWbrkWrvkWrvkXLzkXbzkXbzkXrzlXr3lXr3lXr3lXr3lYb7lZb/mZ8DmasHnbsPncsXodMbpdMbpdMbpdMbpc8XodMbodMbpe8jpgcvqh83riM3ric7sic7siM3riM3riM3ric7sic7sic7sis7sis7si8/sjM/sjdDsjdDsj9DskdHtk9LtldPtl9TumNTumdTumdTumtXum9XunNbunNbunNbundbvntfvntbvntfvntfvntfvndfvndfvndfvndfvntfvntfvoNjvpNnwqdvxrt3ysd/yst/yst/yst/ys9/ys9/ys9/ys9/ys+DytODzt+HzweX0xOb1xef1xuf1xOb1weX1xOb1xeb1x+j1yen2yen2yen2yen2yun2z+v30ez30ez30Ov3zuv2y+r2yun2yun2y+r2zer20ez31+742/D53PD53PD53PD52u/52/D53fD53vH53vH63vH63vH53vH53vH53fD52u/52O/42e/52/D53vH54vP64/P65fT75fT75fT75/X76fb76/b77ff87vj88Pj88Pj88fn88vn88vn88vn88vn98/n98/r98/r99Pr99fr99fr99vv99vv99/v9+Pv9+Pz9+fz++vz+/P3+/f3+/f7+/v7+/v7+/v7+/v7+/v7+/v7+/v7+/v7+/v7+/v7+/v7+/v7+/v7+/v7+/v7+/v7+/v7+/v7+/v7+/v7+/v7+/v7+/v7+CP4A0wkcSLCgwYMIEypcyLChw4cQI0qcSLGixYsYM2rcyLGjx48gQ4ocSbKkyZMoU6pcybKly5cwY8qcSbOmzZs4c+rcybOnz59AgwodSrSo0aNIkypdyrSp06dQo0qdSrWq1atYs2rdyrWr169gw4odS7as2bNo06pdy7at27dw48qdS7eu3bt48+rdy7ev37+AAwseTLiw4cOIEyteS65bN3KLb6Ljpq2yNm7oItP8ZtnyN80yyXXuDBn0S8qjK3Mz7dJc6s7mWGMENWZMI4jjXlseB1FbtGjhZAscc6D4AQqMHHLWre1zQ2rIeknvFU02I+PYrVRf2I25tm4M0f45m05eG+sX2LG/2J7Qe+WF6JSRJ6/MdLT06Y8sdG9e4fj55JkGCn7p1aEQfwpRA+B8wWnGCoHp9dKeewmZs+B8pWkGIXb6IYQgQs1cGKBpFGxoHCgeUnhQOCKOCFoVJhYnAkLdMQfeQdG12MszrPUSY3HJGbScbs4VpI2O0sXG2g0/zmhQbszxZlCOLTYj3IA/oliQa8wpSVA3SPbSoGxH/NhhQailtppB/7XojHAC+fjjQaK9liFBYXopHHExIjSkZwghyR6c0YgQo5YFTdbZmgax2CIymRFGzSijPPSgiawk1Nhjmup450LYYKOnW47ooMGpGsDgRTIM1WEiRv4tUsMQOb2oQsqtpNDCo1tzoOrrqUhUqhCMBN6AUYgL7poQNrTg6uytrLKVzK/UalBFtAgxUiJ2FGR6Ea0A9ocQObU8ay4pn57lSLXVziErQqwQe5y3GIEr3TPpDmROMueeq2xavbJLLQy0KBQNKIhuFE44kdJoa7/mYpsWLQKzC4hNzkDc741rxVBxtV7Q1IvG56pC6sfVOiLTMyT7+5YWKP86QsEvddNKy89K+BY1P8TsqxYwjYwzrqqMyhY1Vfh86ggw3Tw0KbUY7ZYhSmtAM0vYPN3Kv3Mlg4TP77JEztC15DvXKB5XHANMD0OsCjZ+OZI2tTPDZHO/qnDdl/4mVYzgKxJX19wsrq3UMuhgkwZOUzeiwun445BHLvnkSGEihhVFmKD55kVYIQYlQiWjiiegYGL66aB4oorEY2EDxwybxy675jPAAfdO5dCiyem89266JrSUM1YxSsxuvOxKFKMTNaX77jzvoITtlTKwH2897fXd9M3uz3f/e5FdxXH9+CbEgRMt3qePieJbZU6+9UXg1Lz6zyfMlfvvGx//TfPT77v9WxFf/oxnvpugz3/OY59WlCGDAcpOBtmzyfYQ2DtNgK8rxHOg5pK3vP75L3qti0MD3yeDPNxOJ7njnvo0UQzhmcVyVcAf56ogBkyEbnQexETqVke5Hvrwh/5ADKIQL6INVejMJtBohtn+4gkx/OCJT9TCEV8CDU0E4opX3AQyBKMJKkDxiz84whRZ0oxGYPGMgXBELfyiCi+CEYxUgIkj0EhHR1gpL83Qwhv3+ANxrUQbdAxkIDThx7k8go98HGNKmiFIQSqwLdpwIiLfeKaWmLGRdNzEEtGijStMco8FdMkmMBlISGzSLJL85BfFCBNoXJKUZ+TEWw6pSjBqQia1gCUd19gWN9byiaGMySh1iUWVsaUXv4TiI2xCC2JiERpsaUQyqaDIL9HikRZBBjKkhBBozJGYqWCLJn7ZiEISBBl0gII6r7DFjDiDDmWI5yPeNK5UEJOXav5phirFcEeEgOIK6gwoOzHyzngalA4ma88wMWnOs0iTj1pIaEL2ENCKQmEMGHGEQTdahlsqpBlWdORbNOFJKFIhDv1MiCYsalGMcJSjqGCINjbxzStCAp9wUYVEGYIMllq0nQaJBiRqA4nDDcQZL+UoPRvSjJQKphta8GlFFaiMMGjhqloIQwTPmdSN4oGbcHqEVCt6kG/MAatYncMFBdLVjcrScc8YK1kNAgm0ohUSB2nrRqXhuHTKFQp0EJJV7XrVMBzkEXqVJ5xo8Vd1ss8VhEWrKwySi8TGE6imGUNjs3AQR0QWq8YsCB4sG1rQxLWxAEzHHT571TscRBWWLf4DX01D0b9y9iBjYK0WMHqQ0SY2E6yxQmMfqdurIgQZlg2saRrL24MUF2gI0WhiTdPTv+ptIM9NiDQsu9TFMFauHkVIdhOCisRiVjHdkKtyEzLehCC2rawJg1TDwDHxFnch4whEVwPBGlD4dA/1RUhuWdvchIwjE0ndqWbEGlArpPYgq2WtaxuiijlsNKbCocUjHvHg6Oq2tAxRBSc4cd4hCgSyrJ2siTPyjcES1rAr1khdIxveGF/kG3EgbBzWamOKVBWtYTBqjysiVKIKechITrKSl8zkJjv5yVCOspSnTOUqW/nKWM6ylrfM5S57+ctgDrOYx0zmMpv5zGhOsxia18zmNrv5zXCOs5znTOc62/nOeJ5LQAAAIfkECQMA5wAsAAAAAMgAyACHAAAACUtnEZfREZzYEZzYEZzYEZzYEZzYEpzYEp3ZEp3ZEp3ZFp7ZHqLaJaXbJqXbJ6bcJ6bcJ6bcJ6bcKKbcKKbcJ6bcJ6bcKqfcOK3fPK7fPK7fPK7fPa7fPK7fPa/gPa/gPa/gPa/gP6/gQbDgQ7HhRrPhSLPhSbThS7TiTrbiULfiUbfiUbfiUrjjUbfjUbfjUrjjUbfjUbfjUrjjVLnjV7rjYr7mZr/mZr/mZr/mZr/mZr/mZr/mZ8DmZ8DmacDmasHna8HnbcLncsToeMfpe8jpfMnpfMnqfMnqfMnqfMnqfcnqhs3rjtDskdHskdHtkdHtkdHtkdHtktLtk9LtlNLtldPtldPtltPtltPtl9TtmdXum9buntfvodjvo9nwpdrwptrwptrwptrwptrwptrxp9vxqdzxq9zxrt3ysN7ysd7yteDzueLzu+Lzu+Lzu+Lzu+Lzu+Pzu+PzvOP0vOP0wuX1xOb1xeb1xef1xef1x+f1yun2zur30Ov30ez30ez30ev30ez30ez40+z41e341+742e/52u/52/D53fD54PL64vP65PP65fT65vT75vT75vT75vT75vT75vT75/X75/X75/X75/X75/X76fX76/b77Pf77ff87vf87/j87/j87/j87/j88Pj88Pj88fn88vn88/r99Pr99Pr99Pr99Pr99Pr99Pr99Pr99vv9+Pz9/v7+/f7+/P7+/P3+/P3+/P3++/3+/P3+/P3+/P3+/f7+/v7+/v7+/v7+/v7+/v7+/v7+/v7+/v7+/v7+/v7++fz++fz++fz++Pz++fz++fz++fz++vz++vz++/3++/3++/3++/3++/3++/3++/3+/P3+/P3+/P3+/P3+/P3+/P3+/P3+/P3+/P3+/P7+/P7//P7//P7//P7//f7//v7//////////////////////////////////////////v7//v7//v7//v7//v7//v7//v7//v7//v7//v7//v7//v7//v7//v7//v7/CP4AzwkcSLCgwYMIEypcyLChw4cQI0qcSLGixYsYM2rcyLGjx48gQ4ocSbKkyZMoU6pcybKly5cwY8qcSbOmzZs4c+rcybOnz59AgwodSrSo0aNIkypdyrSp06dQo0qdSrWq1atYs2rdyrWr169gw4odS7as2bNo06pdy7at27dw48qdS7eu3bt48+rdy7ev37+AAwseTLiw4cOIEytea65cOXOLcZYLRzlcucg1J1emfBlzTHObN0P2/FJzaMukXYI+XXl0aot4mjQ5A3E163CuG8JCherYa4FNEghP0MCMQ9OsOzOEtcmSc0uoXpsZTl0IKYbITytPaA7U8++wUv5/oE59xHWFtzcvNNfp+/dOpEmRJ39jYfrKC727/04az3zyW6B3XzgKwbKfe75hRsh/5DGS0IAEIlTLge7hQhqD1NWHEIQJeUIhf6Q1gOFweGw4IELHfPjcJqkFMaJwGCCUXWjbEcSJis6d5xkjLwpnnEEzblajQAbiaEktr6nQY4wG2cZabgPdiKMnv/nXY4kFOXkalOcoY6QlCb5mQ482HBQkagbppyIovwnEY48HadnaQV8i2eY5wb0oo3YIGRndneeQgsGLWAIpJIo4csLlX6b00cdDC45ICHeOLSoQLjha6FAqqdgJlxorQCAqBCQU4QhDW4yIkYrhLYRLI/6HECIrIYl88lYVo+Yq6g2PKuTifypg5OGBOiKUyiKzJiurJW05ouuzEAhxakJmiEhdA5NehEtz323SKkK4MKLsuIRoqpYa0EJbhSkJEfIrcdlitO1zpJhr0ITkkmvrWrim+ywJhyhECh6FbnTMMZYKpEys+Y7L7FqH+JvuFzZx0nC+yrRVgsTQFkFTIxeTG3Bb6HL8rBoyfRKyvm8VYbKuGYzskjKGrKxsI3CZosLLuXr8Esg2z5qIp26ZEgTPomYAU81BE8II0XB9gTQEMq+UStOG7FuXIzfwzG5LuATNiL129bGxxCXAxHDDh6TilxpnPxszTDTne4jWf80RRP4Gud5Q9czIzmoII18X1ujfMynTKaCMN+7445BHrlMbTQxhwweYZ27DEE20IRQkh/ihRx2kl66HH4dAchYqVKSQ+euwY54CFX/qhEsid5Su++6k35EI2V4lckPsxMN+QyI6odIH78zv3kftXkHievHUy676Tcrk3vz2vWf8FRXVh/8BFTglwv35dSD/VQ3iV1/mTaOjv70eYLHffvE14BS//MzT//39xSPfTczHP+apL3ooACDsUHA9m2SvgLu7g/e+IjwFYu54yVseBOvwvLGwLoHtQ4EXoIeT22kPfXdYBPDCQrkh2O91NeCc54ICCUOIjnenM0QDJcfDHvrwh/5ADKJBUmGIReAEFJtYIWD60AQXONGJTDBiTEBRhzNY0Yp4mBZg6uCDJ3rRBTeQoks2oYYrmvEMbBDjXgzRxS9+0QcwYcMZ58gGFuVlE0xwox5d4LaWpGKOgDxDHfpYlzbscY9qVMkmAhlIRNAlFU08pBs15JIyMnKOeFBiWlJBBEnqsQow4cMlAekGTZ4lkp70YhhhAgpLjtKMfHiLIVP5xTrIZBGvnGMi09JGWjoRlDMRZS6vyIa2LMKXT5whTRAxzCuyaS1nQKYPdkmQVCDCkR1xhCMmeBBQyHGYhWBLHXx5BkIapBFb8IE6iYCzjHCCC1SIZxs4kRBcFGKY1P4syyZS2QQ7IkQPRFCnQNmJkXfG86BcQFw18fBKc6YlmntkgiEW8gWBWtQHTsCIGg7KUSrMYSGbqGIj31KHTj7RB1XwZ0K4eFGLYqSjHf0DQ1LBh29a0Q35XIshJuqQRrT0ou1MUxuc4IQ2PNMgnIBpR+npkE2oVDCpMMJPLYrNgkCiCUjIKhKasMOBOEKpHP0CN3/Thqm61CDKuIJWtXqFsQoErBztVZs6YdazFqQNa12rMgkCV44W7jVZqKs6s4BWrOY1q004SBv6Ks82IUKw6qzqQPxw2LX6wSCLYGw8tUgaJ0DWCAdRQ2W1ijKDfEGzpSUNXSHrv4J4YbRZ9f7CQQ6hWSr8NTIVFSxoD+IE2CIhowc5LWM/SpqAClayBPFtVhHyVcZyITWQBe5BlIuEhGyUsaTxqWDhgxDqJsQUmmVqZB5bV1smxLsJ+QNjOauYVNSVsApBb0IWC9fUNGGqTXCoQeSLEGWcAay0IY0efvoF/Rqkt7CVbkKUMQelKlQxZR1oaxfyWtjKtiGHgOdBZfobRLShDRNmiGhhm1oMO4q9QqQsbC8rRIwow7CHTWyLM4LXypp3xhdJ62HbiuOMXHWtTThqjy8CiqEWVchDTrKSl8zkJjv5yVCOspSnTOUqW/nKWM6ylrfM5S57+ctgDrOYx0zmMpv5zGhOsxma18zmNrv5zXCOs5znTOc62/nOeM4zUQICACH5BAkDAP8ALAAAAADIAMgAhwAAAAIiMAWBtgaW1AaX1gaY1waY1waY1waY1waY1waY1waY1waY1waY1waY1waY1wiZ1wqZ1wuZ1wya1w6b2BOd2Bef2Rif2Rmg2Rmg2Rqg2Rqg2Rqg2Rqg2Rqg2Rqg2Rqg2Rug2huh2huh2huh2hyh2h2i2h6i2iGj2yal3Cqn3Cun3Syo3S6p3S+p3TCq3jCq3jCq3jCq3jCq3jCq3jCq3jGq3jWs3kCw4ESx4ESx4ESx4ESx4ESx4ESx4ESx4ESx4EWy4UWy4Uay4Uez4Um04Uq04Uu04ky14lS441m65Fq65Fu75Fq65Fq65Fq65Fq65Fq65Fu65Fu65Fu75Vu75Vu75Vy75V685V+85WG95WO+5WS+5me/5mjA5mnB5mrB52zC523C527D52/D52/D52/D6G/D6G/D6G/D6G/D6HDD6HDE6HDE6HDE6HDE6HHE6HnH6YLL6oTM6oTM6oTM6oTM6oTM64XN64XN64fN64vP7I3Q7JPS7ZjU7pnU7pnU7pnU7pnU7pnU7prV7prV7prV7prV75vV75zW757W75/X76DX76LY8KTZ8KXZ8Kfa8Knb8azc8a7d8a/d8bDe8rDe8rDe8rDe8rHe8rXg8rri873j9MDk9MPm9cTm9cXm9cXn9sXn9sfn9srp9s/r99Pt+Nbu+Njv+Nnv+Nnv+Nrv+Nrw+drw+dzw+d3x+d/x+eDy+uPz+uX0+ub0++j1++r2++v2++73++73++/4/O/4/PD4/PL5/Pj8/f7+/v7+/v7+/v7+/v7+/vv9/vj8/fj7/fn8/f3+/v7+/v7+/v7+/v7+/v7+/v7+/v7+/v7+/v7+/v7+/v7+/v7+/v7+/v7+/v7+/v7+/v7+/v7+/v7+/v7+/v7+/v7+/v7+/v7+/v7+/v7+/v7+/v7+/v7+/v7+/v7+/v7+/v7+/v7+/v7+/v7+/v7+/v7+/v7+/v7+/v7+/v7+/v7+/v7+/v7+/v7+/v7+/v7+/v7+/v7+/v7+/v7+/v7+/v7+/////wj+AP8JHEiwoMGDCBMqXMiwocOHECNKnEixosWLGDNq3Mixo8ePIEOKHEmypMmTKFOqXMmypcuXMGPKnEmzps2bOHPq3Mmzp8+fQIMKHUq0qNGjSJMqXcq0qdOnUKNKnUq1qtWrWLNq3cq1q9evYMOKHUu2rNmzaNOqXcu2rdu3cOPKnUu3rt27ePPq3cu3r9+/gAMLHky4sOHDiBMrVgsLTooUcGAttlnKQoHLBSyUmjxT1w3MmG/o4hwTDmjQcEi/1GX59GULql02cg26UWyMofjwiQRxC23MWyAeM2aM2G2BfEQoF6GCd8Mgvy8HcWiMl67ruozdjrS8OxxeDFP+RC+QguGvXtjTH4sdpHv3IeAVjr+88Hz69L1U83LvPrj8+Quhd196qoXCn3uI/DeeQsYMeJ9xnJlyoHuyJDRfAQkh4+CDqk3YnX8HXZiQgBteF5sKHi4XCkIiHkRMidjFRxobKSp3A0LiRVfeQdbBmF1sstSonHMFQRfddAYd4+N1yNyWhJA3GuRbdCAS1COM+d1moJArFjRbdLYV9OKSEN62hZBVCsTab7AZRGKJWR4XpJAHmUabHActqUuTxyFHp0GeuSZanj5q16dAvNxQY5cFVQaaBZIZNGaJvPxSWC+kkPKQhCmaglBjj0WG0KQblskQcXzClYkSL7T6ghH+cszCECIpYgSjoQoRU0ssrPTKSixxsuWHq8S2yoWmCtF4YBIYvZkerggZM4uv1PaKS1uzFKvtC3DImlAkKHangqcXEXPldbyslxAxtFTrLiumopXJttv6EWxBpijLHLkYmYtdcRni8u679541LL3aGoGKQryEwuhGxBBjaUK+8Dqwu9euhQrC9D5iky4XD+xLW0ZwvC2eM9US8ruxuDWvydpmIlMvKxP8VhwwF4vDwi/58krN1dYCVy+s5uxqHDCpDLSvsaTqVi9sGN0qDjD9vDQrtDgNlyNSv8AzS8Zc/UrBcc2yhdFkn0TM0rTEWxcpJXNsBEwWXxwLtHplErf+tjvD5PPAwArGCRs4ELvF1z1P6+srtKT9F6aI0+SLMVofavnlmGeu+eY8bbIHHFgEIfroWMCxxyZC2cKKKaU47HoopZjCii1n9eJHEqPnrrvoSdjLEzKxkPL68MOT0vRYrnix+/K6e+GKTr20Tvz0r5fiOFa14M789rwLfZMvwlMvvsOkjPyVH9ynH4QfOMUy/vuhtPzVFepzjwVO0sNP/Wbz17/9FfjTn/j45xX0+W957LuJ+wQ4Pfl5pRZIOKDukOA9m4CPgcUz31eSJ0HROQ96+WOg9cZiuwjWDwmNuJ5MgBc++JFCFpULi+fgQD/dXcF0qAuK6lhHvNjNjnP+QAyiEIdIxCJCxBincGBNeHELtwWGFHygghSleAcluoQXn6iEFrVIigr+pRNsmKIYqdAFK67kFprYohorsYkK9eUUYRzjGNkAk02s8Y6buIVebHEHOfqRCnhLiTHuSMhKfCKQcdHEH/9oRpTcopCFfAVdjBHFRcqRCzBJIyTvSAonqsUYcbCkHxPoklJskpCd8CRaKilKMXKhkSnhhSZPqUYCskWRrRxjJ2QiC1re0Y1sMUMuxUjKmJjSl1vM4VpiMcwpasImr0DmFmWUlkk00wywFIgxXPG8jtCCFupCCC/siMzInaUTw5wEIgUyi0Sw4Z1x8BZGbtGIQ9gzj+v+QgUygZkWW7SSD7RLCCni8M6CxnOe9bSnPRuRCgaRgpbrLIs1/3iHUywEEgXNKBv6gJFMKPSjh9ilQm6RxUi+pROhnKIZ/BBQhYBRoxnFCEhByq+EGKMU5NRiJ/j5llNY1CGzgKlG5VmQcfahD5ugJkFuMVOQ6tEht3gqYYwhB6FmlBUHqQUf8MBVPPDBiwOhRVM/Colw9kkTVo2pQYyRiK52NRGIHOtHbXkbXKRVrQXZhFvdqkyCyPWjKkyMO+/KhkSsdat75SofDrKJv96zT6wg7Dux2qjEupWu/4iFY+1Ji+P0QbIoK4gmLNvVZxoEEps1rWrsKllkFcQRpOX+qiMOkorNHiKwhMEoYUNbkD7EFg8cPQhqHStS0hCUsJQ1yG+5ihCxOjZMMyJscA+yXDwkxKOOVU1QCZsx6i53RJuV6mIie9fieve3CjGFYzvLGWPc1bAKqe5CGivX2OzBqnuIqEDkq5BjTGKsk4gNKYQKCf0KxLexnW5CjtGJpjY0Nmg1qGsXAtvYzrYhqWDER2uqGlZoQhMTZshoY6taDJeiFOw1IkFK8VvMqngilCTtYl+cEb1a1hM0zghbEwvXHGdEq27lg1J9XBGjInXIRE6ykpfM5CY7+clQjrKUp0zlKlv5yljOspa3zOUue/nLYA6zmMdM5jKb+cxoTrMZmtfM5ja7+c1wjrOc50znOtv5znjOs1ACAgAh+QQJAwDhACwAAAAAyADIAIcAAAAJaJANmtYNm9cNm9cNm9cNm9cOnNgOnNgOnNgOnNgOnNgOnNgOnNgOnNgOnNgPnNgRndgTntkWn9kaodocotofo9sgo9shpNsipNsipNsipNsjpNsjpNsjpNsjpNsjpNsjpNskpdwkpdwkpdwkpdwkpdwmpdwmptwpp9wtqN0yqt0zq940q944rN44rN45rd85rd85rd85rd85rd8+r+BFsuFLteJNteJNteJNteJOteJOteJOteJOteJOteJOteJOtuJOtuJPtuNQt+NSt+NSt+NTuONUuONWueRZuuRcu+VdvOVfveVgveVhvuVivuVjvuVjvuZjv+Zjv+Zjv+Zjv+Zjv+Zjv+Zjv+Zkv+ZlwOZqwudvw+d3x+h4x+h4x+l4x+l4x+l4x+l4x+l4x+l4x+l4x+l8yemMz+yNz+yNz+yNz+yN0OyO0O2P0O2R0e2T0u2W0+6X1O6a1e6b1e6d1u+g1++i2O+j2O+j2PCj2PCj2PCk2fCm2vCo2/Cs3PGy3/K24fO34fO34fO34fO34fO44fO44vO44vO44vO44vS44vS44vS54vS64vS84/S+5PS/5PTB5fTD5vXD5vXF5vXG5/XG5/XH5/XI6PbL6fbN6vbO6/fN6vfN6vfN6vfN6vfN6vfP6/fQ6/fP6/fR7PfT7ffV7vjY7/ja7/nc8Pnd8fnf8fnh8vni8/ri8/ri8/rj8/rj8/rj8/rk8/rl9Prn9Prp9fvt9/vu9/zt9/zv+Pzw+Pzy+fzz+f30+v33+/34+/33+/33+/33+/33+/34/P34/P34/P75/P79/v7+/v7+/v7+/v7+/v7+/v7+/v7+/v7+/v7+/v7+/v7+/v7+/v7+/v7+/v7+/v7+/v7+/v7+/v7+/v7+/v7+/v7///////////////////////////////////////////////////////////////////////////////////////////////////////////////////////////8I/gDDCRxIsKDBgwgTKlzIsKHDhxAjSpxIsaLFixgzatzIsaPHjyBDihxJsqTJkyhTqlzJsqXLlzBjypxJs6bNmzhz6tzJs6fPn0CDCh1KtKjRo0iTKl3KtKnTp1CjSp1KtarVq1izat3KtavXr2DDih1LtqzZs2jTql3Ltq3bt3Djyp1Lt67du3jz6t3Lt6/fv4ADCx5MuLDhw4gTK1brCowKFWBcLbZpysKBywcsmJo8k1cNzJhr8OIc0wto0F5Iv+Rl+fRlC6pd9nENuk9sjJrixAEEkQttzFwgLht+eyAcEchFrODd8MbvyzccLlOWrHqyZbcBJd8OxhdDFc8P/qhoSN26deyqcWzfHsS7wvCXGZY3X12Zal/r1wd/D3/hfPrVqaZJfuvdwV94Ci0DIH2qoULgerIkBN8BCi1IHzOqPbjdfgdNmNB/Fsa2gobJaYKQhwhZaJ59qnlBInI1IATec+MdBOKCLJImy4vIMVeQc89FZ5CCKlpXnBI8xmiQb89xSNCNAOYoII8imFjQbM/ZVhCRRSZTnEBc8OikQLxU8FsFNnaZjJSx7cjjQabRlsZBanr5pUDHvXgQLzC4BsNoBqmJ3p2+1PCilQWZYiZmFUhGZ5FsBuZLJ5085CCJqCDkihePeeGoQcx0iaFDxxwzVyBNwKAqDEWkYQtD/neQiFGRgya0jC63yKKrLLgA85YdqwarKheeLOQigUpgBOWaCx2Dy67Q6ureWrYIay0MXryaECAjbrdCphcxA6IytQ6ZS7ToylLuWYFce60d0xqEyrHKgYuRuNYpMypCvqSbrq9rAeuutUWoopAvmiCKkjK5+otuvGipMrC7f9j0i8P+RnoWERNfO+dMumCc7i1utduxtYHIBIzI/76FxsnC2mDwS8rYwnK0usDlCxMwB4sGTCHfvCsucvniRc+q2gCTzULLkktdfyANw8wsHdO0LQDXZQsXPUOc0jJC57IuXZ5wPDERMDXs8C2m9hWI2dbKDFPN/t6S9V+TeGFD/rBcUE3zs7vakoudhfniid80KdP2nYw37vjjkEcOFCRwoLFFEJhnvgUacEQi1C6vrIIKpaR3gsoqr+xyFjB2KJH567BjroQdd+O0TC2nlK677qfUMjZXrHQR+/Cwd8GKTsGksvvyuqcSTFi4uE789LITfZMyuTOvPaWnaJxVHdSHH0QdONWy/fmd1AKWFuJTvwVO2aPPvL1dsd8+8VrAL7/2p4AF/v3DI99NzLe/5anvK9EDIOyUYD2bKMMUBdSdKbyXleApEHPGQ57yItgJ540FGHWQnviU4Ifa3eR2EJSfKW7xu69QDgz2e50WwAAHSHwudPEj3SlQpzrJ+fCH/kAMohCH+BBgpOIVOPGFLijol07EYQpQhGIakBgTX2xiEVjE4iga+BdKeCGKYJxCF6jokl1EIotoXMQktMWXVHwxjGFMzUsmkcY6TqKHeMFFGuDIxymYECXBqKMgF7GJ59kFEn3sIxlXsotBDvJTcQHGExMJxy7A5IyOrOMomLg6NFCSj3aAySkyKchLcLIsk/wkGMcIE19gkpRo7J9bEKnKMFJCJraAZR3ZuJY31hKKoZzJKHWZxUm05RW/jKINa+IKYmbRa2YJRDK9sMhAseJ4HcEFLpjoCzoScxVsocQvA/FHgdhCD2BIJxp4aRFd/EEP8JxEzhCijFUQk51n/sGFKuPARYN4Ag3pDOg6MeJOeBr0D9hESDA6AUtDrkWafUxDKhYCiIBaFAx0wMgjDMpRPVxiIbu44iPfQglPRtELdujnQShx0YtipKMdnehCgnEKb2LxEvhsSypk2hBbtPSiOQ1HN+1gh0lAMxy6gGlH59mQXeBxMMlIw08tmlCC4EIObsiqG+Sg0nDgQqkcDcQpFQOJqVqUTn3Qqlb7QDiCgJWjm7mTLsx6VoNIQq1qlcRB3srRck4GnXQFgx4ChVW8ZlUOB5kEX+P5JVYENp1VFQgqDKtW+gnkFYuFZ1cXQ4fHfqwgh6CsVg9xkEBk9hG3metji2WQP4g2qxUz/ggrMqsHvx6mooH9bEHs8Fo3BNMgpl3sR1UD0MBGdiC9zSpCvrrY2JLmsRlFSHLdkJCNLlY1Pg0sUw0y3YQAI7PbVYxj6XrLhHQ3IalY7GYNkwy6DlYh502IYt8amzhMNQ5tPUh86RlcmKZMNZ74KSDyexDevva3H7qEUo+7mLIKlLUMce1rnbsQVrzToDyNDSsgAQkINyS0ryXtQ1hhClOsN4iTfa1liViRZBTWsIhlsUbuSlmFydgiydCDYfVA4BtT5KpqlcNRfTwRX0iCqJIYMpGXzOQmO/nJUI6ylKdM5Spb+cpYzrKWt8zlLnv5y2AOs5jHTOYym/nMaE6zHJrXzOY2u/nNcI6znOdM5zrb+c54zrOe9xyXgAAAIfkECQMA/gAsAAAAAMgAyACHAAAABB0nDFJwCZfTApfWApfWApfWApfWApfWApfWApfWApfWApfWApfWApfWApfWApfWBZjWC5rXE53ZFZ7ZFZ7ZFp7ZFp7ZFp7ZFp7ZF5/aF5/aF5/aF5/aF5/aF5/aF5/aGaDaIKLbJ6bcKabcK6fcK6fcK6fcLKjdLKjdLKjdLKjdL6ndNKveO67fQLDgQbDgQrHgQrHgQrHhQrHhQrHhRbLhTLXiU7jjVbnjVrnjVrnjVrnjV7njV7rkV7rkWLrkXLvkYb3lZ8DmacHma8Hna8LnbMLnbMLnbMLnbMLnbMLnbMLnbsLnccTodcXof8rqgMrqgMrqgMrqgMrqf8rqf8rqgMrqgcrqgsvrhMzrhMzrhczrhs3rh83ric7sjM/skNHtkdHtktLtldPtltPultPultPul9TultTul9TultTul9Tul9TumtXuntfvn9fvodjvotjwo9nwpdnwp9rwqtzxq9zxrNzxrN3yrN3yrN3yrN3yrN3yr97yvuT0wOT0wOT0wOT0v+T0wOT0wOT0wOT0wOT0wuX1xeb1xuf1x+f1yOj2yOj2yej2yej2y+n2zur30Ov30uz31O331e341e741e341e341e341e341e341u741u741+742e/42e/42u/42u/42/D43PD43fH53vH53/H54PL54fL64fL64fL64vP64/P65PP65fT65vT65/X76fb76/b76/b76/b76/b77Pf87Pf87Pf86/b76/b76vb76/b76/b87Pf87vf88Pj88fn88fn88Pj88Pj88Pj88Pj88Pn88fn88vn88vn98/r99fr99vv99/v99/v99/v++Pz++fz++v3+/P3+/v7+/v7+/v7+/v7+/v7+/v7+/v7+/v7+/v7+/v7+/v7+/v7//v7+/v7+/v7+/v7+/v7+/v7+/v7+/v7+/v7+/v7+/v7+/v7+/v7+/v7+/v7+/v7+/v7+/v7+/v7+/v7+/v7+/v7+/v7+/v7+/v7+/v7+/v7+/v7+////////CP4A/QkcSLCgwYMIEypcyLChw4cQI0qcSLGixYsYM2rcyLGjx48gQ4ocSbKkyZMoU6pcybKly5cwY8qcSbOmzZs4c+rcybOnz59AgwodSrSo0aNIkypdyrSp06dQo0qdSrWq1atYs2rdyrWr169gw4odS7as2bNo06pdy7at27dw48qdS7eu3bt48+rdy7ev37+AAwseTLiw4cOIEytWywpKixZQWC22SWmEhssaRlCaPBPZDMyYZyDjHBMKaNBQSL9EZvn05RGqXdZxDbpObIyQ0qTxA7EJbcxNIMbJkmXQbYFkUChH4YJ3Qxy/L+NwGGYCgesEotz2s7w7FGEMW/5E19CCYTAc2NPHiY2je3cc4BWOv7wwWIv06cuTFubefXD58y2EHn7pqQZJf+7JAeB4CoVBIH7GceYJgu65ktB8GiR0yoP4SaIahd39dxCGCcHAYYGquQDicpAgROJBg5yI3QSxQbGicjYgJF50+hkkgozXCRGbKzcq51xB0EU3nUFxAHndKbcJUWSOBvkWnYgE/QgkDMcdWGSLBc0WnW0F+eEkARHe1kSRWArE2m+wGTSgjEseR2SRB5lGGxgHnQnlccjhaZBnronWJ5DaASqQMDbcCGZBlYE2gmQGxSijCMEUxowkHjo04YqeINTYY5EhJAmQnTZEDTXhyPXHEP4zxDpDEF/EwpAcK2IkYxgMhcNMMLcEe0sw0rwFh6zIxupEqgjZiKCQF5n4ILQJUSOMsNgG60xbsSTr7QxQ2JqQHyp250KoF0liXXoTrJdQOMtkK+8tra71x7ffxsFMQp44yxy6GKmLnRDMFhSOM/POW+xax+LrbRCjKCQMJI9uNMggmSZUDbAJy7vtWqM4jG8eNkXTccLVtAWEyN9+QRMzJ8+bMVv3suztHzJJE7PCb31hc7I3RPxSNcDsnO2+bzED68+yuvwSzEYLG0y9SUPBdKw3wFR01LcsQ3VceFw9g9AsUcM1MAvXFYsTTCPNUjhRe62XJCuLDARMHHccDP41fv1Rt7dBw0R0wsQKlggUNyDrBNlDXyssMMtMc9imjNNUDauKZq755px37nlQgJSBxRE+lG76EViUAYhQyMSSSimcxC57KanEMppZzMQhhOm89166EPryFE4sn8hu/PGxfxLL11+d8oTv0Pf+xJ84SWMK8tgfb0raXvGye/Tg/84LTtQUn/35yfP9VRzht++DuzbFgv78nIjrFenug38ETqPQj34pYMFf/qC3v5v0z3/Zq9xW2DdA6MGvJvJDIPbs1xXvNbB3QhjfTconweN9Qn3Ne94FfTA9nVivg7Hb3lhy9z33CeEObsvJ8MxHv0/Q6yyASEMWBHi6LKRhdf5BaV0qDmi8UdTudp9LohKXyMQmOtEhzhhFK3DCDGSAkDCTcMMRtrhFMUwxJsyYBCLGOMZK3EIwjIACF9d4hCd80SXISAQZ54gIR1BQL6FQIxvZmJqXOIKOgHQEEu9yCzHs8ZBH+BhLpAHIRiJiEtybyyAQicg3rgQZjnSkhebiDC1Sco9PgIkcMwnISlyxLc7wwicPOQeYfIKUjYzEKdfiyVWu0Y0wYcYoYTnHT7xlkrZkIyNkEgteAvKOadFjMLfYypm80phkdERbWrFMLqZpJq6AJhljiBY/VBMKljRINFCBCo/w4hazJAgz/gjNcq6FEcv0gyINEgs7ECcLtf7SCDL8kId+KmKQBaEGKqCJTLPcwpZuOGNCJPGFexInnxfZZz8n6gd3IkQaleBlJLtJSTGEYiF+cKhDH0gRREz0pHmo2EGQIUZNvoURquQiFOagUIUwQqQixQhKUapAg0jjE+wcYyQKypZQfNQhscCpSIm6jETMYQ6JWAZCkLFTlAJUIci4KmCiIQalOtSiBLnFG9BAVjS8oaYE4UVVT/qHdKoGEF516EGmcYeylvUOkjPIWk/KicwFI65yNUgi7GrXRBxkrydthqLqAFjikIkg0xgrYcn6hoMoArH+BBQqGkscsArkE5O1qy8L8grM9lODsRlOY8VwkD+Etqw4M/7IH0yLiNv8lbMFE4gfXkvWIxEEFabNg2JVE9LVImQOvEVDM2VrWpUupqGN9exAkktWhKgVs76dDGdJShDqoiEhJsWsapLa2JkZxLsJaYZptXqYzQJ2mAlBb0JGgVnULiYagH0sQuSbkMvuNTZu8KoborEQ/iKEGrOtamxJIwml+oHAC0Eub5dbLUhUVbqLges9v5BbhOyWt9lNCCr4OdGeTgYVgABEhxPiWt4uuCGoiJ19n/jZ5I6WxheJ7Gsri+OMDDa0zu3xROg6WbwKOSNitesbpHrkjDT1qVFtspSnTOUqW/nKWM6ylrfM5S57+ctgDrOYx0zmMpv5zGhOsyWa18zmNrv5zXCOs5znTOc62/nOeM6znvfM5z77+c+ADrSgkRIQACH5BAkDAPQALAAAAADIAMgAhwAAAAdkiwqa1gqa1wqa1wqa1wub2Aub2Aub2Aub2Aub2Aub2Aub2A2c2BCd2Baf2Ruh2hyh2h2i2h6i2h+i2h+i2h+i2h+i2h+i2h+i2h+i2iCj2yCj2yCj2yCj2yCj2yKj2ySk2yal3Cel3Cim3Cqn3C2o3S6o3S+p3TKq3jOr3jSr3jSr3jSr3jSr3jSr3jSr3jSr3jSr3jWs3zas3zes3zit3z6v4EKx4ESy4Uez4Uq04Uq04Uq04Uq04Uq04Uq04Uq04Uq04Uq04Uu14ku14ky14k624k+24lC34lS441m75F695F+95F+95GC95GC95GC95GC95GC95WC+5WC+5WC+5WG+5WO/5WXA5WfA5mrB5mvC5m3D527D53HE53PF6HPF6HTF6HTF6HXG6HXG6HXG6HTG6HTG6HTG6XXG6XnI6X3J6oDK6oHL6oPL6oTM64TM64fN64nO64nO64nO64nO7IrO7IrP7IrP7IrP7I7Q7JbU7prV7p3W75/X76DX76DY8KDY8KDY8J/X76DY75/X76HY8KTZ8Kjb8avc8a3d8bDe8rHf8rPg8rTg8rXh87Xh87Xh87Xh87Xh87Xh87Xh87ji87ni87zj9MHl9cTm9cfn9sjo9sno9sno9sno9sno9sno9sno9srp9szq9s/r99Ls99Ps99Ps99Tt99bu+Njv+N3x+d/y+uDy+d7x+d/x+d7x+d7x+d7x+d/y+d/y+t/y+uHy+uLz+uX0+uj1++n1++r2++r2++r2++r2++v2++z2++z3++z3++z2++z3++73/PL5/PT6/fb7/fX7/fX6/fX6/fX6/fX6/fX6/fT6/fT6/fT6/fb7/ff8/fr8/vv9/vz9/vz9/vz+/v3+/v7+/v7+/v7+/v7+/v7+/v7+/v7+//7+//7+//7+//7+//7+//7+//7+//7+//7+//7+//7+//7+//7+//7+//7+//7+//7+/////////////////////////////////////////////////wj+AOkJHEiwoMGDCBMqXMiwocOHECNKnEixosWLGDNq3Mixo8ePIEOKHEmypMmTKFOqXMmypcuXMGPKnEmzps2bOHPq3Mmzp8+fQIMKHUq0qNGjSJMqXcq0qdOnUKNKnUq1qtWrWLNq3cq1q9evYMOKHUu2rNmzaNOqXcu2rdu3cOPKnUu3rt27ePPq3cu3r9+/gAMLHky4sOHDiBMrVpvLzY0bbnIttrnqxIbLG06smjwT2Q7MmHcg4xzTDWjQbki/RGb59OUTql0qcg1aUWyMpfr0eQQRDG3MYCAiggNH022BfWYon4HDkcMlvy8vccgHgoHrBuDcdrS8u5vRC2/+RN9wg+GxJdjTI4q9pHv3JeATjr+88JiN9OltqEbm3r2ahfNtsBB6+KWnWin9uZeIQgEqxEeB+BnHGSsJuqeLfPMl5AqE+J2iWoXd/YdQgwjpwKGBquEA4nKljJjhQZqciB0EsbWxonJIICRedOUdVIKM12kRmy43KuecQdBFN51BiAB5nSu3aVFkjgb5Fl1wBv0IpA7HIVhkiwXNFp1tBTXipAES3pZGkWkYxNpvsCHp5JLHEVnkQabRtsdBZ0J5HHJ3uvnZaaLxCaR2fwqEzBE3gllQZaCdIJlBMcpYwjGFJXOKhw5RuCIrCDX2WGQInQIkpw1ts81cmXRBxKv+RFyxxy4MJbIiRjLywZA41lSzzK/LKKPNW4jAauyra6CKkI0JCnmRiRA6m9A2vgJr7TLWtLXLsdwSAQetCTmiYnc4gHrRKdalB8F6CfF67bvLiMNWJt12i0gyCbHCLHPmYoQudlooa5A18MI77FrF1svtFa0ohEwpjm6kiSaYtlttwddmu1YrCtfbiE3XYFywvGxd0XG3e85EsMjvVuMWvSdzm4lM2rBs8Ft7xHzsEg2/JI4yNmcMVzKu6gxryi6tHPSvysiVDBxGv0pnS0AvjW1djERNRM8sbWO1sHftsobR+LYkztLWkIzXKSZ3fAVMFxdczap9ZdI2t0pwbXb+1S0fDBgncChh7Bp6uyRO3MpYg81hmhY+kzh0Jyr55JRXbvnlQG3ixxxnUOH552fM4ccmQiUTzC65uKL66rnsEkzZZS2DyBaf126751sgsgxP2xyDy+rAB686LsdEDhYubNyuvO1s4KKTNboIL33wumj8VTC0L6897sHgdM3v04c//DVgIbL9+VSwa9Mx4rfvSsVedY6+9mfglLr74U8a//z0249//uXj3/LUVxP2/U968OsK9gRouy107ybfO2DwcEG+4yWPgVRo3vOiJ0FXVG8sssse+rbAiN3tpHfgcx/xjDcWzdlBfrU7gx1GV7rT3Q94rXsd5nbIwx768If+QISIMlpxoZswAxl+I4wqDqGGJjaRD0WECTNYQYoqVrEVCfQLKeTgxC6qgQ1RbAkyTGHFMpLiFMPwSyu46EUvygEmpzCjHE8Rn7scgw9tzKMamtYSa8jxj6RghfXosgk96jGMKkEGIAEJLrkog4mGbCMbYELGRcqxFUlsizL2EMk8LuglsLDkH1WRybUEopOSRORKmFFJUZYRFm8pJCq9SAqZBMOVcnwgW9g4yyZ+UiahxKUVBYYWXfTSiaSryS6EaUVmsAUTx5SDKglSjVzobyPHOEYFEcKMOApzmmUhRS8xwceD8IIReEjnHnihEWRgAhLwLEUdC6INXQhTl2n+OQYqA5HFgqBiD+kM6Dox4k54GhQT1xxYK1w5yLRAU498cFxBIBHQiuLhlxXphEE3CgliFgQZVGTkW0jBSSfKIRH9NEgpLGpRjHCUo35SiDVg4c0qqgKfb2mFRBHCC5ZalJ0HSQYpFrEIUsDuoy/l6DwdtlTAVKMPPq1oQgVyjEQE4qqBQOlBjpHUjWpim3/aRFQrehBrNAKrWG1EQwXS1Y326zjHGCtZDUIKtKK1lgZp60bLeRt0yhUPjBiYVe16VYwOpBR6jeefcvHXdE61FYRFq+N2kVh4pnQxiWhsHw6yichiNZkFyURlO3GbuDYWFQe5hGeveomD5KKykOD+62Qo+tfNHmQRqw3EIhAi2sR6NDEA/etUBZLbqyKEq4nFRGwaa1iCFDcQCdFoYlXT079elh7PTYgyKtvUwzBWrhEzSHY1lNjrFqYacg2sQsabEMS2NTaBiGogXLbe4i7kGpvoKmg5gwqfQoK+CsHtand731MkdbiKEatAUdsQ1a62tQ3JxTsNGtPY5GITm2CwQzq72v0yJBesYIV5ewjZ1e40iBKxxmAJ21wUV6SukTWFizViVsKqdcYaqSpaE3FUHF9EqEQ1qo+HTOQiG/nISE6ykpfM5CY7+clQjrKUp0zlKlv5yljOspa3zOUue/nLYA6zmMdM5jKb+cxoTrMRmtfM5ja7+c1wjrOc56yXgAAAIfkECQMA1AAsAAAAAMgAyACHAAAABRUbFJnSFJ3YFJ3YFJ7YFJ7ZFJ7ZFJ7ZFJ7ZFJ7ZFp/ZHKHaJqXcKKbcKKbcKKbcKKbcKKbcKKbcKKbcKKbcKafdKafdK6fdLajdMareNqzeOK3fPK/fPrDgPq/gPrDgPrDgPrDgPrDgPrDgP7DgRLLhSrThTrbiUbfiUrfjUrjjUrjjUrjjU7jjU7jjVrnjXrzlZL/maMDmaMDmacHmaMDmaMDmaMDmacDma8HnbsPncsToecjpfcnpfcnpfcnqfcnqfcnqfcnqfcnqfsrqgsvqhs3riM3ri8/skdLtktLtktLtktLtktLtktLtk9Ptk9PulNPuldPumNTunNbvpNnwp9rwqNvwp9rwp9rwp9rwqNvwqNvwqNvxqtvxrNzxrdzxrt3xr97ysd7ys9/ys9/ys9/ytN/yteDzueL0u+P0veP0veP0veP0veT0veT0veT0weX1xOb1xOb1xuf2zOr30Ov30uz30+340+z40+340uz40uz40uz30+340+340+330+341e341u742O/42u/52/D53PD53fH53vH53/H53/L64PL64fL64vP64/P64/P64/P65PT65PT65fT65vT65/X65/X75/X76PX75/X76Pb76PX76fb76PX76Pb76Pb76Pb76vb77Pf77ff87vj87/j87/j88Pj88vn88/r99Pr99Pr99Pr98/r99Pr99fr99/v9+Pz9+fz++fz++fz++fz++fz++fz++v3++v3++/3+/P7+/f7+/v7+/v7+/v7//v7//v7//v7//v7//v7+/v7+/v7+/v7+/v7+/v7+/v7+/v7//v7//v7//v7//v7//v7//v7//////////////////v7+/v7+/v7+/v7+/v7+/v7+/v7+/v7+/v7//v7//v7//v7/////////////////////////////////////////////////////////////////////////////////////////////////////////////////CP4AqQkcSLCgwYMIEypcyLChw4cQI0qcSLGixYsYM2rcyLGjx48gQ4ocSbKkyZMoU6pcybKly5cwY8qcSbOmzZs4c+rcybOnz59AgwodSrSo0aNIkypdyrSp06dQo0qdSrWq1atYs2rdyrWr169gw4odS7as2bNo06pdy7at27dw48qdS7eu3bt48+rdy7ev37+AAwseTLiw4cOIEytWO+mICRNHJi22WYiDhcsWOBSaPFPVCsyYV6jiHPMIaNBHSL9UZfn0ZQ6qXYpxDVpMbIx2qlRJA7EHbcw9IF5JkmTObYFVPCj3cIJ3wxi/L8dwSKWBgesGkNxOs7z7kVUMTf5Et2CCYaoY2NNfiS2je3cZ4BWOv7wwVYn06UuoXuXePZCF81mwEHr4paeaHf2594V88ylERYH4GcfZIQm6h0lCASbkCIT45aFahd39h1CGCKHAoYGqnQDicnaM2OBBc5yIXQOxHbGicjAgJF505R2kgYzX6RAbJjcq51xB0EU3nUFXAHmdI7ftUGSOBvkWXXAG/QgkCschWGSLBc0WnW0FpeGkARLe1kORWBKkyga/bXAQgTIueRyRRR5kGm1SHHQmlMchl6dBqqTgWgqjGeSkdoEKtAoMN4JZUCFwYraBZAbFKKMGqRTGSh4eOkThiocg1NhjkSGUB5ChCvYGD/4uxOpCDVJ4wtAXK2IkIxUNBROML8D6EgxcXshqbKxAtIqQjQnugJGJEAq50K/BVitsW54cq60LSNiaUBoqdndCqRflYV16DaynELXWWtvWG9tu6wUrCR3CLHPkYmQudjooaxC77brLVrHxalsDIwqtYoekG80xR6frBizxsGsxUnC8R9Ik8cZuzXDxtn3OBPDG1VLMFrwfa/vGTCRLDNcSKR8bA8IwjdzytW+xAmvMsi5R883WmpwzEjzHamdLNpMsdFxpFO0CzS0BDezSc3lSBM/0uiQ11XXl4fHFM/ys9F9vfK3tzDEljXNgdSARg7FFQC321FwH9qncjeat9/7efPftN151WKEEEDUUbjgQSlhRh1CyqGIKKZxELjkppqgiy1mygMGD4Zx3XjgPYFy+UzCrjCL56ahHPsoqdW8FyRGex975EZDoxEspqeeOeim8hEXK5rIH/zkpOPliuu7Iq+4LWGAI73wNYOCkSvLUc5KoV4Q/H7yINkFePfLEf5W99rFzX5P33+cevlfNkx979DdNn37u13f1u/ud87B+TcbPj/ooywPL6/BXONrZDnf+4wTvxpI54D2PB2kQnU6CoYrjVW8UrGidVwKXhPEdLgmKY5zj0De5yknwbyhMoQpXyMIWNkQWjLjQTWTBigAWphBeKIIOdVgFGcJEFv6KAJUQHREfwNxBCTtMYhGO4MOWsIIQQoxiHgxxCr8wAolKVKISYGIIKXrREFnDyymqkMUyFuGEKtGFF9eYB0Xo4i51MKMZm6iST7FxjfuDiyxyKMcspuYlULyjFx1hQ7fIggp9LCOZXDIJQa4REYVkyxUS6Uc6rkQWgXRkFDHVljhSUol3kMkpNOnFKrYlCZ9M4iJj0khSCtEQbcFEKne4uPO5UohoPMsbZpkESxJkFpPg5EZOcYreJUQWXXSlt9Ryh1S+IZcDIUUaokDNKuSxIquYwxu2mYciGsQXnnClKdVyCkpeYZwHKUQVqMlOa2Ikm9uM5xx8ORBdOEKTb/48mRyrgDeDvIGdAI3CGHATz4K+gRALYUUQ2XjNtNxhCklMghjQiZA7BDSgGDGoQWu3EF1MIpmgQgRF3cKIfiaEFBcNaEOpwYo7lKEMdwhjQVahUYN6M6EyFcwsrJBSgApzIKcQgxeG6oWJHuQUNS1oHYzZKDv0FKAH0YUaiEpUNeSzIEktqElJs4qnQtUgdqAqVRk2kKwWFJqcmaZXo5AxgehCqGId6ioHkgezcjNQk1grNX9KDUbElar9JIVdtznSyYxBr1Y4SFj/OlSyCqQOgw1lbLqq1834k7FDXZlBMDHYZ8bmn2tN7EHKgFkvlAEhkLUrQlWzzrXyVSClHfYqQpBq1zRxRq8DRUhsvZAQOwxWNShd600JsttjDna4iMmrVyWr29gqBBJ2LexhZuHVthqkuAqpa1Zj44WeemEWC8FuQnjh25o6VjGFSOkbwLsQ0mL2tAvhBSFqSs/EOLWdlmXIG0qrWYZgQg4F5ehtJrGw/DZksYw9b0IwUVLpstCvmN2qCyWiizEwNrcTzgiCxeqvDFdEqnG1qoc1cgoLE3UMOR2xRVhhh5faIcUqjrGMZ0zjGtv4xjjOsY53zOMe+/jHQA6ykIdM5CIb+chITrKSl8zkJjv5yVCOspSnTOUqW/nKWM6ylrfM5S57+ctgDjNdAgIAIfkECQMA+AAsAAAAAMgAyACHAAAABn2vB5jWB5jWB5nXB5nXB5nXB5nXB5nXC5vXGqHaG6HaG6HaG6HaGqHaGqDaGqHaG6HaG6HaHKLbHKLbHKLbHKLbIaTbJKXcJKXcJqbcK6jdL6rdMardMardMardMardMardMardMqveMqveMqveMqveNKveNazeN6zeOK3fOq7fPa/fPq/fQLDgQ7HgRLLgRrLgRrLgRrLgR7PhR7PhRrPhR7PhSLPhTrbiU7jjWbrkW7vkW7vkXLvkXLvkXLzlXLzlXLzlX73lZL/maMHma8Lnb8TncMTncMTocMTncMTocsXodMbod8fpg8zrhs3rhs3rh83riM7siM7rh87rhs3rh87sic7sis/si8/sjdDskNHtk9PtldPtmNTum9Xum9Xum9Xum9bvm9Xvm9bvnNbvnNbvntfvn9fvodjvpdnwp9rwqdvwq9zxrt3xsN7ysN7ysN7ysN7ysd/ysd/ysd/ysd/ysd/ysd/ys+Dyt+HzuOHzueLzueLzueLzuuLzu+PzvuT0wOX0weX1w+b1xOf1xef1xef1xef1xef1xef1xef1xef1xef2xuj2x+j2yOj2yen2yun2yun2zOr3zer3zuv3z+v30Ov30ez30uz30+341O341e341e341e741+742O/42e/42vD42/D42/D52/D52/D52/D52/D52/D52/D53PH53PH53PD53fH53/L54fL54fL64vP64vP64/P65PP65PP65fT65fT65fT75vT75/T75/X76PX76PX76fX76fb76vb76/b86/f87Pf87Pf87Pf87Pf87ff87ff87vf87vf87vj87/j87/j88Pj88Pj88fj88fj88fj88fj88fj88fj88fj88fj88fj88fj88fj88fj88fj88fn88fn88/n99fv99fv98vn98Pj88Pj88Pj88fn88Pj88fn88Pj88fn88fn88/n99Pr99vv99vv99/z++fz++v3++v3+/P7+/v7+/v7+/v7+/v7+/v7+/v7+/v7+/v7+CP4A8QkcSLCgwYMIEypcyLChw4cQI0qcSLGixYsYM2rcyLGjx48gQ4ocSbKkyZMoU6pcybKly5cwY8qcSbOmzZs4c+rcybOnz59AgwodSrSo0aNIkypdyrSp06dQo0qdSrWq1atYs2rdyrWr169gw4odS7as2bNo06pdy7at27dw48qdS7eu3bt48+rdy7ev37+AAwseTLiw4cOIEytWu2tLjhxbdi22KcrFiMsjXIiaPLPcDsyYd5TjHFMLaNBaSL8sZ/n0ZReqXdJxDZpObIya1qwBBPEJbcxPILbZsuXRbYFraCinoYN3QyK/LxNxOGbDhOsTttwGtLy7FnEMc/5EH5GDYTQi2NO3iV2ke3cj4BWOv7wwGo306WmoFufefXD58y2EHn7pqaZJf+69AeB4Co1BIH7GcfYKgu79ktB8IyREy4P4daIahd39dxCGCenAYYGq6QDicpogROJBj5yI3QaxabGickMgJF505R2kgozXMRHbLzcq51xB0EU3nUFtAHkdLbc1UWSOBvkWnYgE/QikDscdWGSLBc0WnW0F8eHkBBHe9kSRWArE2m+wGTSgjEseR2SRB5lG2xcHnQnlccjhaZBnronWJ5DaASqQOEPcCGZBlYHmgmQGxSijCtEUNk4ooTw04YqvILSLFo9pQalBnQDpoUOEEPKMXP6FOAHErEAwMcYwDL2xIkYyjsHQLERoQMCwBKCgxltv0KrsrFCAspCNCDaBkYkPCqkQITAQq+2wbaI1zLLgAsEFrgkBomJ3OoR6USfWpbfBegnNosO29BIwC1uFhBvuG+Mk9Aq0zKmLEbvYMbHqQc88UW+9x66VrL7gMnFvQuJo8uhGjzySaUKZCLswvd2aNQvE+vJhUxcfL5xJW0mQHK6vMxGRcr0auJWvy+AWIpMaMzP81hc4L1vExC5l8kDP29bZ1jiyBk0rny/JjDSxKLwK1zhcOD1rETAdPTUBOlgtFx9aA0H0SoR8/UDDdQ0DhdP9tjTL1DqcbRcoLZOcBP5MHn+sASF+FZI3uETYvZLRC2vA9l+VcEGEslAYzlImNmj7gA5kagqK5DFl4qqioIcu+uiklx7UJGx48QQTrLf+hBdsTCJUPfOMIw44uOcuzjjz1HNWPHA40frwxLPuBBzx9DRPObk37zzu5cxD1i1bFG898VvcotM98DzvvfPw3BOWMsJfb77xyuTE/PfsQx8WHOfHzwQcOM3T/v3gSP/V6vKbH3JMt8Mf++LjFf71z3r/g0kABeg9AnYFfge0Hv1uYj8Gek9/XiFfBInnhPThZH0WzN1owkK9DbIue9vrXgjBEb6xAK988nMCH5LHk+UxMHpoQV0XDOi6LsRudv61W6DueOc70xnxiEhMohKX+JB5zEIYOKHHPMRnGFK84QpYxOIaoBgTeuSiFWAEoy/iBphNeCGLaLwCF7joknnEIoxwbMUswOGXWZwxjWn0AkxmEcc+zgKDd4nGGvBIyCsAUiX16KMiW5GLItalEoUsJBtXMo9FLnJjcpnHFSOJRy7A5I2W7KMvqPiWeaCBk4TUA0yEEUpF2oKUbdkkKtG4RpjQA5SthGMx3gLJWaZxEzIBRy77SMe23NGXWFTlTFg5zDByrizCQGYWK2GTaDQzjPTAlzS9MEmD0MMXvvAI7mDpTT420xls2QQyC3FIgigDEGaI5xo8iJFxTCJjj/4QBRkNcg9nNLOYaonGLN+AyYOMYg3xTOg863lPfD5iEuRCSD18kUtHqqUQkVzDMwVCiIR61AzKtAgoHOrQVixkHl+85Fs2ccosekEPBUVIJz76UYyQlKS8YEg9hGFOMNoCoHCZxUYLogyafpSeBRlHJwIRiE7skyDjuClJn6qQebQTMPRog1E9mlODgGMPdAgrHfYA1IGAQ6oOvQQ5b3OJrXr0IPUYhFjFOgiLDgStDrUF6MTh1rcahBNznSsnYIRXfF6VM4HoazwDYZB6gDWwYd3DQURR2Ixt5ji8UGw8u0oQWkB2rn9yZ2UzVlbO6EGzbDiIJT4rVkuodrTOiv4NXzU7ioM4grVhdcRBhjHaRxwWMR1VbGoPEgjc0oGxr62sSVWjBs1yNkzGzVxBzlpZ2alGsyE1SHSlW5CRVlY1RVWsA6Fr3ITMY7RURUxm+3qwg2xXIbyobGkRQ4++Ijch71UIZfEaGzhsFQ7ZVEh+E3IPTaD1YpMZhVEJEWCFFBe39yVwK6QaUdK0NaFqqG1Dbotb3TZkGA3N2HNVw4tLXELDDlktbl37kGHY4qdMNIhncRvaGFvEsayVrI0zAtjPXnbHF4krZOsK5Ix8da57SG+RJzIOTjCVE0pespSnTOUqW/nKWM6ylrfM5S57+ctgDrOYx0zmMpv5zGhOsyWa18zmNrv5zXCOs5znTOc62/nOeM6znvfM5z77+c+ADrSggRIQACH5BAkDANIALAAAAADIAMgAhwAAABCEthCc2BCd2RCd2RCd2RCd2RCd2RCd2Ryh2iOk2ySk2ySk2ySk2yWl3CWl3CWl3CWl3Cal3Cun3DSr3jit3jmt3jmt3jqu3zqu3zqu3zqu3zqu3zqu3z+w30624k224k+24lC24lC24lC24lC24lC24lC341K441S442C95WS/5WK+5WG+5WO/5WW/5mW/5WXA5mXA5mbA5mfA5mjB5mnB5m3C53DE6HfG6XnH6XnH6XnH6XnH6XnH6XrH6XvI6n3J6oDK6oPL64jO7IvP7I7Q7I/Q7I/Q7I/Q7I/R7Y/R7ZHS7ZXT7pzV757X76HY8KTZ8KTZ8KXa8KXa8KXa8KXa8aXa8aXa8ajb8avc8a/e8rTg87fh87ji87ni87ni87ni87ri9Lri9Lri9Lri9Lri9Lrj9Lrj9Lrj9Lvj9L3k9L7k9MDl9cPm9cTn9cXn9cXn9cbn9cro9s3q9s7q9s7q9s7q9s/r98/r98/r99Dr99Ps99zw+eDy+uPz+uTz+uPz+uTz+uTz+uTz+uPz+uPz+uPz+uPz+uTz+uTz+uTz+uTz+uTz+uT0++X0++j1++z3/PL5/PT6/fb7/fX7/fX7/fX7/fT6/fT6/fT6/fT6/fT6/fP6/fT6/fT6/fX7/fb7/fb7/fb7/ff8/fj8/fn8/fn8/vn8/vn8/vr8/vr8/vr8/vr8/vr8/vn8/vn8/vr8/vr9/vr9/vr9/vv9/vv9/vv9/vz9/vz9/vz9/vz9/vz+/v3+/v3+/v7+/v7+//7+//7///7///7+//7+//7///7///7///7///7///7///7///7///7///7///7///7///////////////////////////////////////////////7+/v7+/v7+/v7+/v3+/vv9/vn8/vb7/fL5/O74/Oz3++v2++r2++r2++n2++n1++n1++n1++n1++n1++n2++n2++n2++n2++n2++v2++z3++73/O/4/O/4/PD4/PD4/PD4/O/4/O/4/Aj+AKUJHEiwoMGDCBMqXMiwocOHECNKnEixosWLGDNq3Mixo8ePIEOKHEmypMmTKFOqXMmypcuXMGPKnEmzps2bOHPq3Mmzp8+fQIMKHUq0qNGjSJMqXcq0qdOnUKNKnUq1qtWrWLNq3cq1q9evYMOKHUu2rNmzaNOqXcu2rdu3cOPKnUu3rt27ePPq3cu3r9+/gAMLHky4sOHDiBMrVvuICQoUTB4tttkHBIbLGED0mTxTkgrMmFVI4hxTCWjQSki/lGT59GUQql1ycQ2aS2yMfLJkYQNxCG3MQyBuYcJkzm2BWU4oP6FijcMbvy/fcPiEgoPrDpjcXrO8O5NJDFH+RMeAgqEkG9jTb4mNo3t3HOAVjr+8UNKH9Ok/qJ7k3j2RhfNhsBB6+KWnGh/9uWdbQgEq9ESB+BnHmR8JurcOg/Ml9AeE+PGhWoXd/YdQgwipwKGBqqkA4nIeHkSiQXOciB0FsTGxonIzICRedOUd5IGM1+UQ2zo3KuecQdBFN51BWwB53R+3BVFkjgb5Fl1wBv0IpArHIVhkiwTNFt2CBKnhpAMS3kZEkSISxNpvsBlEoIw2HCcQkUUeZBptThx0JpR2SpPcjQd55ppofgKpXaDSTDLDjWASVBloIEgGI5AejEZYJX1s5hCFK/qB0CNKPKaEpQbxAWSkC7nxxj7+csExRAy0xqDDE5EwxMWKGMn4BEN+2DDBAMQO4IEVb3FR67K0FuFpQjYmGARGJkIopEJugFDstsS2qVYkzIYbQxO5JrSGit2pIOpFfFiXHgXrJeSHCtzWO8C6asEhrrhcVCJvtMzhy667DuTAKkH7EGGvvciupey+4eoAKEKT8HEwRnPMoSlCfAy7cL3eovUHxPuqYVMTHy98sVk6kCzurzPZkLK9E7ilr8vhwiGTFTMz/NYTODOLw8Qt8ZFAz9zW+VYlswZdK8wuyYx0sRjAClclTThNKw4wHT31ACpYLdcaWsdAtEpufJ1Aw3VFUoTT/rbkx9Tq6tVHyyTrAJP+xx9P4IZfcOAd7tAwGb3wBGz/hUcTOCxbxNlFa1tsAiqQuWkfkMvEhxtiM+r556CHLvroN9GhhRNFAKH66kU4oQUeQgmDCy+1yGL77bXwgoswZ5HCxRCrBy+86kNwQUpPvdR++/LMy1JLL2Q1Nvz0wke2k/LNZ4+7WOYAT/33xJuTE/bal19LWFyArz4QltPUS/nw3w79V6mv/30ROJEff/bn02///fnbH/z655X0/W967ZvJ+wSovfl5pXsHFN4QxBdABjKPgF+RXgSBYD2d6E+AGASL77y3viGo4Xg8SR4Dn4cW06FueK3TAh1iN7sP5m53pMuhDnfIwx76MCH+pfhDOnAii1PwzjB94IISlrhELQwxJrKIhCOmOEVzoBAwfHACE7eohCY80SWneAQVx+gISMSNL3/QIhe52KeXQIKMcITEKfQiCS2s8Y5KKIVLeAHHPjoiEry4Cx7wiMcvruQUfvRjfORSCiUSco1NgIkYEwlHcxzxLaWIwiPv+AWY5IOSfUzHJdviyE1u0YswkcUkQTnGfLxlkKbk4spUUglWwvGMa3lCLLfYyZl80pZUhERb0rFLJsKuJpMAJhVlwRY5FPMJhjSILNZxoY50ohO4UIgs3gjMTrCFD7uUgx4RYg43WOGcWqAgRijBBzy4sw+USIgwOgFMXKJFEqb+5MLGDtIHLZzzn+lcZzvd6U4+lAshvDAHKwPZTEJqIXMEkcM/J2oFk12kDwTNKB4EdpBTSFGRb+GDJpn4hC/sEyF9oChFMaJRjUbzILzIBzenuA57uuUPED2IOVRKUXUWhBR9cIMb+nDFglCipRqNp0NOMcfCyGILPJ1oNQsiiTac4apnaMNJBdIJpGaUD9lkFB+iOtGD1EIOWMWqHEIoEK9mVJiBmgRZy2qQPqQ1rc8iiFsz2tTjtGGu52yDQWph1bteVbB13es77bQOwJ5zqgN5hGHTiqqB7EOx7vTmbdTg2HgVhA+TxerFBrrXvHJGro41rUDmENqrpokgkcD+LB76yhmJAtazBXFDa8/wt4OQ1q0cXYw/AQtZguz2qgjpqmJneRjHWvQgxz1DQjCqWNXsFLCLNEh0E3IKzCp1Mo2dq2qNe1yFpEOxmp2MLOaK2IRsVyHU9WpsuhDVLjBTIe9NCC7iq9HxJialKpXDfbG1294qBBd+QOpBSTNWgPoXRrt9rUIi8duXcmYdFnuwb3fLXINEAhKQSO8PBSLZ1lZ2xBQhbGjbi2KL2HWyGm6xQ85q2LXKGCNVTWsbinrjigBVqETtsZCHTOQiG/nISE6ykpfM5CY7+clQjrKUp0zlKlv5yljOspa3zOUue/nLYA6zmMdM5jKb+cxoTrMPmtfM5ja7+c1wjrOcLRIQACH5BAkDANkALAAAAADIAMgAhwAAAAJZfwKW1QOW1QOW1QOW1QOX1QOX1gOX1gOX1gOX1gWX1geY1gqZ1gya1xKd2Bef2Rif2Rif2Rif2Rif2Rif2Rif2Rif2Rmg2hmg2hmg2hqg2hyh2h6i2h+i2iSk2ymn3Cun3Cyo3C2o3C2o3C2o3C6p3S2o3C2o3C6p3S6p3S6p3S6p3TCp3TKq3TOq3TSr3jWr3jas3jes3jit3jmt3zuu3z6v4EGx4EKx4EKx4EKx4EKx4EKx4UKx4UKx4UKx4UKx4EOx4EOx4EOy4Uez4Um04Uu14Uy14k624lC34lK341O441W541a541e541e541e541i65Fi65Fi65Fi65Fe55Fi65Fi65Fm65Fu75F285GC95WO+5WW/5mjA5mrB52zC523C527D527D6G7D523C523C527D6G7D52/D6HfG6YDK6oLL6oLL6oLL6oLL6oLL64PM64PM64XM64jO64nO7IzP7I/R7JTT7ZfU7ZfU7ZjU7pjU7pfU7pbT7ZfU7pfU7pfU7pnV7pvW7p3W7p7X75/X75/X76DY76LY76PZ8KXa8Kjb8Kvc8azc8a3d8q3d8q3d8qzc8azc8azc8a3d8a/e8rHe8rPf8rTf8rXg87bg87fh87jh87ri877k9MHl9MLl9MLl9MLl9cLl9cLl9cLl9cLl9cPm9cTm9cXm9cbn9cfo9sno9svp9s3q9s/r99Dr99Ls99Tt+Nbu+Nfu+Nfu+Nfu+Nfu+Njv+Njv+dnv+drw+dvw+dzw+d7x+d/y+uLz+uT0+uX0+uf1++j1++r2++v3++z3++z3/O33/O33/O33/O74/PD5/PH5/PP6/fT6/fX7/fb7/ff7/fj8/vr9/v3+/v7+/v7+/v7+/v7+/v7+/v7+/v7+/v7+/v7+/v7+/v7+/v7+/v7+/v7+/v7+/v7+/v7+/v7+/v3+/v3+/v3+/vz+/vz+/vz9/vv9/vv9/vv9/vr9/vr9/vr9/vr9/vr9/vv9/vv9/vz9/vz9/vz+/v3+/v3+/gj+ALMJHEiwoMGDCBMqXMiwocOHECNKnEixosWLGDNq3Mixo8ePIEOKHEmypMmTKFOqXMmypcuXMGPKnEmzps2bOHPq3Mmzp8+fQIMKHUq0qNGjSJMqXcq0qdOnUKNKnUq1qtWrWLNq3cq1q9evYMOKHUu2rNmzaNOqXcu2rdu3cOPKnUu3rt27ePPq3cu3r9+/gAMLHky4sOHDiBMrVlvMjxYtfoottvlLCZHLRJT8mjwz2hfMmL9E4xwzD2jQeUi/jGb59GUlql16cg3aU2yMtCBBCgXRDm3MdiBe8uPn1W2BjqQol9KFd0M1vy+rcbjIhonrJv7cDrW8ux9pDLX+RCeihWE0NdjTX4q9pnv3NeAVjr+8MJqT9OmdqJbm3v2dhfMRsdAY+OGnGi39uceJfPMptEiB+BnHWTAJundMQgEmRAyE+NmiWoXd/YdQhgh1wWF6sXUB4nK0jNjgQa+ciJ0Nsf2xonJiICRedOUdZISM17ER2zE3KudcQdBFN51BlwB5HTG3xVFkjgb5Fl1wBv0IZBfHIVhkiwXNFp1tBYHipAkS3nZHkSISxNpvsBlEIJBjHCcQkUUeZBptiRx0JpR2ZpPcjQdF44VrXoxmkJPaBZqNNGTcCGZBlYGmhGQGxSijEYoORo0vvjxE4YrBIFRMHo/lgalBtgDpoUP+q7DyjFyu2EHGrWTEwcgyDHGyIkYyLsKQMGrIgMGxGBDRyFuc4OrsrXmEqpCNCcaBkYkQCqnQKkwg6+2xbaq1zLPkkkEIrwmFomJ3XZR6kS3WpWfDegkJw8W3+GIgDFuulFtuJ9QkFAy1zLmLEbzYsfHqQc/ckW++y67VrL/kxjGMQtLQMulGr7zS6UGzGPswvuGiNQzF/h450yAjPzxLW2ygXC4jNKnRcr4xuNWvzOS6IlMjN0P81iI8P7vGxS/NAkLQ3y7pFjW2Fo2rsC/ZzDSyRMwKFzWESH3rGjAtfTUGXGgtFyhek4E0S6uMDULEdS2Th9QBtyTM1Vzsm5f+LzGjrK1LMdwcwyp+udI3uUfDpPTDMcD91yyErOFsHmsnvYS3IHDRyWGfVk7TLKuY7ejopJdu+umo3zRLJorkIcfrsOehSCYvB5VIFzl8cMDuvH+QQxd9mlXNJ3fAbvzxr9/xSTU8OaPGA7xHL/3uD6jhzFjGEIL89scTYoxOscAw/fjSwxBLWA1zrz7sd4hOUzDQky8/9QZ39cn6+MvxCU5qzO//AU7riuvyp77U3ER3/5PfB8AyQAJuz4A2QWACx7fAr9zPgdvb3036N8HxBZAr6cOg8dqHE/h1UHoPqF9XjDEIEb5uEN/LSSxccMLdueB8Yhle8Qh4h1Awbyf+zovf/x4Qh+uZZXWLaGDsFkE7oSSCCz2QYO96wIXgpe6KWMyiFrfIxYNcoxjKwIk74oGYYHyCD2hEYybCGBN3RGMZcIRjNK4hGF0wIo145MMh2OiSeDwjjoBcxjPo2Bdi3DGPeaTZS/4YyEA+g4x5gUYmEElJPhCSJdhopCaXEQ1s3GUWlawkH1cSj01u0hp0ucYZQ4nIQ8CEkaYM5Mfcco1HsJKSoICJNGKpSWjExRO3bOUoWeIOWPIyjvFpCyiDmUddyOQax2zkJddySGaiMZcz2WU04+g+tCjDmmmsHU2ssc04uoMtsAAnI4ZZkGsgAxkeoQY1PJmQYpazbmr+0YU1YTHNgjyjFbqBRCa6SRFr+GIXCCUGKhNCjW328yzQCKYnfCmwTARUNwPFiEERylFfUBQh2HgjL+m5lnRWMhOASggsLnpRUmBEGByN6S5WhZB4iFSTC22LLhyBR0aA4qMJ8QVLWYoRmcrUiArBhjSMCY2HtoUYKWXIM4bKUoJmwxrA6BgwcloQaxhVplxdSDwgSZhreIKqF4WnQaTBilS4NRWsSCZBqPHVmAKDpHaqBVovehB3xOKtb43FOQ1S15iyUzXT2CtfDQIMwAIWGAcpbEydyhmAKhYSrTCIO9rqWLey4iDEkGxC7YSMy+pGrQQ5RmcBe6GCREO0CMX+p2pIYdrNGaQXq31rLw4CDNjqDbGmhYQKBTKL3LpVnASBBmx3QVnErPSyts2UcVORpoL0VrQ0nYxFL4vagkzXrQihq2ilRRrTuhQh301FvWCrmqledhoJSW9CrgHbsCamtIol70HkmxBniFa2irmGYjOrEP5qSLKxAQVaQdFcgRgYpMGo63AVEwyq8pMhr5hudUFajK8ClTN6DWgmJgyy6SJXIdA4KEeRGhtk1KIWJEYIbo2724dAQxnKAHAXVWvc1nbxIu5oRW4J/GOMNHa1vy2yRfzaWcEqOSPSEPJbW2HfJxc0q6/YqpW3zOUue/nLYA6zmMdM5jKb+cxoTrMymtfM5ja7+c1wjrOc50znOtv5znjOs573zOc++/nPgA60oAdN6EIb+tCITrSiF42UgAAAIfkECQMA2AAsAAAAAMgAyACHAAAACGePC5rXC5rXC5rXDJrXDJvYDJvYDJvYDJvYDJvYDJvYDJvYDJvYDZvYDZvYEZ3ZFZ/ZG6HaHqPaH6PaIKPaIKPaIKPaIKPaIKPaIKPaIaTbIaTbIaTbIaTbJKXbJ6bcLKjdMareNKveNazeNqzeNqzeNqzeNqzeN63eN63eN63eN63eN63eN63fOa3fO67fPK/fPq/fP7DfQbHgRLLgR7PhSrThS7ThS7ThS7ThS7ThS7ThTLXiTLXiS7ThS7ThS7ThTLXiTrXiUbfjWbrkXrzlYL3lYL3lYL3lYL3lYb7lYb7lYb7lYb7lYb7lY77mZb/mZb/mZL/mZb/macHmb8TncsXodMbodcbodcbodcbodsbodsbodsbodsfpdsfpdsfpeMfpesjpfMnqgcvrhs3riM7sis/si8/si8/sjNDtjNDtjNDtjNDtjdDtkNHtlNPtmtXun9fvn9fvodjwodjwodjwodjwodjwo9nwp9rxqdvxq9zxrNzxrd3ysd/yteDytuHztuHztuHztuHztuHztuHztuHztuHzt+HztuHzt+Hzu+PzvuT0wOX0w+b1yen2y+n2yun2y+n2y+n2y+n2y+r3y+r3zev30Oz30ez30ez30ez30+331e341u741+742O742e/42vD43fH54PL54vP64fL64PL54PL54fL54fP65PT65/X76fb76/b77vj88fn89fv9+Pz9+v3++/3+/P7+/f7+/v7+/v7+/v7+/v7+/v7+/v7+/v7+/v7+/v7+/v7+/v7+/v7+/v7+/v7+/v7+/v7+/v7+/v7+/v7+/v7+/v7+/v7+/v7+/v7+/v7+/v7+/v7+/v7+/v7+/v7+/v7+/v7//v7+/v7+/v7+/f7+/f7+/f7+/f3+/P3+/P3+/P3+/P3++/3++/3++/3++vz++fz++fz++Pz++Pv+9/v+9vv99vv99vv99vv99vv99vv99fv99fr99fr99fr99fr99Pr99Pr98/n98vn88fn88fn88fn88Pj8CP4AsQkcSLCgwYMIEypcyLChw4cQI0qcSLGixYsYM2rcyLGjx48gQ4ocSbKkyZMoU6pcybKly5cwY8qcSbOmzZs4c+rcybOnz59AgwodSrSo0aNIkypdyrSp06dQo0qdSrWq1atYs2rdyrWr169gw4odS7as2bNo06pdy7at27dw48qdS7eu3bt48+rdy7ev37+AAwseTLiw4cOIEytW60oOFChyXC22WapIj8s9ipSaPBOfFcyYreDjHFMOaNBySL/EZ/n05SKqXTZyDbpRbIyhAAGCBBEObcxwIAaSIyfTbYGAlihfUoV3wzG/L49xuKeGi+suUseGtLz7nFkMl/5E7wGFob4v2NMHil2me/cy4BWOv7xQn5H06Y2onuXefZyF8/WwUBb44adaKP25Z1tCASq0R4H4GccZKgm6BwuD8yXkCoT4jaJahd39h1CDCFXBYXqxVQHicqGMmOFBmZyIXQ2xybGiclkgJF50SyBEhIzXlREbLDcq51xB0EU3nUGBAHmdZLGdUWSOBvkWXXAG/QhkFcchWGSLBc0W3YIEPeKkCxLeBkeRWBLE2m+wGUQgkFQeR2SRB5lGmx4HnQnlcdgkd+NBnrkmWp9AagcoNrNkcSOYBVUGWhF/EhSjjEToU1g7pWzmEIUrooJQY8pFhtAoQHroUCSRyCLXJf5wfCHrF2f0EQtDjayIkYx7MHRKFjFsIOwGPfTxViOzJiurHJ4mZGOCZ2BkIoRCKhRJEcNmK2ybasWi7Ldf1HFrQpCo2F0Vol40inXp1bBeQqdUoe28G5zC1iXggttIOwmh8ixz6WK0LnZlqHqQLHDQS6+xayGb77dntKLQLKFAulEmmWia0CfBKjwvt2i18nC+R840h8cKf9LWGSODy7BMWKBMbwxu4dvyt5fI1IfMC7/Fx83KliHxS5+IwLO2WMDVTqxAz8oHTDEfPewNripdR9OyVuuS0VJvEEXVckGC9RdDsxRJ1yK8TFcscjTNb0unSB2FvXmVwvLI0b7Usf7HMUTi1yV3fys0TEUrHIPafn1SRxnJylE20dgOK0IUihzG6eM0fdLqopx37vnnoIce1CeK8CHHGqinLgcfiqgclB5V3BCCAbTXHsINVfBpljqPxJH678CjHscj6vDkrQS1J6887RJ8MW5Yr+gR/PTA6/GKTpvAsPz2ysOwSViy+E79+MKDXZMpyHOvPvOmgOUI+fCv4QhOXKxvvwFcgHV6/OMrWtPs91NfCPTHv/7hBIAB3N4Av/K+Ak5vfjepXwK3l7+vhM+BwIuD+WiCvgkqTwLtA0v0MIg662HvBR6k3Qu+JxZ1OEJ88YtDJIq3k1hwIX33k4AZnkcW0pkueP6ra51Q9BAFGyDQdjaIgu5Ex8QmOvGJUIyiQ9DhCh7WBBeIOYUj6sBFLirCii5BBzvGOEZ0YDEwpfhDF9dYhz2AUSW4IKMcx6gOcPjFFWpkIxv/ABN1zPGP6jgjXvChCD0asg7oeMkfF8mORN4FFIc85BtPEkdGLvIWdEHHFiOpx14p0pKLdCRc0AEIThqyZCypBSgXScO3PMKUnZxkSla5yFq8BZKwZGOzXgIOWv7Rjm3JYy65iMqXqNKXZGxlt4bZRVDY5BbIJGNbNMHMP8gSG7aIxTUpog5lIsSPyLQFW0oxTE2I0iD6yIQg1tkIjWGkFqdghTxhYcuE2AKZwP5UCz5g+YjRJKQVjVinQNv5znjKU56n8GdCxLhKt1DzkIqo1EE8IdCKCsJvF3nFQTfKim3igqGXfEspStnFP0BCoQkxhUUtihGOctSdCqkFOOmYT7i4QqIK0cdKLQpTgqDjFJ7wxCnOSZBauJSj9WwILgQ5GFs8YqcVfSM7NHGJql5CE+w4iDqOulHMHYcUUK3oQW7xCata9ROYNAhXN7rB2LQjrGI1yCnMala6FWStG03rcdQJV0GkaSC3oCpdq6qJg8ACr/MEVCz6uk4wwmKwZr1QQdqBWHl6kzORYCwEC2IKyFo1hAVpRWWv51bGCsKr2BCFZ6sqCkJVlhV65f4MRfu62YJ4YrWX8ARCRIvYbRYmoH2dJG6r+s3K2pUzjMXoQYabM4RoFLGq0Wlf37bc4SbkFpVN6mIWC1fQVhe3OUXsZRFjC7j+9burXchh17odqEJCnAphLkNcwVWcKqYVO/UEfBVy29XqliGxOCpKOQPWgaL2IKpdbWsbgg+DyrOnpIkFKUhxYIR0drXeZQg+ZCGL8UbxsauVrBQxEljPFnbEGpkrZCuM4oiQdbBobbFGpmpWc8p4Iz8N6lBvzOMe+/jHQA6ykIdM5CIb+chITrKSl8zkJjv5yVCOspSnTOUqW/nKWM6ylrfM5S57+ctgDrOYx0zmMpv5zGhOswea18xmvQQEACH5BAkDAIEALAAAAADIAMgAhwAAAA8wPiGXyRWf2BWf2RWf2RWf2RWf2RWf2RWf2RWf2RWf2RWf2RWf2Rmg2Sim3Cmm3Cmm3Cqn3Sqn3S6o3TOq3jqt3z6v3z+v3z+v3z+v3z+w30Cw4ECw4EGw4EOx4ESx4EWy4Emz4U624lG341K341K441S441S441S441W55FS45FS45FS45FW55FW55Fe55Fy75WS/5mbA5mjB5mnB52rB52rB52vC52rB52vC53XG6H7J6X7J6X7J6X7J6X7J6X7J6X/K6oDK6oTM6orO7JHR7ZTS7ZXT7ZXT7ZXT7ZXS7ZTS7ZXT7pXT7pbT7pnU7pzV7p3W757W75/X76HY76LY76PY8KTZ8Kba8Knb8Knb8Knb8Knb8Knb8arc8arc8arc8arc8azc8bTg8r3k9L/k9L/k9L/l9L7k9L7k9L/k9L/l9cPm9cbn9cjo9svp9tLs99rv+eDy+ePz+uTz+uTz+ub0+ub0+uf1++z3/Pb7/f7+/v7+/v7+/v7+/v7+/v////////////////////////////////7+//7+//7+//7+//7+//7+//7+//7+//7+//7+//7+//7+//7+//3+//3+/v39/vz9/vz9/vv9/vr9/vv9/vv9/vv9/vv9/vr8/fn8/fj7/ff7/fb7/fb6/fX6/fT6/fP6/fT6/fT6/fX6/fb6/ff7/fj7/fj8/fj8/ff7/fb7/fX7/fX6/fT6/fP6/fP5/fL5/PH5/PD4/PD4/PD4/O/4/PD4/PD4/PD4/PH5/PL5/PL5/fL5/fL5/fD4/O/4/O73/O33/Oz3/Oz2++v2++r2++v2++v2++v2++v2++v2++r2++r2++r2++r2++n1++n1++n1++n1++n1++n1++n1++n1++n1++n1++n1++n1++n1++n1++j1++f1++b0++X0++Pz+uDy+t3x+dvw+dfu+NXt+NLs99Hr99Dr99Hr99Ls99Ps99Ps99Ps99Ps99Tt99Tt+NTt+Nfu+Nnv+Nvw+dvv+Qj+AAMJHEiwoMGDCBMqXMiwocOHECNKnEixosWLGDNq3Mixo8ePIEOKHEmypMmTKFOqXMmypcuXMGPKnEmzps2bOHPq3Mmzp8+fQIMKHUq0qNGjSJMqXcq0qdOnUKNKnUq1qtWrWLNq3cq1q9evYMOKHUu2rNmzaNOqXcu2rdu3cOPKnUu3rt27ePPq3cu3r9+/gAMLHky4sOHDiBMrVuusCg4cVZwttrlOhorLKmSsmzwT1Q7MmHeg4hyTCmjQVEi/RGX59GUZql2acQ3aTGyMcsiQeQOxCW3MTSCSqVJF3m2BZGwot7GDd0Mhvy8LcfhlBIfrHFLHfrO8u5U9DG3+RFeBg2EqHtjTk4lNpHt3IuAVjr+8MJWM9Olhk97j3j2UhfOpsBB6+KWnmhz9uZeGfPMp9EWB+BnHGR0JuqdHQgEmlAeE+LWjWoXd/YdQhgjtwKGBqu0A4nJyjNjgQfKciN0IsVmxonI8ICRedDYgBIOM1xERmx43KudcQdBFN51BZAB5XR63GVFkjgb5Fl1wBv0I5A7HIVhkiwXNFp1tBbXhJAcS3gZFkSIShEoMv8VwEIEyUnkckUUeZBptXxx0JpTHIZenQZ65JpqfQGoXaCB78HAjmAWtAydmMUhmUIwywpBKYaTMMcdDFK5IB0LOUKEcFZYa1A6QHjr0Bhz+usglzxNC1CqEEWP4wlAaK2IkY58LpcNDCBIUK0EJY7xlhq3M1krFZgrZmKARGJkIoZAKvSGDsdwWi+VavjQrrhBZ6JrQGyp2t8OoF7VjXXojrJdQOjh0a68E6bAlz7jjmkFKQnRIyxy7GLmLHRGtHqRLE/fem+xay/IrrhGAIrSHHJBuJI88mybkDrEN23sEW3lIzK8bNlURcsPutGWEyeM+LBMPK98Lglv7wixumi+NUbPDb42hc7NEVNySOxb83K2dbZFC69C2ytwSzUoba0KscJGSBdS1YutS0lVLgAPWcr3BtRBGq/RG2BZIPZcvVED9b0vpVI1Dvnmt87L+ydS+BELNIBy5lzx7i1s0TEg3DILbfbmTBRHMUpH20TFwawEOZRxGyjqTy+TOG2QvKvropJdu+uk+uVMGGVc04frrV5BRRj9CZYEDCRUQoPvuFZCAgxdnwdKGFK8Xb7zrUrQBC0+68PDA7tBHr/sDPIT+VTNeHK+98V40o5M+HkgvfvQe6BMWMcRvrz7yxOC0zvPjxz89tF61sf79TbSBEw/y908A01yxAv7WdwWc5M5/8asAWAQ4wO1ZwYAITCBY7NdA7envJvyLoPgAuBX0VdB4UmjfTd6nweg9gH5ewd4HXde973GghLrjgPnEIrz04U8KcFjeTpoHP/89oAj+1hOL6sjAwOJZQXYtC4rtRnBA6FVgBDjIAuqmSMUqWvGKWIQIJ5xhrix6JB1u+IIYxciGLnrxInMgwxjX+AUymPGMEnGGGtnIRnnBMSK0YAMd9/gFTtwRInLgIx/f+EeEcCKMgqQj4wppEE6UIZF7hAMjF4JISK4xV5NMSCAtycZPZRIhc+SkGCX5yYP4QpRjzFgpCfIOVLpRIZvwBSExwglOJAIxcxDlO/yIkFTogw3AbEPHMLIJPTjjmLrYhGFoYUk30EIheWgDMKcpTGIa85jH1IMOCdNKPpohVQhxxzTHyQaeUUQX2EynM0RImDk8coxkgMMzF0IHcpITI+r+VGd8DHPMh6TCnuQcZkE4kQeM5YGXBtlEPtWpzNFt4g0AHecsSeEOfVhUH+6Y20AXmk5l3FJ064joOA9iCXZc9KLssMRBOJrOeQaKFCIdqUHycNKTdo6l6VRpoH4ZUzbMkCCWqGhNLZrEgqATp84IImd80VNgEtIXQz0pIUWB1GMiVDXyaKrgBlKHqF60DgdRRlWVqhiYNrVz6/CqRVE4EFhU1Rk6JY04e7rVgchBrfpQ5UDEilR2ckaaPZ1lIPBqUUNW9UKqaao5CULYnxrkqDhVzT97qlGDNDYhlqhqQyfD1JgS7CCXTcgekHpVxWwipo4FLWEXAtmFxgYOEYWzw2YREtqEJCIZHE1GbPIAUHfMFiF3VateDZIIYix0m6QJKTU7d5C0qpWtCYHFNY+5z9j4Yh2cg0hX1QrWh8CCFrQorRehqlbBrtIgQfVqUc/LEJpGFZzsVYgl2jHUdsQ1vguh6EndIV78JoSgBu2vfwdM4AIb+MAITrCCF8zgBjv4wRCOsIQnTOEKW/jCGM6whjfM4Q57+MMgDrGIR0ziEpv4xChOsYpXzOIWu/jFMJ5wQAAAIfkECQMA6AAsAAAAAMgAyACHAAAABmaPCZnWCZnWCZnWCZrWCZrXCZrXCZrXCZrXCZrXCZrXCZrXCprXDJvXDJvXDZvXDpzXEp3YFZ7ZGaDZHKHaHaHaHaHaHaHaHaHaHaHaHaHaHqLbHqLbHqLbHqLbHqLbHqLbIqPbJqXcLKjdMKndMardMqreMqreMqreM6veM6veM6veM6veM6veM6veNazeNqzeOK3fOq7fP7DgRLLhRrPhR7PhSLPhSLThSLThR7PhR7PhR7PhR7PhSLThSrTiS7XiTbbiULfiVbnjWLrkW7vkXLzkXbzkXbzkXr3lXr3lXr3lXr3lXr3lXr3lX73lYb7lY7/mZ8DmasHmbMLnbsPnb8PnccTncsTncsTocsTocsTocsTocsToc8XocsXoc8XoeMfpesjpfMnpgMrqgsvqg8zrhczrh83rh83riM7rh83riM7sh87ri8/smtXunNbundbvndbvndbvnNbuntfvoNjvotjvo9nwpNnwptrwqtvxr97ysd/yst/yst/yst/yst/ys+Dys+Dys+Dys+Dzs+DztuHzu+P0veT0v+T1wOX1wOX1wOT1wOX1wOX1weX1wub1xOb1x+f1x+f2yOj2yOj2yOj2yOj2yOj2yOj2yun2zur3z+v30Ov30Ov30ev30uz31O341+742O742e/42/D53PD53PD53PD53PD53PD53PD53PD53vH63fH63fH53fH64fL65PP65/X76PX76vb76/b77Pf87ff87vj88Pn88vn88fn88vn88fn88/r98vr98vr98vr88vr98/r98/r99Pr99fv99vv99vv99/v99/v99/z99/z9+Pz9+Pz9+Pz9+fz9+fz++vz++/3+/P3+/P3+/f7+/v7+/v7+/v7+/v7+/v7+/v7+/v///v///v///v///v///v///v///v///////v7//v7//v7//v7//v7//v7//v7//v7//v7+/f7+/f7//P7+/P7+/P7+/P7+/P7+/P7+/P7+/P7+/P7+/P7+/P7+/P7+CP4A0QkcSLCgwYMIEypcyLChw4cQI0qcSLGixYsYM2rcyLGjx48gQ4ocSbKkyZMoU6pcybKly5cwY8qcSbOmzZs4c+rcybOnz59AgwodSrSo0aNIkypdyrSp06dQo0qdSrWq1atYs2rdyrWr169gw4odS7as2bNo06pdy7at27dw48qdS7eu3bt48+rdy7ev37+AAwseTLiw4cOIEytWm2vPly97ci22OYuKkstKqMyaPDMZGcyYySTjHFMPaNB6SL9MZvn0ZSqqXUZyDTpSbIyoEiXiBBEObcxwICbSoyfUbYGJHj8mw7thmt+X0zjsQySH9Rx5bnNSzp2PMoZgoP4r+cIw2Jnr6BPFfsOd+5vvCsVfXhisCnr0VVQra9/ezkL5Sixkxn33qYYKf+1JEp98CvVB4H3GcUYLgu3pkhCACdny4H2oqEYhd/4hhCFCYmyIXmxkfKhchweNaFAoJl5HRGyOqfgFGgiFBx0YCEERo3VvxKaLjY81V9Bz0ElnUCI/WmfLbXAQiaNBvkEXnEE+/ijGcQcSySJBs0FnW0GVNJlDhLfZQWSIBCUzxW9THDTgj2YcJ9CQRB5kGm19HGTmk3aik5yNB3nmmmh+/phdoOgoc4aNXxI0y5uYTSHZiz9CEUxh0MyymUMTqkgLQrnoAQYYelxqECo/RrpQJ/6c9CKXKHa0YWsbcCDCC0OSqIhRjH0uREsZQqhgrApG/PHWJLc2a+senyZUI39XWlTig0Eq1MkUx3ZrbLVq8eLsuG30sWtCnKTIHRmjXoRKdegRoV5CE3prrwrtqiUKueROAg2907Kr0bvXveEqQb3Ace+9yq7FLL/jwnGLQsqgcjBGoYSyaUKlFLuwveCidQvE/Bo5kx4fL1xKW3CQTC4iNJWR8r1BuLWvy+OKItMfMzP8FiI4O/vGxC+VQkPP3pYBFzS1Bn0rzC/JjPSxRci6dB9O25qtS0dPrYIWVsvFSdZtEM1SJ17T0HBdvOzh9L8t0TK1FvneNUvLJIe8Uv4QMwfRiV+i4D3u0DAZvXAQa/91Sh9vNLuH2UVzeywNWixyWKeQ01RKJ2Ez6vnnoIcu+ug3mSIJInzIofrqfCAiySlC8fFFETNwYPvtMxTxBR9nUWOJHqsHL7zqelhCDU++mEHC7cw3bzsJZvgyli5+DG+98H5YmNMoQDjvffNAjBJWMMBfbz7xG1O2/PfsPx9tV5acL78cluBURvv4c6D0V6nPbz7vN6ld/tg3A7D0z3/WA6BNBDhA7xXwK/FDoPXqd5P7NdB7+/NKMPIgQeHlIX01mcX6Lng7EryvK7roQwdV1wft4WQUOCCh7XAgPrH4joP+y0MnjrcTX5RhhP74I8EbpGcW06FueK2ThCliBwYiMBB3RACDAklHxSpa8YpYzKJBqpELItrkE5LYxWFqwQlDmNGMlfDiSz5xAwO40Y1EMIRgaKGIM9rREIhQI0siQYE3+tEAI1gUX3JRxzveUREwGcEfFzmCMeFFGZUwpCQNUQ2XzGKRmDTADU4ol1dMcpJ6TEkkMplJvbmlGmX8pCGh5pI+knKRRBAjXKohCVVK8hMwmcIrMSkDWbollba0Yx5h8glX7tKPcXKLJ4N5x7q5BA/HXCQe3FJIZpoRlzPRZTTfOIK2+MKaZ3yFTeCwzTdiUy2mAKciQkmQeQhDGB6hBz0W8glFbvMMbP6hhTVNUUmEJOMUlghoJ0aTkXkE453CcMY8ErKLM2xzmmtRRjA5AR9SdSKgGB0oRgyK0HcGwxoKmQURjsnJs6RzkpVQFUJigdGWWoIUGFFGRzvqjIVEwgakNCVaaBEJOyriExVNSC1c6lKMzHSm/QzpFOzpRhlANC65UOlCkkFUlxLUINbIhadyAdKDuPOoHV2oQyLhyMHMwxNVbSk8DUKNWcDirbCYBQ8LQg+wdhQZn6NFWlt6kGzQAq5wpUU2DmLXjs71ONDYK18NkgvAAlaqAilsR8ERKFMoNqBLLEg23OrYt5bUGZJ9Z02PI4zLBnStBAlGZwELQoFYI7TvnP7nbUhhWk8c5BarhWvmBIIM2AaVM4k1LWTRUYvcvrUWB3ktbCmrGpZe1rYH4WxuS4qO3oZ2tKS56GVRWxDjwhUhdQ1taxdjWpgixLtvTYhMQ6saql4WbgdBLywSAg7YinUypVUschMiX4VUI7Syncw8FJtZ/qJ3IaAtbGxGkdZR3Pe8B56qXa/KmVxUNRYPRoh0V0vdgiR4pl1VjV4zOtyDFNe4+2WINQ6K0KTGRhi0oEWJEYJb4+5WIdagBjUCrEWBqNa44+2xRLLxityKU8gYaexqfYnkivi1s4JtMkaoUWS4viLEUrZIVreK5Sx7+ctgDrOYx0zmMpv5zGhOszaa18zmNrv5zXCOs5znTOc62/nOeM6znvfM5z77+c+ADrSgB03oQhv60IhOtKIXzehGO1oiAQEAIfkECQMA0gAsAAAAAMgAyACHAAAAEj9SGZTJEZ3YEZ3ZEZ3ZEZ3ZEZ3ZEZ3ZEZ3ZEZ3ZEZ3ZEZ3ZEZ3ZIaPbJqXbJqXbJ6bcJ6bcJ6bcKKbcK6fcMKrdNKveN6zeOq7fO67fPK7fPK7fPK/gPK/gPK/gPK/gPK/gPq/gQrHhSrTiTbXiT7biULbiULbiUbfjUbfjULbjUbfjULbiUbfjVbjjXbzkYL3lZL/lZb/lZb/mZsDmZsDmZsDmZsDmbMLnccToeMfpecfpesjpe8jpe8jpe8jpe8jpe8jpfMnqfMnqfcnqgMrqg8vrhs3rh83riM3ric7ri8/sjdDsjtDskNHskNHtkdLtkdLtkdLtkdLtkdLtktLtmdTun9fvo9jwpdnwpdnwpdnwpdnwpdrwpdrwptrxptrxptrxptrxqdvxqtvxq9zxrdzxr93ysN7ysd7yst/ys9/ytuDzueLzuuLzuuLzu+Lzu+Lzu+Lzu+P0u+P0u+P0u+P0vOP0v+T0wOX0weX1wub1w+b1xOb1xef1xef1xef1xuf2yOj2yun2zer3z+v3z+v3z+v3z+v3z+v30Ov30ev30ez30ez30ez30ez30ez30ez40ez41O341+742/D53vH54PL64fL64vP64/P65PT65PT64vP64fL65PT65fT65fT65vT65vT76vb76/b77Pf77ff87Pf86vb76vb78fn88/r89Pr99Pr99vv9+Pz9+fz++vz++/z++/z++/z++/z++/z9+/z9+vz9+vz9+vz9+/z9+/z9+vz9+vz9+/3+/P3+/v7+/v7+/v7+/v7+/v7+/v7+/v7+/v7//v7//v7//v7//v7//v7//v7//v7//////v7//v7//v7//v7//v7+/v7+/v7+/v7+/f7+/f7+/f7+/f3+/f7+/f7+/f7+/v7+/v7+/v7+/v7+/v7+/v7+/v7+/f7+/P3++/3++/3++/3++/3++/3++/3++/3++/3++/3++/3++/3++/3++/3++/3++/3++/3++/3++/3++/3++/3++/3+CP4ApQkcSLCgwYMIEypcyLChw4cQI0qcSLGixYsYM2rcyLGjx48gQ4ocSbKkyZMoU6pcybKly5cwY8qcSbOmzZs4c+rcybOnz59AgwodSrSo0aNIkypdyrSp06dQo0qdSrWq1atYs2rdyrWr169gw4odS7as2bNo06pdy7at27dw48qdS7eu3bt48+rdy7ev37+AAwseTLiw4cOIEytWm4pMjx5kUi22qUlHjcs1dGiaPNPVEcyYj7jiHJMMaNBkSL90Zfn0ZR2qXQpyDVpQbIyX8uQpBBELbcxYIOYhQ4bSbYF4higfgsSQQya/LzNxyAZGiuspUsc2tLw7mlgMef5Er9GDoSsl2NPniW2le3cr4BWOv7yQdfr0sEnHcu9ey8L5NSyUxH33qXYJf+7ZlhCACrFB4H3GcUYKgu6hsuB8CZXy4H2XqEZhd/4hxCBCQ2yYXmxHfLhchweNaBAlJmIHQ2xnqKhcEwiJFx0PIsZ4nRWxoWKjcs4ZBF100xmUh4/XlXIbFkPiaJBv0QVnUA1MDnHcgUOySNBs0SlI0CBMphDhbV4M6YVBrP2WX0ED+pjEcQIJOeRBptG2xkFlOkmnNMnZeJBnronGp4/a/RkLEzZ6SVBloOkg2Ys+1jAaYbFwwslDE6pICkKN8cBDZAhd4qOjCxliSCtyVeJFFP6wRoEFHawwJIiKGMXIBkOkIPFCB8B2EEMbbw0S67GwnrGpQjUiaKVFJT4IpEKG5BDstcA+qxYryHYbBRu1JmRIit0d8elFl1iXHgzrJUQKD9jG28G5alXirbeDxHcQKc0OYa5G6WJnBaoEtYKFvPISu5ax93aLhZ8IxXIJwRhRQsmlCFnyK8LxaotWKQ3fWyRNZHCMsCVtYRGyt3TQhITJ8r7glr0rd1uJTG3AnPBbb9SM7BUQt2QJCTpjiwRcsYDh87FvwPRy0cHGwCrSbCwN6xUwEQ11BzxMLZchVkcRtEqGbE2CwnWxcsbS+q5ECtQ80HsXJyqH7PFKG3P8wv7Ie1VSd7dAwzQ0wi+g/dclbFxx7BljC21tsCTwwMdhmTYukyWr/qn55px37vnnQV0yCB5rgGH66WvgMQjFO6GxAwwjRCD77CPAsMMZZ81SiBmn9+676WYUMgtPrCBxwezIJy/7BUiEGxYqbfwuve9tWJhTJSkor33yKdwMliu8Ty8+8BjXxMnx26e//LJeFTL++2DwdhMS6tcfwdFfqQH/+HveFLv96RsBWPS3v+mpASf/A6D2BPgV9xVQevKzCf0UqD38eQV8D/SdGcpHk/NRMHkXYJ9XoJdB01VPJ5UwwQdlZwLvhUV34YOfGSgxvJ0UD332u4AVnEcW0eGBgP69U4PqWKcT18FOebXbARpAx8QmOvGJUIwiRIKBCh7SRBJ+sKJgSiEJOnjRi4XQIkskUQICmNGMMDCcX0jhhy+6kQ56EGNK+uCAM9qRABYAg19Q0cY3vtEPMLHAHQdpgT7oJRaF8KMi6RAMl2RikJAkQAkycZdMLHKRcjRJHyIZSazNJRhdvKQf2+WSOnJykDDIJFqCMQhRKvJMLcnBKSEpAlWaZRGuHKUtSyIJU87Sjjl4iyVz+Ua5ucQLvxzkmtrSR2J6EZYwkWUyz2iBtrDCmV+kZE2uMM0zSoItl8BmFhUiDFdwMCPDGMZCJCHIaSqBLaRw5iUaGTFMSOKelP5o20WEEYx+KkMhrFDCNJeplljkchH6LAgqKHHPhuYzI/zsZz+F8c+EZAIGv9TmWsK5yEJYLyGbaKhIJUHEh0RUohLdxkL6UMZOvoUUrfyiHx66EFOMdKQYQalOg1FRhWQiB+00YwcIChdUfJQhsbjpSBMqEGGwohSlYIUwErJTnUKkD4YsjDAqoVSRnlMawSgFKcZKilLQsyDDqCpKp7o5UnRVpAdRRirIStZU9JQgakWpSv80i7fC1SCsoCtdxZhXlGrOnn6VBCYMogyxCnasllNGYf1JJ1ck9p7nhMVj6QoLg6R1ssFQ520ucVkXEiSwmx2rGE+aV7aqpq+XPf7qQFCR2rHKViCSBe1tQppY0xLEsam1nDRYq9a9koahif2qNGpLVoR8trCu5cxlicjcsSaEuFVVTVITW8N9VVchuiWNZf1qCoVU15gFyW1eRTsZYfh1seb9rkLUm13VWKKrloiud5nLEOxONEhK3YR+DwLczQq3INuo6l0lJFJK3BYhtK3tg+PK2gWL17YQQW1qd0kQZWxjG+yV4kA0W9vOihgjjQ3uiTWiYcF6bcUWketj7QrjjISVrqUYcI0p4lSoSnXHQA6ykIdM5CIb+chITrKSl8zkJjv5yVCOspSnTOUqW/nKWM6ylrfM5S57+ctgDrOYx0zmMpv5zGhOsw2a18zmNrv5zXBGSkAAACH5BAkDANAALAAAAADIAMgAhwAAAAZPbwaW1AWX1gWY1wWY1wWY1wWY1wWY1wWY1wWY1weY1wua1w6b2BKd2Baf2Ref2Rmg2Rmg2Rmg2Rqh2hqh2hqh2hqh2hqh2hqh2hyh2h6i2iKk2yem3Cqn3Sun3S2o3S6o3S6o3S6o3S+p3i+p3i+p3i+p3jCp3i+p3i+p3i+p3jCp3jas3z6v4EKw4ESx4EOx4EOx4ESy4ESy4ESy4ESy4ESy4ESy4EWy4Uey4Umz4Uu04lG34lS441a541m641m641m641m641m65Fm65Fm65Fm65Fq75Fu75Fy75F685V+85WG95WfA5mnB52vC523D527D527D527D527D527D527D52/D52/D52/E6HPF6HTG6HbG6HjH6XzJ6X/K6oDK6oHL6oHL6oHL6oLL6oPL6oPL6oPM64TM64TM64TM64TM64fN64nO7IrO7IzP7I3Q7I/Q7ZDR7ZPS7ZXT7pbT7pfU7pjU7pnU7pnV7pnV7prV7prV7prV7prV75nV7prV76DX76TZ8Kba8Kfa8ajb8arb8avc8a3d8a/d8q/e8q/e8a/e8q/e8bDe8rXg87zj9MDl9cLm9cTn9cPm9cTn9cTn9cTn9cTn9cXn9svp9s3q9s7q987q98/r99bt+Nju+Nju+Njv+Njv+Nju+Nju+Nnv+dnv+dvv+dzw+d7x+eDx+uDy+uHy+uLy+uPz+uX0+ub0++j1++n1++v2++33++73++73/O73/O/4/O/4/O/4/O/4/PD4/PH4/PH4/PL5/PP5/PT6/fX6/fX6/fb7/fb7/ff7/ff7/fj7/fn8/fn8/vn8/vv9/v3+/v7+/v7+/v7+/v7+/v7+/v7+/v7+/v7+/v7+/v7+/v7+/v7+/v7+/v7+/v7+/v7+/v7+/v7+/v7+/v7+/v7+/v7+/v7+/v7+/v7+/v7+/v7+/v7+/v7+/v7+/v7+/v7+/v7+/v7+/v7+/v7+/v7+/v7+/v7+/v7+/v7+/v7+/v7+/v7+/v3+/v7+/v7+/v7+/gj+AKEJHEiwoMGDCBMqXMiwocOHECNKnEixosWLGDNq3Mixo8ePIEOKHEmypMmTKFOqXMmypcuXMGPKnEmzps2bOHPq3Mmzp8+fQIMKHUq0qNGjSJMqXcq0qdOnUKNKnUq1qtWrWLNq3cq1q9evYMOKHUu2rNmzaNOqXcu2rdu3cOPKnUu3rt27ePPq3cu3r9+/gAMLHky4sOHDiBMrVmtLkRgximwtthnLi5bLWrzEmjzT2BvMmN8Y4xxzEWjQi0i/NGb59GUvql1ucg16U2yMrSZN+gSREG3MhCBKSpQI1G2Bk9IoTwOHd0M6vy/TcQjJCZLrSBDd/rS8OyRkDMX+RNcihiGxONjTS4r9p3v3P+AVjr+8kJiX9Olhk0bm3r12+fMthB5+6anWSn/u2ZbQfFooBAmB+BnH2SwIuufLggEiVAuE+LWiWoXd/XcQgwmhwWGBqsEB4nIejpihQaCciJ0TsT2yonJ1ICRedOUdJIWM1+ERmy83KudcQdBFN51BkgB5XS23DVJkjgb5Fl1wBv0IJBrHHVhkiwTNFp2CYTqJhIS3HVLkIQax9pt+BQ0oYxzHCURkkQeZRhskB5kJZZ3QJHfjQZ65JlqfQIpYJzJ03AgmQZWB5oVkMAIpBTGFMSOLLA9RuOIsCNmyyGOLUGpQK0A+utAnnwwj1yn+ifwh6x+FSBIMQ5usiJGMfC40CxxL5CBsDk5E8hYnsyYrKyScKmQjgoNgZCKEQir0yRbDZitstGwFo+y3f0Rya0KfqNgdHKBe1Ip16TmxXkKzhKHtvDmkq9Yp4ILLCTPwPsucveqyiwQeqhI0zCD00mvsWsjm+20hph6ETCsFYwQKKJgmpEqwCc/LLWMO54vmTIl0nLAqbRUSMrjvygSHyfQq4Ra+K397ikyRwKzwW5LUrKwgEbOkSg86awsHXMzE6vOsLbf0ctHDOuEq0pEsLasgMBENdQ5gTC0XKFb/EXRKn2zdw8J1BQPJ0vy2NAvUYABslywqh1wITErArMT+kXudUve3QMM0dMJKoP1XK5EIkiwkYwuN7bA9gKHJYZo2HpMqrQKq+eacd+7550G5wkklkSxi+umRVMKJK0I98kUTO5Ag++w7NPHFI2c58wkkp/fuu+mQfOIMT8G84cLsyCcvuwtvjBuWL6X/Ln3vkVyY0yg/KK998j+MEhYxvE8vPvAZU3b89ugvv9lXn4zv/iJ80/RG+vST8AZY0b8/veE0xV4/+jvAn/7Ex7+Z+O9/2gsg+wY4vfjNZH4I1N79vgI+BvoOEuWrSSzOF8HZuWB9X4GeBU1XPZ1gr4Oy695YdBe+90EiFMPbSfE4SD8X3MF5ZBEd6X6XutW17nX+B6Sd7XAHuiIa8YhITKISH/KMX3itJqDQhPUKY4tRUOKKVwTFE10CCh9Q4ItfbEKvAEMLTmDxjJTQxBZXQgkPgPGNFGgBm/ryCzOiEY2cgEkL4MjHFlBCL8wAxR0HSYlnuOQVfEwkBXzwirvEgpCEXCNKKKFIRf6BLs+wIiTvOLmXdKCSiWzCFN3yjE9scpA3ewkWQJnIHIySLZo85RnVCBNQfJKVcGyQWx4pSzTSQiaGwCUfDeEWO/byiqmUySqFCcYWtGUYx8QiCGfCB2aCcWRoeUU0OSHJgTzDGKPpiCQkoQuFgGKPzDzaWmhxzFcYEiHMiMUp5qmKtmHkEw/+IIA+feDAgfgCDswk5lqYIctR2PMgv1DFPBdaz3vmU5/6fADWEvKKJuCykWzRJiFB8QtfLfSjp4AFRmIA0ZISoAkLoYQXFcmHt9DClFjkxCkOihBdgBSkGDGpSefAkFdgAZ1fzIFA4/KLjjqEGTcFKU29aYyiGuOdBvmETk3aT4Rc0TDPWEVSPxrOgjjDF7oIqy58EcOCSGKqJe1AOTVni61+FCHBEKtYcUgQtJaUS4Byhlvf2ia5yrWrdbUrRFkBKHnu9RTT9KdfxfpKgfhAsPuskzEOO0/ACmQZi5XrMgzyCMjqs2mkgQVlV3EQYmRWrBkcCAc8O4Pb6JWyRi3+iDBOG1ZhHEQQniUAYVUzi9Ei5Be01UVsC7JayKJUNQo9rGUHEtywIuSskH1AbCgr0po2NyEkhaxqkHrYshqkuWs9CCs8W1XDTHav4T0IeBUyB8iCNjHP2Gtiv3tdhTzWrrFhxVZZAVXrBnchumgBWp2pml8kdRb9/W1wh1vTJkx1oqppK0MZnJDZ0ta2DRHEQ/XJ0+MYwxa2oLBCTEvb1C5EEGhAw3uXiFnabnaJGgFrZhsL44oY47TxqXFG4upXuurYIl+Vqy8S/GOLfNOpRC6ykpfM5CY7+clQjrKUp0zlKlv5yljOspa3zOUue/nLYA6zmMdM5jKb+cxoTrMamtfM5ja7+c1wjrOc50znOtv5znjOs57pEhAAIfkECQMA6AAsAAAAAMgAyACHAAAAClV1DpnUDpzYDpzYDpzYDpzYDpzYDpzYDpzYDpzYDpzYDpzYEZ3YF5/ZHqLbIKPbIqPbIqPbIqPbIqPbIqPbI6TcI6TcI6TcI6TcJKTcJqXcKafcLKjdL6ndMqreNazeN6zeN6zeN6zeN6zeOK3fOK3fOK3fOK3fOK3fOq3fPq/gRbLhSrThSrThTLXiTLXiTLXiTbbiTbbiTbbiTbbiTbbiTbbiTbbiTbbiT7biU7jjW7vkXLzkXLzkXbzkX73lYb7lYr7lY7/mY7/mY7/mY7/mY7/mY7/mY7/mY7/mY7/mZL/mbMLndsbod8bod8bod8bod8bod8bpd8bpd8fpd8bpeMfpesjpfsnpgMrqg8vqhczrhs3rh83riM3ris7si8/sjM/sjM/sjdDsjdDtjM/sjM/sjNDsjtDtj9HtkNHtkdHtlNLtldPul9TumNTumtXundfvoNjvodjvodjvodjvodjvotjvodjwotjvodjvodjwo9nwptrwqNvxqtvxq9zxrd3yrt3yr97ysd7ytODztuHzt+Hzt+Hzt+Hzt+Hzt+HzuOHzuOLzuOLzueLzuuL0u+P0vOP0wOX0weX0weX1w+b1xOb1xeb1xuf1x+f1x+j2yOj2yej2yun2y+n2zOn2zOn2zOn2zOn2zOn2zOn2zer2zer3zer30ez30+z30+z31O341u741u742O/42u/42/D53PD53/H54fL64vP64vP64vL64vP64vP64vP64vP64vP64vP65PP65vT65/T76PX76PX76vb77Pb77ff87/j88Pj88fn88vn99Pr99vv99vv99vv99/v99/v99vv+9/z+9/z++fz++fz++Pz9+fz++fz++Pz99/z99/z99/z9+fz9+fz9+fz9+fz9+Pz9+Pz9+Pz99/z99/z9+v3+/f7+/v7+/v7+/v7+/v7+/v7+/v7+/v7+/v7+/v7+/v7+/v7+/v7+/v7+/v7+/v7+/v7+/v7+/v7+/v7+/v7+/v7+/v7+/v7+/v7+CP4A0QkcSLCgwYMIEypcyLChw4cQI0qcSLGixYsYM2rcyLGjx48gQ4ocSbKkyZMoU6pcybKly5cwY8qcSbOmzZs4c+rcybOnz59AgwodSrSo0aNIkypdyrSp06dQo0qdSrWq1atYs2rdyrWr169gw4odS7as2bNo06pdy7at27dw48qdS7eu3bt48+rdy7ev37+AAwseTLiw4cOIEytWe8zQly+Gji22CUzLlctXtACbPFMaG8yY2UjjHNMQaNCGSL+UZvn0ZS2qXYZyDTpUbIy2NGlyBTEQbcyBIGIqVAjWbYGayigv46aVwzi/L8dxKKnJkOtDCt1utbx7o9ELwf5Ev/KFITM32NNjio2ne/c+4BOOv7yQmZb06WGTlubevXaF812xEHr4paeaLf25hwqA8ykkSYH4GccZMQm6l4x8DSJEDIT42aJahd39d1CACYHBoYGquQHich6OmKFBsJyIXROxObKicnIgJF50YCDkhIzX5ahaMjcq55xB0EU3nUGYAHkdMbcBUqSQBfkWXXAG/Qhkj7chWGSLBM0WnW0FoeLkEBLeVkiRIg7E2m/6FUSgjG4cJxCRRR5kGm2RHHQmlHaik9yNB3nmmmh+AtnmcdLEcSOYBFUGmhaSwQikE8wURo0wwjxE4YqAGtQYGGBEhpAtQEK6kCqtLCPXLP6G9CFrH4Nk4upCqKyIkYySMETMGkzIIKwMTUzyliqzJitrJJ0qZGOCgGBkIoRUIqQKFsNmK6wfbS2j7Ld9UHIrQq2o2J0boVZki3XpNbFeQsRwoe28MqSL1izggqsKNfA+y5y96rI7hByqErSMH/TSa+xayOb77SCVIiSNLQVjBAssmSY0S7AJz8vtWsc4nG+aMxXSccKztDWIyOBmQtMaJ9M7hFv4svxtyjFNErPCb2Vis7J/RNzSLDzsrO0acFET68+zuvwSzEYP28S4blFDCdOy/gFT0VHLwAXVcLmCdR9Cq6RK1zwsXNcykDDNb0vERM0FwHQJs7LIg8A0RP7MQ6ji1yx3fxs0TEQnPITaf9lCyR/JQlL20NgOywMXnBy26eMyzaIK2IF27vnnoIcuOk/AtPKJJY6krroln7SyWVCGbNHEDiXUbvsOTWyRmlnmwDKJ6sAHn/oksJjDkzJrsGD78szXzsIayoylDCfCVx88J9HnBAsQzXfPPBAkd8XM79aXP3zGlCnv/frOv+6VK+bH7whvN6nB/v0lqAEW6vKXbwlOtMPf+nawv/75D4ACHCBY4GfA6tHPJvZLYPf095XxNTB4k0BfTYChPgnajgXu88r0Lpg67OkEFj/wYO1+ED6vmMMV5JPfJGZhvJ0oQw0dvB8L4pC9spTudP7CY53rhBK72TUPd7obnRKXyMQmOvGJEDnHMqKBk1Z04kKGQcYsUMFFLsaCijFpBQ8sQEYyMqFXgTFGK7rIRlSoAowu6cQHykhHC6xAEH5Zxhrb2MYjuWQFdQzkCjqhF2rEgo+IRMU5XGKLQDrSAjyoGFyEkchEwnElnXjkI+dAl3NssZJ89NtLPKBJRzIBi285hytAichawMQJpXTkC1DZlk+yko1vhEkrSBnLOjrhLZS8ZRuNIZNA9DKQWGLLHoXJRVfOBJbHLOMK2hINZnaxWTSRQzTL6Me0AMOarbhkoeKzkUtcAnMDaQUgo8kGthiDmcBYJELMYQyK2eIXNf7EiCoeMIB+8kCUB0kGG6KZzLRQ45azeBtCovELe1IMn/rkZz/7+YA+KMQWTOilJH1YyVhwriD1dKg96RaRFkz0pAOgkUI6McZHVmstxlhlF1tRC4UmZBkiFSlGUIrSOi3EFk5YJxlfUNC3LOOj88ypSPNpEHNIQxpMLYgqeIpSgDKkE4Q0DDCU6lByEuSpYPXqQC5B1ZN2AJ2kSQZXHYoQaoT1qTYlSFlP2oXOnWOtbG3qW8EaVYHM9aTOPA4x8Eoxuu01rAfhwV/9aaeJEdYWYj3HYcEqT4IYYrH9vIRgHxvCgTh1slA9SAcw+4Lb3PWx4hSIW0EbV4H0AbMDCP4sZ0KK1866CbRPRchoF6tS0jSUsGIVCG5zexCyLvYBsXksSdEx3OAKxKSLVY05HltZgzQ3IbXArFUV49i1IlW4w1WIGxarWdLgdbngxe1CFDvX2AiDq9hMyHUVcgwVlFUFsYmGUonJkPnStwlUtWhs1GrPX6S2rbhtLUL6INF++vQ20khGMg6ckM9Otq8K6UMXulBeKBJEsqCtroctot4RZ8TCb8WwiSey2rAqeMUU2SuMOfJZFc/4xjjOsY53zOMe+/jHQA6ykIdM5CIb+chITrKSl8zkJjv5yVCOspSnTOUqW/nKWM6ylrfM5S57+ctgDrOYx0zmMpv5zEEJCAAh+QQJAwD4ACwAAAAAyADIAIcAAAACP1oBldUBltUBltYBltYBltYBltYFl9YKmdcMmtcOm9gPm9gQnNgRnNgSnNgSndgTndkVntkVntkVntkWn9oWn9oWn9oWn9oWn9oaoNoho9soptwrp9wsqNwsqNwsqNwsqN0sqN0sqN0tqN0uqd0zq946rt8/sN9BseBBseBBseBAsN9AsOBAsOBAsOBAsOBBseBFsuBSt+NVuONVuONVuONVuONVuONVuONVuONVuONWueRWueRZuuRbu+Rcu+Rcu+RdvORkv+VnwOZpweZqwedrwudrwudrwudrwudrwudrwudrwudrwudswudtwuduw+dvw+dwxOdyxOh2xuh8yep/yuqAyuqAyuqAyuqAyuqAyuqAyuqAyuqBy+qBy+uBy+uFzOuIzeyMz+yO0O2P0e2R0u2V0+2V0+2V0+2V0+2V0+2V0+2V0+2V0+6V0+6V0+6W1O6a1e6b1e6d1u+f1++g2O+i2O+j2fCl2fCm2fCn2vCo2vCp2/Cq2/Cq2/Gq2/Gq2/Gq2/Gq2/Gr3PGr3PGr3PGr3PGs3PGt3fGv3vKx3vKy3/Kz3/K14PO24PO44fO74vS94/S+5PS/5PS/5PS/5PS/5PS/5PS/5PTA5fXA5PTA5fXD5fXF5vXG5/XH5/XJ6PbL6fbL6fbL6fbL6fbM6fbO6vbQ6/fT7ffV7ffW7vjW7vjW7vjW7vjW7vjW7vjW7vjW7vja7/jf8fnj8/rk9Prn9fvq9vvq9vvr9vvs9/zt9/zt9/zs9/zr9/zs9/zs9/zr9/vr9/vr9/vr9/vr9/vr9vvr9/vr9/vr9/vr9/zs9/zu+Pzv+Pzx+fzy+fzy+fzz+vzz+v30+v31+v32+/33+/34/P34/P34/P33+/31+v31+v31+/32+/33+/34+/33+/32+/31+/31+v31+/32+/33+/35/P78/f79/v7+/v7+/v7+/v7+/v7+/v7+/v7+/v7+/v7+/v7+/v7+/v7+/v/+/v/+/v/+/v/+/v/+/v/+/v/+/v8I/gDxCRxIsKDBgwgTKlzIsKHDhxAjSpxIsaLFixgzatzIsaPHjyBDihxJsqTJkyhTqlzJsqXLlzBjypxJs6bNmzhz6tzJs6fPn0CDCh1KtKjRo0iTKl3KtKnTp1CjSp1KtarVq1izat3KtavXr2DDih1LtqzZs2jTql3Ltq3bt3Djyp1Lt67du3jz6t3Lt6/fv4ADCx5MuLDhw4gTK1b7LNKZM5GeLbaJawyYy2DG4Jo8E9sczJjnYOMcMxJo0JFIv8Rm+fTlMapdpnINOlVsjLdGjaIFcRFtzIsghnr0iPdtfKPkKJdTxzjDO78v33FIqcqR60ce3aa1vDsldQzP/kQHc4bhtTnY04eKDah7d0DgFY6/vPDamPTpYZNW5959avnzLYQefumpdkt/7tmW0HxgKEQJgfg5t9guCLoXzYIBIsQLhPjZolqF3f13EIMJmcFhgarVAeJytyBE4kG0nIgdFbFNsqJyeSAkXnTlHWSFjNfhEVs0Nyon4UDQRTedQaEAeR0vty1SZI4G+RZdcAb9CKQZxx1YZIsFzRadggSl4uQRR5IWSZEiDsTab/oVNKCMcxwnEJFFHmQabZscdCaUdiKXp0GeuSaan0BqFyg+6uRxI5gFVQbaGJIZFKOMVlxTmDq55PIQhSvuglBjj0WGkC1AeugQK6tUI1ct/pIUImshkIzyDUOprIiRjJQwlMsbT/AgLA9VVPLWKrMmKysnnipkI4JYWmQihEIqxAoYw2YrbCFtfaPst4WAcmtCtKjYXR2iXmQLFfhRsV5CuZCh7bw8NKtWLeCCu0p8B+3yLHPpYrQudnioelA1hdBLr7FrIZvvt5BUipA6t0C6ES20aJpQLcEqPC8gbD3zcL5pwvSIxwrX0hYkI4M7Ck1voEzvEW7h2/K3KsdUicwLvzXKzcoyInFLtQzBs7ZvwKVOrEDP+vJLMR89bBWuKv1J07IyApMQUgtLRtVy0YJ1IUOrxErXQjBc1zecNM3vSrlITYa9d+XC8siQwHSE/sxHsOJXLXd/u0jZK9XC9cxq/3XLJ4skywnhLNWCRbZCkPH0prlAHlMtrIC96Oeghy766KTfhAstqYiyyeqsi5IKLZsFFckYVPiQwu24+0DFGG2OtQ4tn7Au/PCrf0LLOjxR88YMuDfv/O0zvEHNWNScQvz1w58yfU60DPH8984PUbJW2ASP/fnFj2Y68+C3D33sXtGC/vybjA/TG+7nn0LSX6lO//miwInt9Nc+H4DFf/+7XgBvMkACfs+AX5FfAq9nP6g5EHz880r5Jji8T6iPMuy7IO5mAD+vVI+Dq9OeTronwtuJz3fAS+AnaoG8nSgvhPmbwR22V5bTpY54/q6DnVBmN4UG5m4KvCudEpfIxCY68YkJYcc3soETVowCGoehhi1YwUUu2oKKMWHFEEJARjJGoVeBgQYtushGVtACjC4ZxQnKSMcQyCBae/nGGtvYxgqaRAZ1DKQMLncXdWyRj4hkh0tsEchGhmAIBqNLLxBJSVbAcSWjcKQjqSQXdhyykn2EyRw1GcgoYBEu7OAcKPlYQpZYgZSNpMEp3fLJVXbxjTBhxShhSUcrvGWStmzjLF+yCF4GEo9q2WMwudjKl7zSmGWUQVuyscwu9sImeIBmGf22FmBUE5cKUcfbNPKJTwzTIKwAJDQzmBZoLBMYikTIOqgBjHr2ooYY/lEFByrATyGoIiHQeAM0kXkWddjSFuMsSDZ6Uc+G3jOf++QnPznAB4XYIgq8jGRavElJW4wrIfRsqEjPOZEZSPSkFYjCQkYhBE1Wqy3QUCUXYZdQQon0psDACEpRWqeF2MIK6iTjDAjarY8yZB04vSk+C1ILKmxgA1TImUFUsVOU/tMhujmMM5Iq0pqmwgEECCsBHEAmgnyiqic1AUlj8w2uivQgzzCBWMVqAsih9aRkWBQ73PpWg0xhrnOdwkHuelKNqiakfOXhQJ4BVsCG1QEHEQJh+2kndfC1oQm1g2PnageDQGKy/PzEcaBxWWA4I7KbFasQDmIC0M7gNnst/u0lB9KC1Ia1BQfhA2grYFjFINatpz3IBmxLgA0gpLWThUJsGHrZmuKDuGFFyFkny4HYlHatAoEuARJi0smqBqmXjedBtJsQW4D2qpOxLF8/OF7oKmQOkxUtaRK7EPIqRLJ3jc0zuKo5gtgXoClAawpik42kKjYhw7WtcRcCDShUtaJsFWkvZpuQ2toWtw3hwwZO2tPbqOMbU4SIEIi72ofwgQxkkC8UB6JZ23Z2xRd5RgNS2wAYZ+Svm22QjWNcAseWoL87fkgqZizWBkg1yBapxRSeOoUjI/nJUI6ylKdM5Spb+cpYzrKWt8zlLnv5y2AOs5jHTOYym/nMaE6zIZrXzOY2u/nNcI6znOdM5zrb+c54zrOe98znPvv5zxIJCAAh+QQJAwC2ACwAAAAAyADIAIcAAAAHHScNjMMKmtgKmtgKmtgKmtgKmtgKmtgKmtgKmtgKmtgKmtgKmtgXn9keotoeotoeotoeotoeotoeotoeotoeotsfo9sfo9sgo9sipNskpdwnptwqp90uqN0wqd0yq940q941rN41rN81rN81rN81rN81rN83rd9FsuFIs+FJs+FJs+JJs+JJs+JJtOJLtOJXueRevOVevOVevOVevOVfveVfveVhveVjvuVoweZuw+dxxOhzxehzxeh0xehzxeh0xehzxeh0xeh0xeh0xeh0xul2xumCy+qIzuuJzuuKz+yKz+yKz+yJzuyKz+yLz+yLz+yN0OyU0u2Z1e6c1u+e1u+f1/Cf1++g1/Cr3PGz3/K04PO04POz3/K04PK14PO34fO54vO84/TA5fTE5/XI6PXI6PXI6PbI6PXI6PbJ6fbJ6fbJ6fbL6fbL6fbM6vbM6vbN6vfP6/fQ6/fS7PfS7PfT7ffV7fjW7vjY7vjZ7/ja7/jb8Pnc8Pnd8fne8fne8fne8fne8fnf8vrf8vrf8vrf8vnf8vrh8vrl9Pro9fvq9vvr9vvu+Pzy+fzz+fzy+fzz+fzz+fz0+vzz+fz0+v30+v30+v31+v31+v32+/32+/33+/34+/35/P75/P75/P76/P76/P76/f78/f79/v79/v79/v79/v79/v7+/v7+/v/+/v/+/v/+/v7+/v7+/v7+/v7+/v7+/v7+/v7////////////////////////////+/v7+/v7+/v7+/v7+/v7+/v7+/v7+/v7+/v7+/v7+/v7+/v7+/v7+/v7+/v7+/v7+/v7+/v7+/v7+/v7+/v7+/v7+/v/////////////////////////+/v7+/v7+/v7+/v7+/v7+/v7+/v7+/v7+//////////////////////////////////////////////////////////////////////////////////////////////////////////////////////8I/gBtCRxIsKDBgwgTKlzIsKHDhxAjSpxIsaLFixgzatzIsaPHjyBDihxJsqTJkyhTqlzJsqXLlzBjypxJs6bNmzhz6tzJs6fPn0CDCh1KtKjRo0iTKl3KtKnTp1CjSp1KtarVq1izat3KtavXr2DDih1LtqzZs2jTql3Ltq3bt3Djyp1Lt67du3jz6t3Lt6/fv4ADCx5MuLDhw4gTK1braAwVKmMcLbbJaMqSy0umMJo88xMWzJixfOIccwxo0GNIv/xk+fTlKapd3nEN+k5sjIvmzOkDMQxtzGEguhEjxs9tgXOuKL+ShXdDLb8va3FYBomR60bE3O6zvHuZ0Qup/kRfQoXhpizY07uJvaV79y3gE46/vHCTlPTppaj+5N59aoXzLbEQFvjhp9oi/bmHB4DzKVRGgfgZx5kjCbpniXwNIuQIhPgpolqF3f13UIAJUcFherFlAeJyiyBE4kF+nIgdErGVsaJy0x0kXnTlHZSEjNflSJolNyrnXEHQRSckQW4AeZ1ksYVR5JID+RZdcAb9CGSPsSFYZIsFzRadbQXh4aQREt42RpEiDsTab7AZRCCQWBwnEJFFHmQabWUcdCaUdiZ340GfZOFaFvER5KR2dgr0iRY3gllQZaBNAShBMcqYxCaFkeLIpQtRuCKoAzX2WGQIKQKkhw7lkUcm/nIlUgYXtHIxRh2cLoTHihjJ2OdCjVTRgw3E2oDEr231UeuytKLRyEI2JoilRSZCSKVBeSRR7LbEbtHWJsyGywUcuSLUh4rdZUGqRIpYlx4S6yXUyBTc1mvDs2slIq64fZCSkCPRMrfuRO1ipwWrB2Wyhb32IpuWsvuGO8YjCn2yiKQb+eFHuQclMizD9Xq71iMR70uITWKAzHAibY1Rsrh10FSFyvb24Ja+L4fLckxl0NzwW3TkzKwYFL+UiA4+c1sFXKSQIfSydMA0c9LFIgEr03A8TSujLiFNtQ1TXC0XIFpzUTRLeXytg8NzbYLG0/621AjVU+CLVyMul9wm/ksfg9xDHn4lkne4RMN0NMM9sN3XInCIsSwaZxutbbE6TCHHYaQ0EjlNibza6Oeghy766KQH1QghedCxxuqs05EHIXb/NIYUR+Dwwu2443CEFHuLVUoicrAu/PCry5FIKTxZQkUMuDfv/O0xUHGhWJngQfz1w+Mh9k1/7PD8987v8EdYnwSP/fnFJ0rTIsyD7z70GHOVCPr0r7GzTVS8r/8LXHalev3ni9pNbLC/9+EALP8D4PUEaBMCFhB8NgDL/BR4vfvVJH8P/F7/uFI+Cg5PDuqbCfsy6LwYxI8rmbiDB1d3h+3ZpHskvJ34xvI789VPDopA3k6U1779xSAL/tMry+lSRzzXwU4oszuCA5tng931rnRQjKIUp0jFKirEFJ0IoUz2IIfNCSYTjCCEGMW4CC2uZA86GIEa1WgEMgjGEokYoxwJkQgzogQOKVijHkcAAy74pRNxnOMcLcgSGOzxkDCAg15IsQhBOpIQpnCJIg5JyRHoAGF0ecQjH2nHksChkpW8lltMEcZNCpKQK8kjKA9pBC+uxRSKMKUjY8cSJKySkjJwZVpKKUs51hEme1DlLfVII7dospdzDOJLuDDMQ/qxLYFEphhp+RJbNnONMGjLJ6Q5Rl26RAvXXOMe2OIIbv7yipHsCBogp5A9GPKaGzyLJaTpiHQexBSf/rCEPjNhz4vgwQMXCGgOFoSQR1Dhms9UCyl6yYi4IYQUmdCnRPmJkX8G9KIeEOVAVDVMTKalnI9cRCcWkk+JmnSkF4nBRVd6AZspBA5pDOVbLBHLMSaiEQ5NCClMylNlUoSlLF3aQtr1TjXKIKFw6QRKG2KKnvK0nwQhxBE60IEjnOwgeAAqSwnaEDgo0jCbcKpJoSqQOjhgAGgdgANiZhA0aHWlKPAmZ3YqVokexBEoSGtaUbCut65UP41iRV1N6ie96tUIB/HrSj26n8HqM4SOOKth0eqAg+RAsQK1U1MdawmyZmGyes2CQcSA2YCi4Tid4CzHBpID0KY1BwdB/kFpY3AbwXI2pwNRgWvRqoKDaKG0F2CsYko62NUOhAO7HUAHECJbzCJWNRF1LFkFkly0IsStmPVAbDi7VINUdwAJUSlmVbPZwbIiId9NiCJKy9XFlFesuC1IehNSBcyedkh17aQt5puQy/o1Nql1ancRwt+CvuCtL4gNXXmqX4Egd7ccYMgjjKBVjSZmwZbIRHwRotvd9vY5AL2oUG9jClKYGCKt3S1sH6IFKUjhvlYkyGd3K9oYYySyrq2sjTNiBNcWc8cXwetk+QrkjJhVrw64apExQggjcIADRlDykqdM5Spb+cpYzrKWt8zlLnv5y2AOs5jHTOYym/nMaE6zJ5rXzOY2u/nNcI6znOdM5zrb+c54zrOe98znPvv5z4AOtKAHXZSAAAAh+QQJAwC8ACwAAAAAyADIAIcAAAARjsMTndgTndgTntkTntkTntkTntkXn9kdotofotoio9smpdsnpdsnpdsnpdsnpdsnpdsnpdsoptwoptwoptwpptwrp9wtqN0vqd0yqt02rN44rN45rd87rt88rt89r989r+A9r+A9r+A9r+A9r+A+r+BGsuFPtuJRt+JTuONSt+NSt+NSt+NSt+NTt+NTuONWueNevOVlv+ZmwOZnwOZowedowOZowedqwudxxOh1xuh4x+l6yOl8yOl8yOl8yep8yep8yOp8yOp8yOl9yeqByuqQ0eyR0eyR0eyR0eyS0u2S0u2S0u2S0u2W0+2X1O2Z1e6b1u6d1u+e1++g1++h2O+j2fCl2fCm2vCn2vCn2vCn2vCo2vCo2/Cn2/Go2/Gq3PGt3PGu3fGw3vKz3/K24fO54vO64vO74/O84/O84/O84/O94/S94/S94/S94/O95PS95PS+5PTA5fTC5fTE5vXG5/XH5/XG5/XG5/XI6PbO6vfR6/fS6/fS7PfS7PfS7PfS6/fR6/fR6/fR6/fS7PfS7PfS7PfT7PjV7fjW7vjX7vjZ7/jb8Pnd8fne8fne8fnd8fnd8Pnb8Pna7/na7/na7/ja7/jZ7/ja7/nb7/nc8Pnf8fng8vri8/rj8/rl9Pvn9fvo9fvp9vvr9vvt9/zv+Pzz+v32+/33+/35/P35/P36/P76/f77/f78/f78/f79/f79/v79/v79/v79/v79/v79/v7+/v7+/v7+/v7+/v/+/v/+/v/+/v/+/v/+/v/+/v/+/v7+/v7+/v7+/v7+/v7+/v7+/v7+/v7+/v7+/v7+/v7+/v79/v79/v78/f78/f78/f78/f77/f76/f76/P75/P74/P73+/34/P75/P75/P76/P74/P30+vzy+fzx+fzx+Pzw+Pzw+Pzx+Pzx+fzx+fzx+fzx+fzx+Pzx+fzx+Pzx+fzw+Pzu9/zr9vvp9vvp9fvq9vvq9vvq9fvp9fvp9fvo9fvm9Pvm9Prm9Prm9Prm9Prm9PoI/gB5CRxIsKDBgwgTKlzIsKHDhxAjSpxIsaLFixgzatzIsaPHjyBDihxJsqTJkyhTqlzJsqXLlzBjypxJs6bNmzhz6tzJs6fPn0CDCh1KtKjRo0iTKl3KtKnTp1CjSp1KtarVq1izat3KtavXr2DDih1LtqzZs2jTql3Ltq3bt3Djyp1Lt67du3jz6t3Lt6/fv4ADCx5MuLDhw4gTK1Yrrk6VKnXELbZZKsqSy0uilJo8M5sWzJi1ZOMcsw5o0HVIv8xm+fTlKKpdLnINelFsjPMUKfIEMQ1tzGkg8pkzB9JtgYrAKAczhndDMb8vi3F4x0iR60Xm3Pa0vPseVwyr/kRfUoVhtizY0/OJfaZ79zPgFY6/vDDbk/Tpn6h25d69nYXzLbEQevilp9o8/bnXiHzzKXRHgfgZx9kpCbqHSkIBJnQKhPiJolqF3f2HUIYITcGhgaqNAeJy84zY4EGQnIidEbHtsaJyZSAkXnTlHXSEjNeNERsqNyrnXEHQRTedQXwAed0pt81RZI4G+RZdcAb9COQUxyFYZIsFzRadbWE6WYSEt9lRpIgEsfYbbAYRKGMWxwlEZJEHmUbbHgeZCWWdvCR340HZfOHaF6MZ5KR2gPLiShk3gllQZaBFIZlBMcp4RKKDvXLKnw1RuCKoBTX2WGQIiQKkhw414kgq/nLts0cctMZxxyKcJtTIihjJeAdDplghhA3E2mDEr25BUuuytPJB6kE2JsioRSZCKKRCjRxR7LbEUrlWNsyGG8cfuRrkiYrdjfHsRKJYl54R6yVkShTc1muDKWztI664kLyiYbTMrUtRu9iNwepBqZRhr73IqqXsvuHecWFCrswj6UaQQFJuQaAMu3C93qaFCsT7gmJTHB8vbDJbd5AsLpkyWZGyvUC4pa/L4e4j0x0zM/zWIjgzW8fELoGiQ8/cWgHXK7MGXSvMLcmMdLFGwLr0H07TmtpLR09tAxRWy/VJ1nEQvVIjXuvQMF3Z8OG0vy2ZMjUU+OZ1Ssskr80S/hAzA7FgX/vgHS4dZrNk9MJA6N1XKX/QsSwfhbcEirbF6gBFH4d5GrlMoDQSdqOghy766KSXfhM8oEDCyB+st84IJKAIvNMc99mgwu2421DEE9OSNYs+irQu/PCsK6LPLDyhQoUMuDfv/O0yULE5V6o4Qvz1wzuiik6e7PD8987vcKRXrgSP/fnFx2cTKcyD7z70pIClD/r0/6EPTlS8r78KVIC1ev3nYwRObrC/99nAfwAM4AAL6L4byC+B2LvfTfLHwO/17yvlg+DwFKG+mrCvgs6TQfzAUj0Nsk573NMBCG+ng/F95Xfmq58iSIG8nSivffuTARim9xXUqY54/q8DBTyEMoclFIGAzrtBEZbQO9M58YlQjKIUp2gQbMDNJpWA3GGycQpReNGLprjiSyqhgxCY0Yw9YNNfUkGPL7pRFKQQI0v4cIIz2jEEMTCDX7DRxje+kR4wicEdBxmDeOEFFqbwoyIPxhJ9DPKRIdCBBOuSikUuUo4p4QMkIRmGunTRkn4coUvquMlB9oCHaUkkKP1IDpgYoZSPnAEqzfLJVboxjjCpBClhaUcauaWStnzj51xiBl4OUo9t6WMwvdjKmbzSmGeMQVtescwvDjMmYYDmGSvBFlRUkx6YLMke9nAphFRCkNC8oFqAactZ8mIW8OTIIjYwgXrmAGoF/lEeNJGpFljY8hSwYAg8B6qRedbzoBu4FkL0wQNeTlIt3lykKbAh0IFaNCMyOKhGJ8CDhfAhB5vs5C9V6UV6kCOgFbXoRS+y0Y0qbSH6MAI6zSgDfsIFGxR9iEp3mhBPAEEDGgCCCweyiJZuFJ8K4YMhC7NTlSLkDwsggFQJsIA/QMuoGj1BOQHVVKcaRBwmmOpUTbDVgWBVowJqVFe9WpAeiFWsPTjIWTUaCrWuNZ5fjepbpbqAg+Rgrvbk6l3xWpAs7FWsdCoIGgBbTz4dZ7A1NEgODjvVHBzkBIyVwWMhixAUUFaqKDjIGBg7gbrGhrMIycBnCaABhGAWsB095O1gE7JaqSJkD4zdgGzvqpDaEiAhGQXsbtfa29omJBSMRWpiZlvc1SrECoB1LGd4uxDfLuSvZ71NVxtiXYWIAwVYDe1wCdoQ1X42AwwRBw+MqlDVrNQhnv2seBkyBnoe9KVUFMhkP2vZh4zhMtLNLy8M+9nECrgi4tDrXvt64Iu49bBHaPBFwLpXskr4IlAV6wKGemGJeKIHGchADzjc4RKb+MQoTrGKV8ziFrv4xTCOsYxnTOMa2/jGOM6xjnfM4x77+MdADrKQh0zkIhv5yEhOspKXzOQmO/nJUI6ylKdMZRkHBAAh+QQJAwD0ACwAAAAAyADIAIcAAAAIi8QGmNcGmNcGmNcGmNcKmtcXn9obodobodobodobodobodocotscotseotshpNskpdwlptwpp90rqN0uqd0wqd0wqd0wqd0xqt4xqt4xqt4xqt4xqt40q943rN49r99CseBEsuBGsuFGs+FGs+FGs+FGs+FGs+FIs+FRt+JYuuRZuuRauuRauuRauuRauuRau+Rcu+VgveVivuVqwudwxOdxxOdxxOhxxOhxxehxxehwxOhxxeh0xuh+yuqDzOuEzOuFzOuFzOuFzOuEzOuFzOuGzeyKzuyNz+2R0e2T0u6U0+6V0+6X1O6Z1e6a1e6a1e6a1e6a1e6b1e6a1e6b1u+b1u+b1u+c1u+e1++g1++h2PCh2O+i2PCk2fCm2vCo2vCp2/Gq2/Gs3PGu3fGv3fGw3fKv3fKw3fKv3vKv3vKw3vKw3vKx3vKy3/Kz3/K14PK24fO44fO74/O+5PS/5PTA5fTE5/XG5/XG6PbG5/bG5/bG5/bG6PbI6PbK6fbM6vbQ6/fU7fjZ7/ja7/ja7/ja7/na7/na7/na7/na7/na7/na7/na8Pnc8Pnf8fng8vrh8vrg8vrg8vrg8vrh8vrh8vri8/ri8/ri8/rk8/rp9fvu9/zt9/zs9vvr9vvq9vvq9vvp9vvp9fvp9vvq9vvr9vvr9/vs9/zu9/zv+Pzv+Pzv+Pzv+Pzv+Pzv+Pzv+Pzv+Pzv+Pzv+Pzv+Pzv+Pzx+f30+v32+/74/P76/f77/f78/f78/f78/f78/f78/f78/f78/f78/f78/f78/f78/f78/f78/f77/f76/f76/P75/P75/P75/P74/P34/P34+/33+/33+/32+/31+v31+v30+v3z+v3z+f3x+f3w+fzw+Pzw+Pzw+Pzw+Pzw+Pzw+Pzw+Pzw+Pzx+fzy+v30+v31+v32+/34/P37/f7+/v7+/v7+///+///+///+///+///+///////////////////////////////////////////////+//8I/gDpCRxIsKDBgwgTKlzIsKHDhxAjSpxIsaLFixgzatzIsaPHjyBDihxJsqTJkyhTqlzJsqXLlzBjypxJs6bNmzhz6tzJs6fPn0CDCh1KtKjRo0iTKl3KtKnTp1CjSp1KtarVq1izat3KtavXr2DDih1LtqzZs2jTql3Ltq3bt3Djyp1Lt67du3jz6t3Lt6/fv4ADCx5MuLDhw4gTK1abTY8YMXqyLbaZyouVy1a8pJo8s1kZzJjLNOMcUw9o0HpIv2xm+fRlL6pdOnIN2lFsjKAIEcIE8Q5tzHcgDsKDR9JtgYTYKGcTh3fDOL8vx3EIKMmR60fw3Ma0vHugXQzF/kS3IobhNDLY0w+Kbad7dzvgFY6/vHBalvTps6je5d79n4XzWbEQevilpxoo/bn3iHzzKQRIgfgZx1k3CbpnTUIBJnQLhPhxolqF3f2HUIYIfcGhgarFAeJyoIzY4EGSnIhdErEFsqJydCAkXnTlHdSEjNfBEZs1NyrnXEHQRTedQYMAed0tt+FRZI4G+RZdcAb9COQXxyFYZIsFzRadbQUR4uQREt72R5EiEtQMF79xcRCBMpJxnEBEFnmQabQFctCZUN5JT3I3HtSMGq6pMZpBTmonKD270HEjmAWlAidmXEhmUIwyNjFNYb3cEmhDFK7YDUKNPRYZQpwA6aFD/o48Uo1coQiix616CPKILgw9siJGMgLCkCdgAKHDsTokIaxbmODq7K2DjIqQjQk6apGJEAqpkCNNIOvtsXO0pcuz5OpBCK8JYaJid3GcehEn1qWXxHoJeaLFt/jq4AlboZRbLia9JNQNtcy5ixG82MHx6kHVzJFvvsuq1ay/5AqSi0K7gELpRpJI8mlCmxj7ML7hrpULxf4uPNMdIz+8SVuBoFzugjOB0XK+QLjVr8zkhiITIDdD/NYjPD8LyMUvbfJD0N+CAVcvthaNK80u2cw0sknM+jQhUt8acUtLX62DFlrLtUnXeiDNkiNi//D1XLoMInXALXlytRb75nVL/swo+/mSyCMDQSZfofBN7tEwKf0wEG/35QkhgDg7iNpJM+HtD1rQC+otlNO0iSNlPyr66KSXbvrpN90yyiaROOL665FsMoq0Pt3xRBA8yKD77jwE8YS1ZLEDCiSvF2+865CAwg5PuXxRw+7QR697DV907tUumByvvfGYxIdTJD9IL370P0QSFi/Eb68+8rzgFMrz48c/vc9fgbL+/Y5sTNMX8vcvA5dfaR3+1Ge+m+TOf/HjAVgEOEDtFdAmB0Sg+BRYvwZuT38z4Z8ExQdAr6DPgsaDRPtuEgoabDB6NKDfV7AHQtd1TyfgO6HuyjcW4aUPf5DwxPJ20jwTIpAG/mWwXlhUx7rjxW52QrmDE3Anvd45AUuoi6IUp0jFKloRIb3YoU0eIQhNFYYX1RCVGHGhxZc8wgckSGMaf5CawOxCjHAUYxlZIggVqPGOJJgBlfgSqjj6kXYrkQEeBzkDQejFHbj44x9fMopBOpIEPhjFXZqhSEXOMSWCeOQj1VCXMFZykS+xoyYH+QMvviUbn/yjEFOChFE6sgamZIsnUxnHS6rkEaJ05R1p5BZK0jKO3nvJHHQ5yJKx5ZdxXCVLWklMNc6gLexAphgXRRM1NFONVEuLLqR5C1sOZBV3gOJGABEIcyjkEYJsJmzW8sZfogshdRSAPA9gyIwQAgQZ/sinDgiRkGx4oZnGTIs7aFkNdyiECweQp0LpiZF75vOhIHCDQkbxA11Kki3bVCQu6JYQGij0owIQAUZo8NCSZuAHCxEEGjf5ll2gEo65MOhClgBSkGLEpCZ12kJGgYR0prEGAX1LLzjKEEHUFKT1NAgmfvCBD/zgSGXCqUn56RBBJHUwq5DAUT8qzoEMggINCGsDKKA5ggBCqiVNgTkfBYStfvQg3SCBWMVKAoMRBK0ldcKjIOHWtxrkB3OdK0oNgteSvuxOKuirPFVgkG6ANbBhpcBBcFBYfd7pDoqVZ1fpIQbIzrVHBKlDZfPZuMmIILMROIgOPCtWHRwkBaOl/sFt+JpZORlEBawNK2MN4obRZuCwpPGoYlN7kA/ktgEfQAhsKztY0iRUsZsVyHHDipCzVhYEscmsSBEy3QZ0dLSqMapiIZGQ7oJstFSdDGb7ugSFmDchYKhsaQ+zir7utrzTXQhl8RobD2zVA6tYyHsTYo4VoHUFseHCUWkQ4IUYN7fJXYg5fiBVicamrQu1LUNwm9v7LsQN+HyoTm9zByAAQcMNWW1uXfsQNzjBCfOlYmdzC9orWsSxrJWsjTMCWM/ycscXiStk6wrkjHx1rhSAapEtstSmPnXJUI6ylKdM5Spb+cpYzrKWt8zlLnv5y2AOs5jHTOYym/nMaE6zI5rXzOY2u/nNcI6znOdM5zrb+c54zrOe98znPvv5z4BGSkAAACH5BAkDAO8ALAAAAADIAMgAhwAAABA2RxKY0Q+c2A+c2A+c2A+c2A+c2A+c2A+c2A+c2A+c2A+c2A+c2A+c2A+c2BCc2B6i2iOk2ySl3CSl3CSl3CSl3CSl3CWl3Det3jmt3jmt3jmt3jmt3jqu3zqu3zqu3zyu3z2v3z+w4ESy4Ei04U224k624k624k+24k+34k+34k+340+340+341C341K441e65Fu75F685WC95WK+5WO+5WS/5mS/5mS/5mS/5mS/5mS/5mS/5mS/5mS/5mfA5mrB527D53PF6HbG6HjH6XjH6XjH6XjH6XnI6XjH6HjH6XjH6XjH6XjH6XnI6XrI6XzJ6YDK6oLL6oXM64fN64rO7IzQ7I7Q7I7Q7I7Q7I7Q7Y7Q7Y7Q7Y/R7ZDR7ZLS7ZTT7ZfU7pvW7p3W757X75/X76HY76PZ76Ta8KTa8KXa8KTa8KPZ8KTa8KTa8KTa8Kjb8Krc8a3d8bLf8rPf8rTg8rXg87jh87ni9Lni9Lni9Lni9Lri9MLl9cfo9snp9svp9svp9szq9s7q987r987r987r987r987r987r987r98/r98/r98/r99Ls99bu+Njv+Nrw+dzw+dzw+d3x+d/x+eLz+uPz+uPz+uPz+uPz+uPz+uPz+uTz+uTz+uT0+uT0++X0++b1++j1++n2++v2++z3++v2++z3++v2++v2++r2++n2++r2/O33/O/4/PD4/PD5/PD5/PD5/PH5/PL5/PL5/PP6/fT6/fX7/fb7/fj8/fn8/fn8/fn8/fj8/vn8/vn8/vn9/vr9/vv9/vz9/vv9/vz9/vv9/vv9/vv9/vv9/vv9/vv9/vz9/vz9/fz9/fz9/fv9/fr9/fn9/fn9/fn9/fn8/fn8/vn8/vn9/vn9/vn9/vn9/vr9/vr9/vz+/vz+/vz+/v3+/v3+/v3+/v7+/v7+/v7+/v7+/v7+/v7+/v7+/v7+/v7///7///7///7///7///7///7///7///7///7///7///7///7///7///7///7///7//wj+AN8JHEiwoMGDCBMqXMiwocOHECNKnEixosWLGDNq3Mixo8ePIEOKHEmypMmTKFOqXMmypcuXMGPKnEmzps2bOHPq3Mmzp8+fQIMKHUq0qNGjSJMqXcq0qdOnUKNKnUq1qtWrWLNq3cq1q9evYMOKHUu2rNmzaNOqXcu2rdu3cOPKnUu3rt27ePPq3cu3r9+/gAMLHky4sOHDiBMrVptrEB06g3IttglLTprLaeTAmjwz2B3MmO8E4xxzEGjQg0i/DGb59GU5ql1Wcg26UmyMsCZNEgXxD23MfyBC+vMH022Bk/Ioz+OHd8M+vy/3cVhIjJfrXoLHFrW8O6RiDOn+RE9DhyEwOtjTQ4r9p3v3P+AVjr+8EFia9OnTqC7m3j2jhfPppxB6+KWnGiz9uXeJfPMpVEiB+BnHmS0JurdLQgEmVAuE+LGiWoXd/YdQhgjJwaGBqvkB4nKbHUSiQZiciJ0YsT2yonJ+ICRedOUdRIaM1+UR2y43KudcQdBFN51BkAB5XS23BVJkjgb5Fp12Bf0IJGy3IVhkiwTNFp1tBU3ipBcS3sZIkSISxNpvXBZEoIw9HkdkkQeZRtsjB50J5XHI4WmQZ66J1ieQWAJajIorgklQZaDJIRmMQJIBTGHG4ILLQxSuaAtCjT0WGUKsAOmhQ5VUcmlcr0RSyKv+hUByyWgLXbIiRjIWwhAsc1iRxK9JhEHIW6PAauyrkmyqkI0JBoKRiRAKqVAlYwBr7a9LrhXMsdwWUgmtCInC6HJ+fHoRK9alJ8Z6CcHSxrXwJuEoWq902+0oxiRkC7PMmYsRutjlcepBwPQRb7zDrlWsvdxCcmFCxcAyb0aYYLIqQqP4ejC82aa1C8P2DjyTHxsfPEpbkIDc7YIzyVFyvFa4Va/K3L4iEyEvI/zWJTQf+8jDLo0yRc7XxtmWMSn3DCvLLrlMNLBgXOyWMZUo/SqfLw39dBJtSA2XK1YXAvRKlWw9RcJ1BSOJ0vm2BMvTbUxMFy5JM8yuSxpvbAX+mXy9UrfPY7Mk9MFWoP2XLJU8Yqwkgbc0SrXATtHG3YRl2rhMo6gK6Oacd+7556AjpQssppASyumok2IKLLoI9YcZVhRxw+y0F2GFGYmSJcsoqPfu++mjyNKTLnEIQfvxyM8uRByti0WMK79H77srxOh0yRTJZ4/8FEx7FQ7v0ocPfDg4nWK89ugrfwpYsojvfijC3xRH+vTfEAdYpr8fPik4EVF/+kXAn/7217//oY8I7Bug9OJnk/kZMHv3+8r3FOi7UZDvJuZ7IPKEsD6wEKMUFDxdKaqXk+tpcHbc0x343jcKZe2EeOernxDo0LyyjK50v1Md61xXBiv4D3n+RLBCGXIXuiIa8YhITKISKXIOnCRuUoYpxjCmOMViNDEmlYgCC7a4xSoQkS/kIAYVxzgMYlzRJY+QARfXyIIbdGwvYiQjGUnokhuw8Y43wFpepCjHPr6kFHcMJAuiUIq7kKOPiBzGGVfyCEEKsk5y4WMi5wgTNTryjlWA4lskOckxXtAlYLhkIIWgSbZwspNTNCNMKmFJUa4RDG85JCrJSA6Z9MGVd3xjWuI4yyl+MiahxCUXb9CWc/SSirWsCR2EyUW+pSUcx1RlQmThBypxZBCF8NdBKmFHYUZQLbJE5S8NksYBmDMCeryIJErggXYWQRIJyUUchKnLs6AyPgn+WUMEzMlPdGJkne0MaAnuoJBSVMGVhWQLNBGJz4QEgZ8QHYAJMBKEgFrUA1RYyCO0+MhYcpIY40SIGCIaUYxc9KJGQ0gpwNDNLQqhnn15BEkjmk6CYIIKIxgBFdJUEEmc9KLwdMgjahoYWWBgphC1JkEgkYEJOHUCGaDcQAbxU4vCQJvHqQJSIXqQWpzgqU89wZ8KUlWLkoFzl9gqVw0yBbCCdQoHKatFj3QbGajVnDIwSC2a6lanZuAgRZCrOwHlh7uaU6kCmUNfwToHg/hBsO1MzW1MYFgMHIQIi30qAg0CA8gK4TZpNewaDiKDzDo1rwa5A2Q9QNfJPPSulj3+yAhMO4ERIKSzgs2oavZ5V8QOhLZORQhVBVuC2Bh2oggB7gQcClnVyPSu3SuIchMiCsgGdTKFVSuNEjLdhMhBsJKdjCzUilruAnchgS1rbEKA1BAwMLnnVYgtaFBVGsRmDTMNwnsRMlvT2nYhtqDCTwkaG632c7QNKa1py7uQO7AzoCkljR+qUAUEOwSzpt2sQ+5ABjKEd4kEUaxpGwvijOw1s38tsUbaulhYqtjEJuirCcb64oswFawZ4GmNL4KJKeR0CjresZCHTOQiG/nISE6ykpfM5CY7+clQjrKUp0zlKlv5yljOspa3zOUue/nLYA6zmMdM5jKb+cxoTrMPmtfM5ja7+c1wjrOc6xIQACH5BAkDAO8ALAAAAADIAMgAhwAAAA56qAOX1gOX1gOX1gOX1gOX1gOX1gOX1gOX1gOX1gOX1gOX1giZ1xef2Ref2Ref2Ref2Ref2Rig2hig2hig2hyh2iGk2ySl2ymn3Cyo3Cyo3C2p3S2p3S2p3S2p3S6p3Tyu30Gw4EKx4EKx4UKx4EKx4UOx4U+24le541i65Fe541i65Fe541i65Fi65F695WzC523C523C52zC52zC52zC52zC523C523D6G3D6G7D6HHE6HPF6HXG6XjH6XvI6n3J6oDL6oHL6oHL6oHL6oHL64HL64HL64HL64PM64XN64fN64fO64jO64vP7I/Q7JHR7ZPS7ZXT7ZXT7ZbT7ZbT7ZfU7pbT7ZbT7ZfU7pzW76rb8azc8azc8a3d8a3c8a3d8q3d8q7d8rDe8rLf8rTg8rXg87fh87jh87ni87vj9L/k9MDl9MDl9MHl9MHl9cHl9cHl9cHl9cLm9cLm9cLm9cPm9cXn9c7q99Dr99Hs99Tt+Nbu+Nbu+Nbu+Nfu+Nfv+Nfv+Nfv+Nfv+Nfv+Nfv+Njv+drw+dzx+d/x+eHy+uHy+uHy+uHy+uLz+uPz+ub0++f0++j1++r2++v2++v2++v2++z3++v2++v2++v2/Oz3/Oz3/O33/O74/O74/O/4/O/4/O/4/O/4/O/4/O/4/O/4/O74/O74/O33/O33/Oz3/Oz3/Oz3/Oz3/O33/O33/O/4/PD4/PL5/fT6/fX6/fX6/fX6/fX6/fX6/fX6/fX6/fX6/fX6/fX6/fX6/fX6/fT6/fT6/fP6/fP6/fP5/fP5/fP6/fP6/fT6/fT6/fX6/fX6/fX6/fX6/fX7/fb7/ff7/fn8/vr9/vv9/vv9/vv9/vv9/vv9/vv9/vr9/vr9/vr9/vn8/vn8/vn8/vn8/vr8/vv9/vv9/vz9/vz+/vz+/vz+/v3+/v3+/v3+/v7+/v7+/v7+/v7+//7+//7+//7+//7+//7+//7+//7+//7+//7+//7+//7+//7+//7+//7+//7+//7+/wj+AN8JHEiwoMGDCBMqXMiwocOHECNKnEixosWLGDNq3Mixo8ePIEOKHEmypMmTKFOqXMmypcuXMGPKnEmzps2bOHPq3Mmzp8+fQIMKHUq0qNGjSJMqXcq0qdOnUKNKnUq1qtWrWLNq3cq1q9evYMOKHUu2rNmzaNOqXcu2rdu3cOPKnUu3rt27ePPq3cu3r9+/gAMLHky4sOHDiBMrVgttT5o0e6AttjnLTJjLYczMmjyTGhvMmNlQ4xxzD2jQe0i/pGb59GUzql0ucg16UWyMsxYtogQxD23MeSAGypMn0m2Bi+gop4NnkkM6vy/Tcbhny5XrV4LHnrS8+6FqDNH+RA+ThuG0NNjTB4qdp3v3POAVjr+8cFqX9Om7qK7m3n2fhfOFsRB6+KWn2iz9uWdcQgEqtEeB+C04WS0JujcNg/MlRAuE+HGiWoXd/YdQgwiRwaGBquEB4nKbHUSiQZGciN0WsR2yonLaGSRedGggxIWM17ER2zQ3KuecQdBFN51BgQB5HS237VFkjgT5Fh2VA/0IJBnHIVhkiwTNFp1tBSni5BUSxsZHkXwYRE0Zv5VxEIEylnfcO0QWeZBptIlY0JlQ3vlOcjce5Jlroh3kJJa3VdPeimASNAucmJUhGYxAcnEhYelAc2lDFK5YC0KNoYFGZAhxAqSHDukmjVz+sygSyKyBJBLJaAtFsiJGMqa2UChlSKHEsEpsocdbm9Cq7KyLfIqQjQn6apGJEAqp0CJbEKvtsHC0Rc2y4AYCCa4ITaJid3iMehEn1qW3xXoJhcLFtvQqEQpbs4Qb7ibpJFQLtMypixG72LHB6kHSwFFvvceulay+4CayKULVzBKpRpFEMvFBkwi7ML3drjUNxPp+YhMeHy985FqJkBxumjCVkXK9UriVr8vgXtySHjMz/FYkOC+LyMYsTfJEz9vK+VY6sgZNK8wryYw0sVe8Clc6kDg9KyIwHT21ElxYLdcnWgdCdEqLfP1Ew3VRs4jT/bYUytRc3JsXNC2TnAj+TB5/LAWZfM2SN7hDw2T0wlKw/RcxkCCi7CJnF50tsU9wcchhnUYe0ySLiC3o56CHLvropPs0TS20hMLJ6qyHQkstmuuEBxdSCJHD7bgLIQUXeKAFzSesBy/86p84m1M0YfyA+/LM3/5DGNGMZc4sw1cv/Czm6ASJE813z7wTkISVDvDWl0983DZ5orz37DvvCVjQmC8/J8bPFEb7+Ocg4Feqz1++3TaxXf7YJwSw9M9/1QNgTQQ4wO4V8CvxQ2D16ieT+zWwe/vzyvgkKLxPoK8mnvDBBZnng/eBZXocXB32tMe9EeYAfGT5HQI/ET2eIE+EA/QBGmpYltOlbnj+roOdUGYXBQbmLgq8K50Sl8jEJjrxiRAJRRsUR5NF9EFghCEDCgTARS6OgIotWYQRVEBGMkKBUXzZAga6yEYBOACMKuEDDMpIRxXIIGR8acMa29hGDMAkB3UMpAzalBdFjICPiBSAAlVCiUA6UgVG4I1dopDIRMLxJHx45CPPQJdQbLGSfHQATOaoyUBCAYttCQUIQIlIGMCkCqV05A9QuZZPspKNb4TJIkgZSzpe4S2UvGUbaRSTNvQykG1wywWEyUZXzgSWxyyjDNqiB2Z2MQo2QUM0ywi4tBjBmhe4pEBmgYfedUQPeiDGtQAZTf2sZQvMNMIiCSLHCdgzA4T+xAgiUECCfgaBawipRReimcy1KOKWKFCEQriQAXs6FJ/65Gc/+4kCOyGEEk/opSTX8s1EkqCgCdmBQ0c6ARRghAcTTSkJnLAQPozxkT1yyxZW2cULwEChC9kCSUmKEZWq1J0KoUQV2EnGH4AULm04akt3StJ8FmR7JzgBDA+CCJ+qFKAN4YNTBTOLEDB1pOYsCCBCwIGyciAEgDiIHqyaUhWo83NP+OpID0KLFJjVrCkIVEHYmlJi3ukRcp2rQZxw17uy1CB8TakkBAWDwNrTmQShBVkLW9YQHCQIifXnnfDgWHuGdSBkoOxduVQQPGS2n+JMDAo6C4KDAEG0ZgX+wkFUcNoe3AawneXCQWAA27JCliBpOC0JFqsakTq2tQc5QW85cAKE0DazhyUNBjr7WYIst6wIWWtmTaqaznL3INflQEJQmlnV8KGzj0hIeBMiidNidTGcDaxfwXtdhXQhs6klzCwC+1v6LnchmOVrbE7w1RPorCDrVQgxYMDW/i6GC0zdwYELotzeNnchxHCCVS1Kmrg6FAO6bQhve+tghKRBov0Eamzw8ITKQeS1vZXtQ9KwBWNB0SCh7S1pb3wRycLWsjzOCGFF+8sgY6SulM2rkTMy1ruGIHxLzghUpQrlKFv5yljOspa3zOUue/nLYA6zmMdM5jKb+cxoTrMrmtfM5ja7+c1wjrOc50znOtv5znjOs573zOc++/nPgA60oAdN6EIb2igBAQAh+QQJAwDoACwAAAAAyADIAIcAAAAIcp8KmtcKmtcLmtcLm9gLm9gLm9gLm9gNnNgPnNgRndgYoNoeotoeo9ofo9ogo9ogo9ogo9ohpNshpNshpNshpNshpNsipNslpdwmptwpp9wwqd41q941q941q942rN42rN41q941q941q942rN85rd88rt89r+A+r+BHs+FKtOFKtOFKtOFKtOFKtOFLteJLteJLteJNteJPtuJRt+NVueNau+RfveRfveRgveRgveVgveVgveVgveVgvuVgvuVgvuVivuVkv+VlwOZnwOZqwudvxOdzxeh1xuh1xuh1xuh1xuh1xuh2xuh1xuh2x+l2x+l2x+l2x+l7yOl+yuqAyuqAy+qCy+qEzOuIzeuKzuuLz+yKzuyLz+yLz+yLz+yLz+yLz+yLz+yLz+yLz+yN0OyP0OyQ0e2S0u2S0u2U0u2X1O6a1e6d1++f1++g1++g1++f1++f1++f1++f1/Cf1/Cg2PCh2PCk2fCm2vCn2vCo2/Gp2/Gr3PGu3fGx3/Kz4PK04PK14PK14PO04PK14fO14fO14fO24fO54vO74/S94/S+5PTA5fS/5PS/5PS/5fTA5fTD5vXG6PXI6PbJ6fbK6fbK6fbK6fbK6fbL6fbL6vbL6vfL6vfL6vfN6vfO6/fP6/fQ7PfR7PfS7PfS7PfS7PfS7PjT7fjV7fjW7vjX7vjX7vjY7/jZ7/jb8Pne8fnf8fng8vng8vrh8vrg8vrf8vng8fng8vrh8vri8vri8/rm9Pvq9vvr9vvs9/zv+Pzy+fzz+v30+v30+v30+v30+v30+v30+v30+v31+/31+/31+/31+/31+/32+/37/f77/f79/v7+/v7+/v7+/v7+/v7+/v7+/v7+/v7+/v7+/v7+/v7+/v7+/v7+/v7+/v7+/v7+/v7+/v7+/v7+/v7+/v7////////////+/v7+/v7+/v7+/v////////////////////////////////////////////////////////////////////8I/gDRCRxIsKDBgwgTKlzIsKHDhxAjSpxIsaLFixgzatzIsaPHjyBDihxJsqTJkyhTqlzJsqXLlzBjypxJs6bNmzhz6tzJs6fPn0CDCh1KtKjRo0iTKl3KtKnTp1CjSp1KtarVq1izat3KtavXr2DDih1LtqzZs2jTql3Ltq3bt3Djyp1Lt67du3jz6t3Lt6/fv4ADCx5MuLDhw4gTK1YLbVWkSKugLbYpbJGhy4YWCZs8M9okzJgnReMccxVo0KtIv4xm+fTlRapd8nINmldsjMJ69QIGkRRtzKQgwho1qtdtgb06Ke8kinfDSr8vV3K4Ss+d63dG3Qa2vDutaQwb/kU3FIlhtEbY08OKrap7d1XgFY6/vDAaoPTpAame5t79evnzLYQefumpJkx/7vkC4HgKrUIgfsZxBg2C7o2G0HyGJDTMg/g5xxmF3f13EIYJKcJhgaqJAuJym40Y4EG9nIidHrHRsqJyqCAkXnSNIOSHjNdNEls0NyrnIUHQRTedQbAAed0wt7lSZI4G+RZdcAb9CKQixx1YZIsEzRadbQXV4uQdEd4GS5EiDsTab7AZNKCMPR6HDpFFHmQabW0OdCaUdqKT3I0HeeaaaAc5qV2g6EyDyo1gElQZaItIZlCMMvph4WDTQGNpQxOu+GlBjTXSSGQIAQPkkQvxwsuo/m4R0wsttNLCCzDxKeTLihjJmNpCwiTSBhfEcoFHKm8FU+uytPYCq0E2IugKRiY+KKRCvPBR7LbEUtLWNMyGS4svuR4EjIrdifKsRMBYl54efRYkDCDc1stFpGgRI664wZRLarTMrTtRu9hNwipB0FBir73IrqXsvuHysulB0wiDb0a6TWyQL8MuXK+3a0UD8b4Xw8SJxwsryBYvI4t7sEuJoGxvG7G2LC4xMqUiM8NvAWMzs7tovJIvaezMbSJwTTPrz7W+nFLMRheLh8BpTeML07TuAlPRUXPxB9VrCYM1LUKjxEvXaTRcl9JM+5uSMFH/UfJc0LA8Mpkudexx/ht470WM3eEGDRPRC7eh9l/Q+LLLsr2UPbS2xabxR7yBder44K8yqvnmnHfu+ec6TRONp8uUbrqn0bjNUyd+tKEFFLDHrkUbfnSC1uim56576dBcThM0gFQR+/DEw14FIGBrBc3uzOuePEy9oFH89MSjkaZX7izf/Pa8u4NTMMJTL77xwYAVDffoL+O7S4CM7z4U+n2lffrNP8/S6++LrwVY89O/u/0rwV/+pre/r5zPf8xbX0vaN8DpxQ97/UPgMqDhvZsE4woNJN4VyheWCNIPgC2JXgZhZz2y4O6DCowJ8DCYvysoAoRYER3pnNc71e2kE31ggwBlx4Y+2A50/kAMohCHSMQiIiQYk8CSTWrhimUcBhA3KIAUpagCJb6kFlr4gRa1mIZQCCYPG5iiGAvQACuyhBVG2KIaf5CEa/FlEmEc4xg3AJMkrPGOSWCFXmihAjn6sQAcZAkw7kjIH2jBaW9Zwx//aMaUsKKQhYyTXIIRxUXKkQEwSSMk75gGJ8IlGCawpB+JABM3bJKQVfCkW2wgyks2UiW10OQp1eiGRLZSjnmQySRmeUc3riWOt5QiKWdiSl5uMQltIUUwp7gGmyjCmFusBVuysMwNvHIgwqjEkjiCilLgLCG1sKMx/8CWPAQzC4E0iCqKMIF2ckAVGomFDWBAzyzEIiHL/viDMX2JFlq00ga0UIgfONDOgr4TI/Kkp0JtIElzpWGWiCQLNf+oAn4aJAkFzegEboARKCj0ozBAw0JYkcVCcskteQjlFDdAhIAupA4a1ShGQArSByYEGG4QpxarYNG2TKKnCFFFTDUKTxiZoQY1MMP1CBILmoL0ng5hhR4LIwwUDDWj2yTIK1RQgq6WQAWvOAgqnPpRIXwzUGi4akYPIowbeNWrNygZWT9Ko0DxQq1rNYgZ3vpWMxxkrh9dqmqIgNd2DlNSXOVrV1VwkCwAtp52qkRh25lVgQRCsW8NhEEq8Vh6Uik2N5jsCQ5yBcx69QoH+UFnoXCbu07WDwcp/oJpu1qEgyyiszAQrGIwWtjRHoQGsy1BDRCi2sf6VTUELWxlBxLcriJkrI+1QWwmy1GENLcECfHoY1Uj1ML2rSDXTUgvOgvVyUgWr3VQSHgTAojHfnYxwsDrYa3b3IU4dq6xWcFVVzA35tZXIcQ4AlmPEBs/DDUJ/R0IcGdLA4YQwwxObShn0mpQ2DZEtrOtbUMWMU+F2lQ1lUADGizskNLOFrUPWYQe9PBeI6LjsrPVrIsvIowUmDYFM87IXjFLsxzT2K18jauPMfIKG3s1BbodskR6YQYa0ECpSo6ylKdM5Spb+cpYzrKWt8zlLnv5y2AOs5jHTOYym/nMaE6zJJrXzOY2u/nNcI6znOdM5zrb+c54zrOe98znPvv5z4AOtEUCAgAh+QQJAwD3ACwAAAAAyADIAIcAAAAPNkcbndQUntkUntkUntkUntkUntkUntkUntkUntkUntkUntkUntkUntkWntkfotolpdwoptwoptwpptwqp90qp90qp90qp90qp90qp90qp90rp901q94+r98/sOA/sOA/sOA/sOA/sOA/sOA/sOA/sOA/r+A/sOBJtOFNtuJRt+NTuONTuONUueNUueNUueNUueNUueNUueNUueRZuuRbu+VfveVhveVivuZkv+ZowOZowOZpwedpwedpwedpwedpwedpwedqwedtwud0xeh5x+l9yel+yel+yel+yel+yep+yep/yup/yup/yuqAyuqEzOqGzeuHzeuIzeuJzuyLz+yMz+yMz+yNz+yO0OyP0O2Q0e2R0e2S0u2T0u2U0u2U0+2U0+6T0u2T0u2U0u2U0+2V0+6Y1O6d1u+h2O+m2vCp2/Gq3PGp3PGp2/Gp3PGp3PGp3PGp3PGp3PGr3PGs3fGt3fGu3vGv3vKx3/Ky3/K44fO74/S74vS94/S84/S+5PS+5PS94/S94/S+5PS+5PW/5PXC5fXD5vXE5vXF5/bG5/bI6PbK6PbL6fbN6vfP6/fT7PfS7PfU7fjU7fjU7fjU7fjU7fjU7fjU7fjU7fjV7fjU7fjU7fjU7fjU7fjV7fjV7fjV7fjV7fjW7vjZ7/nb8Pnd8Pne8fne8fne8fne8fne8frf8frf8fne8fnf8fnj8/rl9Prn9frn9frn9fvo9fvo9fvp9fvp9vvp9vvp9vvq9vvr9vvr9vvs9/vt9/vt9/vu9/vv+Pzv+Pzw+Pzy+fz0+v30+v31+v31+v31+v31+v31+v30+v31+v31+v31+v31+/34/P37/f7+/v7+/v7+/v7+/v7+/v7+/v7+/v7+/v7+/v7+/v7+/v79/v79/v7+/v7+/v7+/v7+/v7+/v7+/v7+/v79/v78/f77/f77/f77/f77/f77/f78/f78/f78/v79/v79/v7+/v7+///+///+///+///+///+///+///+///+//8I/gDvCRxIsKDBgwgTKlzIsKHDhxAjSpxIsaLFixgzatzIsaPHjyBDihxJsqTJkyhTqlzJsqXLlzBjypxJs6bNmzhz6tzJs6fPn0CDCh1KtKjRo0iTKl3KtKnTp1CjSp1KtarVq1izat3KtavXr2DDih1LtqzZs2jTql3Ltq3bt3Djyp1Lt67du3jz6t3Lt6/fv4ADCx5MuLDhw4gTK1ZL7VSjRqeoLbaJLJGhy4YSIZs8s9ojzJgfVeMc8xRo0KdIv6xm+fTlRKpd2nIN2lZsjNN69SIGsRRtzKUguqJEqddtgb2IEy/FuyGk35chOTyVx411N5RuE1POfVY4hoyg/htqxLCaouvoXcU+xZ17q+8KxV9eWK0PevR9VIdr317WQvmGLHTefeipNg1/7QUTn3wKnULgfcZxRg2C7Y2GEIAJIfPgfc1xRiF3/l3IIEKHbFigaqV8qNw0IoqHUC8mXpdHbLKoSJwpCIUHHSMI7RGjdeSpVo2NxHVI0HPQSWeQKz9at1lsw9mIo0G+QRecQT7+eMhxBxLJYkGzQWdbQbM06UaEt9VoY4gEVYPIb4gcNGCMihwn0JBEHmQabeoZZOaTdiZn40HVOOKaIxYW1GR2dgoUjik2flkQMm9ihohkBsEY4x6JCmZNNZ0uNKGKmBrUGCOMRIYQMT8auZAs/rOU+hY1xOhiqy7AHAOfQsGoiFGMqS10jCFqiGGsGG5c2RYytzZrKzGhGqQmf31aVOKDQSYkSx7HdmusI22F4+y4uhiz60HEpMhdKbJSREx16OVR7UHH8OHtvWIcwxY15JKLjDUJUTMtuxq9e10jrhJEjSP44qtsWsz2Oy4w0RIUzjSSbqRbxQP5UmzD94K7VjUS95uxTJGA3LAvbQFTMrn6zgSIyviq4Ra/L4/bbkul0OzwW8fk7KwvHKPkSxo+ewsIXNbUKvStMbs0c9LHsrHzWtYY87StLL+ENNVi8HF1W9NsrUvRJckCdhoPzxWO0zkD3NIxVPMR9V3VuFwy/jAwfQyyGmzuRY3e4xIN09ENq9F2X9QY40uz0MrkC7fHpsFHK4d9irZLvsgydqOghy766KSXnlgkeKShRROst65FGnhEYjpH1PAxReu45876FGLPfpEtaOgufO5ojOm7RMTcPvzyuyd8PEN8MC99E3w8H9EW0zOvhfUQYZ/98Ftw/1D03wtfvfgNJV9+7lM4j/5BwK/PevHvP1S78tNPEcjn9ScUSR5p8B7utpCGPMiufwhMoAIXyEC3GGMRjLKJLE5xMsHw4QYDyGAGVRDBl8hiCz0IYQjRMAnBrKEDGkzhACLQQZaYoggijGEPjpCtvSwChSpUYQdgcgQZ+vAI/lPCiytUkMMiDsAYLgGGD5fYgy3wzS5oMKIRW5gSUzCRiQGaizEwKMUcQgAmMLyiD9FQwbUY4wNdLCIR+ibGJUqhjGmxQRq9SEWVyCKMbYyhzdwSxTmqcA0yaUQefVhDteDQjxlc40zUMMgYHqEtlECkBtFgkz80UoSBQ0sVJNmBOg7kGI4QGUcowQlAHUQWPWzkHtiyBkRWAYkIKQURKkDLDiyOIq64AQ12aYV5FWQae2hkIc/iijnawJcFyUMHaMlMW2Ikl7uM5g22lBBgoCGPT1zLJo2ogkUsxAjMDGcFboCRJkTznDQ4w0JMoYUr/uEta0CjBjtABGQaRA3i/hQnRtCJzlUuBBhqSGUIozDMtizCmw4pRT7Fect72OILNajBF4xXEFfwE532RIgpgjiYY6RgoeEs6ClS8IGSfiAFwSoIJS56ziGY8jhgAGk4D4KMHJjUpDl4qUBYek42gG4WMp2pQcRw05uK4SA8PacuGjXLoFZAkQRBBkmLWtIUHKQKSeWlnRrhVFoOkw9Uven5CNKIrO7Sk4q5QVc/cJAphNWkUzhID8zahNsAtaszMggR3lpSqBLkEGalwVJVA06nsvUgNeDrB2qAkLlm9aiqWaZTC3oPxZYUISvNKjlV09XNHsSyhz2IObOKoq7OIiGgTYguzJpRw3A1qHtEz0hqE7KHrKK1MMcIql8/a9mFYJWnsWEBSFlwN94qdiHIKAJLixCbPCzUCMVFrGIZi1wxXJSaqolpM/PKkL3ydbcJOYQuo+nP2zQCDGDgbkPcyte4PuQQbGDDbY8HVr6OtYENQYYK3qoC/EaEqGFNg38hggwdUFUHOh1wg/ZrUhVQVMENsYUYIiqGB0P4whjOsIY3zOEOe/jDIA6xiEdM4hKb+MQoTrGKV8ziFrv4xTCOsYxnTOMa2/jGOM6xjnfM4x77+MdADrKQh0zkIhMlIAAh+QQJAwDhACwAAAAAyADIAIcAAAAGM0YKltIImdcImdcImdcImdcImdcImdcImdcImdcImdcImdcJmdcLmtcTndgbodocodocododododotodotodotsdotsfotslpdwpptwsqN0tqN0uqd0vqd0wqt0xqt0yq94yq94yq94yq94yq94yq94yq94yq94yq942rN4+r+BBsOBEsuFGsuFGs+FHs+FHs+FHs+FItOJItOJItOJItOJItOJItOJTuONUuONVueNYuuRau+Rbu+Rcu+RcvOVdvOVdvOVdvOVdvOVdvOVdvOVdvOVevOVivuVlv+ZpweZrwudswuduw+dxxOdxxOhyxehyxehxxOhxxOhyxehxxOhyxeh5yOl+yuqAy+uCzOuEzOuFzeuGzeuHzuuHzuyHzuyHzuyHzuyHzuyHzuyHzuyHzuyO0OyR0e2T0u2V0+6W1O6X1O6Y1O6Z1e6a1e6b1u6c1u6c1u6c1u+d1++d1u+d1++e1++i2O+k2fCt3fGw3vKw3vKw3vKx3/Kx3vKx3vKx3vKx3vKy3/Ky3/Oy3/O03/O14PO24PO34fO44fO54vS64vS74/S94/S+5PS/5PS/5PTA5PTA5fTB5fXE5vXI6PbJ6fbJ6PbJ6PbK6fbH6PbG5/bH6PbH6PbH5/bH6PbH6PbH6PbJ6PbL6fbN6vbO6vfP6/fQ6/fR7PfS7PfU7PfV7fjY7/ja8Pjb8Pjb8Pjb8Pjb8Pjb8Pnb8Pjb8Pjb8Pjb8Pnb8Pjb8Pja8Pjb8Pjb8Pjb8Pjc8Pne8fnf8fne8fnd8fnf8vnk8/rl9Prm9Pro9fvp9fvq9vvq9vvr9vvr9vvr9vvs9/vv+Pzy+fz1+v36/f79/v79/v78/v78/f77/f77/f77/f77/f77/f77/f77/f78/v79/v7+/v7+/v7+/v7+/v7+/v7+/v7+/v7+/v7+/v7+/v7+/v7+/v7+/v7+/v7+/v7+/v7y+v3y+v3y+v3y+v3y+v30+v31+/32+/32+/31+/30+v3y+v3x+fzx+fzx+fwI/gDDCRxIsKDBgwgTKlzIsKHDhxAjSpxIsaLFixgzatzIsaPHjyBDihxJsqTJkyhTqlzJsqXLlzBjypxJs6bNmzhz6tzJs6fPn0CDCh1KtKjRo0iTKl3KtKnTp1CjSp1KtarVq1izat3KtavXr2DDih1LtqzZs2jTql3Ltq3bt3Djyp1Lt67du3jz6t3Lt6/fv4ADCx5MuLDhw4gTK1Y7jdipU8SmLbZ5rxSny5xK3Zs809oqzJhXWeMckxho0MRIv7Rm+fTlUqpdKnMNWllsjPigQYsG8RdtzL8gFnPl6tltgdB+Kf9FjHfDVr8vt3IITFGh64Vc3Y62vLsyagxP/kXndIrhtFLY0xeLXax792LgFY6/vHBapfTpK6mm5t79sYXzcbLQJvjhpxo+/bnXj3zzKQRMgfgZx9k0CbqHTUIBJoQPhPgtSFqF3f2HUIYIWcJherERA+Jy+IzY4EHPnIidIrEls6JyqR0kXnTlHeSIjNehEhs2NyrnXEHQRTedQcUAeV2LsRlTZI4F+RZdcAb9CKQlxyFYJJQEzRadbQUh42QhEt6GTJHIGMTab7AZRCCQmxwnEJFFHmQabesZdCaYxyV340GeuSbaQU5qZ6dA1Ki4IqADVQZaKZIZFKOMjlRKmDWjOUThipoW1NhjkSHUD5AeNoQMMqG6Zc09/vHEGo89kJq6IkYyAsNQPJXsUcevdfDxylvTyGpsrPh0mpCNCRqDkYkQCqkQMokAa+2vPbJ17Lbx1FpQNI4uV+pF/ViXniJ9IhSPI9e2W0c8bFnDLbetisosc/VSVC52qKRq0DSnuOvusGsVO++29sSHEDX4eHvRM8/kO9AzvgrcbrZpUXPwvBK71IrFAqeplj0bc+swS5WA7O4erpbMrbIvvaLywG/h4/K2Crf0jB4zX6sfXLDeLOvJJ6XcM7B8dJyWzULHChPPR9eRKV0GC52zSshErQfBdjHt8kvxHO0IvHlZQ/LG9sBUscV7tNmX2QdfvdLOAu/B9V/YeI2s/twsPVMtsHo4QmVh1vAd0zOsLqr44ow37vjjQeWhhAsZDGD55Rm4oIQeQq1yiB5sgCH66GzoccgqZ0ETBQSXt+665RBEAQ1P0ziCxui45y46GlOLlYoKrwfvugqp6JQMHronnzseyYRFDOvCRw/74DT1c7vy2O/uL1dRSO/9AFHg5Ej25IPhCFiVfx99BjiFXj72bKCv/vrtvw8/WN3PH3z4N41vf/Ln+woxHqA/1z2AejPpRxr+l7s0bI8rvyug5YhnPOQxEAzMG4vqCKi+B2xhdjup3QLflwZLKK0rkmtB+lqXgRYoIQ+d+5z7cFe600HuhjjMoQ53yEOIQIMT/kuyiZSI1hdGKMECSETiDoL4EmOwIQpQhCIeUBeYPawgiVi0wAaYyJJfYCGKYIwCF+LEl05cMYtZXAFMuBDGNnIBS3gpxg7QSEcLgLBvbcxjFNggsrnQoY515GJKfqFHPf5MLtA4IiDRuAGYfLGQbcQDEc0CjRksko5QeBok84iGSZIlCZdkpCBVYoxHbhKMnHPLH0OZRZbFZBOnbGOd2qICVmIxkzPRQyzByIW2tMKWSaSDTSqxyyg6ay1oAKYKRjmQeJjCFB5phSs2kxBjsHGXi2DLHmyJhjsaxBVRCIE4V6AojBBjCUFIZxoQOBB8LGKXs1RLMUKZhHQhagXi/swnOc2JznSmcwmHhBEeTtlHtCSzjjvoxEK0kM+GhkAJGOGCPycaBDgs5BdrKGRA17IHGGBRBVCwJ0L04FCHYoSiFM3mQnZ2TSiiIZ5w6YRCHeKKkjq0nGV6AxKQ8Aa3GYQYKKUoOxGiHMPEYwY2bSgZCfILHczgqTPQARwJ0oqgTjQK1FyUG5La0IPEgwlQhSoTyFYQq07UlXYyBle7ahA3hDWsbjiIWSfKjEWFc60h4B9B4uHUtz5VBwdBw1zVaadS4FWcSxVII/wa1kYYxBSDTSczFaOEw84gsIyFKhoOAoXIeuE2aj1sIQ6Chcw+FQsHqURkg1BX1TAUr5c9/ggSTDsDJCCks4O1qGrwidfEDoS2T0VIVQe7hNgcFqIIAW5sDyLRwaqmpng95kGUmxBmRHaohjHsWlOZXOAqZBGDnWxh4rFWvXaXtgsRrFljw4Ok8oCs5zXtQu6BBauiVjWFsKkW4IuQ2ZrWtvOFQ1A3Opmt6nO0DSmtae/LkEooYaIqvU0p3OAGBDsEDbTd7EN6tQfx5nCxpnVsDzMSjxxkNgcj3ohbGcvdFF/kq34dq4s18gsTQzUHPp0xRpDhhp26Icc6DrKQh0zkIhv5yEhOspKXzOQmO/nJUI6ylKdM5Spb+cpYzrKWt8zlLnv5y2AOs5jHTOYym/nMaE6zDprXzOY2u/nNcI6zXQICACH5BAkDAPMALAAAAADIAMgAhwAAAApMaBOa1BGd2RGd2RGd2RGd2RGd2RGd2RGd2RGd2RGd2RSe2R2i2iSl2yWl2yWl2yWl2yWl2yam3Cam3Cem3Cqn3C6p3TGq3TKq3TSr3jWr3jas3jes3jmt3jqt3juu3zuu3zuu3zuu3zuu3zuu3z2v30Gw4EGx4EOx4Eq04U+24k+24k+24k+24k+24k+24k+24lC34lG341i65Fy75GC95WW/5mbA5mbA5mW/5mW/5mW/5mW/5mbA5mbA5mbA5mbA5mbA5mfA5mrB5mvC527D52/D6HHE6HPF6HTG6HbG6XjH6XnI6XnI6XrI6XrI6XrI6XvI6XrI6XvI6nvI6nvI6nrI6nvJ6n3J6oXN643P7I/Q7JDQ7JDR7I/Q7JDR7JDR7ZDR7ZDR7ZHR7ZLR7ZTS7ZXS7ZfT7pnU7pvV7p3W76PZ8KTZ8KTZ8KXa8Kba8ajb8afa8aba8aXa8aXa8aTZ8KTZ8KTZ8KTZ8KTZ8KXZ8KXZ8KXZ8Kfa8arc8azc8a7d8rDe8rHe8rPf8rXg87bh87ni87ri87ri87vi9Lri87ri87ri87vj87vj87vj9Lvj9Lzj9L3j9L7k9L/k9MHl9cLm9cTm9cXn9cXn9cXn9cXn9cTm9cLm9cHl9cHl9cDl9L/k9MDl9MLm9cXn9cjo9srp9srp9svp9svp9szp9szq9s3q9s7q98/r98/r98/r98/r98/r98/r987r987r98/r99Dr99Dr9tDs99Dr9tHs99bu+Nju+Nnv+N7x+eHy+uTz+uX0++X0+uX0++X0++X0++Tz+uTz+uX0+uX0++X0++b0++b0++j1++r2++z3++33/O74/O74/O/4/PD4/PH5/PH5/PD4/PD4/PD4/PD4/PH5/PX6/fn8/vr9/vr8/vn8/vr8/vr9/vr8/vr8/vr9/vr9/vr8/vr8/vn8/vn8/vr9/vr9/vr9/vr9/vr9/vz+/v7+/v7+/v7+/v7+/v7+/v7+/v7+/v7+/v7+/v7+/v7+/v7+/v7+/gj+AOcJHEiwoMGDCBMqXMiwocOHECNKnEixosWLGDNq3Mixo8ePIEOKHEmypMmTKFOqXMmypcuXMGPKnEmzps2bOHPq3Mmzp8+fQIMKHUq0qNGjSJMqXcq0qdOnUKNKnUq1qtWrWLNq3cq1q9evYMOKHUu2rNmzaNOqXcu2rdu3cOPKnUu3rt27ePPq3cu3r9+/gAMLHky4sOHDiBMrVvuNWK9exL4ttvmNl67LunhJnixT3i/MmH/J4xxzGGjQw0i/lGf59GVeql1Ocw16WmyM365d8wYxGG3MwSA2AwbM9u1514YpH/aMd0Ngvy8DcxjMEqTrkKbH9ra8e7WGvaL+6+rFEBwv7OibxYbWvTs0huIvLwRnCj16U7HbtzeeML6uhbjYZ59q3+jXnnMI+adQMALax99i4BjY3mgJxpfQNw3ad41qEnb3YEEKIsRKhujF9kyHy21mUIgGTUMidpXEVg2Kyr13UHjRkXcQJi9epyNp8tCoHIIEQReddgU10+N1KpIWjZA2FuRbdMEZxGOPrBxXoJBNCjRbdB/OA82SkITJ2TRChsnab7AZFGCPuBwnUJBCHmQabc8cRGaXsSVH40GeuSaanj0iKaeYNPI5T2WgaXaQiy9iAs6hA0WI4qQHFfjYMIoi1+OGDkEDDaZxgWPqqRQuxF2HGL1YpUL+3pgyCB200mGIoWvJc+qupqaa0IwGRoPRiA3+iBA0ktSqLK1tssXrs+D4epA3J3b3DKkVXVOJfZWol5A3lywrLh1EpgUttNIWBA6wzGFrkbbY9QLqQeaNOy6uZ+l6LrQMfdOpRdNM425B08xqr7jNqrXvuenC5MvB9ppp1sIM02QKxOMK8hbF/MoEDMb3vqUvx7vGNM0fIC+LH1wk89pwShenXKshA7M1csswoSwzHZbU3NbNHL8Ezc5/4CsX0Pu+5I3MlpRrF8kwCYKxIFHytbDJOosriNF8Af3yStMkW+sflghDaUvTjHr22my37fbbcM/0RhErXDDA3XhfsEL+EXAI1QsigKwRxuCErwEIIsaOZc0VDeDt+ON3N3CFNTx9YwkahGeu+eBoWPKvVryYAPnoj5uQsE3Q7LH56prvUXVXwTRO+uyRv1rTNZizrjvn83bVBO3AD9AETpbsbnwYloBld/CzX4CT4MfrvobyzDf/fPTSg/V79aMPf1Px2K+e/Fexc/94A7bThHv4mqPRe1ehm3+36TpB8wb7g7/xulfWNCF78A3QAuV2YrncHQ8NpvhcV+amguU57gIqKMIb/AY46GXOcIiLmwY3yMEOevCDArnGKRI3k+EokC+QKMIEVrjCGpCQJc1YAxZmOEM6vHAvgEABC3c4AQ3cECX+wNACDYeIhS3Uwi+m0CEPeYgCmGyBiFDcAtfkMowaLPGKE3hfSqYBxS5iYQ0SewsbsIjFH5YEGF70Yibocg0VknGJGoCJENMIRTqcsCzXWMEbr8gEmACCjl00wx3HQoQ9wtGMJmnGHAE5xECI0ZBLBIRMWsFIKLbCLUqE5Ar7OJM/VpKGW2hLLzTJQjbYJBOfpKG31FIGUqLAjNdwhSs88otfOI0gzXjiJyfBFkBosgxaHMgvmgCCYqrgFxoJBhJwwEw0pI8g35jEJy+5lmEYkgipSUghVFDMbh4TI8pkpjiRsMaETKMNjAwjWVqJxRqsLCFa6KY8QVAEjGxBnPj+xIEpFQIMGarxLYDQIwtRwIRsKiQO85wnRvKZT0kwZBqA0OUMzUDNuJjinQz5RULnicyDQGMNzFzD/gQSDIbm85kJIY5hrjGDjcrziAYBRg1kQFMZ1MBovzApPq9wS9WswaXynBYSalpTJNxSp/gkBKWaAdSgGmQNRCXq9AyCVHwKS05MaGoxOUkQb8w0qjStwUHQUNVmyqkWWi0mTAkyCbASlZcFeUVZmdnR2BQhrTM4CBncWlMyHKQJcw1lbJia1kIcBAt8pSkWDpKJueLgqqSJp1bzehAcJFYGOEAIYMs6VdJwU6trLchlaYqQnJYVCbFJaz0RMloZJOSeZVXgjUa1ukqDtDYh0ZgrSg+D1qbGQSG3TYgkylrXxVyjqVxl7WgXQlakxsYGLrVBMAkS3G9pQadaiE0hNqqF6RLEsonNrKpAytBy+lSeKjBsQxCb2MU2JBNGwKdDj1OLNaxBvQ7Za2L9+pBMEIIQxQVhWxMLVxBaxKt8FauBMQJVt8phwRjxxlCjalQIY0SmRK3BSC0skY+GdMMcDrGIR0ziEpv4xChOsYpXzOIWu/jFMI6xjGdM4xrb+MY4zrGOd8zjHvv4x0AOspCHTOQiG/nISE6ykpfM5CY7+clQjrJDAgIAIfkECQMA4wAsAAAAAMgAyACHAAAAAjdOA4zHBJfWBJfWBJfWBJfWBJfWBJjWBJjXBJjXBJjXBJjXBJjXBJjXBJjXB5nXEp3ZGJ/ZGJ/ZGJ/ZGJ/ZGJ/ZGJ/ZGJ/ZGJ/ZGaDaGaDaGqDaHaHaH6LbIKPbI6TbJaXcJqXcJ6bcKabcK6fdLqjdL6jdL6ndL6ndL6ndL6ndL6neL6neL6neL6neL6neL6neNKvePK7fQLDgQbDgQrHgQ7HgQ7HgQ7HhQ7HhRLLhRLLhRLLhRrPhTLXiT7biVLjjV7rjWLrjWLrjWbvkWbvkWbvkWbvkWbvkW7vkaMDmbcLnbsPnbsPnbsPnbsPnbsPnbsPnbsPnbsPnbsPnbcLnbsPnbsPnbsPobsPocMTocsToc8Xodcbpdsbpd8bpeMfpecjpe8jpfMnqfcnqf8rqgMrqgMrqgsvqg8vqg8vqg8vqg8zrhMzrhMzrhMzrhMzrhMzrhMzrhMzrhczrhs3ric7skNHtldPultTumNTumdXumdXumdXvmNTumNTumNTumtXvntfvoNfvodjvpNnwp9rwrN3xrt3xrd3xrt3xrd3xrd3xrd3yrt7yr97ysN7ysd/ytODyteHzt+HzuOLzuuLzu+P0vuT0weX0wuX1wuX1wuX1wub1wuX1wuX1wuX1wub1wuX1w+b1xOb1xuf1yOj2yej2yun2zOn2zer2zur3z+v30ev30uz31O331u341+742O742O742O742O742O742O742O742O742e/52O/42u/52e/53PD53/H64PL64fL64/P65PP65fT75/X76PX76fb76vb76/b77Pf77Pf77ff77vf87vj87vf87ff87ff87ff87ff87vj87/j87vj87/j88fn88/r89fr99vv99/v9+Pz9+fz++v3++/3+/f7+/v7+/v7+/v7+/v7+/v7+/v7+/v7+/v7+/v7+/v7+/v7+/v7+/v7+/v7+/v7+/v7+/v7+/v7+/v7+/v7+/v7+/v7+/v7+/v7+/v7+/v7+/v7+/v7+/v7+CP4AxwkcSLCgwYMIEypcyLChw4cQI0qcSLGixYsYM2rcyLGjx48gQ4ocSbKkyZMoU6pcybKly5cwY8qcSbOmzZs4c+rcybOnz59AgwodSrSo0aNIkypdyrSp06dQo0qdSrWq1atYs2rdyrWr169gw4odS7as2bNo06pdy7at27dw48qdS7eu3bt48+rdy7ev37+AAwseTLiw4cOIEytWGy4ZMGDJwi226e3Xrsu7fnmbPFOcMMyYhYnjHDMZaNDJSL8UZ/n05V+qXWZzDTpbbIzhunX7BvEYbczHICITJszabYHdnil/lo13w2G/Lw9zWMwUqeukhN3+trz7tobAov7vAsZQXCzs6JHF1ta9uzaG4i8vFNcKPfpWsdu3/64w/q6F59mHnmrh6NfeZgn5p1AxAtpnHGcFGtjdaAgpiJA3DdrHH2cSepdgfAm9kuGAqlnT4XKSHWShQdaMiJ0psW1zonK2HRRedOQdlIqL1/USmzgzKudcQdBFN51ByPB4HYKqsTdjjQX5Fl1wBu3I4yvHRThjigTNFh2UAz2jJCkP3ibjjBsOxNpvsBkUoIuxHCcQkEEeZBptyxw0JpPHJTfjQeLcCBowFBakpHZyDpTNlgdVBtovXBLUooupFCqYNZ548pCWEkZKUGOPRYbQNjymuZAyyoAjFyEyJOBqAv4hLJGjQt6ciJGLxTC0zSqWPOLrI5kg2lYarxbrag6aLHSmfu9dJGKDPiqkDCm/VuurLG0BY+y2CQQx60HfmNidNZ5OtI116JmiXkLbnGLtu4+YehYh3HLbRpkGhbMsuRqdi10v8g4EjizwwitsWsTWu20I+CkUTrkYWWONpQZl02vB72K7VisK14uHTb9gXDCYaYHQMbdL0LSKyPBa4ha9J29LiEzCsGzwW0vEbGwEDctGic3WrgKXNa3q/GrKL60M9K+ZqDp0EEa7GgFMkyzt6ylOy4VH1An0vJIyVk9y8FzA2GA0vipts/QpAc+lickdgwDTxRhbooxfhMC9Lf7PMGVTdctj9xVJEBEUa4PXsnlS7SSnGHOYNZogPlM2qSZq+eWYZ6755kEdskUQMmgg+ugyBLHFIULtoskkh/jh+uuHTKLJf2ZZU8YIo+euu+gjlIH2Td+YQsjrxBfvOiGmDAnWKzvs7rzuO2CZ0zKOGG998Y7kCdYwuD/vPe9H2pTN8NeXfzzJW5Xx/foalIGTKebH7weMX4XOvvcy4NS6/OWjXv/9+NMf//oHFvUB0Hnuuwn8Bmg9+nmFewfU3QjCV5NsDIKBxRsE+rbCvAiKLno6WQYiMOg6RGgvLLbrHvtGcIff2SR4F+TfIFShvLEcIgug213psuA/oOwiE/6sM17sMkE7zhnxiEhMohKX6BBtpKKINTmGMLpxmExsgQVYxOISoOiSYxjCDWAEIyK42BdJ+CCLaGTBDMiokmDcIYxwdEMeXOGXVJwxjWn0AUzyEMc+5iEYeinGEvBISBY0iyXZ6KMi3WCIDcLFEIUsJBtPEoxFLjIVdNHGFSOJxxnA5I2W7CMiqAgXbQiBk4RMoEskEUpFCoKUbtkkKtG4RpgcA5SthOMk3gLJWaZREjJxRS77SMe2/MCXaFRlTFg5zDDmoS27QGYWDWETVDQzjFRSix6k+YNJCkQbrigmR37xC24o5Bh8bKam1iIJZOrhkAb5hRl2QE8gtAkjxf4IQxb2KYhcIaQbnmimONNSjFluwZ8IsQQQ6MlQe+JTn/vcZxhQoZBsICKXjizLNgu5BEwq5A4MDekOuoARPET0pFmgpkKC8cVFUtQtkjhlFn9QBoQmxBEiFSlGUIrSTDAkG5JIJxgFMdC3pMKjDflFTkV6z4IkoxBNaEIhUnOQYvAUpTZdSDAAWRhtKGGpIZXcOIKxhCKYtQhL4GpBfnHVk6bBnJYrBFhDepBtiOGsZxVDwNp6UkpYzhhzpatBCoFXvBbiIHw9aTQSNc/A7sAMBtlGWQtrVqQVRBCJ5aecWuFYekrOE5TF6zoJ8orM7rOppOlCZ5VwED2E9qx6OP7IGUz7zNgAtrMuM0gaXmvWNBwEFabNwmJVA1LHshaxvC1CExAy28yqlDQLdaxYx5FcsyKErZkNQ2w6S1KEVLcICTFpZlWjVMc6zrvVTUg0TJvVxHA2sI5QyHcVkonMojYx2ggsZOWbXoVglq+xWQJYlwDPg8xXIdy4Q1vvEBtLLPUOBUYub7PAEG4Y4qovVY1cG5pbhuyWt75tCCrAcFKfHqcVhShEhxviWt7G9iGooAQl7stE0PJ2tEy8iGRfa9kcY4SwoUWEj/sVBsqGoW1DlghZ8boEqiY5I0/d51SfTOUqW/nKWM6ylrfM5S57+ctgDrOYx0zmMpv5zGhOsyia18zmNrv5zXCOs5znTOc62/nOeM6znvfM5z77+c+ADrSgB01ovQQEACH5BAkDAOMALAAAAADIAMgAhwAAAAhFXw6AsQ6Syw2a1g2b2A2b2A2b2A2b2A2b2A2b2A2b2A2b2A2b2A2b2A2b2A2b2A2b2BGd2B6i2iGj2iGj2iGj2iGj2iGj2iKk2yKk2yKk2ySk2yal2yim3Cqn3C+p3TGq3TOr3jWs3jas3jas3jas3jas3jet3jet3jet3zmu3zuu3zyv3z+w4EGx4Eaz4Uy14Uy14Uy14Uy14Uy14Uy14Uy14ky14k224k624k+24k224lK441a541y75GG95WK+5WK+5WG95WG95WG95WK+5mK+5ma/5mjA5mnA5mrB52/D53XG6HbG6HbG6XbG6XbG6XbG6XbG6XfH6XbG6XfH6XnH6XrI6XzJ6X7K6X/K6oDK6oLL6oPL6oXM64jO7IrP7IvP7IvP7IzQ7IzQ7IzQ7IzQ7IzQ7YzQ7Y3Q7Y3Q7ZPT7Z/X76HY76HY76PZ8Kba8Kba8Kfa8Kba8KPZ8KLZ8KLZ8KLZ8KLZ8KLZ8KPZ8KTa8Kba8Kjb8arc8azd8a3d8a7e8rDe8rLf8rXg8rbg8rbg87bg87bg87bg8rfh87fh87fh87jh87ni87ri87zj87zj873j873j9L7j9MDk9MHl9MPm9cTm9cbn9cfo9sno9srp9srp9svp9svq9svq98zq98zq98zq98zq98zq98zq98zq9szq9szq9svp9szq9s/r99Hs99Hs993x+eDy+eDy+eDy+eDy+eHy+eHy+eHy+uPz+uX0+uf1++r2++33++33/O73/O74/O/4/PH5/PL5/PP5/fP6/fT6/fX7/fb7/ff7/fb7/ff7/ff7/ff7/ff7/vf7/vf8/vf8/vf8/vf8/vf8/vj8/vn8/vr9/vv9/vv9/vz9/vz9/vz9/vz9/vz9/vz9/vz9/vz9/vz9/v3+/v7+/v7+/v7+/v7+/v7+/v7+/v7+/v7+/v7+/v7+/v7+/v7+/v7+/v7+/v7+/v7+/v7+/v7+/v7+/v7+/v7+/v7+/v7+/v7+/v7+/v7+/v7+/v7+/v7+/gj+AMcJHEiwoMGDCBMqXMiwocOHECNKnEixosWLGDNq3Mixo8ePIEOKHEmypMmTKFOqXMmypcuXMGPKnEmzps2bOHPq3Mmzp8+fQIMKHUq0qNGjSJMqXcq0qdOnUKNKnUq1qtWrWLNq3cq1q9evYMOKHUu2rNmzaNOqXcu2rdu3cOPKnUu3rt27ePPq3cu3r9+/gAMLHky4sOHDiBMrVpsNWK5cwLIttmkN163Lt3BZm0xTF2bMujjLBPb5MzDRMC2XvowLtctiqz8Xc41R3LVrkh/2io25F8ReunQRoy3w2rPjz6jlZriL9+VdDne5EkVdVGjX2ZBr38wwl/NbuRj+ZoNVvbxv1NW0a6/G8Pvlhdmml6/uyrV69dwTur+1kPz88qiJc596yx20n0K7/DffcKINqJ5CByJUjYLzHYOag9vp515C/lFInWvUYIicOAhFaBAxHlbXimvWiHgcNQh551x4B8mXYiy0uXhcgQM15xx0BvWSYnXsuZaeizAG+d15BdnoISzECagjiQXB5txsBQEzJHUM0taii/kRpNpqrRnU4ZPEDaTjMweRFlswB20pSpFpGuciQp6Vdp1BW+6Z5jghikhlQZV9hguPAqGYoiuI/gUMJphAdCdCjT0WGULHDGmhQ730co1ccLBQwKgFfJAEjvCJiFGKQCp0jCv+liwi6yKalNnWF6TmOuoNkSr05X10VnRmeagm1AsnsyYrK5RsxaLrswX8UOxB2QSKXJIXHdPKfK0weZC2yoa7yKZqwQEttF+cltCv2GKkbXWxkGvQNbCIK66taeF67rMf1KeQOINuRAwxjQ5ETKz2hsusWq7sey4bNsWSsL1dqvWBw9AmQZMrE4triVvmYvwsHDLh0vG9byUhsq4T+OsSMZGcrKzLbQGzwsq5avwSxzLPqsmncAHjA86jTgBTzD0v0grQcrFBdAE0q9RL0pHgO1csN+CsLkvH9NyKvHZhcrHDH8CEcMKWeKsXHGM/2zJMMNtridV9EeLDBLneEHX+S8QgO2skrbRK2KN7y0SMp38mrvjijDfueFCANPGDCxlUbrkLPzQRiFCwaAKJIHaELrogkGiyMFnBeAGC5ay3XjkIXsC5UzWf+CH67biH7scnwX7lyg2uB9+63jr9UkjuyONeyC9h4bK68NC/TrdMxdie/PW6Y+lVF9F3n0EXOIWC/fh2hAJWC95H7wJOoJN/vSDnpw99C+y7/z5Y3MsfPPg3iW8/8ub7ivP01zoQTC8m1fsf7vygPa/8joCVI15OjKfA0C1vLMHowvO8BwI1yE4n1QiF9cjnB1f0TiyR+wH6WteCzAGCc5p4RPtuJ4hHmO5xOMyhDnfIwx5CRBj+ojgdTXaBi3YNxhJPUIESlbgEIbZkF39AgxSlOAgn8qUQO1iiFlUAAyumBBdsmKIY0dCGwt1FFFnc4hZ3AJM2jPGNbTigXHSxBDXaUQXCcEkw3shHNPzhg3Txwx3v6EWT4KKPfRQFXYSRxEGq8QUwCSMi3zgII7JFGD9wpB3555JFTJKPdrCkWpqgyUcW8iS7kOQnxeiItwiylFsshExcsco3mtEsaYSlEjkZE0/WcoptaAssdLlEP9hEFL+couDQ0gZi7uCUxXDFLYUFC7AVZBdu/OUm2FIIXbYhjwiBxRdyQM4fnBIiueACFdZpBxodhBqb+OU0xaKLUjbBTwb+icQPyMlPc2IknesMKBcUmZBgDGKVgExLM++4BIImhA38jGgOroARNgT0olT4w0JwEcVEvqUQmVziDrqAz4MQQqISxQhGMdorhQRjEdmUoh3miZYPOQQWKJWoF3cxhyc8YQ7LHEguVopRdzIEF3LsSzGQkNOIFu4WSzCCVI2wBP6YiagXBYM1XROHpkb0IMbgwlSnygVjHASrF41E4nbh1a8axA9jHasxDYLWizIvTeNsaw6+YBBjRDWuUl3CQdxQV3amyRV6JefeMgHYsWbCIK4o7DrPeZgrJDYIB2lDY6caTIOAQbIQcw1bE6tWz25WqmCIk2SpcFfRQFSvmD3+yBNOa4QnIOSzhdUoanyQWDPSVqrhlCwXXJNYiiLkt0Z4qGRRg1O9BnUgyE3ILyRrVMUgtq2EUEh0E4KJwlJWMMVoK1+1+9uFEBatrmFCU5nQwINsNyHHUANW1eCaSOSUDe2VLW1tu5Bj/IGoDhVNV/npg9IyBAy0TW1DRLGFi7bUNa6IQxwM3BDNnrazDhFFJCLx3ccx9rSP9WFG/LpZwYpYI3Bt7CBOrBFjbAGwWzArizMC1bEu4bkzpsgu/OBTP+A4x0AOspCHTOQiG/nISE6ykpfM5CY7+clQjrKUp0zlKlv5yljOspa3zOUue/nLYA6zmMdM5jKb+cxoTrMNmtfM5ja7+c1wlktAAAAh+QQJAwD3ACwAAAAAyADIAIcAAAAAR2YAkM4AldUAldUAldUAldUAldUAltYAltYAltYAltYAltYAltYCl9YLmtcSndkUntkVntkVntkVntkVntkVntkVntkVntkWn9oWn9oXn9oYoNofo9snptwpp9wqp9wqp9wqp9wqp9wrqNwrqN0rqN0rqN0sqN0uqd0wqt4yqt4zq941q943rN85rd88rt8+r98/r98/r98/r98/r99AsOBAsOBAsOBAsOBAsOBBsOBDseBFsuFHs+FJtOFLtOFNteJOtuJPtuJRt+JSt+NTuONUuONUuONUuONUuONUuONUuONVueRVueRVueRVueRVueRXueRau+Rcu+RdvORfveVivuVkv+ZmwOZoweZqweZrwudrwudrwudqwedqwedqwedrwudtwudzxeh3xuh5x+l6yOl7yOl8yel/yuqAy+qAy+uAy+uAy+uAy+uAy+qAy+uAy+uAy+uCzOuEzOuMz+yR0e2R0e2S0u2T0u2U0u2U0u2U0u2U0u2U0u2U0u2U0u2U0u2U0u2U0u2U0u2V0+2X1O6a1e+b1u+d1u+c1u+c1u+d1u+e1++g1++h2O+j2fCl2fCo2/Cp2/Cq2/Cq2/Cq2/Gq2/Gq2/Gq2/Gq2/Gq2/Gq2/Gq2/Gq2/Gq2/Gr3PGv3vGw3vK64vS+5PS/5PTA5fTC5fXB5fXA5fXA5fS/5PS/5PTA5PTA5fXA5fXC5vXE5vXG5/XI6PbK6PbM6vbO6vbP6/fR7PfS7PfT7ffU7fjU7fjU7fjU7fjV7fjV7fjW7vjY7/ja7/nd8fnf8fng8vrh8vrh8vrl9Pvq9vvr9vvr9vzq9vzq9vzq9vzr9vzr9vvq9vzq9vzr9vzs9/zr9vzr9vzs9vzt9/zv9/zz+f32+/33+/33+/34+/34+/33+/32+/31+v30+v30+v30+v30+v30+v30+v31+v32+/34+/3+/v7+/v7+/v7+/v7+/v7+/v7+/v7+/v7+/v7+/v/+/v/+/v7+/v7+/v7+/v7+/v7+/v7+/v4I/gDvCRxIsKDBgwgTKlzIsKHDhxAjSpxIsaLFixgzatzIsaPHjyBDihxJsqTJkyhTqlzJsqXLlzBjypxJs6bNmzhz6tzJs6fPn0CDCh1KtKjRo0iTKl3KtKnTp1CjSp1KtarVq1izat3KtavXr2DDih1LtqzZs2jTql3Ltq3bt3Djyp1Lt67du3jz6t3Lt6/fv4ADCx5MuLDhw4gTK15bTpu2cotvurPmrLIza+4i09Rm2bI2zTLLde4MGfRLyqMrWzPtElzqzuBYY1TFhs0jiNxeW+YGcduyZd1kC1SDoDgCCI4cbtNdeZtDbcOASQe2TLYj49itOF/Imflnhsqm/ovfDjoFduwqyCNkbplhMfHii5nedv48kYXsKy9EBh++aVX1nXeHQvk5o5A2/cEXnGa4BHjeMQkVmBA4CcLnjWkOYnffevkldEyF4rEGQYbGqcIhewh1A+J0w7BmBYnFdYBQd7p9ZxAxK0qnDGvHwFhccgYtx5x6A22To3SxsWaDjzIalBtzvN14JISyAeijiQW5xlySBHFzJDALyjaEj0MchFpqqxnEX47ICCdQjz4eJNprYRL0JZfCEQfjjKnZWNCR1bkp0DYdwIhlQZN1lqZBKq5IjGHbzDLLQw2SiEtCjT2WkDc5XqjcNpnFNQkPGZSaAQtjtLnQHSRitKKf/gh5MwwtqtSqii0GumWHqbyWWoQsC70YoA0YfZjgjgptg4utzNZK5VrI9CptBlaoipAjI2IHwaUXyQrfMEQW5A0vzZariqdqTTLttHaEOxAuwh7HLUbe6oiuQe4cY665uaq167rSsrBLsrV61E2dB3FD677lPpvWLgCvi4hNyjC8b5RrsRDxtGPQNIzF5tLilrobSzuJTM6AzO9bY5TcqwcDv8SNLCo32+Jb2+zgMq8dv/RxzbbaEirOVexcqgcw0Qy0KrwMHRciRmcQM0vbLC1Lv3QhQ8TO7p7kDdC83GuXLBpHzAJMCzNMS9d2TVK2tDDDNPO+tGDtFylVeMAr/hFTy7ysrbLwsihh28jSN03cgCro4ow37vjjkAclChpW+FDC5Zj7YAUaowh1TC2ukBLK6KST4kotDo/FjR0vYO7665e/YAfGOYGDyyik56776KPggudXwhgB+/CvGyGMTtuIvvvyuZPCNlbKtE789LEja1M3uDOvPe8Ib1UH9eCXUAdOuGxvfijzdtVD+NT7gJPy5zNPCljrs098D+/Hr/38X31v//Dju0n59Le89HElev973QusV5NuiIKAuhNF97YijCIk8HJFOF5OkgfB0TlPdXWQXvheYAja4cR2D4yfKIDxO7GI4gxWqJ/remCFM4jCc6CDX+lOl7rI+fCH/kAMohCHuBBu5OJRN2mGMloYmFikwQZQhCIZkAiTZozCEFjEIinkExhSSCGKYLRBEKjYEmUsIotoNEQkbsYXXHwxjGGUAkwgkcY6RoKBdlEGGeDIRxuYMCXcqKMgDTGKP8YlFH3sIxlVooxBDjIXdOHGExMJxyDA5IyOrCMpmKgWbmCBknwMoEtKkUlBUoKTaEEDKCu5yJU0A5OlRGMp3oLIVYaRfzARRizrqEG2vNGWUBRlTEi5yyxGoi3EAGYUQ2GTXBQzi81giyOUKYVWEqQc0vHIMY4htoI0g47FrAVbSAFMRxjyTXZogjqt0EOKKMMOtWHDJPBIEHDUopi9/kyLMlaJBnoSxBRWUKdA2YmRd8azNnYwYEG4QYpYnrMs0+wjGRRaEEMI9KJNUANGHnHQg3ZOIcq44iPfQopPRlEKdfBnQUaBUYxipKMdFVkRSwFOLFIin2/BBUURcoyWYrSd97BGKNSghlAMjiDKgGlHVXoQZTC1L+Xggk8vyouDIKMMXMgqF8pgLYIcQ6kHvUM3WXOJqV70IN2og1a1WocJgvWghxKOM8x6VoOEYq1rZaZB3nrQ5ykmnXRtgh0YhVW8ZrUMB5kEX2tzMuHwIrDqrGpBZmHYtU6qIMJYbG2Aqhg1QPYLB4FEZbUKiYPcQbO3Yc1cIWsK0442qwMy/gguNMsGvxbGooEF7UHS8FouaNS0mv0oaAIaWMkapLdZ5almB2sayP72IMjlQkI4uljT9DSwdiNIdBOyDc0+lTCPpatwoYtchdBisZwtTDnoytyEbFchin0ra8ow1TKUxr3lVYg3DgHWQ7DGFD41xH0TwtvXpoEh3hiFUneamLIOtLUNuUNvY8sQXMAznjKVDS8ucQkIO0S0ry0tpZxFRINQ9rWXLfFFukGG0ZJBxRq5a2XHC+OKpNWwba1xRpDRYq2S4ag6rohQ05AGowb5yEhOspKXzOQmO/nJUI6ylKdM5Spb+cpYzrKWt8zlLnv5y2AOs5jHTOYym/nMaE6zFprXzOY2u/nNcI6znOdM5zrb+c5ICQgAOwAAAAAAAAAAAAAAAAAAAAAAAAAAAAAAAAAAAAAAAAAAAAAAAAAAAAAAAAAAAAAAAAAAAAAAAAAAAAAAAAAAAAAAAAAAAAAAAAAAAAAAAAAAAAAAAAAAAAAAAAAAAAAAAAAAAAAAAAAAAAAAAAAAAAAAAAAAAAAAAAAAAAAAAAAAAAAAAAAAAAAAAAAAAAAAAAAAAAAAAAAAAAAAAAAAAAAAAAAAAAAAAAAAAAAAAAAAAAAAAAAAAAAAAAAAAAAAAAAAAAAAAAAAAAAAAAAAAAAAAAAAAAAAAAAAAAAAAAAAAAAAAAAAAAAAAAAAAAAAAAAAAAAAAAAAAAAAAAAAAAAAAAAAAAAAAAAAAAAAAAAAAAAAAAAAAAAAAAAAAAAAAAAAAAAAAAAAAAAAAAAAAAAAAAAAAAAAAAAAAAAAAAAAAAAAAAAAAAAAAAAAAAAAAAAAAAAAAAAAAAAAAAAAAAAAAAAAAAAAAAAAAAAAAAAAAAAAAAAAAAAAAAAAAAAAAAAAAAAAAAAAAAAAAAAAAAAAAAAAAAAAAAAAAAAAAAAAAAAAAAAAAAAAAAAAAAAAAAAAAAAAAAAAAAAAAAAAAAAAAAAAAAAAAAAAAAAAAAAAAAAAAAAAAAAAAAAAAAAAAAAAAAAAAAAAAAAAAAAAAAAAAAAAAAAAAAAAAAAAAAAAAAAAAAAAAAAAAAAAAAAAAAAAAAAAAAAAAAAAAAAAAAAAAAAAAAAAAAAAAAAAAAAAAAAAAAAAAAAAAAAAAAAAAAAAAAAAAAAAAAAAAAAAAAAAAAAAAAAAAAAAAAAAAAAAAAAAAAAAAAAAAAAAAAAAAAAAAAAAAAAAAAAAAAAAAAAAAAAAAAAAAAAAAAAAAAAAAAAAAAAAAAAAAAAAAAAAAAAAAAAAAAAAAAAAAAAAAAAAAAAAAAAAAAAAAAAAAAAAAAAAAAAAAAAAAAAAAAAAAAAAAAAAAAAAAAAAAAAAAAAAAAAAAAAAAAAAAAAAAAAAAAAAAAAAAAAAAAAAAAAAAAAAAAAAAAAAAAAAAAAAAAAAAAAAAAAAAAAAAAAAAAAAAAAAAAAAAAAAAAAAAAAAAAAAAAAAAAAAAAAAAAAAAAAAAAAAAAAAAAAAAAAAAAAAAAAAAAAAAAAAAAAAAAAAAAAAAAAAAAAAAAAAAAAAAAAAAAAAAAAAAAAAAAAAAAAAAAAAAAAAAAAAAAAAAAAAAAAAAAAAAAAAAAAAAAAAAAAAAAAAAAAAAAAAAAAAAAAAAAAAAAAAAAAAAAAAAAAAAAAAAAAAAAAAAAAAAAAAAAAAAAAAAAAAAAAAAAAAAAAAAAAAAAAAAAAAAAAAAAAAAAAAAAAAAAAAAAAAAAAAAAAAAAAAAAAAAAAAAAAAAAAAAAAAAAAAAAAAAAAAAAAAAAAAAAAAAAAAAAAAAAAAAAAAAAAAAAAAAAAAAAAAAAAAAAAAAAAAAAAAAAAAAAAAAAAAAAAAAAAAAAAAAAAAAAAAAAAAAAAAAAAAAAAAAAAAAAAAAAAAAAAAAAAAAAAAAAAAAAAAAAAAAAAAAAAAAAAAAAAAAAAAAAAAAAAAAAAAAAAAAAAAAAAAAAAAAAAAAAAAAAAAAAAAAAAAAAAAAAAAAAAAAAAAAAAAAAAAAAAAAAAAAAAAAAAAAAAAAAAAAAAAAAAAAAAAAAAAAAAAAAAAAAAAAAAAAAAAAAAAAAAAAAAAAAAAAAAAAAAAAAAAAAAAAAAAAAAAAAAAAAAAAAAAAAAAAAAAAAAAAAAAAAAAAAAAAAAAAAAAAAAAAAAAAAAAAAAAAAAAAAAAAAAAAAAAAAAAAAAAAAAAAAAAAAAAAAAAAAAAAAAAAAAAAAAAAAAAAAAAAAAAAAAAAAAAAAAAAAAAAAAAAAAAAAAAAAAAAAAAAAAAAAAAAAAAAAAAAAAAAAAAAAAAAAAAAAAAAAAAAAAAAAAAAAAAAAAAAAAAAAAAAAAAAAAAAAAAAAAAAAAAAAAAAAAAAAAA&quot;&#10;            alt=&quot;Loading...&quot; style=&quot;padding: 10em; display: block; margin: auto;&quot;--&gt;&#10;    &lt;/my-app&gt;&#10;    &lt;!-- Load aot application code --&gt;&#10;    &lt;script src=&quot;./app/build.js&quot;&gt;&lt;/script&gt;&#10;&lt;/body&gt;&#10;&#10;&lt;/html&gt;&#10;" type="java.lang.AssertionError"><![CDATA[java.lang.AssertionError: 
1 expectation failed.
Response body doesn't match expectation.
Expected: "Hello World!"
  Actual: ï»¿<!DOCTYPE html>

<html lang="en">

<head>

    <title>HP PC Hardware Diagnostics Windows Application</title>
    <meta charset="UTF-8">

    <meta http-equiv="X-UA-Compatible" content="IE=edge" />


    <!-- 1. Load libraries -->
    <meta name="viewport" content="width=device-width, initial-scale=1">
    <!-- essential for routing -->
    <base href="/">

    <link rel="stylesheet" href="node_modules/bootstrap/dist/css/bootstrap.min.css">
    <link href="css/fa/css/font-awesome.css" rel="stylesheet" />
    <link rel="stylesheet" href="css/typography.css" />
    <link rel="stylesheet" href="css/site.css">
    <link rel="stylesheet" href="css/hp-buttons.css" />


    <script>
        window.module = 'aot';
    </script>
    <script src="node_modules/core-js/client/shim.min.js"></script>
    <script src="node_modules/jquery/dist/jquery.min.js"></script>
    <script src="node_modules/moment/moment.js"></script>

    <script src="node_modules/zone.js/dist/zone.js"></script>

    <script src="WebApi.js"></script>

    <style>
        body {
            background-color: white;
        }
    </style>

</head>
<!-- 3. Display the application -->

<body>
    <my-app>
        <!--img src="data:image/gif;base64,R0lGODlhyADIAPcAAAAAAABHZgCQzgCV1QCV1QCV1QCV1QCV1QCW1gCW1gCW1gCW1gCW1gCW1gKX1gua1xKd2RSe2RWe2RWe2RWe2RWe2RWe2RWe2RWe2Raf2haf2hef2hig2h+j2yem3Cmn3Cqn3Cqn3Cqn3Cqn3Cuo3Cuo3Suo3Suo3Syo3S6p3TCq3jKq3jOr3jWr3jes3zmt3zyu3z6v3z+v3z+v3z+v3z+v30Cw4ECw4ECw4ECw4ECw4EGw4EOx4EWy4Uez4Um04Uu04U214k624k+24lG34lK341O441S441S441S441S441S441S441W55FW55FW55FW55FW55Fe55Fq75Fy75F285F+95WK+5WS/5mbA5mjB5mrB5mvC52vC52vC52rB52rB52rB52vC523C53PF6HfG6HnH6XrI6XvI6XzJ6X/K6oDL6oDL64DL64DL64DL64DL6oDL64DL64DL64LM64TM64zP7JHR7ZHR7ZLS7ZPS7ZTS7ZTS7ZTS7ZTS7ZTS7ZTS7ZTS7ZTS7ZTS7ZTS7ZTS7ZXT7ZfU7prV75vW753W75zW75zW753W757X76DX76HY76PZ8KXZ8Kjb8Knb8Krb8Krb8Krb8arb8arb8arb8arb8arb8arb8arb8arb8arb8avc8a/e8bDe8rri9L7k9L/k9MDl9MLl9cHl9cDl9cDl9L/k9L/k9MDk9MDl9cDl9cLm9cTm9cbn9cjo9sro9szq9s7q9s/r99Hs99Ls99Pt99Tt+NTt+NTt+NTt+NXt+NXt+Nbu+Njv+Nrv+d3x+d/x+eDy+uHy+uHy+uX0++r2++v2++v2/Or2/Or2/Or2/Ov2/Ov2++r2/Or2/Ov2/Oz3/Ov2/Ov2/Oz2/O33/O/3/PP5/fb7/ff7/ff7/fj7/fj7/ff7/fb7/fX6/fT6/fT6/fT6/fT6/fT6/fT6/fX6/fb7/fj7/f7+/v7+/v7+/v7+/v7+/v7+/v7+/v7+/v7+/v7+//7+//7+/v7+/v7+/v7+/v7+/v7+/v7+/iH/C05FVFNDQVBFMi4wAwEAAAAh+QQJAwD3ACwAAAAAyADIAAAI/gDvCRxIsKDBgwgTKlzIsKHDhxAjSpxIsaLFixgzatzIsaPHjyBDihxJsqTJkyhTqlzJsqXLlzBjypxJs6bNmzhz6tzJs6fPn0CDCh1KtKjRo0iTKl3KtKnTp1CjSp1KtarVq1izat3KtavXr2DDih1LtqzZs2jTql3Ltq3bt3Djyp1Lt67du3jz6t3Lt6/fv4ADCx5MuLDhw4gTK15bTpu2cotvurPmrLIza+4i09Rm2bI2zTLLde4MGfRLyqMrWzPtElzqzuBYY1TFhs0jiNxeW+YGcduyZd1kC1SDoDgCCI4cbtNdeZtDbcOASQe2TLYj49itOF/Imflnhsqm/ovfDjoFduwqyCNkbplhMfHii5nedv48kYXsKy9EBh++aVX1nXeHQvk5o5A2/cEXnGa4BHjeMQkVmBA4CcLnjWkOYnffevkldEyF4rEGQYbGqcIhewh1A+J0w7BmBYnFdYBQd7p9ZxAxK0qnDGvHwFhccgYtx5x6A22To3SxsWaDjzIalBtzvN14JISyAeijiQW5xlySBHFzJDALyjaEj0MchFpqqxnEX47ICCdQjz4eJNprYRL0JZfCEQfjjKnZWNCR1bkp0DYdwIhlQZN1lqZBKq5IjGHbzDLLQw2SiEtCjT2WkDc5XqjcNpnFNQkPGZSaAQtjtLnQHSRitKKf/gh5MwwtqtSqii0GumWHqbyWWoQsC70YoA0YfZjgjgptg4utzNZK5VrI9CptBlaoipAjI2IHwaUXyQrfMEQW5A0vzZariqdqTTLttHaEOxAuwh7HLUbe6oiuQe4cY665uaq167rSsrBLsrV61E2dB3FD677lPpvWLgCvi4hNyjC8b5RrsRDxtGPQNIzF5tLilrobSzuJTM6AzO9bY5TcqwcDv8SNLCo32+Jb2+zgMq8dv/RxzbbaEirOVexcqgcw0Qy0KrwMHRciRmcQM0vbLC1Lv3QhQ8TO7p7kDdC83GuXLBpHzAJMCzNMS9d2TVK2tDDDNPO+tGDtFylVeMAr/hFTy7ysrbLwsihh28jSN03cgCro4ow37vjjkAclChpW+FDC5Zj7YAUaowh1TC2ukBLK6KST4kotDo/FjR0vYO7665e/YAfGOYGDyyik56776KPggudXwhgB+/CvGyGMTtuIvvvyuZPCNlbKtE789LEja1M3uDOvPe8Ib1UH9eCXUAdOuGxvfijzdtVD+NT7gJPy5zNPCljrs098D+/Hr/38X31v//Dju0n59Le89HElev973QusV5NuiIKAuhNF97YijCIk8HJFOF5OkgfB0TlPdXWQXvheYAja4cR2D4yfKIDxO7GI4gxWqJ/remCFM4jCc6CDX+lOl7rI+fCH/kAMohCHuBBu5OJRN2mGMloYmFikwQZQhCIZkAiTZozCEFjEIinkExhSSCGKYLRBEKjYEmUsIotoNEQkbsYXXHwxjGGUAkwgkcY6RoKBdlEGGeDIRxuYMCXcqKMgDTGKP8YlFH3sIxlVooxBDjIXdOHGExMJxyDA5IyOrCMpmKgWbmCBknwMoEtKkUlBUoKTaEEDKCu5yJU0A5OlRGMp3oLIVYaRfzARRizrqEG2vNGWUBRlTEi5yyxGoi3EAGYUQ2GTXBQzi81giyOUKYVWEqQc0vHIMY4htoI0g47FrAVbSAFMRxjyTXZogjqt0EOKKMMOtWHDJPBIEHDUopi9/kyLMlaJBnoSxBRWUKdA2YmRd8azNnYwYEG4QYpYnrMs0+wjGRRaEEMI9KJNUANGHnHQg3ZOIcq44iPfQopPRlEKdfBnQUaBUYxipKMdFVkRSwFOLFIin2/BBUURcoyWYrSd97BGKNSghlAMjiDKgGlHVXoQZTC1L+Xggk8vyouDIKMMXMgqF8pgLYIcQ6kHvUM3WXOJqV70IN2og1a1WocJgvWghxKOM8x6VoOEYq1rZaZB3nrQ5ykmnXRtgh0YhVW8ZrUMB5kEX2tzMuHwIrDqrGpBZmHYtU6qIMJYbG2Aqhg1QPYLB4FEZbUKiYPcQbO3Yc1cIWsK0442qwMy/gguNMsGvxbGooEF7UHS8FouaNS0mv0oaAIaWMkapLdZ5almB2sayP72IMjlQkI4uljT9DSwdiNIdBOyDc0+lTCPpatwoYtchdBisZwtTDnoytyEbFchin0ra8ow1TKUxr3lVYg3DgHWQ7DGFD41xH0TwtvXpoEh3hiFUneamLIOtLUNuUNvY8sQXMAznjKVDS8ucQkIO0S0ry0tpZxFRINQ9rWXLfFFukGG0ZJBxRq5a2XHC+OKpNWwba1xRpDRYq2S4ag6rohQ05AGowb5yEhOspKXzOQmO/nJUI6ylKdM5Spb+cpYzrKWt8zlLnv5y2AOs5jHTOYym/nMaE6zFprXzOY2u/nNcI6znOdM5zrb+c5ICQgAIfkECQMA6QAsAAAAAMgAyACHAAAABUReCZTPCZnWCZnWCZnWCZnWCZrXCZrXCZrXCZrXCZrXCZrXCZrXCZrXCZrXCZrXCZrXCprXEJ3YGaDZHaLaHqLaHqLaHqLaHqLaH6PbH6PbH6PbH6PbH6PbH6PbIKPbIKPbJKTbLajdMardM6rdNKveNKveNKveNKveNKveNKveNKveNaveNqzeOK3fOq7fPK/fP7DgQbDgQrHgRLHgRLLhRrLhR7PhSLPhSbThSbThSbThSbThSbThSbTiSbTiSbTiSbTiSbTiSrTiTbXiULfjVbnjWbrkWbrkWrvkWrvkXLzkXbzkXbzkXrzlXr3lXr3lXr3lXr3lYb7lZb/mZ8DmasHnbsPncsXodMbpdMbpdMbpdMbpc8XodMbodMbpe8jpgcvqh83riM3ric7sic7siM3riM3riM3ric7sic7sic7sis7sis7si8/sjM/sjdDsjdDsj9DskdHtk9LtldPtl9TumNTumdTumdTumtXum9XunNbunNbunNbundbvntfvntbvntfvntfvntfvndfvndfvndfvndfvntfvntfvoNjvpNnwqdvxrt3ysd/yst/yst/yst/ys9/ys9/ys9/ys9/ys+DytODzt+HzweX0xOb1xef1xuf1xOb1weX1xOb1xeb1x+j1yen2yen2yen2yen2yun2z+v30ez30ez30Ov3zuv2y+r2yun2yun2y+r2zer20ez31+742/D53PD53PD53PD52u/52/D53fD53vH53vH63vH63vH53vH53vH53fD52u/52O/42e/52/D53vH54vP64/P65fT75fT75fT75/X76fb76/b77ff87vj88Pj88Pj88fn88vn88vn88vn88vn98/n98/r98/r99Pr99fr99fr99vv99vv99/v9+Pv9+Pz9+fz++vz+/P3+/f3+/f7+/v7+/v7+/v7+/v7+/v7+/v7+/v7+/v7+/v7+/v7+/v7+/v7+/v7+/v7+/v7+/v7+/v7+/v7+/v7+/v7+/v7+/v7+/v7+CP4A0wkcSLCgwYMIEypcyLChw4cQI0qcSLGixYsYM2rcyLGjx48gQ4ocSbKkyZMoU6pcybKly5cwY8qcSbOmzZs4c+rcybOnz59AgwodSrSo0aNIkypdyrSp06dQo0qdSrWq1atYs2rdyrWr169gw4odS7as2bNo06pdy7at27dw48qdS7eu3bt48+rdy7ev37+AAwseTLiw4cOIEyteS65bN3KLb6Ljpq2yNm7oItP8ZtnyN80yyXXuDBn0S8qjK3Mz7dJc6s7mWGMENWZMI4jjXlseB1FbtGjhZAscc6D4AQqMHHLWre1zQ2rIeknvFU02I+PYrVRf2I25tm4M0f45m05eG+sX2LG/2J7Qe+WF6JSRJ6/MdLT06Y8sdG9e4fj55JkGCn7p1aEQfwpRA+B8wWnGCoHp9dKeewmZs+B8pWkGIXb6IYQgQs1cGKBpFGxoHCgeUnhQOCKOCFoVJhYnAkLdMQfeQdG12MszrPUSY3HJGbScbs4VpI2O0sXG2g0/zmhQbszxZlCOLTYj3IA/oliQa8wpSVA3SPbSoGxH/NhhQailtppB/7XojHAC+fjjQaK9liFBYXopHHExIjSkZwghyR6c0YgQo5YFTdbZmgax2CIymRFGzSijPPSgiawk1Nhjmup450LYYKOnW47ooMGpGsDgRTIM1WEiRv4tUsMQOb2oQsqtpNDCo1tzoOrrqUhUqhCMBN6AUYgL7poQNrTg6uytrLKVzK/UalBFtAgxUiJ2FGR6Ea0A9ocQObU8ay4pn57lSLXVziErQqwQe5y3GIEr3TPpDmROMueeq2xavbJLLQy0KBQNKIhuFE44kdJoa7/mYpsWLQKzC4hNzkDc741rxVBxtV7Q1IvG56pC6sfVOiLTMyT7+5YWKP86QsEvddNKy89K+BY1P8TsqxYwjYwzrqqMyhY1Vfh86ggw3Tw0KbUY7ZYhSmtAM0vYPN3Kv3Mlg4TP77JEztC15DvXKB5XHANMD0OsCjZ+OZI2tTPDZHO/qnDdl/4mVYzgKxJX19wsrq3UMuhgkwZOUzeiwun445BHLvnkSGEihhVFmKD55kVYIQYlQiWjiiegYGL66aB4oorEY2EDxwybxy675jPAAfdO5dCiyem89266JrSUM1YxSsxuvOxKFKMTNaX77jzvoITtlTKwH2897fXd9M3uz3f/e5FdxXH9+CbEgRMt3qePieJbZU6+9UXg1Lz6zyfMlfvvGx//TfPT77v9WxFf/oxnvpugz3/OY59WlCGDAcpOBtmzyfYQ2DtNgK8rxHOg5pK3vP75L3qti0MD3yeDPNxOJ7njnvo0UQzhmcVyVcAf56ogBkyEbnQexETqVke5Hvrwh/5ADKIQL6INVejMJtBohtn+4gkx/OCJT9TCEV8CDU0E4opX3AQyBKMJKkDxiz84whRZ0oxGYPGMgXBELfyiCi+CEYxUgIkj0EhHR1gpL83Qwhv3+ANxrUQbdAxkIDThx7k8go98HGNKmiFIQSqwLdpwIiLfeKaWmLGRdNzEEtGijStMco8FdMkmMBlISGzSLJL85BfFCBNoXJKUZ+TEWw6pSjBqQia1gCUd19gWN9byiaGMySh1iUWVsaUXv4TiI2xCC2JiERpsaUQyqaDIL9HikRZBBjKkhBBozJGYqWCLJn7ZiEISBBl0gII6r7DFjDiDDmWI5yPeNK5UEJOXav5phirFcEeEgOIK6gwoOzHyzngalA4ma88wMWnOs0iTj1pIaEL2ENCKQmEMGHGEQTdahlsqpBlWdORbNOFJKFIhDv1MiCYsalGMcJSjqGCINjbxzStCAp9wUYVEGYIMllq0nQaJBiRqA4nDDcQZL+UoPRvSjJQKphta8GlFFaiMMGjhqloIQwTPmdSN4oGbcHqEVCt6kG/MAatYncMFBdLVjcrScc8YK1kNAgm0ohUSB2nrRqXhuHTKFQp0EJJV7XrVMBzkEXqVJ5xo8Vd1ss8VhEWrKwySi8TGE6imGUNjs3AQR0QWq8YsCB4sG1rQxLWxAEzHHT571TscRBWWLf4DX01D0b9y9iBjYK0WMHqQ0SY2E6yxQmMfqdurIgQZlg2saRrL24MUF2gI0WhiTdPTv+ptIM9NiDQsu9TFMFauHkVIdhOCisRiVjHdkKtyEzLehCC2rawJg1TDwDHxFnch4whEVwPBGlD4dA/1RUhuWdvchIwjE0ndqWbEGlArpPYgq2WtaxuiijlsNKbCocUjHvHg6Oq2tAxRBSc4cd4hCgSyrJ2siTPyjcES1rAr1khdIxveGF/kG3EgbBzWamOKVBWtYTBqjysiVKIKechITrKSl8zkJjv5yVCOspSnTOUqW/nKWM6ylrfM5S57+ctgDrOYx0zmMpv5zGhOsxia18zmNrv5zXCOs5znTOc62/nOeJ5LQAAAIfkECQMA5wAsAAAAAMgAyACHAAAACUtnEZfREZzYEZzYEZzYEZzYEZzYEpzYEp3ZEp3ZEp3ZFp7ZHqLaJaXbJqXbJ6bcJ6bcJ6bcJ6bcKKbcKKbcJ6bcJ6bcKqfcOK3fPK7fPK7fPK7fPa7fPK7fPa/gPa/gPa/gPa/gP6/gQbDgQ7HhRrPhSLPhSbThS7TiTrbiULfiUbfiUbfiUrjjUbfjUbfjUrjjUbfjUbfjUrjjVLnjV7rjYr7mZr/mZr/mZr/mZr/mZr/mZr/mZ8DmZ8DmacDmasHna8HnbcLncsToeMfpe8jpfMnpfMnqfMnqfMnqfMnqfcnqhs3rjtDskdHskdHtkdHtkdHtkdHtktLtk9LtlNLtldPtldPtltPtltPtl9TtmdXum9buntfvodjvo9nwpdrwptrwptrwptrwptrwptrxp9vxqdzxq9zxrt3ysN7ysd7yteDzueLzu+Lzu+Lzu+Lzu+Lzu+Pzu+PzvOP0vOP0wuX1xOb1xeb1xef1xef1x+f1yun2zur30Ov30ez30ez30ev30ez30ez40+z41e341+742e/52u/52/D53fD54PL64vP65PP65fT65vT75vT75vT75vT75vT75vT75/X75/X75/X75/X75/X76fX76/b77Pf77ff87vf87/j87/j87/j87/j88Pj88Pj88fn88vn88/r99Pr99Pr99Pr99Pr99Pr99Pr99Pr99vv9+Pz9/v7+/f7+/P7+/P3+/P3+/P3++/3+/P3+/P3+/P3+/f7+/v7+/v7+/v7+/v7+/v7+/v7+/v7+/v7+/v7+/v7++fz++fz++fz++Pz++fz++fz++fz++vz++vz++/3++/3++/3++/3++/3++/3++/3+/P3+/P3+/P3+/P3+/P3+/P3+/P3+/P3+/P3+/P7+/P7//P7//P7//P7//f7//v7//////////////////////////////////////////v7//v7//v7//v7//v7//v7//v7//v7//v7//v7//v7//v7//v7//v7//v7/CP4AzwkcSLCgwYMIEypcyLChw4cQI0qcSLGixYsYM2rcyLGjx48gQ4ocSbKkyZMoU6pcybKly5cwY8qcSbOmzZs4c+rcybOnz59AgwodSrSo0aNIkypdyrSp06dQo0qdSrWq1atYs2rdyrWr169gw4odS7as2bNo06pdy7at27dw48qdS7eu3bt48+rdy7ev37+AAwseTLiw4cOIEytea65cOXOLcZYLRzlcucg1J1emfBlzTHObN0P2/FJzaMukXYI+XXl0aot4mjQ5A3E163CuG8JCherYa4FNEghP0MCMQ9OsOzOEtcmSc0uoXpsZTl0IKYbITytPaA7U8++wUv5/oE59xHWFtzcvNNfp+/dOpEmRJ39jYfrKC727/04az3zyW6B3XzgKwbKfe75hRsh/5DGS0IAEIlTLge7hQhqD1NWHEIQJeUIhf6Q1gOFweGw4IELHfPjcJqkFMaJwGCCUXWjbEcSJis6d5xkjLwpnnEEzblajQAbiaEktr6nQY4wG2cZabgPdiKMnv/nXY4kFOXkalOcoY6QlCb5mQ482HBQkagbppyIovwnEY48HadnaQV8i2eY5wb0oo3YIGRndneeQgsGLWAIpJIo4csLlX6b00cdDC45ICHeOLSoQLjha6FAqqdgJlxorQCAqBCQU4QhDW4yIkYrhLYRLI/6HECIrIYl88lYVo+Yq6g2PKuTifypg5OGBOiKUyiKzJiurJW05ouuzEAhxakJmiEhdA5NehEtz323SKkK4MKLsuIRoqpYa0EJbhSkJEfIrcdlitO1zpJhr0ITkkmvrWrim+ywJhyhECh6FbnTMMZYKpEys+Y7L7FqH+JvuFzZx0nC+yrRVgsTQFkFTIxeTG3Bb6HL8rBoyfRKyvm8VYbKuGYzskjKGrKxsI3CZosLLuXr8Esg2z5qIp26ZEgTPomYAU81BE8II0XB9gTQEMq+UStOG7FuXIzfwzG5LuATNiL129bGxxCXAxHDDh6TilxpnPxszTDTne4jWf80RRP4Gud5Q9czIzmoII18X1ujfMynTKaCMN+7445BHrlMbTQxhwweYZ27DEE20IRQkh/ihRx2kl66HH4dAchYqVKSQ+euwY54CFX/qhEsid5Su++6k35EI2V4lckPsxMN+QyI6odIH78zv3kftXkHievHUy676Tcrk3vz2vWf8FRXVh/8BFTglwv35dSD/VQ3iV1/mTaOjv70eYLHffvE14BS//MzT//39xSPfTczHP+apL3ooACDsUHA9m2SvgLu7g/e+IjwFYu54yVseBOvwvLGwLoHtQ4EXoIeT22kPfXdYBPDCQrkh2O91NeCc54ICCUOIjnenM0QDJcfDHvrwh/5ADKJBUmGIReAEFJtYIWD60AQXONGJTDBiTEBRhzNY0Yp4mBZg6uCDJ3rRBTeQoks2oYYrmvEMbBDjXgzRxS9+0QcwYcMZ58gGFuVlE0xwox5d4LaWpGKOgDxDHfpYlzbscY9qVMkmAhlIRNAlFU08pBs15JIyMnKOeFBiWlJBBEnqsQow4cMlAekGTZ4lkp70YhhhAgpLjtKMfHiLIVP5xTrIZBGvnGMi09JGWjoRlDMRZS6vyIa2LMKXT5whTRAxzCuyaS1nQKYPdkmQVCDCkR1xhCMmeBBQyHGYhWBLHXx5BkIapBFb8IE6iYCzjHCCC1SIZxs4kRBcFGKY1P4syyZS2QQ7IkQPRFCnQNmJkXfG86BcQFw18fBKc6YlmntkgiEW8gWBWtQHTsCIGg7KUSrMYSGbqGIj31KHTj7RB1XwZ0K4eFGLYqSjHf0DQ1LBh29a0Q35XIshJuqQRrT0ou1MUxuc4IQ2PNMgnIBpR+npkE2oVDCpMMJPLYrNgkCiCUjIKhKasMOBOEKpHP0CN3/Thqm61CDKuIJWtXqFsQoErBztVZs6YdazFqQNa12rMgkCV44W7jVZqKs6s4BWrOY1q004SBv6Ks82IUKw6qzqQPxw2LX6wSCLYGw8tUgaJ0DWCAdRQ2W1ijKDfEGzpSUNXSHrv4J4YbRZ9f7CQQ6hWSr8NTIVFSxoD+IE2CIhowc5LWM/SpqAClayBPFtVhHyVcZyITWQBe5BlIuEhGyUsaTxqWDhgxDqJsQUmmVqZB5bV1smxLsJ+QNjOauYVNSVsApBb0IWC9fUNGGqTXCoQeSLEGWcAay0IY0efvoF/Rqkt7CVbkKUMQelKlQxZR1oaxfyWtjKtiGHgOdBZfobRLShDRNmiGhhm1oMO4q9QqQsbC8rRIwow7CHTWyLM4LXypp3xhdJ62HbiuOMXHWtTThqjy8CiqEWVchDTrKSl8zkJjv5yVCOspSnTOUqW/nKWM6ylrfM5S57+ctgDrOYx0zmMpv5zGhOsxma18zmNrv5zXCOs5znTOc62/nOeM4zUQICACH5BAkDAP8ALAAAAADIAMgAhwAAAAIiMAWBtgaW1AaX1gaY1waY1waY1waY1waY1waY1waY1waY1waY1waY1waY1wiZ1wqZ1wuZ1wya1w6b2BOd2Bef2Rif2Rmg2Rmg2Rqg2Rqg2Rqg2Rqg2Rqg2Rqg2Rqg2Rug2huh2huh2huh2hyh2h2i2h6i2iGj2yal3Cqn3Cun3Syo3S6p3S+p3TCq3jCq3jCq3jCq3jCq3jCq3jCq3jGq3jWs3kCw4ESx4ESx4ESx4ESx4ESx4ESx4ESx4ESx4EWy4UWy4Uay4Uez4Um04Uq04Uu04ky14lS441m65Fq65Fu75Fq65Fq65Fq65Fq65Fq65Fu65Fu65Fu75Vu75Vu75Vy75V685V+85WG95WO+5WS+5me/5mjA5mnB5mrB52zC523C527D52/D52/D52/D6G/D6G/D6G/D6G/D6HDD6HDE6HDE6HDE6HDE6HHE6HnH6YLL6oTM6oTM6oTM6oTM6oTM64XN64XN64fN64vP7I3Q7JPS7ZjU7pnU7pnU7pnU7pnU7pnU7prV7prV7prV7prV75vV75zW757W75/X76DX76LY8KTZ8KXZ8Kfa8Knb8azc8a7d8a/d8bDe8rDe8rDe8rDe8rHe8rXg8rri873j9MDk9MPm9cTm9cXm9cXn9sXn9sfn9srp9s/r99Pt+Nbu+Njv+Nnv+Nnv+Nrv+Nrw+drw+dzw+d3x+d/x+eDy+uPz+uX0+ub0++j1++r2++v2++73++73++/4/O/4/PD4/PL5/Pj8/f7+/v7+/v7+/v7+/v7+/vv9/vj8/fj7/fn8/f3+/v7+/v7+/v7+/v7+/v7+/v7+/v7+/v7+/v7+/v7+/v7+/v7+/v7+/v7+/v7+/v7+/v7+/v7+/v7+/v7+/v7+/v7+/v7+/v7+/v7+/v7+/v7+/v7+/v7+/v7+/v7+/v7+/v7+/v7+/v7+/v7+/v7+/v7+/v7+/v7+/v7+/v7+/v7+/v7+/v7+/v7+/v7+/v7+/v7+/v7+/v7+/v7+/v7+/v7+/////wj+AP8JHEiwoMGDCBMqXMiwocOHECNKnEixosWLGDNq3Mixo8ePIEOKHEmypMmTKFOqXMmypcuXMGPKnEmzps2bOHPq3Mmzp8+fQIMKHUq0qNGjSJMqXcq0qdOnUKNKnUq1qtWrWLNq3cq1q9evYMOKHUu2rNmzaNOqXcu2rdu3cOPKnUu3rt27ePPq3cu3r9+/gAMLHky4sOHDiBMrVgsLTooUcGAttlnKQoHLBSyUmjxT1w3MmG/o4hwTDmjQcEi/1GX59GULql02cg26UWyMofjwiQRxC23MWyAeM2aM2G2BfEQoF6GCd8Mgvy8HcWiMl67ruozdjrS8OxxeDFP+RC+QguGvXtjTH4sdpHv3IeAVjr+88Hz69L1U83LvPrj8+Quhd196qoXCn3uI/DeeQsYMeJ9xnJlyoHuyJDRfAQkh4+CDqk3YnX8HXZiQgBteF5sKHi4XCkIiHkRMidjFRxobKSp3A0LiRVfeQdbBmF1sstSonHMFQRfddAYd4+N1yNyWhJA3GuRbdCAS1COM+d1moJArFjRbdLYV9OKSEN62hZBVCsTab7AZRGKJWR4XpJAHmUabHActqUuTxyFHp0GeuSZanj5q16dAvNxQY5cFVQaaBZIZNGaJvPxSWC+kkPKQhCmaglBjj0WG0KQblskQcXzClYkSL7T6ghH+cszCECIpYgSjoQoRU0ssrPTKSixxsuWHq8S2yoWmCtF4YBIYvZkerggZM4uv1PaKS1uzFKvtC3DImlAkKHangqcXEXPldbyslxAxtFTrLiumopXJttv6EWxBpijLHLkYmYtdcRni8u679541LL3aGoGKQryEwuhGxBBjaUK+8Dqwu9euhQrC9D5iky4XD+xLW0ZwvC2eM9US8ruxuDWvydpmIlMvKxP8VhwwF4vDwi/58krN1dYCVy+s5uxqHDCpDLSvsaTqVi9sGN0qDjD9vDQrtDgNlyNSv8AzS8Zc/UrBcc2yhdFkn0TM0rTEWxcpJXNsBEwWXxwLtHplErf+tjvD5PPAwArGCRs4ELvF1z1P6+srtKT9F6aI0+SLMVofavnlmGeu+eY8bbIHHFgEIfroWMCxxyZC2cKKKaU47HoopZjCii1n9eJHEqPnrrvoSdjLEzKxkPL68MOT0vRYrnix+/K6e+GKTr20Tvz0r5fiOFa14M789rwLfZMvwlMvvsOkjPyVH9ynH4QfOMUy/vuhtPzVFepzjwVO0sNP/Wbz17/9FfjTn/j45xX0+W957LuJ+wQ4Pfl5pRZIOKDukOA9m4CPgcUz31eSJ0HROQ96+WOg9cZiuwjWDwmNuJ5MgBc++JFCFpULi+fgQD/dXcF0qAuK6lhHvNjNjnP+QAyiEIdIxCJCxBincGBNeHELtwWGFHygghSleAcluoQXn6iEFrVIigr+pRNsmKIYqdAFK67kFprYohorsYkK9eUUYRzjGNkAk02s8Y6buIVebHEHOfqRCnhLiTHuSMhKfCKQcdHEH/9oRpTcopCFfAVdjBHFRcqRCzBJIyTvSAonqsUYcbCkHxPoklJskpCd8CRaKilKMXKhkSnhhSZPqUYCskWRrRxjJ2QiC1re0Y1sMUMuxUjKmJjSl1vM4VpiMcwpasImr0DmFmWUlkk00wywFIgxXPG8jtCCFupCCC/siMzInaUTw5wEIgUyi0Sw4Z1x8BZGbtGIQ9gzj+v+QgUygZkWW7SSD7RLCCni8M6CxnOe9bSnPRuRCgaRgpbrLIs1/3iHUywEEgXNKBv6gJFMKPSjh9ilQm6RxUi+pROhnKIZ/BBQhYBRoxnFCEhByq+EGKMU5NRiJ/j5llNY1CGzgKlG5VmQcfahD5ugJkFuMVOQ6tEht3gqYYwhB6FmlBUHqQUf8MBVPPDBiwOhRVM/Colw9kkTVo2pQYyRiK52NRGIHOtHbXkbXKRVrQXZhFvdqkyCyPWjKkyMO+/KhkSsdat75SofDrKJv96zT6wg7Dux2qjEupWu/4iFY+1Ji+P0QbIoK4gmLNvVZxoEEps1rWrsKllkFcQRpOX+qiMOkorNHiKwhMEoYUNbkD7EFg8cPQhqHStS0hCUsJQ1yG+5ihCxOjZMMyJscA+yXDwkxKOOVU1QCZsx6i53RJuV6mIie9fieve3CjGFYzvLGWPc1bAKqe5CGivX2OzBqnuIqEDkq5BjTGKsk4gNKYQKCf0KxLexnW5CjtGJpjY0Nmg1qGsXAtvYzrYhqWDER2uqGlZoQhMTZshoY6taDJeiFOw1IkFK8VvMqngilCTtYl+cEb1a1hM0zghbEwvXHGdEq27lg1J9XBGjInXIRE6ykpfM5CY7+clQjrKUp0zlKlv5yljOspa3zOUue/nLYA6zmMdM5jKb+cxoTrMZmtfM5ja7+c1wjrOc50znOtv5znjOs1ACAgAh+QQJAwDhACwAAAAAyADIAIcAAAAJaJANmtYNm9cNm9cNm9cNm9cOnNgOnNgOnNgOnNgOnNgOnNgOnNgOnNgOnNgPnNgRndgTntkWn9kaodocotofo9sgo9shpNsipNsipNsipNsjpNsjpNsjpNsjpNsjpNsjpNskpdwkpdwkpdwkpdwkpdwmpdwmptwpp9wtqN0yqt0zq940q944rN44rN45rd85rd85rd85rd85rd8+r+BFsuFLteJNteJNteJNteJOteJOteJOteJOteJOteJOteJOtuJOtuJPtuNQt+NSt+NSt+NTuONUuONWueRZuuRcu+VdvOVfveVgveVhvuVivuVjvuVjvuZjv+Zjv+Zjv+Zjv+Zjv+Zjv+Zjv+Zkv+ZlwOZqwudvw+d3x+h4x+h4x+l4x+l4x+l4x+l4x+l4x+l4x+l4x+l8yemMz+yNz+yNz+yNz+yN0OyO0O2P0O2R0e2T0u2W0+6X1O6a1e6b1e6d1u+g1++i2O+j2O+j2PCj2PCj2PCk2fCm2vCo2/Cs3PGy3/K24fO34fO34fO34fO34fO44fO44vO44vO44vO44vS44vS44vS54vS64vS84/S+5PS/5PTB5fTD5vXD5vXF5vXG5/XG5/XH5/XI6PbL6fbN6vbO6/fN6vfN6vfN6vfN6vfN6vfP6/fQ6/fP6/fR7PfT7ffV7vjY7/ja7/nc8Pnd8fnf8fnh8vni8/ri8/ri8/rj8/rj8/rj8/rk8/rl9Prn9Prp9fvt9/vu9/zt9/zv+Pzw+Pzy+fzz+f30+v33+/34+/33+/33+/33+/33+/34/P34/P34/P75/P79/v7+/v7+/v7+/v7+/v7+/v7+/v7+/v7+/v7+/v7+/v7+/v7+/v7+/v7+/v7+/v7+/v7+/v7+/v7+/v7+/v7+/v7///////////////////////////////////////////////////////////////////////////////////////////////////////////////////////////8I/gDDCRxIsKDBgwgTKlzIsKHDhxAjSpxIsaLFixgzatzIsaPHjyBDihxJsqTJkyhTqlzJsqXLlzBjypxJs6bNmzhz6tzJs6fPn0CDCh1KtKjRo0iTKl3KtKnTp1CjSp1KtarVq1izat3KtavXr2DDih1LtqzZs2jTql3Ltq3bt3Djyp1Lt67du3jz6t3Lt6/fv4ADCx5MuLDhw4gTK1brCowKFWBcLbZpysKBywcsmJo8k1cNzJhr8OIc0wto0F5Iv+Rl+fRlC6pd9nENuk9sjJrixAEEkQttzFwgLht+eyAcEchFrODd8MbvyzccLlOWrHqyZbcBJd8OxhdDFc8P/qhoSN26deyqcWzfHsS7wvCXGZY3X12Zal/r1wd/D3/hfPrVqaZJfuvdwV94Ci0DIH2qoULgerIkBN8BCi1IHzOqPbjdfgdNmNB/Fsa2gobJaYKQhwhZaJ59qnlBInI1IATec+MdBOKCLJImy4vIMVeQc89FZ5CCKlpXnBI8xmiQb89xSNCNAOYoII8imFjQbM/ZVhCRRSZTnEBc8OikQLxU8FsFNnaZjJSx7cjjQabRlsZBanr5pUDHvXgQLzC4BsNoBqmJ3p2+1PCilQWZYiZmFUhGZ5FsBuZLJ5085CCJqCDkihePeeGoQcx0iaFDxxwzVyBNwKAqDEWkYQtD/neQiFGRgya0jC63yKKrLLgA85YdqwarKheeLOQigUpgBOWaCx2Dy67Q6ureWrYIay0MXryaECAjbrdCphcxA6IytQ6ZS7ToylLuWYFce60d0xqEyrHKgYuRuNYpMypCvqSbrq9rAeuutUWoopAvmiCKkjK5+otuvGipMrC7f9j0i8P+RnoWERNfO+dMumCc7i1utduxtYHIBIzI/76FxsnC2mDwS8rYwnK0usDlCxMwB4sGTCHfvCsucvniRc+q2gCTzULLkktdfyANw8wsHdO0LQDXZQsXPUOc0jJC57IuXZ5wPDERMDXs8C2m9hWI2dbKDFPN/t6S9V+TeGFD/rBcUE3zs7vakoudhfniid80KdP2nYw37vjjkEcOFCRwoLFFEJhnvgUacEQi1C6vrIIKpaR3gsoqr+xyFjB2KJH567BjroQdd+O0TC2nlK677qfUMjZXrHQR+/Cwd8GKTsGksvvyuqcSTFi4uE789LITfZMyuTOvPaWnaJxVHdSHH0QdONWy/fmd1AKWFuJTvwVO2aPPvL1dsd8+8VrAL7/2p4AF/v3DI99NzLe/5anvK9EDIOyUYD2bKMMUBdSdKbyXleApEHPGQ57yItgJ540FGHWQnviU4Ifa3eR2EJSfKW7xu69QDgz2e50WwAAHSHwudPEj3SlQpzrJ+fCH/kAMohCH+BBgpOIVOPGFLijol07EYQpQhGIakBgTX2xiEVjE4iga+BdKeCGKYJxCF6jokl1EIotoXMQktMWXVHwxjGFMzUsmkcY6TqKHeMFFGuDIxymYECXBqKMgF7GJ59kFEn3sIxlXsotBDvJTcQHGExMJxy7A5IyOrOMomLg6NFCSj3aAySkyKchLcLIsk/wkGMcIE19gkpRo7J9bEKnKMFJCJraAZR3ZuJY31hKKoZzJKHWZxUm05RW/jKINa+IKYmbRa2YJRDK9sMhAseJ4HcEFLpjoCzoScxVsocQvA/FHgdhCD2BIJxp4aRFd/EEP8JxEzhCijFUQk51n/sGFKuPARYN4Ag3pDOg6MeJOeBr0D9hESDA6AUtDrkWafUxDKhYCiIBaFAx0wMgjDMpRPVxiIbu44iPfQglPRtELdujnQShx0YtipKMdnehCgnEKb2LxEvhsSypk2hBbtPSiOQ1HN+1gh0lAMxy6gGlH59mQXeBxMMlIw08tmlCC4EIObsiqG+Sg0nDgQqkcDcQpFQOJqVqUTn3Qqlb7QDiCgJWjm7mTLsx6VoNIQq1qlcRB3srRck4GnXQFgx4ChVW8ZlUOB5kEX+P5JVYENp1VFQgqDKtW+gnkFYuFZ1cXQ4fHfqwgh6CsVg9xkEBk9hG3metji2WQP4g2qxUz/ggrMqsHvx6mooH9bEHs8Fo3BNMgpl3sR1UD0MBGdiC9zSpCvrrY2JLmsRlFSHLdkJCNLlY1Pg0sUw0y3YQAI7PbVYxj6XrLhHQ3IalY7GYNkwy6DlYh502IYt8amzhMNQ5tPUh86RlcmKZMNZ74KSDyexDevva3H7qEUo+7mLIKlLUMce1rnbsQVrzToDyNDSsgAQkINyS0ryXtQ1hhClOsN4iTfa1liViRZBTWsIhlsUbuSlmFydgiydCDYfVA4BtT5KpqlcNRfTwRX0iCqJIYMpGXzOQmO/nJUI6ylKdM5Spb+cpYzrKWt8zlLnv5y2AOs5jHTOYym/nMaE6zHJrXzOY2u/nNcI6znOdM5zrb+c54zrOe9xyXgAAAIfkECQMA/gAsAAAAAMgAyACHAAAABB0nDFJwCZfTApfWApfWApfWApfWApfWApfWApfWApfWApfWApfWApfWApfWApfWBZjWC5rXE53ZFZ7ZFZ7ZFp7ZFp7ZFp7ZFp7ZF5/aF5/aF5/aF5/aF5/aF5/aF5/aGaDaIKLbJ6bcKabcK6fcK6fcK6fcLKjdLKjdLKjdLKjdL6ndNKveO67fQLDgQbDgQrHgQrHgQrHhQrHhQrHhRbLhTLXiU7jjVbnjVrnjVrnjVrnjV7njV7rkV7rkWLrkXLvkYb3lZ8DmacHma8Hna8LnbMLnbMLnbMLnbMLnbMLnbMLnbsLnccTodcXof8rqgMrqgMrqgMrqgMrqf8rqf8rqgMrqgcrqgsvrhMzrhMzrhczrhs3rh83ric7sjM/skNHtkdHtktLtldPtltPultPultPul9TultTul9TultTul9Tul9TumtXuntfvn9fvodjvotjwo9nwpdnwp9rwqtzxq9zxrNzxrN3yrN3yrN3yrN3yrN3yr97yvuT0wOT0wOT0wOT0v+T0wOT0wOT0wOT0wOT0wuX1xeb1xuf1x+f1yOj2yOj2yej2yej2y+n2zur30Ov30uz31O331e341e741e341e341e341e341e341u741u741+742e/42e/42u/42u/42/D43PD43fH53vH53/H54PL54fL64fL64fL64vP64/P65PP65fT65vT65/X76fb76/b76/b76/b76/b77Pf87Pf87Pf86/b76/b76vb76/b76/b87Pf87vf88Pj88fn88fn88Pj88Pj88Pj88Pj88Pn88fn88vn88vn98/r99fr99vv99/v99/v99/v++Pz++fz++v3+/P3+/v7+/v7+/v7+/v7+/v7+/v7+/v7+/v7+/v7+/v7+/v7+/v7//v7+/v7+/v7+/v7+/v7+/v7+/v7+/v7+/v7+/v7+/v7+/v7+/v7+/v7+/v7+/v7+/v7+/v7+/v7+/v7+/v7+/v7+/v7+/v7+/v7+/v7+/v7+/v7+////////CP4A/QkcSLCgwYMIEypcyLChw4cQI0qcSLGixYsYM2rcyLGjx48gQ4ocSbKkyZMoU6pcybKly5cwY8qcSbOmzZs4c+rcybOnz59AgwodSrSo0aNIkypdyrSp06dQo0qdSrWq1atYs2rdyrWr169gw4odS7as2bNo06pdy7at27dw48qdS7eu3bt48+rdy7ev37+AAwseTLiw4cOIEytWywpKixZQWC22SWmEhssaRlCaPBPZDMyYZyDjHBMKaNBQSL9EZvn05RGqXdZxDbpObIyQ0qTxA7EJbcxNIMbJkmXQbYFkUChH4YJ3Qxy/L+NwGGYCgesEotz2s7w7FGEMW/5E19CCYTAc2NPHiY2je3cc4BWOv7wwWIv06cuTFubefXD58y2EHn7pqQZJf+7JAeB4CoVBIH7GceYJgu65ktB8GiR0yoP4SaIahd39dxCGCcHAYYGquQDicpAgROJBg5yI3QSxQbGicjYgJF50+hkkgozXCRGbKzcq51xB0EU3nUFxAHndKbcJUWSOBvkWnYgE/QgkDMcdWGSLBc0WnW0F+eEkARHe1kSRWArE2m+wGTSgjEseR2SRB5lGGxgHnQnlccjhaZBnronWJ5DaASqQMDbcCGZBlYE2gmQGxSijCMEUxowkHjo04YqeINTYY5EhJAmQnTZEDTXhyPXHEP4zxDpDEF/EwpAcK2IkYxgMhcNMMLcEe0sw0rwFh6zIxupEqgjZiKCQF5n4ILQJUSOMsNgG60xbsSTr7QxQ2JqQHyp250KoF0liXXoTrJdQOMtkK+8tra71x7ffxsFMQp44yxy6GKmLnRDMFhSOM/POW+xax+LrbRCjKCQMJI9uNMggmSZUDbAJy7vtWqM4jG8eNkXTccLVtAWEyN9+QRMzJ8+bMVv3suztHzJJE7PCb31hc7I3RPxSNcDsnO2+bzED68+yuvwSzEYLG0y9SUPBdKw3wFR01LcsQ3VceFw9g9AsUcM1MAvXFYsTTCPNUjhRe62XJCuLDARMHHccDP41fv1Rt7dBw0R0wsQKlggUNyDrBNlDXyssMMtMc9imjNNUDauKZq755px37nlQgJSBxRE+lG76EViUAYhQyMSSSimcxC57KanEMppZzMQhhOm89166EPryFE4sn8hu/PGxfxLL11+d8oTv0Pf+xJ84SWMK8tgfb0raXvGye/Tg/84LTtQUn/35yfP9VRzht++DuzbFgv78nIjrFenug38ETqPQj34pYMFf/qC3v5v0z3/Zq9xW2DdA6MGvJvJDIPbs1xXvNbB3QhjfTconweN9Qn3Ne94FfTA9nVivg7Hb3lhy9z33CeEObsvJ8MxHv0/Q6yyASEMWBHi6LKRhdf5BaV0qDmi8UdTudp9LohKXyMQmOtEhzhhFK3DCDGSAkDCTcMMRtrhFMUwxJsyYBCLGOMZK3EIwjIACF9d4hCd80SXISAQZ54gIR1BQL6FQIxvZmJqXOIKOgHQEEu9yCzHs8ZBH+BhLpAHIRiJiEtybyyAQicg3rgQZjnSkhebiDC1Sco9PgIkcMwnISlyxLc7wwicPOQeYfIKUjYzEKdfiyVWu0Y0wYcYoYTnHT7xlkrZkIyNkEgteAvKOadFjMLfYypm80phkdERbWrFMLqZpJq6AJhljiBY/VBMKljRINFCBCo/w4hazJAgz/gjNcq6FEcv0gyINEgs7ECcLtf7SCDL8kId+KmKQBaEGKqCJTLPcwpZuOGNCJPGFexInnxfZZz8n6gd3IkQaleBlJLtJSTGEYiF+cKhDH0gRREz0pHmo2EGQIUZNvoURquQiFOagUIUwQqQixQhKUapAg0jjE+wcYyQKypZQfNQhscCpSIm6jETMYQ6JWAZCkLFTlAJUIci4KmCiIQalOtSiBLnFG9BAVjS8oaYE4UVVT/qHdKoGEF516EGmcYeylvUOkjPIWk/KicwFI65yNUgi7GrXRBxkrydthqLqAFjikIkg0xgrYcn6hoMoArH+BBQqGkscsArkE5O1qy8L8grM9lODsRlOY8VwkD+Etqw4M/7IH0yLiNv8lbMFE4gfXkvWIxEEFabNg2JVE9LVImQOvEVDM2VrWpUupqGN9exAkktWhKgVs76dDGdJShDqoiEhJsWsapLa2JkZxLsJaYZptXqYzQJ2mAlBb0JGgVnULiYagH0sQuSbkMvuNTZu8KoborEQ/iKEGrOtamxJIwml+oHAC0Eub5dbLUhUVbqLges9v5BbhOyWt9lNCCr4OdGeTgYVgABEhxPiWt4uuCGoiJ19n/jZ5I6WxheJ7Gsri+OMDDa0zu3xROg6WbwKOSNitesbpHrkjDT1qVFtspSnTOUqW/nKWM6ylrfM5S57+ctgDrOYx0zmMpv5zGhOsyWa18zmNrv5zXCOs5znTOc62/nOeM6znvfM5z77+c+ADrSgkRIQACH5BAkDAPQALAAAAADIAMgAhwAAAAdkiwqa1gqa1wqa1wqa1wub2Aub2Aub2Aub2Aub2Aub2Aub2A2c2BCd2Baf2Ruh2hyh2h2i2h6i2h+i2h+i2h+i2h+i2h+i2h+i2h+i2iCj2yCj2yCj2yCj2yCj2yKj2ySk2yal3Cel3Cim3Cqn3C2o3S6o3S+p3TKq3jOr3jSr3jSr3jSr3jSr3jSr3jSr3jSr3jSr3jWs3zas3zes3zit3z6v4EKx4ESy4Uez4Uq04Uq04Uq04Uq04Uq04Uq04Uq04Uq04Uq04Uu14ku14ky14k624k+24lC34lS441m75F695F+95F+95GC95GC95GC95GC95GC95WC+5WC+5WC+5WG+5WO/5WXA5WfA5mrB5mvC5m3D527D53HE53PF6HPF6HTF6HTF6HXG6HXG6HXG6HTG6HTG6HTG6XXG6XnI6X3J6oDK6oHL6oPL6oTM64TM64fN64nO64nO64nO64nO7IrO7IrP7IrP7IrP7I7Q7JbU7prV7p3W75/X76DX76DY8KDY8KDY8J/X76DY75/X76HY8KTZ8Kjb8avc8a3d8bDe8rHf8rPg8rTg8rXh87Xh87Xh87Xh87Xh87Xh87Xh87ji87ni87zj9MHl9cTm9cfn9sjo9sno9sno9sno9sno9sno9sno9srp9szq9s/r99Ls99Ps99Ps99Tt99bu+Njv+N3x+d/y+uDy+d7x+d/x+d7x+d7x+d7x+d/y+d/y+t/y+uHy+uLz+uX0+uj1++n1++r2++r2++r2++r2++v2++z2++z3++z3++z2++z3++73/PL5/PT6/fb7/fX7/fX6/fX6/fX6/fX6/fX6/fT6/fT6/fT6/fb7/ff8/fr8/vv9/vz9/vz9/vz+/v3+/v7+/v7+/v7+/v7+/v7+/v7+/v7+//7+//7+//7+//7+//7+//7+//7+//7+//7+//7+//7+//7+//7+//7+//7+//7+//7+/////////////////////////////////////////////////wj+AOkJHEiwoMGDCBMqXMiwocOHECNKnEixosWLGDNq3Mixo8ePIEOKHEmypMmTKFOqXMmypcuXMGPKnEmzps2bOHPq3Mmzp8+fQIMKHUq0qNGjSJMqXcq0qdOnUKNKnUq1qtWrWLNq3cq1q9evYMOKHUu2rNmzaNOqXcu2rdu3cOPKnUu3rt27ePPq3cu3r9+/gAMLHky4sOHDiBMrVpvLzY0bbnIttrnqxIbLG06smjwT2Q7MmHcg4xzTDWjQbki/RGb59OUTql0qcg1aUWyMpfr0eQQRDG3MYCAiggNH022BfWYon4HDkcMlvy8vccgHgoHrBuDcdrS8u5vRC2/+RN9wg+GxJdjTI4q9pHv3JeATjr+88JiN9OltqEbm3r2ahfNtsBB6+KWnWin9uZeIQgEqxEeB+BnHGSsJuqeLfPMl5AqE+J2iWoXd/YdQgwjpwKGBquEA4nKljJjhQZqciB0EsbWxonJIICRedOUdVIKM12kRmy43KuecQdBFN51BiAB5nSu3aVFkjgb5Fl1wBv0IpA7HIVhkiwXNFp1tBTXipAES3pZGkWkYxNpvsCHp5JLHEVnkQabRtsdBZ0J5HHJ3uvnZaaLxCaR2fwqEzBE3gllQZaCdIJlBMcpYwjGFJXOKhw5RuCIrCDX2WGQInQIkpw1ts81cmXRBxKv+RFyxxy4MJbIiRjLywZA41lSzzK/LKKPNW4jAauyra6CKkI0JCnmRiRA6m9A2vgJr7TLWtLXLsdwSAQetCTmiYnc4gHrRKdalB8F6CfF67bvLiMNWJt12i0gyCbHCLHPmYoQudlooa5A18MI77FrF1svtFa0ohEwpjm6kiSaYtlttwddmu1YrCtfbiE3XYFywvGxd0XG3e85EsMjvVuMWvSdzm4lM2rBs8Ft7xHzsEg2/JI4yNmcMVzKu6gxryi6tHPSvysiVDBxGv0pnS0AvjW1djERNRM8sbWO1sHftsobR+LYkztLWkIzXKSZ3fAVMFxdczap9ZdI2t0pwbXb+1S0fDBgncChh7Bp6uyRO3MpYg81hmhY+kzh0Jyr55JRXbvnlQG3ixxxnUOH552fM4ccmQiUTzC65uKL66rnsEkzZZS2DyBaf126751sgsgxP2xyDy+rAB686LsdEDhYubNyuvO1s4KKTNboIL33wumj8VTC0L6897sHgdM3v04c//DVgIbL9+VSwa9Mx4rfvSsVedY6+9mfglLr74U8a//z0249//uXj3/LUVxP2/U968OsK9gRouy107ybfO2DwcEG+4yWPgVRo3vOiJ0FXVG8sssse+rbAiN3tpHfgcx/xjDcWzdlBfrU7gx1GV7rT3Q94rXsd5nbIwx768If+QISIMlpxoZswAxl+I4wqDqGGJjaRD0WECTNYQYoqVrEVCfQLKeTgxC6qgQ1RbAkyTGHFMpLiFMPwSyu46EUvygEmpzCjHE8Rn7scgw9tzKMamtYSa8jxj6RghfXosgk96jGMKkEGIAEJLrkog4mGbCMbYELGRcqxFUlsizL2EMk8LuglsLDkH1WRybUEopOSRORKmFFJUZYRFm8pJCq9SAqZBMOVcnwgW9g4yyZ+UiahxKUVBYYWXfTSiaSryS6EaUVmsAUTx5SDKglSjVzobyPHOEYFEcKMOApzmmUhRS8xwceD8IIReEjnHnihEWRgAhLwLEUdC6INXQhTl2n+OQYqA5HFgqBiD+kM6Dox4k54GhQT1xxYK1w5yLRAU498cFxBIBHQiuLhlxXphEE3CgliFgQZVGTkW0jBSSfKIRH9NEgpLGpRjHCUo35SiDVg4c0qqgKfb2mFRBHCC5ZalJ0HSQYpFrEIUsDuoy/l6DwdtlTAVKMPPq1oQgVyjEQE4qqBQOlBjpHUjWpim3/aRFQrehBrNAKrWG1EQwXS1Y326zjHGCtZDUIKtKK1lgZp60bLeRt0yhUPjBiYVe16VYwOpBR6jeefcvHXdE61FYRFq+N2kVh4pnQxiWhsHw6yichiNZkFyURlO3GbuDYWFQe5hGeveomD5KKykOD+62Qo+tfNHmQRqw3EIhAi2sR6NDEA/etUBZLbqyKEq4nFRGwaa1iCFDcQCdFoYlXT079elh7PTYgyKtvUwzBWrhEzSHY1lNjrFqYacg2sQsabEMS2NTaBiGogXLbe4i7kGpvoKmg5gwqfQoK+CsHtand731MkdbiKEatAUdsQ1a62tQ3JxTsNGtPY5GITm2CwQzq72v0yJBesYIV5ewjZ1e40iBKxxmAJ21wUV6SukTWFizViVsKqdcYaqSpaE3FUHF9EqEQ1qo+HTOQiG/nISE6ykpfM5CY7+clQjrKUp0zlKlv5yljOspa3zOUue/nLYA6zmMdM5jKb+cxoTrMRmtfM5ja7+c1wjrOc56yXgAAAIfkECQMA1AAsAAAAAMgAyACHAAAABRUbFJnSFJ3YFJ3YFJ7YFJ7ZFJ7ZFJ7ZFJ7ZFJ7ZFp/ZHKHaJqXcKKbcKKbcKKbcKKbcKKbcKKbcKKbcKKbcKafdKafdK6fdLajdMareNqzeOK3fPK/fPrDgPq/gPrDgPrDgPrDgPrDgPrDgP7DgRLLhSrThTrbiUbfiUrfjUrjjUrjjUrjjU7jjU7jjVrnjXrzlZL/maMDmaMDmacHmaMDmaMDmaMDmacDma8HnbsPncsToecjpfcnpfcnpfcnqfcnqfcnqfcnqfcnqfsrqgsvqhs3riM3ri8/skdLtktLtktLtktLtktLtktLtk9Ptk9PulNPuldPumNTunNbvpNnwp9rwqNvwp9rwp9rwp9rwqNvwqNvwqNvxqtvxrNzxrdzxrt3xr97ysd7ys9/ys9/ys9/ytN/yteDzueL0u+P0veP0veP0veP0veT0veT0veT0weX1xOb1xOb1xuf2zOr30Ov30uz30+340+z40+340uz40uz40uz30+340+340+330+341e341u742O/42u/52/D53PD53fH53vH53/H53/L64PL64fL64vP64/P64/P64/P65PT65PT65fT65vT65/X65/X75/X76PX75/X76Pb76PX76fb76PX76Pb76Pb76Pb76vb77Pf77ff87vj87/j87/j88Pj88vn88/r99Pr99Pr99Pr98/r99Pr99fr99/v9+Pz9+fz++fz++fz++fz++fz++fz++v3++v3++/3+/P7+/f7+/v7+/v7+/v7//v7//v7//v7//v7//v7+/v7+/v7+/v7+/v7+/v7+/v7+/v7//v7//v7//v7//v7//v7//v7//////////////////v7+/v7+/v7+/v7+/v7+/v7+/v7+/v7+/v7//v7//v7//v7/////////////////////////////////////////////////////////////////////////////////////////////////////////////////CP4AqQkcSLCgwYMIEypcyLChw4cQI0qcSLGixYsYM2rcyLGjx48gQ4ocSbKkyZMoU6pcybKly5cwY8qcSbOmzZs4c+rcybOnz59AgwodSrSo0aNIkypdyrSp06dQo0qdSrWq1atYs2rdyrWr169gw4odS7as2bNo06pdy7at27dw48qdS7eu3bt48+rdy7ev37+AAwseTLiw4cOIEytWO+mICRNHJi22WYiDhcsWOBSaPFPVCsyYV6jiHPMIaNBHSL9UZfn0ZQ6qXYpxDVpMbIx2qlRJA7EHbcw9IF5JkmTObYFVPCj3cIJ3wxi/L8dwSKWBgesGkNxOs7z7kVUMTf5Et2CCYaoY2NNfiS2je3cZ4BWOv7wwVYn06UuoXuXePZCF81mwEHr4paeaHf2594V88ylERYH4GcfZIQm6h0lCASbkCIT45aFahd39h1CGCKHAoYGqnQDicnaM2OBBc5yIXQOxHbGicjAgJF505R2kgYzX6RAbJjcq51xB0EU3nUFXAHmdI7ftUGSOBvkWXXAG/QgkCschWGSLBc0WnW0FpeGkARLe1kORWBKkyga/bXAQgTIueRyRRR5kGm1SHHQmlMchl6dBqqTgWgqjGeSkdoEKtAoMN4JZUCFwYraBZAbFKKMGqRTGSh4eOkThiocg1NhjkSGUB5ChCvYGD/4uxOpCDVJ4wtAXK2IkIxUNBROML8D6EgxcXshqbKxAtIqQjQnugJGJEAq50K/BVitsW54cq60LSNiaUBoqdndCqRflYV16DaynELXWWtvWG9tu6wUrCR3CLHPkYmQudjooaxC77brLVrHxalsDIwqtYoekG80xR6frBizxsGsxUnC8R9Ik8cZuzXDxtn3OBPDG1VLMFrwfa/vGTCRLDNcSKR8bA8IwjdzytW+xAmvMsi5R883WmpwzEjzHamdLNpMsdFxpFO0CzS0BDezSc3lSBM/0uiQ11XXl4fHFM/ys9F9vfK3tzDEljXNgdSARg7FFQC321FwH9qncjeat9/7efPftN151WKEEEDUUbjgQSlhRh1CyqGIKKZxELjkppqgiy1mygMGD4Zx3XjgPYFy+UzCrjCL56ahHPsoqdW8FyRGex975EZDoxEspqeeOeim8hEXK5rIH/zkpOPliuu7Iq+4LWGAI73wNYOCkSvLUc5KoV4Q/H7yINkFePfLEf5W99rFzX5P33+cevlfNkx979DdNn37u13f1u/ud87B+TcbPj/ooywPL6/BXONrZDnf+4wTvxpI54D2PB2kQnU6CoYrjVW8UrGidVwKXhPEdLgmKY5zj0De5yknwbyhMoQpXyMIWNkQWjLjQTWTBigAWphBeKIIOdVgFGcJEFv6KAJUQHREfwNxBCTtMYhGO4MOWsIIQQoxiHgxxCr8wAolKVKISYGIIKXrREFnDyymqkMUyFuGEKtGFF9eYB0Xo4i51MKMZm6iST7FxjfuDiyxyKMcspuYlULyjFx1hQ7fIggp9LCOZXDIJQa4REYVkyxUS6Uc6rkQWgXRkFDHVljhSUol3kMkpNOnFKrYlCZ9M4iJj0khSCtEQbcFEKne4uPO5UohoPMsbZpkESxJkFpPg5EZOcYreJUQWXXSlt9Ryh1S+IZcDIUUaokDNKuSxIquYwxu2mYciGsQXnnClKdVyCkpeYZwHKUQVqMlOa2Ikm9uM5xx8ORBdOEKTb/48mRyrgDeDvIGdAI3CGHATz4K+gRALYUUQ2XjNtNxhCklMghjQiZA7BDSgGDGoQWu3EF1MIpmgQgRF3cKIfiaEFBcNaEOpwYo7lKEMdwhjQVahUYN6M6EyFcwsrJBSgApzIKcQgxeG6oWJHuQUNS1oHYzZKDv0FKAH0YUaiEpUNeSzIEktqElJs4qnQtUgdqAqVRk2kKwWFJqcmaZXo5AxgehCqGId6ioHkgezcjNQk1grNX9KDUbElar9JIVdtznSyYxBr1Y4SFj/OlSyCqQOgw1lbLqq1834k7FDXZlBMDHYZ8bmn2tN7EHKgFkvlAEhkLUrQlWzzrXyVSClHfYqQpBq1zRxRq8DRUhsvZAQOwxWNShd600JsttjDna4iMmrVyWr29gqBBJ2LexhZuHVthqkuAqpa1Zj44WeemEWC8FuQnjh25o6VjGFSOkbwLsQ0mL2tAvhBSFqSs/EOLWdlmXIG0qrWYZgQg4F5ehtJrGw/DZksYw9b0IwUVLpstCvmN2qCyWiizEwNrcTzgiCxeqvDFdEqnG1qoc1cgoLE3UMOR2xRVhhh5faIcUqjrGMZ0zjGtv4xjjOsY53zOMe+/jHQA6ykIdM5CIb+chITrKSl8zkJjv5yVCOspSnTOUqW/nKWM6ylrfM5S57+ctgDjNdAgIAIfkECQMA+AAsAAAAAMgAyACHAAAABn2vB5jWB5jWB5nXB5nXB5nXB5nXB5nXC5vXGqHaG6HaG6HaG6HaGqHaGqDaGqHaG6HaG6HaHKLbHKLbHKLbHKLbIaTbJKXcJKXcJqbcK6jdL6rdMardMardMardMardMardMardMqveMqveMqveMqveNKveNazeN6zeOK3fOq7fPa/fPq/fQLDgQ7HgRLLgRrLgRrLgRrLgR7PhR7PhRrPhR7PhSLPhTrbiU7jjWbrkW7vkW7vkXLvkXLvkXLzlXLzlXLzlX73lZL/maMHma8Lnb8TncMTncMTocMTncMTocsXodMbod8fpg8zrhs3rhs3rh83riM7siM7rh87rhs3rh87sic7sis/si8/sjdDskNHtk9PtldPtmNTum9Xum9Xum9Xum9bvm9Xvm9bvnNbvnNbvntfvn9fvodjvpdnwp9rwqdvwq9zxrt3xsN7ysN7ysN7ysN7ysd/ysd/ysd/ysd/ysd/ysd/ys+Dyt+HzuOHzueLzueLzueLzuuLzu+PzvuT0wOX0weX1w+b1xOf1xef1xef1xef1xef1xef1xef1xef1xef2xuj2x+j2yOj2yen2yun2yun2zOr3zer3zuv3z+v30Ov30ez30uz30+341O341e341e341e741+742O/42e/42vD42/D42/D52/D52/D52/D52/D52/D52/D53PH53PH53PD53fH53/L54fL54fL64vP64vP64/P65PP65PP65fT65fT65fT75vT75/T75/X76PX76PX76fX76fb76vb76/b86/f87Pf87Pf87Pf87Pf87ff87ff87vf87vf87vj87/j87/j88Pj88Pj88fj88fj88fj88fj88fj88fj88fj88fj88fj88fj88fj88fj88fj88fn88fn88/n99fv99fv98vn98Pj88Pj88Pj88fn88Pj88fn88Pj88fn88fn88/n99Pr99vv99vv99/z++fz++v3++v3+/P7+/v7+/v7+/v7+/v7+/v7+/v7+/v7+/v7+CP4A8QkcSLCgwYMIEypcyLChw4cQI0qcSLGixYsYM2rcyLGjx48gQ4ocSbKkyZMoU6pcybKly5cwY8qcSbOmzZs4c+rcybOnz59AgwodSrSo0aNIkypdyrSp06dQo0qdSrWq1atYs2rdyrWr169gw4odS7as2bNo06pdy7at27dw48qdS7eu3bt48+rdy7ev37+AAwseTLiw4cOIEytWu2tLjhxbdi22KcrFiMsjXIiaPLPcDsyYd5TjHFMLaNBaSL8sZ/n0ZReqXdJxDZpObIya1qwBBPEJbcxPILbZsuXRbYFraCinoYN3QyK/LxNxOGbDhOsTttwGtLy7FnEMc/5EH5GDYTQi2NO3iV2ke3cj4BWOv7wwGo306WmoFufefXD58y2EHn7pqaZJf+69AeB4Co1BIH7GcfYKgu79ktB8IyREy4P4daIahd39dxCGCenAYYGq6QDicpogROJBj5yI3QaxabGickMgJF505R2kgozXMRHbLzcq51xB0EU3nUFtAHkdLbc1UWSOBvkWnYgE/QikDscdWGSLBc0WnW0F8eHkBBHe9kSRWArE2m+wGTSgjEseR2SRB5lG2xcHnQnlccjhaZBnronWJ5DaASqQOEPcCGZBlYHmgmQGxSijCtEUNk4ooTw04YqvILSLFo9pQalBnQDpoUOEEPKMXP6FOAHErEAwMcYwDL2xIkYyjsHQLERoQMCwBKCgxltv0KrsrFCAspCNCDaBkYkPCqkQITAQq+2wbaI1zLLgAsEFrgkBomJ3OoR6USfWpbfBegnNosO29BIwC1uFhBvuG+Mk9Aq0zKmLEbvYMbHqQc88UW+9x66VrL7gMnFvQuJo8uhGjzySaUKZCLswvd2aNQvE+vJhUxcfL5xJW0mQHK6vMxGRcr0auJWvy+AWIpMaMzP81hc4L1vExC5l8kDP29bZ1jiyBk0rny/JjDSxKLwK1zhcOD1rETAdPTUBOlgtFx9aA0H0SoR8/UDDdQ0DhdP9tjTL1DqcbRcoLZOcBP5MHn+sASF+FZI3uETYvZLRC2vA9l+VcEGEslAYzlImNmj7gA5kagqK5DFl4qqioIcu+uiklx7UJGx48QQTrLf+hBdsTCJUPfOMIw44uOcuzjjz1HNWPHA40frwxLPuBBzx9DRPObk37zzu5cxD1i1bFG898VvcotM98DzvvfPw3BOWMsJfb77xyuTE/PfsQx8WHOfHzwQcOM3T/v3gSP/V6vKbH3JMt8Mf++LjFf71z3r/g0kABeg9AnYFfge0Hv1uYj8Gek9/XiFfBInnhPThZH0WzN1owkK9DbIue9vrXgjBEb6xAK988nMCH5LHk+UxMHpoQV0XDOi6LsRudv61W6DueOc70xnxiEhMohKX+JB5zEIYOKHHPMRnGFK84QpYxOIaoBgTeuSiFWAEoy/iBphNeCGLaLwCF7joknnEIoxwbMUswOGXWZwxjWn0AkxmEcc+zgKDd4nGGvBIyCsAUiX16KMiW5GLItalEoUsJBtXMo9FLnJjcpnHFSOJRy7A5I2W7KMvqPiWeaCBk4TUA0yEEUpF2oKUbdkkKtG4RpjQA5SthGMx3gLJWaZxEzIBRy77SMe23NGXWFTlTFg5zDByrizCQGYWK2GTaDQzjPTAlzS9MEmD0MMXvvAI7mDpTT420xls2QQyC3FIgigDEGaI5xo8iJFxTCJjj/4QBRkNcg9nNLOYaonGLN+AyYOMYg3xTOg863lPfD5iEuRCSD18kUtHqqUQkVzDMwVCiIR61AzKtAgoHOrQVixkHl+85Fs2ccosekEPBUVIJz76UYyQlKS8YEg9hGFOMNoCoHCZxUYLogyafpSeBRlHJwIRiE7skyDjuClJn6qQebQTMPRog1E9mlODgGMPdAgrHfYA1IGAQ6oOvQQ5b3OJrXr0IPUYhFjFOgiLDgStDrUF6MTh1rcahBNznSsnYIRXfF6VM4HoazwDYZB6gDWwYd3DQURR2Ixt5ji8UGw8u0oQWkB2rn9yZ2UzVlbO6EGzbDiIJT4rVkuodrTOiv4NXzU7ioM4grVhdcRBhjHaRxwWMR1VbGoPEgjc0oGxr62sSVWjBs1yNkzGzVxBzlpZ2alGsyE1SHSlW5CRVlY1RVWsA6Fr3ITMY7RURUxm+3qwg2xXIbyobGkRQ4++Ijch71UIZfEaGzhsFQ7ZVEh+E3IPTaD1YpMZhVEJEWCFFBe39yVwK6QaUdK0NaFqqG1Dbotb3TZkGA3N2HNVw4tLXELDDlktbl37kGHY4qdMNIhncRvaGFvEsayVrI0zAtjPXnbHF4krZOsK5Ix8da57SG+RJzIOTjCVE0pespSnTOUqW/nKWM6ylrfM5S57+ctgDrOYx0zmMpv5zGhOsyWa18zmNrv5zXCOs5znTOc62/nOeM6znvfM5z77+c+ADrSggRIQACH5BAkDANIALAAAAADIAMgAhwAAABCEthCc2BCd2RCd2RCd2RCd2RCd2RCd2Ryh2iOk2ySk2ySk2ySk2yWl3CWl3CWl3CWl3Cal3Cun3DSr3jit3jmt3jmt3jqu3zqu3zqu3zqu3zqu3zqu3z+w30624k224k+24lC24lC24lC24lC24lC24lC341K441S442C95WS/5WK+5WG+5WO/5WW/5mW/5WXA5mXA5mbA5mfA5mjB5mnB5m3C53DE6HfG6XnH6XnH6XnH6XnH6XnH6XrH6XvI6n3J6oDK6oPL64jO7IvP7I7Q7I/Q7I/Q7I/Q7I/R7Y/R7ZHS7ZXT7pzV757X76HY8KTZ8KTZ8KXa8KXa8KXa8KXa8aXa8aXa8ajb8avc8a/e8rTg87fh87ji87ni87ni87ni87ri9Lri9Lri9Lri9Lri9Lrj9Lrj9Lrj9Lvj9L3k9L7k9MDl9cPm9cTn9cXn9cXn9cbn9cro9s3q9s7q9s7q9s7q9s/r98/r98/r99Dr99Ps99zw+eDy+uPz+uTz+uPz+uTz+uTz+uTz+uPz+uPz+uPz+uPz+uTz+uTz+uTz+uTz+uTz+uT0++X0++j1++z3/PL5/PT6/fb7/fX7/fX7/fX7/fT6/fT6/fT6/fT6/fT6/fP6/fT6/fT6/fX7/fb7/fb7/fb7/ff8/fj8/fn8/fn8/vn8/vn8/vr8/vr8/vr8/vr8/vr8/vn8/vn8/vr8/vr9/vr9/vr9/vv9/vv9/vv9/vz9/vz9/vz9/vz9/vz+/v3+/v3+/v7+/v7+//7+//7///7///7+//7+//7///7///7///7///7///7///7///7///7///7///7///7///////////////////////////////////////////////7+/v7+/v7+/v7+/v3+/vv9/vn8/vb7/fL5/O74/Oz3++v2++r2++r2++n2++n1++n1++n1++n1++n1++n2++n2++n2++n2++n2++v2++z3++73/O/4/O/4/PD4/PD4/PD4/O/4/O/4/Aj+AKUJHEiwoMGDCBMqXMiwocOHECNKnEixosWLGDNq3Mixo8ePIEOKHEmypMmTKFOqXMmypcuXMGPKnEmzps2bOHPq3Mmzp8+fQIMKHUq0qNGjSJMqXcq0qdOnUKNKnUq1qtWrWLNq3cq1q9evYMOKHUu2rNmzaNOqXcu2rdu3cOPKnUu3rt27ePPq3cu3r9+/gAMLHky4sOHDiBMrVvuICQoUTB4tttkHBIbLGED0mTxTkgrMmFVI4hxTCWjQSki/lGT59GUQql1ycQ2aS2yMfLJkYQNxCG3MQyBuYcJkzm2BWU4oP6FijcMbvy/fcPiEgoPrDpjcXrO8O5NJDFH+RMeAgqEkG9jTb4mNo3t3HOAVjr+8UNKH9Ok/qJ7k3j2RhfNhsBB6+KWnGh/9uWdbQgEq9ESB+BnHmR8JurcOg/Ml9AeE+PGhWoXd/YdQgwipwKGBqqkA4nIeHkSiQXOciB0FsTGxonIzICRedOUd5IGM1+UQ2zo3KuecQdBFN51BWwB53R+3BVFkjgb5Fl1wBv0IpArHIVhkiwTNFt2CBKnhpAMS3kZEkSISxNpvsBlEoIw2HCcQkUUeZBptThx0JpR2SpPcjQd55ppofgKpXaDSTDLDjWASVBloIEgGI5AejEZYJX1s5hCFK/qB0CNKPKaEpQbxAWSkC7nxxj7+csExRAy0xqDDE5EwxMWKGMn4BEN+2DDBAMQO4IEVb3FR67K0FuFpQjYmGARGJkIopEJugFDstsS2qVYkzIYbQxO5JrSGit2pIOpFfFiXHgXrJeSHCtzWO8C6asEhrrhcVCJvtMzhy667DuTAKkH7EGGvvciupey+4eoAKEKT8HEwRnPMoSlCfAy7cL3eovUHxPuqYVMTHy98sVk6kCzurzPZkLK9E7ilr8vhwiGTFTMz/NYTODOLw8Qt8ZFAz9zW+VYlswZdK8wuyYx0sRjAClclTThNKw4wHT31ACpYLdcaWsdAtEpufJ1Aw3VFUoTT/rbkx9Tq6tVHyyTrAJP+xx9P4IZfcOAd7tAwGb3wBGz/hUcTOCxbxNlFa1tsAiqQuWkfkMvEhxtiM+r556CHLvroN9GhhRNFAKH66kU4oQUeQgmDCy+1yGL77bXwgoswZ5HCxRCrBy+86kNwQUpPvdR++/LMy1JLL2Q1Nvz0wke2k/LNZ4+7WOYAT/33xJuTE/bal19LWFyArz4QltPUS/nw3w79V6mv/30ROJEff/bn02///fnbH/z655X0/W967ZvJ+wSovfl5pXsHFN4QxBdABjKPgF+RXgSBYD2d6E+AGASL77y3viGo4Xg8SR4Dn4cW06FueK3TAh1iN7sP5m53pMuhDnfIwx76MCH+pfhDOnAii1PwzjB94IISlrhELQwxJrKIhCOmOEVzoBAwfHACE7eohCY80SWneAQVx+gISMSNL3/QIhe52KeXQIKMcITEKfQiCS2s8Y5KKIVLeAHHPjoiEry4Cx7wiMcvruQUfvRjfORSCiUSco1NgIkYEwlHcxzxLaWIwiPv+AWY5IOSfUzHJdviyE1u0YswkcUkQTnGfLxlkKbk4spUUglWwvGMa3lCLLfYyZl80pZUhERb0rFLJsKuJpMAJhVlwRY5FPMJhjSILNZxoY50ohO4UIgs3gjMTrCFD7uUgx4RYg43WOGcWqAgRijBBzy4sw+USIgwOgFMXKJFEqb+5MLGDtIHLZzzn+lcZzvd6U4+lAshvDAHKwPZTEJqIXMEkcM/J2oFk12kDwTNKB4EdpBTSFGRb+GDJpn4hC/sEyF9oChFMaJRjUbzILzIBzenuA57uuUPED2IOVRKUXUWhBR9cIMb+nDFglCipRqNp0NOMcfCyGILPJ1oNQsiiTac4apnaMNJBdIJpGaUD9lkFB+iOtGD1EIOWMWqHEIoEK9mVJiBmgRZy2qQPqQ1rc8iiFsz2tTjtGGu52yDQWph1bteVbB13es77bQOwJ5zqgN5hGHTiqqB7EOx7vTmbdTg2HgVhA+TxerFBrrXvHJGro41rUDmENqrpokgkcD+LB76yhmJAtazBXFDa8/wt4OQ1q0cXYw/AQtZguz2qgjpqmJneRjHWvQgxz1DQjCqWNXsFLCLNEh0E3IKzCp1Mo2dq2qNe1yFpEOxmp2MLOaK2IRsVyHU9WpsuhDVLjBTIe9NCC7iq9HxJialKpXDfbG1294qBBd+QOpBSTNWgPoXRrt9rUIi8duXcmYdFnuwb3fLXINEAhKQSO8PBSLZ1lZ2xBQhbGjbi2KL2HWyGm6xQ85q2LXKGCNVTWsbinrjigBVqETtsZCHTOQiG/nISE6ykpfM5CY7+clQjrKUp0zlKlv5yljOspa3zOUue/nLYA6zmMdM5jKb+cxoTrMPmtfM5ja7+c1wjrOcLRIQACH5BAkDANkALAAAAADIAMgAhwAAAAJZfwKW1QOW1QOW1QOW1QOX1QOX1gOX1gOX1gOX1gWX1geY1gqZ1gya1xKd2Bef2Rif2Rif2Rif2Rif2Rif2Rif2Rif2Rmg2hmg2hmg2hqg2hyh2h6i2h+i2iSk2ymn3Cun3Cyo3C2o3C2o3C2o3C6p3S2o3C2o3C6p3S6p3S6p3S6p3TCp3TKq3TOq3TSr3jWr3jas3jes3jit3jmt3zuu3z6v4EGx4EKx4EKx4EKx4EKx4EKx4UKx4UKx4UKx4UKx4EOx4EOx4EOy4Uez4Um04Uu14Uy14k624lC34lK341O441W541a541e541e541e541i65Fi65Fi65Fi65Fe55Fi65Fi65Fm65Fu75F285GC95WO+5WW/5mjA5mrB52zC523C527D527D6G7D523C523C527D6G7D52/D6HfG6YDK6oLL6oLL6oLL6oLL6oLL64PM64PM64XM64jO64nO7IzP7I/R7JTT7ZfU7ZfU7ZjU7pjU7pfU7pbT7ZfU7pfU7pfU7pnV7pvW7p3W7p7X75/X75/X76DY76LY76PZ8KXa8Kjb8Kvc8azc8a3d8q3d8q3d8qzc8azc8azc8a3d8a/e8rHe8rPf8rTf8rXg87bg87fh87jh87ri877k9MHl9MLl9MLl9MLl9cLl9cLl9cLl9cLl9cPm9cTm9cXm9cbn9cfo9sno9svp9s3q9s/r99Dr99Ls99Tt+Nbu+Nfu+Nfu+Nfu+Nfu+Njv+Njv+dnv+drw+dvw+dzw+d7x+d/y+uLz+uT0+uX0+uf1++j1++r2++v3++z3++z3/O33/O33/O33/O74/PD5/PH5/PP6/fT6/fX7/fb7/ff7/fj8/vr9/v3+/v7+/v7+/v7+/v7+/v7+/v7+/v7+/v7+/v7+/v7+/v7+/v7+/v7+/v7+/v7+/v7+/v7+/v7+/v3+/v3+/v3+/vz+/vz+/vz9/vv9/vv9/vv9/vr9/vr9/vr9/vr9/vr9/vv9/vv9/vz9/vz9/vz+/v3+/v3+/gj+ALMJHEiwoMGDCBMqXMiwocOHECNKnEixosWLGDNq3Mixo8ePIEOKHEmypMmTKFOqXMmypcuXMGPKnEmzps2bOHPq3Mmzp8+fQIMKHUq0qNGjSJMqXcq0qdOnUKNKnUq1qtWrWLNq3cq1q9evYMOKHUu2rNmzaNOqXcu2rdu3cOPKnUu3rt27ePPq3cu3r9+/gAMLHky4sOHDiBMrVlvMjxYtfoottvlLCZHLRJT8mjwz2hfMmL9E4xwzD2jQeUi/jGb59GUlql16cg3aU2yMtCBBCgXRDm3MdiBe8uPn1W2BjqQol9KFd0M1vy+rcbjIhonrJv7cDrW8ux9pDLX+RCeihWE0NdjTX4q9pnv3NeAVjr+8MJqT9OmdqJbm3v2dhfMRsdAY+OGnGi39uceJfPMptEiB+BnHWTAJundMQgEmRAyE+NmiWoXd/YdQhgh1wWF6sXUB4nK0jNjgQa+ciJ0Nsf2xonJiICRedOUdZISM17ER2zE3KudcQdBFN51BlwB5HTG3xVFkjgb5Fl1wBv0IZBfHIVhkiwXNFp1tBYHipAkS3nZHkSISxNpvsBlEIJBjHCcQkUUeZBptiRx0JpR2ZpPcjQdF44VrXoxmkJPaBZqNNGTcCGZBlYGmhGQGxSijEYoORo0vvjxE4YrBIFRMHo/lgalBtgDpoUP+q7DyjFyu2EHGrWTEwcgyDHGyIkYyLsKQMGrIgMGxGBDRyFuc4OrsrXmEqpCNCcaBkYkQCqnQKkwg6+2xbaq1zLPkkkEIrwmFomJ3XZR6kS3WpWfDegkJw8W3+GIgDFuulFtuJ9QkFAy1zLmLEbzYsfHqQc/ckW++y67VrL/kxjGMQtLQMulGr7zS6UGzGPswvuGiNQzF/h450yAjPzxLW2ygXC4jNKnRcr4xuNWvzOS6IlMjN0P81iI8P7vGxS/NAkLQ3y7pFjW2Fo2rsC/ZzDSyRMwKFzWESH3rGjAtfTUGXGgtFyhek4E0S6uMDULEdS2Th9QBtyTM1Vzsm5f+LzGjrK1LMdwcwyp+udI3uUfDpPTDMcD91yyErOFsHmsnvYS3IHDRyWGfVk7TLKuY7ejopJdu+umo3zRLJorkIcfrsOehSCYvB5VIFzl8cMDuvH+QQxd9mlXNJ3fAbvzxr9/xSTU8OaPGA7xHL/3uD6jhzFjGEIL89scTYoxOscAw/fjSwxBLWA1zrz7sd4hOUzDQky8/9QZ39cn6+MvxCU5qzO//AU7riuvyp77U3ER3/5PfB8AyQAJuz4A2QWACx7fAr9zPgdvb3036N8HxBZAr6cOg8dqHE/h1UHoPqF9XjDEIEb5uEN/LSSxccMLdueB8Yhle8Qh4h1Awbyf+zovf/x4Qh+uZZXWLaGDsFkE7oSSCCz2QYO96wIXgpe6KWMyiFrfIxYNcoxjKwIk74oGYYHyCD2hEYybCGBN3RGMZcIRjNK4hGF0wIo145MMh2OiSeDwjjoBcxjPo2Bdi3DGPeaTZS/4YyEA+g4x5gUYmEElJPhCSJdhopCaXEQ1s3GUWlawkH1cSj01u0hp0ucYZQ4nIQ8CEkaYM5Mfcco1HsJKSoICJNGKpSWjExRO3bOUoWeIOWPIyjvFpCyiDmUddyOQax2zkJddySGaiMZcz2WU04+g+tCjDmmmsHU2ssc04uoMtsAAnI4ZZkGsgAxkeoQY1PJmQYpazbmr+0YU1YTHNgjyjFbqBRCa6SRFr+GIXCCUGKhNCjW328yzQCKYnfCmwTARUNwPFiEERylFfUBQh2HgjL+m5lnRWMhOASggsLnpRUmBEGByN6S5WhZB4iFSTC22LLhyBR0aA4qMJ8QVLWYoRmcrUiArBhjSMCY2HtoUYKWXIM4bKUoJmwxrA6BgwcloQaxhVplxdSDwgSZhreIKqF4WnQaTBilS4NRWsSCZBqPHVmAKDpHaqBVovehB3xOKtb43FOQ1S15iyUzXT2CtfDQIMwAIWGAcpbEydyhmAKhYSrTCIO9rqWLey4iDEkGxC7YSMy+pGrQQ5RmcBe6GCREO0CMX+p2pIYdrNGaQXq31rLw4CDNjqDbGmhYQKBTKL3LpVnASBBmx3QVnErPSyts2UcVORpoL0VrQ0nYxFL4vagkzXrQihq2ilRRrTuhQh301FvWCrmqledhoJSW9CrgHbsCamtIol70HkmxBniFa2irmGYjOrEP5qSLKxAQVaQdFcgRgYpMGo63AVEwyq8pMhr5hudUFajK8ClTN6DWgmJgyy6SJXIdA4KEeRGhtk1KIWJEYIbo2724dAQxnKAHAXVWvc1nbxIu5oRW4J/GOMNHa1vy2yRfzaWcEqOSPSEPJbW2HfJxc0q6/YqpW3zOUue/nLYA6zmMdM5jKb+cxoTrMymtfM5ja7+c1wjrOc50znOtv5znjOs573zOc++/nPgA60oAdN6EIb+tCITrSiF42UgAAAIfkECQMA2AAsAAAAAMgAyACHAAAACGePC5rXC5rXC5rXDJrXDJvYDJvYDJvYDJvYDJvYDJvYDJvYDJvYDZvYDZvYEZ3ZFZ/ZG6HaHqPaH6PaIKPaIKPaIKPaIKPaIKPaIKPaIaTbIaTbIaTbIaTbJKXbJ6bcLKjdMareNKveNazeNqzeNqzeNqzeNqzeN63eN63eN63eN63eN63eN63fOa3fO67fPK/fPq/fP7DfQbHgRLLgR7PhSrThS7ThS7ThS7ThS7ThS7ThTLXiTLXiS7ThS7ThS7ThTLXiTrXiUbfjWbrkXrzlYL3lYL3lYL3lYL3lYb7lYb7lYb7lYb7lYb7lY77mZb/mZb/mZL/mZb/macHmb8TncsXodMbodcbodcbodcbodsbodsbodsbodsfpdsfpdsfpeMfpesjpfMnqgcvrhs3riM7sis/si8/si8/sjNDtjNDtjNDtjNDtjdDtkNHtlNPtmtXun9fvn9fvodjwodjwodjwodjwodjwo9nwp9rxqdvxq9zxrNzxrd3ysd/yteDytuHztuHztuHztuHztuHztuHztuHztuHzt+HztuHzt+Hzu+PzvuT0wOX0w+b1yen2y+n2yun2y+n2y+n2y+n2y+r3y+r3zev30Oz30ez30ez30ez30+331e341u741+742O742e/42vD43fH54PL54vP64fL64PL54PL54fL54fP65PT65/X76fb76/b77vj88fn89fv9+Pz9+v3++/3+/P7+/f7+/v7+/v7+/v7+/v7+/v7+/v7+/v7+/v7+/v7+/v7+/v7+/v7+/v7+/v7+/v7+/v7+/v7+/v7+/v7+/v7+/v7+/v7+/v7+/v7+/v7+/v7+/v7+/v7+/v7+/v7+/v7+/v7//v7+/v7+/v7+/f7+/f7+/f7+/f3+/P3+/P3+/P3+/P3++/3++/3++/3++vz++fz++fz++Pz++Pv+9/v+9vv99vv99vv99vv99vv99vv99fv99fr99fr99fr99fr99Pr99Pr98/n98vn88fn88fn88fn88Pj8CP4AsQkcSLCgwYMIEypcyLChw4cQI0qcSLGixYsYM2rcyLGjx48gQ4ocSbKkyZMoU6pcybKly5cwY8qcSbOmzZs4c+rcybOnz59AgwodSrSo0aNIkypdyrSp06dQo0qdSrWq1atYs2rdyrWr169gw4odS7as2bNo06pdy7at27dw48qdS7eu3bt48+rdy7ev37+AAwseTLiw4cOIEytW60oOFChyXC22WapIj8s9ipSaPBOfFcyYreDjHFMOaNBySL/EZ/n05SKqXTZyDbpRbIyhAAGCBBEObcxwIAaSIyfTbYGAlihfUoV3wzG/L49xuKeGi+suUseGtLz7nFkMl/5E7wGFob4v2NMHil2me/cy4BWOv7xQn5H06Y2onuXefZyF8/WwUBb44adaKP25Z1tCASq0R4H4GccZKgm6BwuD8yXkCoT4jaJahd39h1CDCFXBYXqxVQHicqGMmOFBmZyIXQ2xybGiclkgJF50SyBEhIzXlREbLDcq51xB0EU3nUGBAHmdZLGdUWSOBvkWXXAG/QhkFcchWGSLBc0W3YIEPeKkCxLeBkeRWBLE2m+wGUQgkFQeR2SRB5lGmx4HnQnlcdgkd+NBnrkmWp9AagcoNrNkcSOYBVUGWhF/EhSjjEToU1g7pWzmEIUrooJQY8pFhtAoQHroUCSRyCLXJf5wfCHrF2f0EQtDjayIkYx7MHRKFjFsIOwGPfTxViOzJiurHJ4mZGOCZ2BkIoRCKhRJEcNmK2ybasWi7Ldf1HFrQpCo2F0Vol40inXp1bBeQqdUoe28G5zC1iXggttIOwmh8ixz6WK0LnZlqHqQLHDQS6+xayGb77dntKLQLKFAulEmmWia0CfBKjwvt2i18nC+R840h8cKf9LWGSODy7BMWKBMbwxu4dvyt5fI1IfMC7/Fx83KliHxS5+IwLO2WMDVTqxAz8oHTDEfPewNripdR9OyVuuS0VJvEEXVckGC9RdDsxRJ1yK8TFcscjTNb0unSB2FvXmVwvLI0b7Usf7HMUTi1yV3fys0TEUrHIPafn1SRxnJylE20dgOK0IUihzG6eM0fdLqopx37vnnoIce1CeK8CHHGqinLgcfiqgclB5V3BCCAbTXHsINVfBpljqPxJH678CjHscj6vDkrQS1J6887RJ8MW5Yr+gR/PTA6/GKTpvAsPz2ysOwSViy+E79+MKDXZMpyHOvPvOmgOUI+fCv4QhOXKxvvwFcgHV6/OMrWtPs91NfCPTHv/7hBIAB3N4Av/K+Ak5vfjepXwK3l7+vhM+BwIuD+WiCvgkqTwLtA0v0MIg662HvBR6k3Qu+JxZ1OEJ88YtDJIq3k1hwIX33k4AZnkcW0pkueP6ra51Q9BAFGyDQdjaIgu5Ex8QmOvGJUIyiQ9DhCh7WBBeIOYUj6sBFLirCii5BBzvGOEZ0YDEwpfhDF9dYhz2AUSW4IKMcx6gOcPjFFWpkIxv/ABN1zPGP6jgjXvChCD0asg7oeMkfF8mORN4FFIc85BtPEkdGLvIWdEHHFiOpx14p0pKLdCRc0AEIThqyZCypBSgXScO3PMKUnZxkSla5yFq8BZKwZGOzXgIOWv7Rjm3JYy65iMqXqNKXZGxlt4bZRVDY5BbIJGNbNMHMP8gSG7aIxTUpog5lIsSPyLQFW0oxTE2I0iD6yIQg1tkIjWGkFqdghTxhYcuE2AKZwP5UCz5g+YjRJKQVjVinQNv5znjKU56n8GdCxLhKt1DzkIqo1EE8IdCKCsJvF3nFQTfKim3igqGXfEspStnFP0BCoQkxhUUtihGOctSdCqkFOOmYT7i4QqIK0cdKLQpTgqDjFJ7wxCnOSZBauJSj9WwILgQ5GFs8YqcVfSM7NHGJql5CE+w4iDqOulHMHYcUUK3oQW7xCata9ROYNAhXN7rB2LQjrGI1yCnMala6FWStG03rcdQJV0GkaSC3oCpdq6qJg8ACr/MEVCz6uk4wwmKwZr1QQdqBWHl6kzORYCwEC2IKyFo1hAVpRWWv51bGCsKr2BCFZ6sqCkJVlhV65f4MRfu62YJ4YrWX8ARCRIvYbRYmoH2dJG6r+s3K2pUzjMXoQYabM4RoFLGq0Wlf37bc4SbkFpVN6mIWC1fQVhe3OUXsZRFjC7j+9burXchh17odqEJCnAphLkNcwVWcKqYVO/UEfBVy29XqliGxOCpKOQPWgaL2IKpdbWsbgg+DyrOnpIkFKUhxYIR0drXeZQg+ZCGL8UbxsauVrBQxEljPFnbEGpkrZCuM4oiQdbBobbFGpmpWc8p4Iz8N6lBvzOMe+/jHQA6ykIdM5CIb+chITrKSl8zkJjv5yVCOspSnTOUqW/nKWM6ylrfM5S57+ctgDrOYx0zmMpv5zGhOswea18xmvQQEACH5BAkDAIEALAAAAADIAMgAhwAAAA8wPiGXyRWf2BWf2RWf2RWf2RWf2RWf2RWf2RWf2RWf2RWf2RWf2Rmg2Sim3Cmm3Cmm3Cqn3Sqn3S6o3TOq3jqt3z6v3z+v3z+v3z+v3z+w30Cw4ECw4EGw4EOx4ESx4EWy4Emz4U624lG341K341K441S441S441S441W55FS45FS45FS45FW55FW55Fe55Fy75WS/5mbA5mjB5mnB52rB52rB52vC52rB52vC53XG6H7J6X7J6X7J6X7J6X7J6X7J6X/K6oDK6oTM6orO7JHR7ZTS7ZXT7ZXT7ZXT7ZXS7ZTS7ZXT7pXT7pbT7pnU7pzV7p3W757W75/X76HY76LY76PY8KTZ8Kba8Knb8Knb8Knb8Knb8Knb8arc8arc8arc8arc8azc8bTg8r3k9L/k9L/k9L/l9L7k9L7k9L/k9L/l9cPm9cbn9cjo9svp9tLs99rv+eDy+ePz+uTz+uTz+ub0+ub0+uf1++z3/Pb7/f7+/v7+/v7+/v7+/v7+/v////////////////////////////////7+//7+//7+//7+//7+//7+//7+//7+//7+//7+//7+//7+//7+//3+//3+/v39/vz9/vz9/vv9/vr9/vv9/vv9/vv9/vv9/vr8/fn8/fj7/ff7/fb7/fb6/fX6/fT6/fP6/fT6/fT6/fX6/fb6/ff7/fj7/fj8/fj8/ff7/fb7/fX7/fX6/fT6/fP6/fP5/fL5/PH5/PD4/PD4/PD4/O/4/PD4/PD4/PD4/PH5/PL5/PL5/fL5/fL5/fD4/O/4/O73/O33/Oz3/Oz2++v2++r2++v2++v2++v2++v2++v2++r2++r2++r2++r2++n1++n1++n1++n1++n1++n1++n1++n1++n1++n1++n1++n1++n1++n1++j1++f1++b0++X0++Pz+uDy+t3x+dvw+dfu+NXt+NLs99Hr99Dr99Hr99Ls99Ps99Ps99Ps99Ps99Tt99Tt+NTt+Nfu+Nnv+Nvw+dvv+Qj+AAMJHEiwoMGDCBMqXMiwocOHECNKnEixosWLGDNq3Mixo8ePIEOKHEmypMmTKFOqXMmypcuXMGPKnEmzps2bOHPq3Mmzp8+fQIMKHUq0qNGjSJMqXcq0qdOnUKNKnUq1qtWrWLNq3cq1q9evYMOKHUu2rNmzaNOqXcu2rdu3cOPKnUu3rt27ePPq3cu3r9+/gAMLHky4sOHDiBMrVuusCg4cVZwttrlOhorLKmSsmzwT1Q7MmHeg4hyTCmjQVEi/RGX59GUZql2acQ3aTGyMcsiQeQOxCW3MTSCSqVJF3m2BZGwot7GDd0Mhvy8LcfhlBIfrHFLHfrO8u5U9DG3+RFeBg2EqHtjTk4lNpHt3IuAVjr+8MJWM9Olhk97j3j2UhfOpsBB6+KWnmhz9uZeGfPMp9EWB+BnHGR0JuqdHQgEmlAeE+LWjWoXd/YdQhgjtwKGBqu0A4nJyjNjgQfKciN0IsVmxonI8ICRedDYgBIOM1xERmx43KudcQdBFN51BZAB5XR63GVFkjgb5Fl1wBv0I5A7HIVhkiwXNFp1tBbXhJAcS3gZFkSIShEoMv8VwEIEyUnkckUUeZBptXxx0JpTHIZenQZ65JpqfQGoXaCB78HAjmAWtAydmMUhmUIwywpBKYaTMMcdDFK5IB0LOUKEcFZYa1A6QHjr0Bhz+usglzxNC1CqEEWP4wlAaK2IkY58LpcNDCBIUK0EJY7xlhq3M1krFZgrZmKARGJkIoZAKvSGDsdwWi+VavjQrrhBZ6JrQGyp2t8OoF7VjXXojrJdQOjh0a68E6bAlz7jjmkFKQnRIyxy7GLmLHRGtHqRLE/fem+xay/IrrhGAIrSHHJBuJI88mybkDrEN23sEW3lIzK8bNlURcsPutGWEyeM+LBMPK98Lglv7wixumi+NUbPDb42hc7NEVNySOxb83K2dbZFC69C2ytwSzUoba0KscJGSBdS1YutS0lVLgAPWcr3BtRBGq/RG2BZIPZcvVED9b0vpVI1Dvnmt87L+ydS+BELNIBy5lzx7i1s0TEg3DILbfbmTBRHMUpH20TFwawEOZRxGyjqTy+TOG2QvKvropJdu+uk+uVMGGVc04frrV5BRRj9CZYEDCRUQoPvuFZCAgxdnwdKGFK8Xb7zrUrQBC0+68PDA7tBHr/sDPIT+VTNeHK+98V40o5M+HkgvfvQe6BMWMcRvrz7yxOC0zvPjxz89tF61sf79TbSBEw/y908A01yxAv7WdwWc5M5/8asAWAQ4wO1ZwYAITCBY7NdA7envJvyLoPgAuBX0VdB4UmjfTd6nweg9gH5ewd4HXde973GghLrjgPnEIrz04U8KcFjeTpoHP/89oAj+1hOL6sjAwOJZQXYtC4rtRnBA6FVgBDjIAuqmSMUqWvGKWIQIJ5xhrix6JB1u+IIYxciGLnrxInMgwxjX+AUymPGMEnGGGtnIRnnBMSK0YAMd9/gFTtwRInLgIx/f+EeEcCKMgqQj4wppEE6UIZF7hAMjF4JISK4xV5NMSCAtycZPZRIhc+SkGCX5yYP4QpRjzFgpCfIOVLpRIZvwBSExwglOJAIxcxDlO/yIkFTogw3AbEPHMLIJPTjjmLrYhGFoYUk30EIheWgDMKcpTGIa85jH1IMOCdNKPpohVQhxxzTHyQaeUUQX2EynM0RImDk8coxkgMMzF0IHcpITI+r+VGd8DHPMh6TCnuQcZkE4kQeM5YGXBtlEPtWpzNFt4g0AHecsSeEOfVhUH+6Y20AXmk5l3FJ064joOA9iCXZc9KLssMRBOJrOeQaKFCIdqUHycNKTdo6l6VRpoH4ZUzbMkCCWqGhNLZrEgqATp84IImd80VNgEtIXQz0pIUWB1GMiVDXyaKrgBlKHqF60DgdRRlWVqhiYNrVz6/CqRVE4EFhU1Rk6JY04e7rVgchBrfpQ5UDEilR2ckaaPZ1lIPBqUUNW9UKqaao5CULYnxrkqDhVzT97qlGDNDYhlqhqQyfD1JgS7CCXTcgekHpVxWwipo4FLWEXAtmFxgYOEYWzw2YREtqEJCIZHE1GbPIAUHfMFiF3VateDZIIYix0m6QJKTU7d5C0qpWtCYHFNY+5z9j4Yh2cg0hX1QrWh8CCFrQorRehqlbBrtIgQfVqUc/LEJpGFZzsVYgl2jHUdsQ1vguh6EndIV78JoSgBu2vfwdM4AIb+MAITrCCF8zgBjv4wRCOsIQnTOEKW/jCGM6whjfM4Q57+MMgDrGIR0ziEpv4xChOsYpXzOIWu/jFMJ5wQAAAIfkECQMA6AAsAAAAAMgAyACHAAAABmaPCZnWCZnWCZnWCZrWCZrXCZrXCZrXCZrXCZrXCZrXCZrXCprXDJvXDJvXDZvXDpzXEp3YFZ7ZGaDZHKHaHaHaHaHaHaHaHaHaHaHaHaHaHqLbHqLbHqLbHqLbHqLbHqLbIqPbJqXcLKjdMKndMardMqreMqreMqreM6veM6veM6veM6veM6veM6veNazeNqzeOK3fOq7fP7DgRLLhRrPhR7PhSLPhSLThSLThR7PhR7PhR7PhR7PhSLThSrTiS7XiTbbiULfiVbnjWLrkW7vkXLzkXbzkXbzkXr3lXr3lXr3lXr3lXr3lXr3lX73lYb7lY7/mZ8DmasHmbMLnbsPnb8PnccTncsTncsTocsTocsTocsTocsToc8XocsXoc8XoeMfpesjpfMnpgMrqgsvqg8zrhczrh83rh83riM7rh83riM7sh87ri8/smtXunNbundbvndbvndbvnNbuntfvoNjvotjvo9nwpNnwptrwqtvxr97ysd/yst/yst/yst/yst/ys+Dys+Dys+Dys+Dzs+DztuHzu+P0veT0v+T1wOX1wOX1wOT1wOX1wOX1weX1wub1xOb1x+f1x+f2yOj2yOj2yOj2yOj2yOj2yOj2yun2zur3z+v30Ov30Ov30ev30uz31O341+742O742e/42/D53PD53PD53PD53PD53PD53PD53PD53vH63fH63fH53fH64fL65PP65/X76PX76vb76/b77Pf87ff87vj88Pn88vn88fn88vn88fn88/r98vr98vr98vr88vr98/r98/r99Pr99fv99vv99vv99/v99/v99/z99/z9+Pz9+Pz9+Pz9+fz9+fz++vz++/3+/P3+/P3+/f7+/v7+/v7+/v7+/v7+/v7+/v7+/v///v///v///v///v///v///v///v///////v7//v7//v7//v7//v7//v7//v7//v7//v7+/f7+/f7//P7+/P7+/P7+/P7+/P7+/P7+/P7+/P7+/P7+/P7+/P7+/P7+CP4A0QkcSLCgwYMIEypcyLChw4cQI0qcSLGixYsYM2rcyLGjx48gQ4ocSbKkyZMoU6pcybKly5cwY8qcSbOmzZs4c+rcybOnz59AgwodSrSo0aNIkypdyrSp06dQo0qdSrWq1atYs2rdyrWr169gw4odS7as2bNo06pdy7at27dw48qdS7eu3bt48+rdy7ev37+AAwseTLiw4cOIEytWm2vPly97ci22OYuKkstKqMyaPDMZGcyYySTjHFMPaNB6SL9MZvn0ZSqqXUZyDTpSbIyoEiXiBBEObcxwICbSoyfUbYGJHj8mw7thmt+X0zjsQySH9Rx5bnNSzp2PMoZgoP4r+cIw2Jnr6BPFfsOd+5vvCsVfXhisCnr0VVQra9/ezkL5Sixkxn33qYYKf+1JEp98CvVB4H3GcUYLgu3pkhCACdny4H2oqEYhd/4hhCFCYmyIXmxkfKhchweNaFAoJl5HRGyOqfgFGgiFBx0YCEERo3VvxKaLjY81V9Bz0ElnUCI/WmfLbXAQiaNBvkEXnEE+/ijGcQcSySJBs0FnW0GVNJlDhLfZQWSIBCUzxW9THDTgj2YcJ9CQRB5kGm19HGTmk3aik5yNB3nmmmh+/phdoOgoc4aNXxI0y5uYTSHZiz9CEUxh0MyymUMTqkgLQrnoAQYYelxqECo/RrpQJ/6c9CKXKHa0YWsbcCDCC0OSqIhRjH0uREsZQqhgrApG/PHWJLc2a+senyZUI39XWlTig0Eq1MkUx3ZrbLVq8eLsuG30sWtCnKTIHRmjXoRKdegRoV5CE3prrwrtqiUKueROAg2907Kr0bvXveEqQb3Ace+9yq7FLL/jwnGLQsqgcjBGoYSyaUKlFLuwveCidQvE/Bo5kx4fL1xKW3CQTC4iNJWR8r1BuLWvy+OKItMfMzP8FiI4O/vGxC+VQkPP3pYBFzS1Bn0rzC/JjPSxRci6dB9O25qtS0dPrYIWVsvFSdZtEM1SJ17T0HBdvOzh9L8t0TK1FvneNUvLJIe8Uv4QMwfRiV+i4D3u0DAZvXAQa/91Sh9vNLuH2UVzeywNWixyWKeQ01RKJ2Ez6vnnoIcu+ug3mSIJInzIofrqfCAiySlC8fFFETNwYPvtMxTxBR9nUWOJHqsHL7zqelhCDU++mEHC7cw3bzsJZvgyli5+DG+98H5YmNMoQDjvffNAjBJWMMBfbz7xG1O2/PfsPx9tV5acL78cluBURvv4c6D0V6nPbz7vN6ld/tg3A7D0z3/WA6BNBDhA7xXwK/FDoPXqd5P7NdB7+/NKMPIgQeHlIX01mcX6Lng7EryvK7roQwdV1wft4WQUOCCh7XAgPrH4joP+y0MnjrcTX5RhhP74I8EbpGcW06FueK2ThCliBwYiMBB3RACDAklHxSpa8YpYzKJBqpELItrkE5LYxWFqwQlDmNGMlfDiSz5xAwO40Y1EMIRgaKGIM9rREIhQI0siQYE3+tEAI1gUX3JRxzveUREwGcEfFzmCMeFFGZUwpCQNUQ2XzGKRmDTADU4ol1dMcpJ6TEkkMplJvbmlGmX8pCGh5pI+knKRRBAjXKohCVVK8hMwmcIrMSkDWbollba0Yx5h8glX7tKPcXKLJ4N5x7q5BA/HXCQe3FJIZpoRlzPRZTTfOIK2+MKaZ3yFTeCwzTdiUy2mAKciQkmQeQhDGB6hBz0W8glFbvMMbP6hhTVNUUmEJOMUlghoJ0aTkXkE453CcMY8ErKLM2xzmmtRRjA5AR9SdSKgGB0oRgyK0HcGwxoKmQURjsnJs6RzkpVQFUJigdGWWoIUGFFGRzvqjIVEwgakNCVaaBEJOyriExVNSC1c6lKMzHSm/QzpFOzpRhlANC65UOlCkkFUlxLUINbIhadyAdKDuPOoHV2oQyLhyMHMwxNVbSk8DUKNWcDirbCYBQ8LQg+wdhQZn6NFWlt6kGzQAq5wpUU2DmLXjs71ONDYK18NkgvAAlaqAilsR8ERKFMoNqBLLEg23OrYt5bUGZJ9Z02PI4zLBnStBAlGZwELQoFYI7TvnP7nbUhhWk8c5BarhWvmBIIM2AaVM4k1LWTRUYvcvrUWB3ktbCmrGpZe1rYH4WxuS4qO3oZ2tKS56GVRWxDjwhUhdQ1taxdjWpgixLtvTYhMQ6saql4WbgdBLywSAg7YinUypVUschMiX4VUI7Syncw8FJtZ/qJ3IaAtbGxGkdZR3Pe8B56qXa/KmVxUNRYPRoh0V0vdgiR4pl1VjV4zOtyDFNe4+2WINQ6K0KTGRhi0oEWJEYJb4+5WIdagBjUCrEWBqNa44+2xRLLxityKU8gYaexqfYnkivi1s4JtMkaoUWS4viLEUrZIVreK5Sx7+ctgDrOYx0zmMpv5zGhOszaa18zmNrv5zXCOs5znTOc62/nOeM6znvfM5z77+c+ADrSgB03oQhv60IhOtKIXzehGO1oiAQEAIfkECQMA0gAsAAAAAMgAyACHAAAAEj9SGZTJEZ3YEZ3ZEZ3ZEZ3ZEZ3ZEZ3ZEZ3ZEZ3ZEZ3ZEZ3ZEZ3ZIaPbJqXbJqXbJ6bcJ6bcJ6bcKKbcK6fcMKrdNKveN6zeOq7fO67fPK7fPK7fPK/gPK/gPK/gPK/gPK/gPq/gQrHhSrTiTbXiT7biULbiULbiUbfjUbfjULbjUbfjULbiUbfjVbjjXbzkYL3lZL/lZb/lZb/mZsDmZsDmZsDmZsDmbMLnccToeMfpecfpesjpe8jpe8jpe8jpe8jpe8jpfMnqfMnqfcnqgMrqg8vrhs3rh83riM3ric7ri8/sjdDsjtDskNHskNHtkdLtkdLtkdLtkdLtkdLtktLtmdTun9fvo9jwpdnwpdnwpdnwpdnwpdrwpdrwptrxptrxptrxptrxqdvxqtvxq9zxrdzxr93ysN7ysd7yst/ys9/ytuDzueLzuuLzuuLzu+Lzu+Lzu+Lzu+P0u+P0u+P0u+P0vOP0v+T0wOX0weX1wub1w+b1xOb1xef1xef1xef1xuf2yOj2yun2zer3z+v3z+v3z+v3z+v3z+v30Ov30ev30ez30ez30ez30ez30ez30ez40ez41O341+742/D53vH54PL64fL64vP64/P65PT65PT64vP64fL65PT65fT65fT65vT65vT76vb76/b77Pf77ff87Pf86vb76vb78fn88/r89Pr99Pr99vv9+Pz9+fz++vz++/z++/z++/z++/z++/z9+/z9+vz9+vz9+vz9+/z9+/z9+vz9+vz9+/3+/P3+/v7+/v7+/v7+/v7+/v7+/v7+/v7+/v7//v7//v7//v7//v7//v7//v7//v7//////v7//v7//v7//v7//v7+/v7+/v7+/v7+/f7+/f7+/f7+/f3+/f7+/f7+/f7+/v7+/v7+/v7+/v7+/v7+/v7+/v7+/f7+/P3++/3++/3++/3++/3++/3++/3++/3++/3++/3++/3++/3++/3++/3++/3++/3++/3++/3++/3++/3++/3++/3+CP4ApQkcSLCgwYMIEypcyLChw4cQI0qcSLGixYsYM2rcyLGjx48gQ4ocSbKkyZMoU6pcybKly5cwY8qcSbOmzZs4c+rcybOnz59AgwodSrSo0aNIkypdyrSp06dQo0qdSrWq1atYs2rdyrWr169gw4odS7as2bNo06pdy7at27dw48qdS7eu3bt48+rdy7ev37+AAwseTLiw4cOIEytWm4pMjx5kUi22qUlHjcs1dGiaPNPVEcyYj7jiHJMMaNBkSL90Zfn0ZR2qXQpyDVpQbIyX8uQpBBELbcxYIOYhQ4bSbYF4higfgsSQQya/LzNxyAZGiuspUsc2tLw7mlgMef5Er9GDoSsl2NPniW2le3cr4BWOv7yQdfr0sEnHcu9ey8L5NSyUxH33qXYJf+7ZlhCACrFB4H3GcUYKgu6hsuB8CZXy4H2XqEZhd/4hxCBCQ2yYXmxHfLhchweNaBAlJmIHQ2xnqKhcEwiJFx0PIsZ4nRWxoWKjcs4ZBF100xmUh4/XlXIbFkPiaJBv0QVnUA1MDnHcgUOySNBs0SlI0CBMphDhbV4M6YVBrP2WX0ED+pjEcQIJOeRBptG2xkFlOkmnNMnZeJBnronGp4/a/RkLEzZ6SVBloOkg2Ys+1jAaYbFwwslDE6pICkKN8cBDZAhd4qOjCxliSCtyVeJFFP6wRoEFHawwJIiKGMXIBkOkIPFCB8B2EEMbbw0S67GwnrGpQjUiaKVFJT4IpEKG5BDstcA+qxYryHYbBRu1JmRIit0d8elFl1iXHgzrJUQKD9jG28G5alXirbeDxHcQKc0OYa5G6WJnBaoEtYKFvPISu5ax93aLhZ8IxXIJwRhRQsmlCFnyK8LxaotWKQ3fWyRNZHCMsCVtYRGyt3TQhITJ8r7glr0rd1uJTG3AnPBbb9SM7BUQt2QJCTpjiwRcsYDh87FvwPRy0cHGwCrSbCwN6xUwEQ11BzxMLZchVkcRtEqGbE2CwnWxcsbS+q5ECtQ80HsXJyqH7PFKG3P8wv7Ie1VSd7dAwzQ0wi+g/dclbFxx7BljC21tsCTwwMdhmTYukyWr/qn55px37vnnQV0yCB5rgGH66WvgMQjFO6GxAwwjRCD77CPAsMMZZ81SiBmn9+676WYUMgtPrCBxwezIJy/7BUiEGxYqbfwuve9tWJhTJSkor33yKdwMliu8Ty8+8BjXxMnx26e//LJeFTL++2DwdhMS6tcfwdFfqQH/+HveFLv96RsBWPS3v+mpASf/A6D2BPgV9xVQevKzCf0UqD38eQV8D/SdGcpHk/NRMHkXYJ9XoJdB01VPJ5UwwQdlZwLvhUV34YOfGSgxvJ0UD332u4AVnEcW0eGBgP69U4PqWKcT18FOebXbARpAx8QmOvGJUIwiRIKBCh7SRBJ+sKJgSiEJOnjRi4XQIkskUQICmNGMMDCcX0jhhy+6kQ56EGNK+uCAM9qRABYAg19Q0cY3vtEPMLHAHQdpgT7oJRaF8KMi6RAMl2RikJAkQAkycZdMLHKRcjRJHyIZSazNJRhdvKQf2+WSOnJykDDIJFqCMQhRKvJMLcnBKSEpAlWaZRGuHKUtSyIJU87Sjjl4iyVz+Ua5ucQLvxzkmtrSR2J6EZYwkWUyz2iBtrDCmV+kZE2uMM0zSoItl8BmFhUiDFdwMCPDGMZCJCHIaSqBLaRw5iUaGTFMSOKelP5o20WEEYx+KkMhrFDCNJeplljkchH6LAgqKHHPhuYzI/zsZz+F8c+EZAIGv9TmWsK5yEJYLyGbaKhIJUHEh0RUohLdxkL6UMZOvoUUrfyiHx66EFOMdKQYQalOg1FRhWQiB+00YwcIChdUfJQhsbjpSBMqEGGwohSlYIUwErJTnUKkD4YsjDAqoVSRnlMawSgFKcZKilLQsyDDqCpKp7o5UnRVpAdRRirIStZU9JQgakWpSv80i7fC1SCsoCtdxZhXlGrOnn6VBCYMogyxCnasllNGYf1JJ1ck9p7nhMVj6QoLg6R1ssFQ520ucVkXEiSwmx2rGE+aV7aqpq+XPf7qQFCR2rHKViCSBe1tQppY0xLEsam1nDRYq9a9koahif2qNGpLVoR8trCu5cxlicjcsSaEuFVVTVITW8N9VVchuiWNZf1qCoVU15gFyW1eRTsZYfh1seb9rkLUm13VWKKrloiud5nLEOxONEhK3YR+DwLczQq3INuo6l0lJFJK3BYhtK3tg+PK2gWL17YQQW1qd0kQZWxjG+yV4kA0W9vOihgjjQ3uiTWiYcF6bcUWketj7QrjjISVrqUYcI0p4lSoSnXHQA6ykIdM5CIb+chITrKSl8zkJjv5yVCOspSnTOUqW/nKWM6ylrfM5S57+ctgDrOYx0zmMpv5zGhOsw2a18zmNrv5zXBGSkAAACH5BAkDANAALAAAAADIAMgAhwAAAAZPbwaW1AWX1gWY1wWY1wWY1wWY1wWY1wWY1wWY1weY1wua1w6b2BKd2Baf2Ref2Rmg2Rmg2Rmg2Rqh2hqh2hqh2hqh2hqh2hqh2hyh2h6i2iKk2yem3Cqn3Sun3S2o3S6o3S6o3S6o3S+p3i+p3i+p3i+p3jCp3i+p3i+p3i+p3jCp3jas3z6v4EKw4ESx4EOx4EOx4ESy4ESy4ESy4ESy4ESy4ESy4EWy4Uey4Umz4Uu04lG34lS441a541m641m641m641m641m65Fm65Fm65Fm65Fq75Fu75Fy75F685V+85WG95WfA5mnB52vC523D527D527D527D527D527D527D52/D52/D52/E6HPF6HTG6HbG6HjH6XzJ6X/K6oDK6oHL6oHL6oHL6oLL6oPL6oPL6oPM64TM64TM64TM64TM64fN64nO7IrO7IzP7I3Q7I/Q7ZDR7ZPS7ZXT7pbT7pfU7pjU7pnU7pnV7pnV7prV7prV7prV7prV75nV7prV76DX76TZ8Kba8Kfa8ajb8arb8avc8a3d8a/d8q/e8q/e8a/e8q/e8bDe8rXg87zj9MDl9cLm9cTn9cPm9cTn9cTn9cTn9cTn9cXn9svp9s3q9s7q987q98/r99bt+Nju+Nju+Njv+Njv+Nju+Nju+Nnv+dnv+dvv+dzw+d7x+eDx+uDy+uHy+uLy+uPz+uX0+ub0++j1++n1++v2++33++73++73/O73/O/4/O/4/O/4/O/4/PD4/PH4/PH4/PL5/PP5/PT6/fX6/fX6/fb7/fb7/ff7/ff7/fj7/fn8/fn8/vn8/vv9/v3+/v7+/v7+/v7+/v7+/v7+/v7+/v7+/v7+/v7+/v7+/v7+/v7+/v7+/v7+/v7+/v7+/v7+/v7+/v7+/v7+/v7+/v7+/v7+/v7+/v7+/v7+/v7+/v7+/v7+/v7+/v7+/v7+/v7+/v7+/v7+/v7+/v7+/v7+/v7+/v7+/v7+/v7+/v7+/v7+/v3+/v7+/v7+/v7+/gj+AKEJHEiwoMGDCBMqXMiwocOHECNKnEixosWLGDNq3Mixo8ePIEOKHEmypMmTKFOqXMmypcuXMGPKnEmzps2bOHPq3Mmzp8+fQIMKHUq0qNGjSJMqXcq0qdOnUKNKnUq1qtWrWLNq3cq1q9evYMOKHUu2rNmzaNOqXcu2rdu3cOPKnUu3rt27ePPq3cu3r9+/gAMLHky4sOHDiBMrVmtLkRgximwtthnLi5bLWrzEmjzT2BvMmN8Y4xxzEWjQi0i/NGb59GUvql1ucg16U2yMrSZN+gSREG3MhCBKSpQI1G2Bk9IoTwOHd0M6vy/TcQjJCZLrSBDd/rS8OyRkDMX+RNcihiGxONjTS4r9p3v3P+AVjr+8kJiX9Olhk0bm3r12+fMthB5+6anWSn/u2ZbQfFooBAmB+BnH2SwIuufLggEiVAuE+LWiWoXd/XcQgwmhwWGBqsEB4nIejpihQaCciJ0TsT2yonJ1ICRedOUdJIWM1+ERmy83KudcQdBFN51BkgB5XS23DVJkjgb5Fl1wBv0IJBrHHVhkiwTNFp2CYTqJhIS3HVLkIQax9pt+BQ0oYxzHCURkkQeZRhskB5kJZZ3QJHfjQZ65JlqfQIpYJzJ03AgmQZWB5oVkMAIpBTGFMSOLLA9RuOIsCNmyyGOLUGpQK0A+utAnnwwj1yn+ifwh6x+FSBIMQ5usiJGMfC40CxxL5CBsDk5E8hYnsyYrKyScKmQjgoNgZCKEQir0yRbDZitstGwFo+y3f0Rya0KfqNgdHKBe1Ip16TmxXkKzhKHtvDmkq9Yp4ILLCTPwPsucveqyiwQeqhI0zCD00mvsWsjm+20hph6ETCsFYwQKKJgmpEqwCc/LLWMO54vmTIl0nLAqbRUSMrjvygSHyfQq4Ra+K397ikyRwKzwW5LUrKwgEbOkSg86awsHXMzE6vOsLbf0ctHDOuEq0pEsLasgMBENdQ5gTC0XKFb/EXRKn2zdw8J1BQPJ0vy2NAvUYABslywqh1wITErArMT+kXudUve3QMM0dMJKoP1XK5EIkiwkYwuN7bA9gKHJYZo2HpMqrQKq+eacd+7550G5wkklkSxi+umRVMKJK0I98kUTO5Ag++w7NPHFI2c58wkkp/fuu+mQfOIMT8G84cLsyCcvuwtvjBuWL6X/Ln3vkVyY0yg/KK998j+MEhYxvE8vPvAZU3b89ugvv9lXn4zv/iJ80/RG+vST8AZY0b8/veE0xV4/+jvAn/7Ex7+Z+O9/2gsg+wY4vfjNZH4I1N79vgI+BvoOEuWrSSzOF8HZuWB9X4GeBU1XPZ1gr4Oy695YdBe+90EiFMPbSfE4SD8X3MF5ZBEd6X6XutW17nX+B6Sd7XAHuiIa8YhITKISH/KMX3itJqDQhPUKY4tRUOKKVwTFE10CCh9Q4ItfbEKvAEMLTmDxjJTQxBZXQgkPgPGNFGgBm/ryCzOiEY2cgEkL4MjHFlBCL8wAxR0HSYlnuOQVfEwkBXzwirvEgpCEXCNKKKFIRf6BLs+wIiTvOLmXdKCSiWzCFN3yjE9scpA3ewkWQJnIHIySLZo85RnVCBNQfJKVcGyQWx4pSzTSQiaGwCUfDeEWO/byiqmUySqFCcYWtGUYx8QiCGfCB2aCcWRoeUU0OSHJgTzDGKPpiCQkoQuFgGKPzDzaWmhxzFcYEiHMiMUp5qmKtmHkEw/+IIA+feDAgfgCDswk5lqYIctR2PMgv1DFPBdaz3vmU5/6fADWEvKKJuCykWzRJiFB8QtfLfSjp4AFRmIA0ZISoAkLoYQXFcmHt9DClFjkxCkOihBdgBSkGDGpSefAkFdgAZ1fzIFA4/KLjjqEGTcFKU29aYyiGuOdBvmETk3aT4Rc0TDPWEVSPxrOgjjDF7oIqy58EcOCSGKqJe1AOTVni61+FCHBEKtYcUgQtJaUS4Byhlvf2ia5yrWrdbUrRFkBKHnu9RTT9KdfxfpKgfhAsPuskzEOO0/ACmQZi5XrMgzyCMjqs2mkgQVlV3EQYmRWrBkcCAc8O4Pb6JWyRi3+iDBOG1ZhHEQQniUAYVUzi9Ei5Be01UVsC7JayKJUNQo9rGUHEtywIuSskH1AbCgr0po2NyEkhaxqkHrYshqkuWs9CCs8W1XDTHav4T0IeBUyB8iCNjHP2Gtiv3tdhTzWrrFhxVZZAVXrBnchumgBWp2pml8kdRb9/W1wh1vTJkx1oqppK0MZnJDZ0ta2DRHEQ/XJ0+MYwxa2oLBCTEvb1C5EEGhAw3uXiFnabnaJGgFrZhsL44oY47TxqXFG4upXuurYIl+Vqy8S/GOLfNOpRC6ykpfM5CY7+clQjrKUp0zlKlv5yljOspa3zOUue/nLYA6zmMdM5jKb+cxoTrMamtfM5ja7+c1wjrOc50znOtv5znjOs57pEhAAIfkECQMA6AAsAAAAAMgAyACHAAAAClV1DpnUDpzYDpzYDpzYDpzYDpzYDpzYDpzYDpzYDpzYDpzYEZ3YF5/ZHqLbIKPbIqPbIqPbIqPbIqPbIqPbI6TcI6TcI6TcI6TcJKTcJqXcKafcLKjdL6ndMqreNazeN6zeN6zeN6zeN6zeOK3fOK3fOK3fOK3fOK3fOq3fPq/gRbLhSrThSrThTLXiTLXiTLXiTbbiTbbiTbbiTbbiTbbiTbbiTbbiTbbiT7biU7jjW7vkXLzkXLzkXbzkX73lYb7lYr7lY7/mY7/mY7/mY7/mY7/mY7/mY7/mY7/mY7/mZL/mbMLndsbod8bod8bod8bod8bod8bpd8bpd8fpd8bpeMfpesjpfsnpgMrqg8vqhczrhs3rh83riM3ris7si8/sjM/sjM/sjdDsjdDtjM/sjM/sjNDsjtDtj9HtkNHtkdHtlNLtldPul9TumNTumtXundfvoNjvodjvodjvodjvodjvotjvodjwotjvodjvodjwo9nwptrwqNvxqtvxq9zxrd3yrt3yr97ysd7ytODztuHzt+Hzt+Hzt+Hzt+Hzt+HzuOHzuOLzuOLzueLzuuL0u+P0vOP0wOX0weX0weX1w+b1xOb1xeb1xuf1x+f1x+j2yOj2yej2yun2y+n2zOn2zOn2zOn2zOn2zOn2zOn2zer2zer3zer30ez30+z30+z31O341u741u742O/42u/42/D53PD53/H54fL64vP64vP64vL64vP64vP64vP64vP64vP64vP65PP65vT65/T76PX76PX76vb77Pb77ff87/j88Pj88fn88vn99Pr99vv99vv99vv99/v99/v99vv+9/z+9/z++fz++fz++Pz9+fz++fz++Pz99/z99/z99/z9+fz9+fz9+fz9+fz9+Pz9+Pz9+Pz99/z99/z9+v3+/f7+/v7+/v7+/v7+/v7+/v7+/v7+/v7+/v7+/v7+/v7+/v7+/v7+/v7+/v7+/v7+/v7+/v7+/v7+/v7+/v7+/v7+/v7+/v7+/v7+CP4A0QkcSLCgwYMIEypcyLChw4cQI0qcSLGixYsYM2rcyLGjx48gQ4ocSbKkyZMoU6pcybKly5cwY8qcSbOmzZs4c+rcybOnz59AgwodSrSo0aNIkypdyrSp06dQo0qdSrWq1atYs2rdyrWr169gw4odS7as2bNo06pdy7at27dw48qdS7eu3bt48+rdy7ev37+AAwseTLiw4cOIEytWe8zQly+Gji22CUzLlctXtACbPFMaG8yY2UjjHNMQaNCGSL+UZvn0ZS2qXYZyDTpUbIy2NGlyBTEQbcyBIGIqVAjWbYGayigv46aVwzi/L8dxKKnJkOtDCt1utbx7o9ELwf5Ev/KFITM32NNjio2ne/c+4BOOv7yQmZb06WGTlubevXaF812xEHr4paeaLf25hwqA8ykkSYH4GccZMQm6l4x8DSJEDIT42aJahd39d1CACYHBoYGquQHich6OmKFBsJyIXROxObKicnIgJF50YCDkhIzX5ahaMjcq55xB0EU3nUGYAHkdMbcBUqSQBfkWXXAG/Qhkj7chWGSLBM0WnW0FoeLkEBLeVkiRIg7E2m/6FUSgjG4cJxCRRR5kGm2RHHQmlHaik9yNB3nmmmh+AtnmcdLEcSOYBFUGmhaSwQikE8wURo0wwjxE4YqAGtQYGGBEhpAtQEK6kCqtLCPXLP6G9CFrH4Nk4upCqKyIkYySMETMGkzIIKwMTUzyliqzJitrJJ0qZGOCgGBkIoRUIqQKFsNmK6wfbS2j7Ld9UHIrQq2o2J0boVZki3XpNbFeQsRwoe28MqSL1izggqsKNfA+y5y96rI7hByqErSMH/TSa+xayOb77SCVIiSNLQVjBAssmSY0S7AJz8vtWsc4nG+aMxXSccKztDWIyOBmQtMaJ9M7hFv4svxtyjFNErPCb2Vis7J/RNzSLDzsrO0acFET68+zuvwSzEYP28S4blFDCdOy/gFT0VHLwAXVcLmCdR9Cq6RK1zwsXNcykDDNb0vERM0FwHQJs7LIg8A0RP7MQ6ji1yx3fxs0TEQnPITaf9lCyR/JQlL20NgOywMXnBy26eMyzaIK2IF27vnnoIcuOk/AtPKJJY6krroln7SyWVCGbNHEDiXUbvsOTWyRmlnmwDKJ6sAHn/oksJjDkzJrsGD78szXzsIayoylDCfCVx88J9HnBAsQzXfPPBAkd8XM79aXP3zGlCnv/frOv+6VK+bH7whvN6nB/v0lqAEW6vKXbwlOtMPf+nawv/75D4ACHCBY4GfA6tHPJvZLYPf095XxNTB4k0BfTYChPgnajgXu88r0Lpg67OkEFj/wYO1+ED6vmMMV5JPfJGZhvJ0oQw0dvB8L4pC9spTudP7CY53rhBK72TUPd7obnRKXyMQmOvGJEDnHMqKBk1Z04kKGQcYsUMFFLsaCijFpBQ8sQEYyMqFXgTFGK7rIRlSoAowu6cQHykhHC6xAEH5Zxhrb2MYjuWQFdQzkCjqhF2rEgo+IRMU5XGKLQDrSAjyoGFyEkchEwnElnXjkI+dAl3NssZJ89NtLPKBJRzIBi285hytAichawMQJpXTkC1DZlk+yko1vhEkrSBnLOjrhLZS8ZRuNIZNA9DKQWGLLHoXJRVfOBJbHLOMK2hINZnaxWTSRQzTL6Me0AMOarbhkoeKzkUtcAnMDaQUgo8kGthiDmcBYJELMYQyK2eIXNf7EiCoeMIB+8kCUB0kGG6KZzLRQ45azeBtCovELe1IMn/rkZz/7+YA+KMQWTOilJH1YyVhwriD1dKg96RaRFkz0pAOgkUI6McZHVmstxlhlF1tRC4UmZBkiFSlGUIrSOi3EFk5YJxlfUNC3LOOj88ypSPNpEHNIQxpMLYgqeIpSgDKkE4Q0DDCU6lByEuSpYPXqQC5B1ZN2AJ2kSQZXHYoQaoT1qTYlSFlP2oXOnWOtbG3qW8EaVYHM9aTOPA4x8Eoxuu01rAfhwV/9aaeJEdYWYj3HYcEqT4IYYrH9vIRgHxvCgTh1slA9SAcw+4Lb3PWx4hSIW0EbV4H0AbMDCP4sZ0KK1866CbRPRchoF6tS0jSUsGIVCG5zexCyLvYBsXksSdEx3OAKxKSLVY05HltZgzQ3IbXArFUV49i1IlW4w1WIGxarWdLgdbngxe1CFDvX2AiDq9hMyHUVcgwVlFUFsYmGUonJkPnStwlUtWhs1GrPX6S2rbhtLUL6INF++vQ20khGMg6ckM9Otq8K6UMXulBeKBJEsqCtroctot4RZ8TCb8WwiSey2rAqeMUU2SuMOfJZFc/4xjjOsY53zOMe+/jHQA6ykIdM5CIb+chITrKSl8zkJjv5yVCOspSnTOUqW/nKWM6ylrfM5S57+ctgDrOYx0zmMpv5zEEJCAAh+QQJAwD4ACwAAAAAyADIAIcAAAACP1oBldUBltUBltYBltYBltYBltYFl9YKmdcMmtcOm9gPm9gQnNgRnNgSnNgSndgTndkVntkVntkVntkWn9oWn9oWn9oWn9oWn9oaoNoho9soptwrp9wsqNwsqNwsqNwsqN0sqN0sqN0tqN0uqd0zq946rt8/sN9BseBBseBBseBAsN9AsOBAsOBAsOBAsOBBseBFsuBSt+NVuONVuONVuONVuONVuONVuONVuONVuONWueRWueRZuuRbu+Rcu+Rcu+RdvORkv+VnwOZpweZqwedrwudrwudrwudrwudrwudrwudrwudrwudswudtwuduw+dvw+dwxOdyxOh2xuh8yep/yuqAyuqAyuqAyuqAyuqAyuqAyuqAyuqBy+qBy+uBy+uFzOuIzeyMz+yO0O2P0e2R0u2V0+2V0+2V0+2V0+2V0+2V0+2V0+2V0+6V0+6V0+6W1O6a1e6b1e6d1u+f1++g2O+i2O+j2fCl2fCm2fCn2vCo2vCp2/Cq2/Cq2/Gq2/Gq2/Gq2/Gq2/Gr3PGr3PGr3PGr3PGs3PGt3fGv3vKx3vKy3/Kz3/K14PO24PO44fO74vS94/S+5PS/5PS/5PS/5PS/5PS/5PS/5PTA5fXA5PTA5fXD5fXF5vXG5/XH5/XJ6PbL6fbL6fbL6fbL6fbM6fbO6vbQ6/fT7ffV7ffW7vjW7vjW7vjW7vjW7vjW7vjW7vjW7vja7/jf8fnj8/rk9Prn9fvq9vvq9vvr9vvs9/zt9/zt9/zs9/zr9/zs9/zs9/zr9/vr9/vr9/vr9/vr9/vr9vvr9/vr9/vr9/vr9/zs9/zu+Pzv+Pzx+fzy+fzy+fzz+vzz+v30+v31+v32+/33+/34/P34/P34/P33+/31+v31+v31+/32+/33+/34+/33+/32+/31+/31+v31+/32+/33+/35/P78/f79/v7+/v7+/v7+/v7+/v7+/v7+/v7+/v7+/v7+/v7+/v7+/v7+/v/+/v/+/v/+/v/+/v/+/v/+/v/+/v8I/gDxCRxIsKDBgwgTKlzIsKHDhxAjSpxIsaLFixgzatzIsaPHjyBDihxJsqTJkyhTqlzJsqXLlzBjypxJs6bNmzhz6tzJs6fPn0CDCh1KtKjRo0iTKl3KtKnTp1CjSp1KtarVq1izat3KtavXr2DDih1LtqzZs2jTql3Ltq3bt3Djyp1Lt67du3jz6t3Lt6/fv4ADCx5MuLDhw4gTK1b7LNKZM5GeLbaJawyYy2DG4Jo8E9sczJjnYOMcMxJo0JFIv8Rm+fTlMapdpnINOlVsjLdGjaIFcRFtzIsghnr0iPdtfKPkKJdTxzjDO78v33FIqcqR60ce3aa1vDsldQzP/kQHc4bhtTnY04eKDah7d0DgFY6/vPDamPTpYZNW5959avnzLYQefumpdkt/7tmW0HxgKEQJgfg5t9guCLoXzYIBIsQLhPjZolqF3f13EIMJmcFhgarVAeJytyBE4kG0nIgdFbFNsqJyeSAkXnTlHWSFjNfhEVs0Nyon4UDQRTedQaEAeR0vty1SZI4G+RZdcAb9CKQZxx1YZIsFzRadggSl4uQRR5IWSZEiDsTab/oVNKCMcxwnEJFFHmQabZscdCaUdiKXp0GeuSaan0BqFyg+6uRxI5gFVQbaGJIZFKOMVlxTmDq55PIQhSvuglBjj0WGkC1AeugQK6tUI1ct/pIUImshkIzyDUOprIiRjJQwlMsbT/AgLA9VVPLWKrMmKysnnipkI4JYWmQihEIqxAoYw2YrbCFtfaPst4WAcmtCtKjYXR2iXmQLFfhRsV5CuZCh7bw8NKtWLeCCu0p8B+3yLHPpYrQudnioelA1hdBLr7FrIZvvt5BUipA6t0C6ES20aJpQLcEqPC8gbD3zcL5pwvSIxwrX0hYkI4M7Ck1voEzvEW7h2/K3KsdUicwLvzXKzcoyInFLtQzBs7ZvwKVOrEDP+vJLMR89bBWuKv1J07IyApMQUgtLRtVy0YJ1IUOrxErXQjBc1zecNM3vSrlITYa9d+XC8siQwHSE/sxHsOJXLXd/u0jZK9XC9cxq/3XLJ4skywnhLNWCRbZCkPH0prlAHlMtrIC96Oeghy766KTfhAstqYiyyeqsi5IKLZsFFckYVPiQwu24+0DFGG2OtQ4tn7Au/PCrf0LLOjxR88YMuDfv/O0zvEHNWNScQvz1w58yfU60DPH8984PUbJW2ASP/fnFj2Y68+C3D33sXtGC/vybjA/TG+7nn0LSX6lO//miwInt9Nc+H4DFf/+7XgBvMkACfs+AX5FfAq9nP6g5EHz880r5Jji8T6iPMuy7IO5mAD+vVI+Dq9OeTronwtuJz3fAS+AnaoG8nSgvhPmbwR22V5bTpY54/q6DnVBmN4UG5m4KvCudEpfIxCY68YkJYcc3soETVowCGoehhi1YwUUu2oKKMWHFEEJARjJGoVeBgQYtushGVtACjC4ZxQnKSMcQyCBae/nGGtvYxgqaRAZ1DKQMLncXdWyRj4hkh0tsEchGhmAIBqNLLxBJSVbAcSWjcKQjqSQXdhyykn2EyRw1GcgoYBEu7OAcKPlYQpZYgZSNpMEp3fLJVXbxjTBhxShhSUcrvGWStmzjLF+yCF4GEo9q2WMwudjKl7zSmGWUQVuyscwu9sImeIBmGf22FmBUE5cKUcfbNPKJTwzTIKwAJDQzmBZoLBMYikTIOqgBjHr2ooYY/lEFByrATyGoIiHQeAM0kXkWddjSFuMsSDZ6Uc+G3jOf++QnPznAB4XYIgq8jGRavElJW4wrIfRsqEjPOZEZSPSkFYjCQkYhBE1Wqy3QUCUXYZdQQon0psDACEpRWqeF2MIK6iTjDAjarY8yZB04vSk+C1ILKmxgA1TImUFUsVOU/tMhujmMM5Iq0pqmwgEECCsBHEAmgnyiqic1AUlj8w2uivQgzzCBWMVqAsih9aRkWBQ73PpWg0xhrnOdwkHuelKNqiakfOXhQJ4BVsCG1QEHEQJh+2kndfC1oQm1g2PnageDQGKy/PzEcaBxWWA4I7KbFasQDmIC0M7gNnst/u0lB9KC1Ia1BQfhA2grYFjFINatpz3IBmxLgA0gpLWThUJsGHrZmuKDuGFFyFkny4HYlHatAoEuARJi0smqBqmXjedBtJsQW4D2qpOxLF8/OF7oKmQOkxUtaRK7EPIqRLJ3jc0zuKo5gtgXoClAawpik42kKjYhw7WtcRcCDShUtaJsFWkvZpuQ2toWtw3hwwZO2tPbqOMbU4SIEIi72ofwgQxkkC8UB6JZ23Z2xRd5RgNS2wAYZ+Svm22QjWNcAseWoL87fkgqZizWBkg1yBapxRSeOoUjI/nJUI6ylKdM5Spb+cpYzrKWt8zlLnv5y2AOs5jHTOYym/nMaE6zIZrXzOY2u/nNcI6znOdM5zrb+c54zrOe98znPvv5zxIJCAAh+QQJAwC2ACwAAAAAyADIAIcAAAAHHScNjMMKmtgKmtgKmtgKmtgKmtgKmtgKmtgKmtgKmtgKmtgKmtgXn9keotoeotoeotoeotoeotoeotoeotoeotsfo9sfo9sgo9sipNskpdwnptwqp90uqN0wqd0yq940q941rN41rN81rN81rN81rN81rN83rd9FsuFIs+FJs+FJs+JJs+JJs+JJtOJLtOJXueRevOVevOVevOVevOVfveVfveVhveVjvuVoweZuw+dxxOhzxehzxeh0xehzxeh0xehzxeh0xeh0xeh0xeh0xul2xumCy+qIzuuJzuuKz+yKz+yKz+yJzuyKz+yLz+yLz+yN0OyU0u2Z1e6c1u+e1u+f1/Cf1++g1/Cr3PGz3/K04PO04POz3/K04PK14PO34fO54vO84/TA5fTE5/XI6PXI6PXI6PbI6PXI6PbJ6fbJ6fbJ6fbL6fbL6fbM6vbM6vbN6vfP6/fQ6/fS7PfS7PfT7ffV7fjW7vjY7vjZ7/ja7/jb8Pnc8Pnd8fne8fne8fne8fne8fnf8vrf8vrf8vrf8vnf8vrh8vrl9Pro9fvq9vvr9vvu+Pzy+fzz+fzy+fzz+fzz+fz0+vzz+fz0+v30+v30+v31+v31+v32+/32+/33+/34+/35/P75/P75/P76/P76/P76/f78/f79/v79/v79/v79/v79/v7+/v7+/v/+/v/+/v/+/v7+/v7+/v7+/v7+/v7+/v7+/v7////////////////////////////+/v7+/v7+/v7+/v7+/v7+/v7+/v7+/v7+/v7+/v7+/v7+/v7+/v7+/v7+/v7+/v7+/v7+/v7+/v7+/v7+/v7+/v7+/v/////////////////////////+/v7+/v7+/v7+/v7+/v7+/v7+/v7+/v7+//////////////////////////////////////////////////////////////////////////////////////////////////////////////////////8I/gBtCRxIsKDBgwgTKlzIsKHDhxAjSpxIsaLFixgzatzIsaPHjyBDihxJsqTJkyhTqlzJsqXLlzBjypxJs6bNmzhz6tzJs6fPn0CDCh1KtKjRo0iTKl3KtKnTp1CjSp1KtarVq1izat3KtavXr2DDih1LtqzZs2jTql3Ltq3bt3Djyp1Lt67du3jz6t3Lt6/fv4ADCx5MuLDhw4gTK1braAwVKmMcLbbJaMqSy0umMJo88xMWzJixfOIccwxo0GNIv/xk+fTlKapd3nEN+k5sjIvmzOkDMQxtzGEguhEjxs9tgXOuKL+ShXdDLb8va3FYBomR60bE3O6zvHuZ0Qup/kRfQoXhpizY07uJvaV79y3gE46/vHCTlPTppaj+5N59aoXzLbEQFvjhp9oi/bmHB4DzKVRGgfgZx5kjCbpniXwNIuQIhPgpolqF3f13UIAJUcFherFlAeJyiyBE4kF+nIgdErGVsaJy0x0kXnTlHZSEjNflSJolNyrnXEHQRSckQW4AeZ1ksYVR5JID+RZdcAb9CGSPsSFYZIsFzRadbQXh4aQREt42RpEiDsTab7AZRCCQWBwnEJFFHmQabWUcdCaUdiZ340GfZOFaFvER5KR2dgr0iRY3gllQZaBNAShBMcqYxCaFkeLIpQtRuCKoAzX2WGQIKQKkhw7lkUcm/nIlUgYXtHIxRh2cLoTHihjJ2OdCjVTRgw3E2oDEr231UeuytKLRyEI2JoilRSZCSKVBeSRR7LbEbtHWJsyGywUcuSLUh4rdZUGqRIpYlx4S6yXUyBTc1mvDs2slIq64fZCSkCPRMrfuRO1ipwWrB2Wyhb32IpuWsvuGO8YjCn2yiKQb+eFHuQclMizD9Xq71iMR70uITWKAzHAibY1Rsrh10FSFyvb24Ja+L4fLckxl0NzwW3TkzKwYFL+UiA4+c1sFXKSQIfSydMA0c9LFIgEr03A8TSujLiFNtQ1TXC0XIFpzUTRLeXytg8NzbYLG0/621AjVU+CLVyMul9wm/ksfg9xDHn4lkne4RMN0NMM9sN3XInCIsSwaZxutbbE6TCHHYaQ0EjlNibza6Oeghy766KQH1QghedCxxuqs05EHIXb/NIYUR+Dwwu2443CEFHuLVUoicrAu/PCry5FIKTxZQkUMuDfv/O0xUHGhWJngQfz1w+Mh9k1/7PD8987v8EdYnwSP/fnFJ0rTIsyD7z70GHOVCPr0r7GzTVS8r/8LXHalev3ni9pNbLC/9+EALP8D4PUEaBMCFhB8NgDL/BR4vfvVJH8P/F7/uFI+Cg5PDuqbCfsy6LwYxI8rmbiDB1d3h+3ZpHskvJ34xvI789VPDopA3k6U1779xSAL/tMry+lSRzzXwU4oszuCA5tng931rnRQjKIUp0jFKirEFJ0IoUz2IIfNCSYTjCCEGMW4CC2uZA86GIEa1WgEMgjGEokYoxwJkQgzogQOKVijHkcAAy74pRNxnOMcLcgSGOzxkDCAg15IsQhBOpIQpnCJIg5JyRHoAGF0ecQjH2nHksChkpW8lltMEcZNCpKQK8kjKA9pBC+uxRSKMKUjY8cSJKySkjJwZVpKKUs51hEme1DlLfVII7dospdzDOJLuDDMQ/qxLYFEphhp+RJbNnONMGjLJ6Q5Rl26RAvXXOMe2OIIbv7yipHsCBogp5A9GPKaGzyLJaTpiHQexBSf/rCEPjNhz4vgwQMXCGgOFoSQR1Dhms9UCyl6yYi4IYQUmdCnRPmJkX8G9KIeEOVAVDVMTKalnI9cRCcWkk+JmnSkF4nBRVd6AZspBA5pDOVbLBHLMSaiEQ5NCClMylNlUoSlLF3aQtr1TjXKIKFw6QRKG2KKnvK0nwQhxBE60IEjnOwgeAAqSwnaEDgo0jCbcKpJoSqQOjhgAGgdgANiZhA0aHWlKPAmZ3YqVokexBEoSGtaUbCut65UP41iRV1N6ie96tUIB/HrSj26n8HqM4SOOKth0eqAg+RAsQK1U1MdawmyZmGyes2CQcSA2YCi4Tid4CzHBpID0KY1BwdB/kFpY3AbwXI2pwNRgWvRqoKDaKG0F2CsYko62NUOhAO7HUAHECJbzCJWNRF1LFkFkly0IsStmPVAbDi7VINUdwAJUSlmVbPZwbIiId9NiCJKy9XFlFesuC1IehNSBcyedkh17aQt5puQy/o1Nql1ancRwt+CvuCtL4gNXXmqX4Egd7ccYMgjjKBVjSZmwZbIRHwRotvd9vY5AL2oUG9jClKYGCKt3S1sH6IFKUjhvlYkyGd3K9oYYySyrq2sjTNiBNcWc8cXwetk+QrkjJhVrw64apExQggjcIADRlDykqdM5Spb+cpYzrKWt8zlLnv5y2AOs5jHTOYym/nMaE6zJ5rXzOY2u/nNcI6znOdM5zrb+c54zrOe98znPvv5z4AOtKAHXZSAAAAh+QQJAwC8ACwAAAAAyADIAIcAAAARjsMTndgTndgTntkTntkTntkTntkXn9kdotofotoio9smpdsnpdsnpdsnpdsnpdsnpdsnpdsoptwoptwoptwpptwrp9wtqN0vqd0yqt02rN44rN45rd87rt88rt89r989r+A9r+A9r+A9r+A9r+A+r+BGsuFPtuJRt+JTuONSt+NSt+NSt+NSt+NTt+NTuONWueNevOVlv+ZmwOZnwOZowedowOZowedqwudxxOh1xuh4x+l6yOl8yOl8yOl8yep8yep8yOp8yOp8yOl9yeqByuqQ0eyR0eyR0eyR0eyS0u2S0u2S0u2S0u2W0+2X1O2Z1e6b1u6d1u+e1++g1++h2O+j2fCl2fCm2vCn2vCn2vCn2vCo2vCo2/Cn2/Go2/Gq3PGt3PGu3fGw3vKz3/K24fO54vO64vO74/O84/O84/O84/O94/S94/S94/S94/O95PS95PS+5PTA5fTC5fTE5vXG5/XH5/XG5/XG5/XI6PbO6vfR6/fS6/fS7PfS7PfS7PfS6/fR6/fR6/fR6/fS7PfS7PfS7PfT7PjV7fjW7vjX7vjZ7/jb8Pnd8fne8fne8fnd8fnd8Pnb8Pna7/na7/na7/ja7/jZ7/ja7/nb7/nc8Pnf8fng8vri8/rj8/rl9Pvn9fvo9fvp9vvr9vvt9/zv+Pzz+v32+/33+/35/P35/P36/P76/f77/f78/f78/f79/f79/v79/v79/v79/v79/v79/v7+/v7+/v7+/v7+/v/+/v/+/v/+/v/+/v/+/v/+/v/+/v7+/v7+/v7+/v7+/v7+/v7+/v7+/v7+/v7+/v7+/v7+/v79/v79/v78/f78/f78/f78/f77/f76/f76/P75/P74/P73+/34/P75/P75/P76/P74/P30+vzy+fzx+fzx+Pzw+Pzw+Pzx+Pzx+fzx+fzx+fzx+fzx+Pzx+fzx+Pzx+fzw+Pzu9/zr9vvp9vvp9fvq9vvq9vvq9fvp9fvp9fvo9fvm9Pvm9Prm9Prm9Prm9Prm9PoI/gB5CRxIsKDBgwgTKlzIsKHDhxAjSpxIsaLFixgzatzIsaPHjyBDihxJsqTJkyhTqlzJsqXLlzBjypxJs6bNmzhz6tzJs6fPn0CDCh1KtKjRo0iTKl3KtKnTp1CjSp1KtarVq1izat3KtavXr2DDih1LtqzZs2jTql3Ltq3bt3Djyp1Lt67du3jz6t3Lt6/fv4ADCx5MuLDhw4gTK1Yrrk6VKnXELbZZKsqSy0uilJo8M5sWzJi1ZOMcsw5o0HVIv8xm+fTlKKpdLnINelFsjPMUKfIEMQ1tzGkg8pkzB9JtgYrAKAczhndDMb8vi3F4x0iR60Xm3Pa0vPseVwyr/kRfUoVhtizY0/OJfaZ79zPgFY6/vDDbk/Tpn6h25d69nYXzLbEQevilp9o8/bnXiHzzKXRHgfgZx9kpCbqHSkIBJnQKhPiJolqF3f2HUIYITcGhgaqNAeJy84zY4EGQnIidEbHtsaJyZSAkXnTlHXSEjNeNERsqNyrnXEHQRTedQXwAed0pt81RZI4G+RZdcAb9COQUxyFYZIsFzRadbWE6WYSEt9lRpIgEsfYbbAYRKGMWxwlEZJEHmUbbHgeZCWWdvCR340HZfOHaF6MZ5KR2gPLiShk3gllQZaBFIZlBMcp4RKKDvXLKnw1RuCKoBTX2WGQIiQKkhw414kgq/nLts0cctMZxxyKcJtTIihjJeAdDplghhA3E2mDEr25BUuuytPJB6kE2JsioRSZCKKRCjRxR7LbEUrlWNsyGG8cfuRrkiYrdjfHsRKJYl54R6yVkShTc1muDKWztI664kLyiYbTMrUtRu9iNwepBqZRhr73IqqXsvuHecWFCrswj6UaQQFJuQaAMu3C93qaFCsT7gmJTHB8vbDJbd5AsLpkyWZGyvUC4pa/L4e4j0x0zM/zWIjgzW8fELoGiQ8/cWgHXK7MGXSvMLcmMdLFGwLr0H07TmtpLR09tAxRWy/VJ1nEQvVIjXuvQMF3Z8OG0vy2ZMjUU+OZ1Ssskr80S/hAzA7FgX/vgHS4dZrNk9MJA6N1XKX/QsSwfhbcEirbF6gBFH4d5GrlMoDQSdqOghy766KSXfhM8oEDCyB+st84IJKAIvNMc99mgwu2421DEE9OSNYs+irQu/PCsK6LPLDyhQoUMuDfv/O0yULE5V6o4Qvz1wzuiik6e7PD8987vcKRXrgSP/fnFx2cTKcyD7z70pIClD/r0/6EPTlS8r78KVIC1ev3nYwRObrC/99nAfwAM4AAL6L4byC+B2LvfTfLHwO/17yvlg+DwFKG+mrCvgs6TQfzAUj0Nsk573NMBCG+ng/F95Xfmq58iSIG8nSivffuTARim9xXUqY54/q8DBTyEMoclFIGAzrtBEZbQO9M58YlQjKIUp2gQbMDNJpWA3GGycQpReNGLprjiSyqhgxCY0Yw9YNNfUkGPL7pRFKQQI0v4cIIz2jEEMTCDX7DRxje+kR4wicEdBxmDeOEFFqbwoyIPxhJ9DPKRIdCBBOuSikUuUo4p4QMkIRmGunTRkn4coUvquMlB9oCHaUkkKP1IDpgYoZSPnAEqzfLJVboxjjCpBClhaUcauaWStnzj51xiBl4OUo9t6WMwvdjKmbzSmGeMQVtescwvDjMmYYDmGSvBFlRUkx6YLMke9nAphFRCkNC8oFqAactZ8mIW8OTIIjYwgXrmAGoF/lEeNJGpFljY8hSwYAg8B6qRedbzoBu4FkL0wQNeTlIt3lykKbAh0IFaNCMyOKhGJ8CDhfAhB5vs5C9V6UV6kCOgFbXoRS+y0Y0qbSH6MAI6zSgDfsIFGxR9iEp3mhBPAEEDGgCCCweyiJZuFJ8K4YMhC7NTlSLkDwsggFQJsIA/QMuoGj1BOQHVVKcaRBwmmOpUTbDVgWBVowJqVFe9WpAeiFWsPTjIWTUaCrWuNZ5fjepbpbqAg+Rgrvbk6l3xWpAs7FWsdCoIGgBbTz4dZ7A1NEgODjvVHBzkBIyVwWMhixAUUFaqKDjIGBg7gbrGhrMIycBnCaABhGAWsB095O1gE7JaqSJkD4zdgGzvqpDaEiAhGQXsbtfa29omJBSMRWpiZlvc1SrECoB1LGd4uxDfLuSvZ71NVxtiXYWIAwVYDe1wCdoQ1X42AwwRBw+MqlDVrNQhnv2seBkyBnoe9KVUFMhkP2vZh4zhMtLNLy8M+9nECrgi4tDrXvt64Iu49bBHaPBFwLpXskr4IlAV6wKGemGJeKIHGchADzjc4RKb+MQoTrGKV8ziFrv4xTCOsYxnTOMa2/jGOM6xjnfM4x77+MdADrKQh0zkIhv5yEhOspKXzOQmO/nJUI6ylKdMZRkHBAAh+QQJAwD0ACwAAAAAyADIAIcAAAAIi8QGmNcGmNcGmNcGmNcKmtcXn9obodobodobodobodobodocotscotseotshpNskpdwlptwpp90rqN0uqd0wqd0wqd0wqd0xqt4xqt4xqt4xqt4xqt40q943rN49r99CseBEsuBGsuFGs+FGs+FGs+FGs+FGs+FIs+FRt+JYuuRZuuRauuRauuRauuRauuRau+Rcu+VgveVivuVqwudwxOdxxOdxxOhxxOhxxehxxehwxOhxxeh0xuh+yuqDzOuEzOuFzOuFzOuFzOuEzOuFzOuGzeyKzuyNz+2R0e2T0u6U0+6V0+6X1O6Z1e6a1e6a1e6a1e6a1e6b1e6a1e6b1u+b1u+b1u+c1u+e1++g1++h2PCh2O+i2PCk2fCm2vCo2vCp2/Gq2/Gs3PGu3fGv3fGw3fKv3fKw3fKv3vKv3vKw3vKw3vKx3vKy3/Kz3/K14PK24fO44fO74/O+5PS/5PTA5fTE5/XG5/XG6PbG5/bG5/bG5/bG6PbI6PbK6fbM6vbQ6/fU7fjZ7/ja7/ja7/ja7/na7/na7/na7/na7/na7/na7/na8Pnc8Pnf8fng8vrh8vrg8vrg8vrg8vrh8vrh8vri8/ri8/ri8/rk8/rp9fvu9/zt9/zs9vvr9vvq9vvq9vvp9vvp9fvp9vvq9vvr9vvr9/vs9/zu9/zv+Pzv+Pzv+Pzv+Pzv+Pzv+Pzv+Pzv+Pzv+Pzv+Pzv+Pzv+Pzx+f30+v32+/74/P76/f77/f78/f78/f78/f78/f78/f78/f78/f78/f78/f78/f78/f78/f78/f77/f76/f76/P75/P75/P75/P74/P34/P34+/33+/33+/32+/31+v31+v30+v3z+v3z+f3x+f3w+fzw+Pzw+Pzw+Pzw+Pzw+Pzw+Pzw+Pzw+Pzx+fzy+v30+v31+v32+/34/P37/f7+/v7+/v7+///+///+///+///+///+///////////////////////////////////////////////+//8I/gDpCRxIsKDBgwgTKlzIsKHDhxAjSpxIsaLFixgzatzIsaPHjyBDihxJsqTJkyhTqlzJsqXLlzBjypxJs6bNmzhz6tzJs6fPn0CDCh1KtKjRo0iTKl3KtKnTp1CjSp1KtarVq1izat3KtavXr2DDih1LtqzZs2jTql3Ltq3bt3Djyp1Lt67du3jz6t3Lt6/fv4ADCx5MuLDhw4gTK1abTY8YMXqyLbaZyouVy1a8pJo8s1kZzJjLNOMcUw9o0HpIv2xm+fRlL6pdOnIN2lFsjKAIEcIE8Q5tzHcgDsKDR9JtgYTYKGcTh3fDOL8vx3EIKMmR60fw3Ma0vHugXQzF/kS3IobhNDLY0w+Kbad7dzvgFY6/vHBalvTps6je5d79n4XzWbEQevilpxoo/bn3iHzzKQRIgfgZx1k3CbpnTUIBJnQLhPhxolqF3f2HUIYIfcGhgarFAeJyoIzY4EGSnIhdErEFsqJydCAkXnTlHdSEjNfBEZs1NyrnXEHQRTedQYMAed0tt+FRZI4G+RZdcAb9COQXxyFYZIsFzRadbQUR4uQREt72R5EiEtQMF79xcRCBMpJxnEBEFnmQabQFctCZUN5JT3I3HtSMGq6pMZpBTmonKD270HEjmAWlAidmXEhmUIwyNjFNYb3cEmhDFK7YDUKNPRYZQpwA6aFD/o48Uo1coQiix616CPKILgw9siJGMgLCkCdgAKHDsTokIaxbmODq7K2DjIqQjQk6apGJEAqpkCNNIOvtsXO0pcuz5OpBCK8JYaJid3GcehEn1qWXxHoJeaLFt/jq4AlboZRbLia9JNQNtcy5ixG82MHx6kHVzJFvvsuq1ay/5AqSi0K7gELpRpJI8mlCmxj7ML7hrpULxf4uPNMdIz+8SVuBoFzugjOB0XK+QLjVr8zkhiITIDdD/NYjPD8LyMUvbfJD0N+CAVcvthaNK80u2cw0sknM+jQhUt8acUtLX62DFlrLtUnXeiDNkiNi//D1XLoMInXALXlytRb75nVL/swo+/mSyCMDQSZfofBN7tEwKf0wEG/35QkhgDg7iNpJM+HtD1rQC+otlNO0iSNlPyr66KSXbvrpN90yyiaROOL665FsMoq0Pt3xRBA8yKD77jwE8YS1ZLEDCiSvF2+865CAwg5PuXxRw+7QR697DV907tUumByvvfGYxIdTJD9IL370P0QSFi/Eb68+8rzgFMrz48c/vc9fgbL+/Y5sTNMX8vcvA5dfaR3+1Ge+m+TOf/HjAVgEOEDtFdAmB0Sg+BRYvwZuT38z4Z8ExQdAr6DPgsaDRPtuEgoabDB6NKDfV7AHQtd1TyfgO6HuyjcW4aUPf5DwxPJ20jwTIpAG/mWwXlhUx7rjxW52QrmDE3Anvd45AUuoi6IUp0jFKloRIb3YoU0eIQhNFYYX1RCVGHGhxZc8wgckSGMaf5CawOxCjHAUYxlZIggVqPGOJJgBlfgSqjj6kXYrkQEeBzkDQejFHbj44x9fMopBOpIEPhjFXZqhSEXOMSWCeOQj1VCXMFZykS+xoyYH+QMvviUbn/yjEFOChFE6sgamZIsnUxnHS6rkEaJ05R1p5BZK0jKO3nvJHHQ5yJKx5ZdxXCVLWklMNc6gLexAphgXRRM1NFONVEuLLqR5C1sOZBV3gOJGABEIcyjkEYJsJmzW8sZfogshdRSAPA9gyIwQAgQZ/sinDgiRkGx4oZnGTIs7aFkNdyiECweQp0LpiZF75vOhIHCDQkbxA11Kki3bVCQu6JYQGij0owIQAUZo8NCSZuAHCxEEGjf5ll2gEo65MOhClgBSkGLEpCZ12kJGgYR0prEGAX1LLzjKEEHUFKT1NAgmfvCBD/zgSGXCqUn56RBBJHUwq5DAUT8qzoEMggINCGsDKKA5ggBCqiVNgTkfBYStfvQg3SCBWMVKAoMRBK0ldcKjIOHWtxrkB3OdK0oNgteSvuxOKuirPFVgkG6ANbBhpcBBcFBYfd7pDoqVZ1fpIQbIzrVHBKlDZfPZuMmIILMROIgOPCtWHRwkBaOl/sFt+JpZORlEBawNK2MN4obRZuCwpPGoYlN7kA/ktgEfQAhsKztY0iRUsZsVyHHDipCzVhYEscmsSBEy3QZ0dLSqMapiIZGQ7oJstFSdDGb7ugSFmDchYKhsaQ+zir7utrzTXQhl8RobD2zVA6tYyHsTYo4VoHUFseHCUWkQ4IUYN7fJXYg5fiBVicamrQu1LUNwm9v7LsQN+HyoTm9zByAAQcMNWW1uXfsQNzjBCfOlYmdzC9orWsSxrJWsjTMCWM/ycscXiStk6wrkjHx1rhSAapEtstSmPnXJUI6ylKdM5Spb+cpYzrKWt8zlLnv5y2AOs5jHTOYym/nMaE6zI5rXzOY2u/nNcI6znOdM5zrb+c54zrOe98znPvv5z4BGSkAAACH5BAkDAO8ALAAAAADIAMgAhwAAABA2RxKY0Q+c2A+c2A+c2A+c2A+c2A+c2A+c2A+c2A+c2A+c2A+c2A+c2A+c2BCc2B6i2iOk2ySl3CSl3CSl3CSl3CSl3CWl3Det3jmt3jmt3jmt3jmt3jqu3zqu3zqu3zyu3z2v3z+w4ESy4Ei04U224k624k624k+24k+34k+34k+340+340+341C341K441e65Fu75F685WC95WK+5WO+5WS/5mS/5mS/5mS/5mS/5mS/5mS/5mS/5mS/5mfA5mrB527D53PF6HbG6HjH6XjH6XjH6XjH6XnI6XjH6HjH6XjH6XjH6XjH6XnI6XrI6XzJ6YDK6oLL6oXM64fN64rO7IzQ7I7Q7I7Q7I7Q7I7Q7Y7Q7Y7Q7Y/R7ZDR7ZLS7ZTT7ZfU7pvW7p3W757X75/X76HY76PZ76Ta8KTa8KXa8KTa8KPZ8KTa8KTa8KTa8Kjb8Krc8a3d8bLf8rPf8rTg8rXg87jh87ni9Lni9Lni9Lni9Lri9MLl9cfo9snp9svp9svp9szq9s7q987r987r987r987r987r987r987r98/r98/r98/r99Ls99bu+Njv+Nrw+dzw+dzw+d3x+d/x+eLz+uPz+uPz+uPz+uPz+uPz+uPz+uTz+uTz+uT0+uT0++X0++b1++j1++n2++v2++z3++v2++z3++v2++v2++r2++n2++r2/O33/O/4/PD4/PD5/PD5/PD5/PH5/PL5/PL5/PP6/fT6/fX7/fb7/fj8/fn8/fn8/fn8/fj8/vn8/vn8/vn9/vr9/vv9/vz9/vv9/vz9/vv9/vv9/vv9/vv9/vv9/vv9/vz9/vz9/fz9/fz9/fv9/fr9/fn9/fn9/fn9/fn8/fn8/vn8/vn9/vn9/vn9/vn9/vr9/vr9/vz+/vz+/vz+/v3+/v3+/v3+/v7+/v7+/v7+/v7+/v7+/v7+/v7+/v7+/v7///7///7///7///7///7///7///7///7///7///7///7///7///7///7///7///7//wj+AN8JHEiwoMGDCBMqXMiwocOHECNKnEixosWLGDNq3Mixo8ePIEOKHEmypMmTKFOqXMmypcuXMGPKnEmzps2bOHPq3Mmzp8+fQIMKHUq0qNGjSJMqXcq0qdOnUKNKnUq1qtWrWLNq3cq1q9evYMOKHUu2rNmzaNOqXcu2rdu3cOPKnUu3rt27ePPq3cu3r9+/gAMLHky4sOHDiBMrVptrEB06g3IttglLTprLaeTAmjwz2B3MmO8E4xxzEGjQg0i/DGb59GU5ql1Wcg26UmyMsCZNEgXxD23MfyBC+vMH022Bk/Ioz+OHd8M+vy/3cVhIjJfrXoLHFrW8O6RiDOn+RE9DhyEwOtjTQ4r9p3v3P+AVjr+8EFia9OnTqC7m3j2jhfPppxB6+KWnGiz9uXeJfPMpVEiB+BnHmS0JurdLQgEmVAuE+LGiWoXd/YdQhgjJwaGBqvkB4nKbHUSiQZiciJ0YsT2yonJ+ICRedOUdRIaM1+UR2y43KudcQdBFN51BkAB5XS23BVJkjgb5Fp12Bf0IJGy3IVhkiwTNFp1tBU3ipBcS3sZIkSISxNpvXBZEoIw9HkdkkQeZRtsjB50J5XHI4WmQZ66J1ieQWAJajIorgklQZaDJIRmMQJIBTGHG4ILLQxSuaAtCjT0WGUKsAOmhQ5VUcmlcr0RSyKv+hUByyWgLXbIiRjIWwhAsc1iRxK9JhEHIW6PAauyrkmyqkI0JBoKRiRAKqVAlYwBr7a9LrhXMsdwWUgmtCInC6HJ+fHoRK9alJ8Z6CcHSxrXwJuEoWq902+0oxiRkC7PMmYsRutjlcepBwPQRb7zDrlWsvdxCcmFCxcAyb0aYYLIqQqP4ejC82aa1C8P2DjyTHxsfPEpbkIDc7YIzyVFyvFa4Va/K3L4iEyEvI/zWJTQf+8jDLo0yRc7XxtmWMSn3DCvLLrlMNLBgXOyWMZUo/SqfLw39dBJtSA2XK1YXAvRKlWw9RcJ1BSOJ0vm2BMvTbUxMFy5JM8yuSxpvbAX+mXy9UrfPY7Mk9MFWoP2XLJU8Yqwkgbc0SrXATtHG3YRl2rhMo6gK6Oacd+7556AjpQssppASyumok2IKLLoI9YcZVhRxw+y0F2GFGYmSJcsoqPfu++mjyNKTLnEIQfvxyM8uRByti0WMK79H77srxOh0yRTJZ4/8FEx7FQ7v0ocPfDg4nWK89ugrfwpYsojvfijC3xRH+vTfEAdYpr8fPik4EVF/+kXAn/7217//oY8I7Bug9OJnk/kZMHv3+8r3FOi7UZDvJuZ7IPKEsD6wEKMUFDxdKaqXk+tpcHbc0x343jcKZe2EeOernxDo0LyyjK50v1Md61xXBiv4D3n+RLBCGXIXuiIa8YhITKISKXIOnCRuUoYpxjCmOMViNDEmlYgCC7a4xSoQkS/kIAYVxzgMYlzRJY+QARfXyIIbdGwvYiQjGUnokhuw8Y43wFpepCjHPr6kFHcMJAuiUIq7kKOPiBzGGVfyCEEKsk5y4WMi5wgTNTryjlWA4lskOckxXtAlYLhkIIWgSbZwspNTNCNMKmFJUa4RDG85JCrJSA6Z9MGVd3xjWuI4yyl+MiahxCUXb9CWc/SSirWsCR2EyUW+pSUcx1RlQmThBypxZBCF8NdBKmFHYUZQLbJE5S8NksYBmDMCeryIJErggXYWQRIJyUUchKnLs6AyPgn+WUMEzMlPdGJkne0MaAnuoJBSVMGVhWQLNBGJz4QEgZ8QHYAJMBKEgFrUA1RYyCO0+MhYcpIY40SIGCIaUYxc9KJGQ0gpwNDNLQqhnn15BEkjmk6CYIIKIxgBFdJUEEmc9KLwdMgjahoYWWBgphC1JkEgkYEJOHUCGaDcQAbxU4vCQJvHqQJSIXqQWpzgqU89wZ8KUlWLkoFzl9gqVw0yBbCCdQoHKatFj3QbGajVnDIwSC2a6lanZuAgRZCrOwHlh7uaU6kCmUNfwToHg/hBsO1MzW1MYFgMHIQIi30qAg0CA8gK4TZpNewaDiKDzDo1rwa5A2Q9QNfJPPSulj3+yAhMO4ERIKSzgs2oavZ5V8QOhLZORQhVBVuC2Bh2oggB7gQcClnVyPSu3SuIchMiCsgGdTKFVSuNEjLdhMhBsJKdjCzUilruAnchgS1rbEKA1BAwMLnnVYgtaFBVGsRmDTMNwnsRMlvT2nYhtqDCTwkaG632c7QNKa1py7uQO7AzoCkljR+qUAUEOwSzpt2sQ+5ABjKEd4kEUaxpGwvijOw1s38tsUbaulhYqtjEJuirCcb64oswFawZ4GmNL4KJKeR0CjresZCHTOQiG/nISE6ykpfM5CY7+clQjrKUp0zlKlv5yljOspa3zOUue/nLYA6zmMdM5jKb+cxoTrMPmtfM5ja7+c1wjrOc6xIQACH5BAkDAO8ALAAAAADIAMgAhwAAAA56qAOX1gOX1gOX1gOX1gOX1gOX1gOX1gOX1gOX1gOX1gOX1giZ1xef2Ref2Ref2Ref2Ref2Rig2hig2hig2hyh2iGk2ySl2ymn3Cyo3Cyo3C2p3S2p3S2p3S2p3S6p3Tyu30Gw4EKx4EKx4UKx4EKx4UOx4U+24le541i65Fe541i65Fe541i65Fi65F695WzC523C523C52zC52zC52zC52zC523C523D6G3D6G7D6HHE6HPF6HXG6XjH6XvI6n3J6oDL6oHL6oHL6oHL6oHL64HL64HL64HL64PM64XN64fN64fO64jO64vP7I/Q7JHR7ZPS7ZXT7ZXT7ZbT7ZbT7ZfU7pbT7ZbT7ZfU7pzW76rb8azc8azc8a3d8a3c8a3d8q3d8q7d8rDe8rLf8rTg8rXg87fh87jh87ni87vj9L/k9MDl9MDl9MHl9MHl9cHl9cHl9cHl9cLm9cLm9cLm9cPm9cXn9c7q99Dr99Hs99Tt+Nbu+Nbu+Nbu+Nfu+Nfv+Nfv+Nfv+Nfv+Nfv+Nfv+Njv+drw+dzx+d/x+eHy+uHy+uHy+uHy+uLz+uPz+ub0++f0++j1++r2++v2++v2++v2++z3++v2++v2++v2/Oz3/Oz3/O33/O74/O74/O/4/O/4/O/4/O/4/O/4/O/4/O/4/O74/O74/O33/O33/Oz3/Oz3/Oz3/Oz3/O33/O33/O/4/PD4/PL5/fT6/fX6/fX6/fX6/fX6/fX6/fX6/fX6/fX6/fX6/fX6/fX6/fX6/fT6/fT6/fP6/fP6/fP5/fP5/fP6/fP6/fT6/fT6/fX6/fX6/fX6/fX6/fX7/fb7/ff7/fn8/vr9/vv9/vv9/vv9/vv9/vv9/vv9/vr9/vr9/vr9/vn8/vn8/vn8/vn8/vr8/vv9/vv9/vz9/vz+/vz+/vz+/v3+/v3+/v3+/v7+/v7+/v7+/v7+//7+//7+//7+//7+//7+//7+//7+//7+//7+//7+//7+//7+//7+//7+//7+//7+/wj+AN8JHEiwoMGDCBMqXMiwocOHECNKnEixosWLGDNq3Mixo8ePIEOKHEmypMmTKFOqXMmypcuXMGPKnEmzps2bOHPq3Mmzp8+fQIMKHUq0qNGjSJMqXcq0qdOnUKNKnUq1qtWrWLNq3cq1q9evYMOKHUu2rNmzaNOqXcu2rdu3cOPKnUu3rt27ePPq3cu3r9+/gAMLHky4sOHDiBMrVgttT5o0e6AttjnLTJjLYczMmjyTGhvMmNlQ4xxzD2jQe0i/pGb59GUzql0ucg16UWyMsxYtogQxD23MeSAGypMn0m2Bi+gop4NnkkM6vy/Tcbhny5XrV4LHnrS8+6FqDNH+RA+ThuG0NNjTB4qdp3v3POAVjr+8cFqX9Om7qK7m3n2fhfOFsRB6+KWn2iz9uWdcQgEqtEeB+C04WS0JujcNg/MlRAuE+HGiWoXd/YdQgwiRwaGBquEB4nKbHUSiQZGciN0WsR2yonLaGSRedGggxIWM17ER2zQ3KuecQdBFN51BgQB5HS237VFkjgT5Fh2VA/0IJBnHIVhkiwTNFp1tBSni5BUSxsZHkXwYRE0Zv5VxEIEylnfcO0QWeZBptIlY0JlQ3vlOcjce5Jlroh3kJJa3VdPeimASNAucmJUhGYxAcnEhYelAc2lDFK5YC0KNoYFGZAhxAqSHDukmjVz+sygSyKyBJBLJaAtFsiJGMqa2UChlSKHEsEpsocdbm9Cq7KyLfIqQjQn6apGJEAqp0CJbEKvtsHC0Rc2y4AYCCa4ITaJid3iMehEn1qW3xXoJhcLFtvQqEQpbs4Qb7ibpJFQLtMypixG72LHB6kHSwFFvvceulay+4CayKULVzBKpRpFEMvFBkwi7ML3drjUNxPp+YhMeHy985FqJkBxumjCVkXK9UriVr8vgXtySHjMz/FYkOC+LyMYsTfJEz9vK+VY6sgZNK8wryYw0sVe8Clc6kDg9KyIwHT21ElxYLdcnWgdCdEqLfP1Ew3VRs4jT/bYUytRc3JsXNC2TnAj+TB5/LAWZfM2SN7hDw2T0wlKw/RcxkCCi7CJnF50tsU9wcchhnUYe0ySLiC3o56CHLvropPs0TS20hMLJ6qyHQkstmuuEBxdSCJHD7bgLIQUXeKAFzSesBy/86p84m1M0YfyA+/LM3/5DGNGMZc4sw1cv/Czm6ASJE813z7wTkISVDvDWl0983DZ5orz37DvvCVjQmC8/J8bPFEb7+Ocg4Feqz1++3TaxXf7YJwSw9M9/1QNgTQQ4wO4V8CvxQ2D16ieT+zWwe/vzyvgkKLxPoK8mnvDBBZnng/eBZXocXB32tMe9EeYAfGT5HQI/ET2eIE+EA/QBGmpYltOlbnj+roOdUGYXBQbmLgq8K50Sl8jEJjrxiRAJRRsUR5NF9EFghCEDCgTARS6OgIotWYQRVEBGMkKBUXzZAga6yEYBOACMKuEDDMpIRxXIIGR8acMa29hGDMAkB3UMpAzalBdFjICPiBSAAlVCiUA6UgVG4I1dopDIRMLxJHx45CPPQJdQbLGSfHQATOaoyUBCAYttCQUIQIlIGMCkCqV05A9QuZZPspKNb4TJIkgZSzpe4S2UvGUbaRSTNvQykG1wywWEyUZXzgSWxyyjDNqiB2Z2MQo2QUM0ywi4tBjBmhe4pEBmgYfedUQPeiDGtQAZTf2sZQvMNMIiCSLHCdgzA4T+xAgiUECCfgaBawipRReimcy1KOKWKFCEQriQAXs6FJ/65Gc/+4kCOyGEEk/opSTX8s1EkqCgCdmBQ0c6ARRghAcTTSkJnLAQPozxkT1yyxZW2cULwEChC9kCSUmKEZWq1J0KoUQV2EnGH4AULm04akt3StJ8FmR7JzgBDA+CCJ+qFKAN4YNTBTOLEDB1pOYsCCBCwIGyciAEgDiIHqyaUhWo83NP+OpID0KLFJjVrCkIVEHYmlJi3ukRcp2rQZxw17uy1CB8TakkBAWDwNrTmQShBVkLW9YQHCQIifXnnfDgWHuGdSBkoOxduVQQPGS2n+JMDAo6C4KDAEG0ZgX+wkFUcNoe3AawneXCQWAA27JCliBpOC0JFqsakTq2tQc5QW85cAKE0DazhyUNBjr7WYIst6wIWWtmTaqaznL3INflQEJQmlnV8KGzj0hIeBMiidNidTGcDaxfwXtdhXQhs6klzCwC+1v6LnchmOVrbE7w1RPorCDrVQgxYMDW/i6GC0zdwYELotzeNnchxHCCVS1Kmrg6FAO6bQhve+tghKRBov0Eamzw8ITKQeS1vZXtQ9KwBWNB0SCh7S1pb3wRycLWsjzOCGFF+8sgY6SulM2rkTMy1ruGIHxLzghUpQrlKFv5yljOspa3zOUue/nLYA6zmMdM5jKb+cxoTrMrmtfM5ja7+c1wjrOc50znOtv5znjOs573zOc++/nPgA60oAdN6EIb2igBAQAh+QQJAwDoACwAAAAAyADIAIcAAAAIcp8KmtcKmtcLmtcLm9gLm9gLm9gLm9gNnNgPnNgRndgYoNoeotoeo9ofo9ogo9ogo9ogo9ohpNshpNshpNshpNshpNsipNslpdwmptwpp9wwqd41q941q941q942rN42rN41q941q941q942rN85rd88rt89r+A+r+BHs+FKtOFKtOFKtOFKtOFKtOFLteJLteJLteJNteJPtuJRt+NVueNau+RfveRfveRgveRgveVgveVgveVgveVgvuVgvuVgvuVivuVkv+VlwOZnwOZqwudvxOdzxeh1xuh1xuh1xuh1xuh1xuh2xuh1xuh2x+l2x+l2x+l2x+l7yOl+yuqAyuqAy+qCy+qEzOuIzeuKzuuLz+yKzuyLz+yLz+yLz+yLz+yLz+yLz+yLz+yLz+yN0OyP0OyQ0e2S0u2S0u2U0u2X1O6a1e6d1++f1++g1++g1++f1++f1++f1++f1/Cf1/Cg2PCh2PCk2fCm2vCn2vCo2/Gp2/Gr3PGu3fGx3/Kz4PK04PK14PK14PO04PK14fO14fO14fO24fO54vO74/S94/S+5PTA5fS/5PS/5PS/5fTA5fTD5vXG6PXI6PbJ6fbK6fbK6fbK6fbK6fbL6fbL6vbL6vfL6vfL6vfN6vfO6/fP6/fQ7PfR7PfS7PfS7PfS7PfS7PjT7fjV7fjW7vjX7vjX7vjY7/jZ7/jb8Pne8fnf8fng8vng8vrh8vrg8vrf8vng8fng8vrh8vri8vri8/rm9Pvq9vvr9vvs9/zv+Pzy+fzz+v30+v30+v30+v30+v30+v30+v30+v31+/31+/31+/31+/31+/32+/37/f77/f79/v7+/v7+/v7+/v7+/v7+/v7+/v7+/v7+/v7+/v7+/v7+/v7+/v7+/v7+/v7+/v7+/v7+/v7+/v7+/v7+/v7////////////+/v7+/v7+/v7+/v////////////////////////////////////////////////////////////////////8I/gDRCRxIsKDBgwgTKlzIsKHDhxAjSpxIsaLFixgzatzIsaPHjyBDihxJsqTJkyhTqlzJsqXLlzBjypxJs6bNmzhz6tzJs6fPn0CDCh1KtKjRo0iTKl3KtKnTp1CjSp1KtarVq1izat3KtavXr2DDih1LtqzZs2jTql3Ltq3bt3Djyp1Lt67du3jz6t3Lt6/fv4ADCx5MuLDhw4gTK1YLbVWkSKugLbYpbJGhy4YWCZs8M9okzJgnReMccxVo0KtIv4xm+fTlRapd8nINmldsjMJ69QIGkRRtzKQgwho1qtdtgb06Ke8kinfDSr8vV3K4Ss+d63dG3Qa2vDutaQwb/kU3FIlhtEbY08OKrap7d1XgFY6/vDAaoPTpAame5t79evnzLYQefumpJkx/7vkC4HgKrUIgfsZxBg2C7o2G0HyGJDTMg/g5xxmF3f13EIYJKcJhgaqJAuJym40Y4EG9nIidHrHRsqJyqCAkXnSNIOSHjNdNEls0NyrnIUHQRTedQbAAed0wt7lSZI4G+RZdcAb9CKQixx1YZIsEzRadbQXV4uQdEd4GS5EiDsTab7AZNKCMPR6HDpFFHmQabW0OdCaUdqKT3I0HeeaaaAc5qV2g6EyDyo1gElQZaItIZlCMMvph4WDTQGNpQxOu+GlBjTXSSGQIAQPkkQvxwsuo/m4R0wsttNLCCzDxKeTLihjJmNpCwiTSBhfEcoFHKm8FU+uytPYCq0E2IugKRiY+KKRCvPBR7LbEUtLWNMyGS4svuR4EjIrdifKsRMBYl54efRYkDCDc1stFpGgRI664wZRLarTMrTtRu9hNwipB0FBir73IrqXsvuHysulB0wiDb0a6TWyQL8MuXK+3a0UD8b4Xw8SJxwsryBYvI4t7sEuJoGxvG7G2LC4xMqUiM8NvAWMzs7tovJIvaezMbSJwTTPrz7W+nFLMRheLh8BpTeML07TuAlPRUXPxB9VrCYM1LUKjxEvXaTRcl9JM+5uSMFH/UfJc0LA8Mpkudexx/ht470WM3eEGDRPRC7eh9l/Q+LLLsr2UPbS2xabxR7yBder44K8yqvnmnHfu+ec6TRONp8uUbrqn0bjNUyd+tKEFFLDHrkUbfnSC1uim56576dBcThM0gFQR+/DEw14FIGBrBc3uzOuePEy9oFH89MSjkaZX7izf/Pa8u4NTMMJTL77xwYAVDffoL+O7S4CM7z4U+n2lffrNP8/S6++LrwVY89O/u/0rwV/+pre/r5zPf8xbX0vaN8DpxQ97/UPgMqDhvZsE4woNJN4VyheWCNIPgC2JXgZhZz2y4O6DCowJ8DCYvysoAoRYER3pnNc71e2kE31ggwBlx4Y+2A50/kAMohCHSMQiIiQYk8CSTWrhimUcBhA3KIAUpagCJb6kFlr4gRa1mIZQCCYPG5iiGAvQACuyhBVG2KIaf5CEa/FlEmEc4xg3AJMkrPGOSWCFXmihAjn6sQAcZAkw7kjIH2jBaW9Zwx//aMaUsKKQhYyTXIIRxUXKkQEwSSMk75gGJ8IlGCawpB+JABM3bJKQVfCkW2wgyks2UiW10OQp1eiGRLZSjnmQySRmeUc3riWOt5QiKWdiSl5uMQltIUUwp7gGmyjCmFusBVuysMwNvHIgwqjEkjiCilLgLCG1sKMx/8CWPAQzC4E0iCqKMIF2ckAVGomFDWBAzyzEIiHL/viDMX2JFlq00ga0UIgfONDOgr4TI/Kkp0JtIElzpWGWiCQLNf+oAn4aJAkFzegEboARKCj0ozBAw0JYkcVCcskteQjlFDdAhIAupA4a1ShGQArSByYEGG4QpxarYNG2TKKnCFFFTDUKTxiZoQY1MMP1CBILmoL0ng5hhR4LIwwUDDWj2yTIK1RQgq6WQAWvOAgqnPpRIXwzUGi4akYPIowbeNWrNygZWT9Ko0DxQq1rNYgZ3vpWMxxkrh9dqmqIgNd2DlNSXOVrV1VwkCwAtp52qkRh25lVgQRCsW8NhEEq8Vh6Uik2N5jsCQ5yBcx69QoH+UFnoXCbu07WDwcp/oJpu1qEgyyiszAQrGIwWtjRHoQGsy1BDRCi2sf6VTUELWxlBxLcriJkrI+1QWwmy1GENLcECfHoY1Uj1ML2rSDXTUgvOgvVyUgWr3VQSHgTAojHfnYxwsDrYa3b3IU4dq6xWcFVVzA35tZXIcQ4AlmPEBs/DDUJ/R0IcGdLA4YQwwxObShn0mpQ2DZEtrOtbUMWMU+F2lQ1lUADGizskNLOFrUPWYQe9PBeI6LjsrPVrIsvIowUmDYFM87IXjFLsxzT2K18jauPMfIKG3s1BbodskR6YQYa0ECpSo6ylKdM5Spb+cpYzrKWt8zlLnv5y2AOs5jHTOYym/nMaE6zJJrXzOY2u/nNcI6znOdM5zrb+c54zrOe98znPvv5z4AOtEUCAgAh+QQJAwD3ACwAAAAAyADIAIcAAAAPNkcbndQUntkUntkUntkUntkUntkUntkUntkUntkUntkUntkUntkUntkWntkfotolpdwoptwoptwpptwqp90qp90qp90qp90qp90qp90qp90rp901q94+r98/sOA/sOA/sOA/sOA/sOA/sOA/sOA/sOA/r+A/sOBJtOFNtuJRt+NTuONTuONUueNUueNUueNUueNUueNUueNUueRZuuRbu+VfveVhveVivuZkv+ZowOZowOZpwedpwedpwedpwedpwedpwedqwedtwud0xeh5x+l9yel+yel+yel+yel+yep+yep/yup/yup/yuqAyuqEzOqGzeuHzeuIzeuJzuyLz+yMz+yMz+yNz+yO0OyP0O2Q0e2R0e2S0u2T0u2U0u2U0+2U0+6T0u2T0u2U0u2U0+2V0+6Y1O6d1u+h2O+m2vCp2/Gq3PGp3PGp2/Gp3PGp3PGp3PGp3PGp3PGr3PGs3fGt3fGu3vGv3vKx3/Ky3/K44fO74/S74vS94/S84/S+5PS+5PS94/S94/S+5PS+5PW/5PXC5fXD5vXE5vXF5/bG5/bI6PbK6PbL6fbN6vfP6/fT7PfS7PfU7fjU7fjU7fjU7fjU7fjU7fjU7fjU7fjV7fjU7fjU7fjU7fjU7fjV7fjV7fjV7fjV7fjW7vjZ7/nb8Pnd8Pne8fne8fne8fne8fne8frf8frf8fne8fnf8fnj8/rl9Prn9frn9frn9fvo9fvo9fvp9fvp9vvp9vvp9vvq9vvr9vvr9vvs9/vt9/vt9/vu9/vv+Pzv+Pzw+Pzy+fz0+v30+v31+v31+v31+v31+v31+v30+v31+v31+v31+v31+/34/P37/f7+/v7+/v7+/v7+/v7+/v7+/v7+/v7+/v7+/v7+/v7+/v79/v79/v7+/v7+/v7+/v7+/v7+/v7+/v7+/v79/v78/f77/f77/f77/f77/f77/f78/f78/f78/v79/v79/v7+/v7+///+///+///+///+///+///+///+///+//8I/gDvCRxIsKDBgwgTKlzIsKHDhxAjSpxIsaLFixgzatzIsaPHjyBDihxJsqTJkyhTqlzJsqXLlzBjypxJs6bNmzhz6tzJs6fPn0CDCh1KtKjRo0iTKl3KtKnTp1CjSp1KtarVq1izat3KtavXr2DDih1LtqzZs2jTql3Ltq3bt3Djyp1Lt67du3jz6t3Lt6/fv4ADCx5MuLDhw4gTK1ZL7VSjRqeoLbaJLJGhy4YSIZs8s9ojzJgfVeMc8xRo0KdIv6xm+fTlRKpd2nIN2lZsjNN69SIGsRRtzKUguqJEqddtgb2IEy/FuyGk35chOTyVx411N5RuE1POfVY4hoyg/htqxLCaouvoXcU+xZ17q+8KxV9eWK0PevR9VIdr317WQvmGLHTefeipNg1/7QUTn3wKnULgfcZxRg2C7Y2GEIAJIfPgfc1xRiF3/l3IIEKHbFigaqV8qNw0IoqHUC8mXpdHbLKoSJwpCIUHHSMI7RGjdeSpVo2NxHVI0HPQSWeQKz9at1lsw9mIo0G+QRecQT7+eMhxBxLJYkGzQWdbQbM06UaEt9VoY4gEVYPIb4gcNGCMihwn0JBEHmQabeoZZOaTdiZn40HVOOKaIxYW1GR2dgoUjik2flkQMm9ihohkBsEY4x6JCmZNNZ0uNKGKmBrUGCOMRIYQMT8auZAs/rOU+hY1xOhiqy7AHAOfQsGoiFGMqS10jCFqiGGsGG5c2RYytzZrKzGhGqQmf31aVOKDQSYkSx7HdmusI22F4+y4uhiz60HEpMhdKbJSREx16OVR7UHH8OHtvWIcwxY15JKLjDUJUTMtuxq9e10jrhJEjSP44qtsWsz2Oy4w0RIUzjSSbqRbxQP5UmzD94K7VjUS95uxTJGA3LAvbQFTMrn6zgSIyviq4Ra/L4/bbkul0OzwW8fk7KwvHKPkSxo+ewsIXNbUKvStMbs0c9LHsrHzWtYY87StLL+ENNVi8HF1W9NsrUvRJckCdhoPzxWO0zkD3NIxVPMR9V3VuFwy/jAwfQyyGmzuRY3e4xIN09ENq9F2X9QY40uz0MrkC7fHpsFHK4d9irZLvsgydqOghy766KSXnlgkeKShRROst65FGnhEYjpH1PAxReu45876FGLPfpEtaOgufO5ojOm7RMTcPvzyuyd8PEN8MC99E3w8H9EW0zOvhfUQYZ/98Ftw/1D03wtfvfgNJV9+7lM4j/5BwK/PevHvP1S78tNPEcjn9ScUSR5p8B7utpCGPMiufwhMoAIXyEC3GGMRjLKJLE5xMsHw4QYDyGAGVRDBl8hiCz0IYQjRMAnBrKEDGkzhACLQQZaYoggijGEPjpCtvSwChSpUYQdgcgQZ+vAI/lPCiytUkMMiDsAYLgGGD5fYgy3wzS5oMKIRW5gSUzCRiQGaizEwKMUcQgAmMLyiD9FQwbUY4wNdLCIR+ibGJUqhjGmxQRq9SEWVyCKMbYyhzdwSxTmqcA0yaUQefVhDteDQjxlc40zUMMgYHqEtlECkBtFgkz80UoSBQ0sVJNmBOg7kGI4QGUcowQlAHUQWPWzkHtiyBkRWAYkIKQURKkDLDiyOIq64AQ12aYV5FWQae2hkIc/iijnawJcFyUMHaMlMW2Ikl7uM5g22lBBgoCGPT1zLJo2ogkUsxAjMDGcFboCRJkTznDQ4w0JMoYUr/uEta0CjBjtABGQaRA3i/hQnRtCJzlUuBBhqSGUIozDMtizCmw4pRT7Fect72OILNajBF4xXEFfwE532RIgpgjiYY6RgoeEs6ClS8IGSfiAFwSoIJS56ziGY8jhgAGk4D4KMHJjUpDl4qUBYek42gG4WMp2pQcRw05uK4SA8PacuGjXLoFZAkQRBBkmLWtIUHKQKSeWlnRrhVFoOkw9Uven5CNKIrO7Sk4q5QVc/cJAphNWkUzhID8zahNsAtaszMggR3lpSqBLkEGalwVJVA06nsvUgNeDrB2qAkLlm9aiqWaZTC3oPxZYUISvNKjlV09XNHsSyhz2IObOKoq7OIiGgTYguzJpRw3A1qHtEz0hqE7KHrKK1MMcIql8/a9mFYJWnsWEBSFlwN94qdiHIKAJLixCbPCzUCMVFrGIZi1wxXJSaqolpM/PKkL3ydbcJOYQuo+nP2zQCDGDgbkPcyte4PuQQbGDDbY8HVr6OtYENQYYK3qoC/EaEqGFNg38hggwdUFUHOh1wg/ZrUhVQVMENsYUYIiqGB0P4whjOsIY3zOEOe/jDIA6xiEdM4hKb+MQoTrGKV8ziFrv4xTCOsYxnTOMa2/jGOM6xjnfM4x77+MdADrKQh0zkIhMlIAAh+QQJAwDhACwAAAAAyADIAIcAAAAGM0YKltIImdcImdcImdcImdcImdcImdcImdcImdcImdcImdcJmdcLmtcTndgbodocodocododododotodotodotsdotsfotslpdwpptwsqN0tqN0uqd0vqd0wqt0xqt0yq94yq94yq94yq94yq94yq94yq94yq94yq942rN4+r+BBsOBEsuFGsuFGs+FHs+FHs+FHs+FItOJItOJItOJItOJItOJItOJTuONUuONVueNYuuRau+Rbu+Rcu+RcvOVdvOVdvOVdvOVdvOVdvOVdvOVdvOVevOVivuVlv+ZpweZrwudswuduw+dxxOdxxOhyxehyxehxxOhxxOhyxehxxOhyxeh5yOl+yuqAy+uCzOuEzOuFzeuGzeuHzuuHzuyHzuyHzuyHzuyHzuyHzuyHzuyHzuyO0OyR0e2T0u2V0+6W1O6X1O6Y1O6Z1e6a1e6b1u6c1u6c1u6c1u+d1++d1u+d1++e1++i2O+k2fCt3fGw3vKw3vKw3vKx3/Kx3vKx3vKx3vKx3vKy3/Ky3/Oy3/O03/O14PO24PO34fO44fO54vS64vS74/S94/S+5PS/5PS/5PTA5PTA5fTB5fXE5vXI6PbJ6fbJ6PbJ6PbK6fbH6PbG5/bH6PbH6PbH5/bH6PbH6PbH6PbJ6PbL6fbN6vbO6vfP6/fQ6/fR7PfS7PfU7PfV7fjY7/ja8Pjb8Pjb8Pjb8Pjb8Pjb8Pnb8Pjb8Pjb8Pjb8Pnb8Pjb8Pja8Pjb8Pjb8Pjb8Pjc8Pne8fnf8fne8fnd8fnf8vnk8/rl9Prm9Pro9fvp9fvq9vvq9vvr9vvr9vvr9vvs9/vv+Pzy+fz1+v36/f79/v79/v78/v78/f77/f77/f77/f77/f77/f77/f77/f78/v79/v7+/v7+/v7+/v7+/v7+/v7+/v7+/v7+/v7+/v7+/v7+/v7+/v7+/v7+/v7+/v7+/v7y+v3y+v3y+v3y+v3y+v30+v31+/32+/32+/31+/30+v3y+v3x+fzx+fzx+fwI/gDDCRxIsKDBgwgTKlzIsKHDhxAjSpxIsaLFixgzatzIsaPHjyBDihxJsqTJkyhTqlzJsqXLlzBjypxJs6bNmzhz6tzJs6fPn0CDCh1KtKjRo0iTKl3KtKnTp1CjSp1KtarVq1izat3KtavXr2DDih1LtqzZs2jTql3Ltq3bt3Djyp1Lt67du3jz6t3Lt6/fv4ADCx5MuLDhw4gTK1Y7jdipU8SmLbZ5rxSny5xK3Zs809oqzJhXWeMckxho0MRIv7Rm+fTlUqpdKnMNWllsjPigQYsG8RdtzL8gFnPl6tltgdB+Kf9FjHfDVr8vt3IITFGh64Vc3Y62vLsyagxP/kXndIrhtFLY0xeLXax792LgFY6/vHBapfTpK6mm5t79sYXzcbLQJvjhpxo+/bnXj3zzKQRMgfgZx9k0CbqHTUIBJoQPhPgtSFqF3f2HUIYIWcJherERA+Jy+IzY4EHPnIidIrEls6JyqR0kXnTlHeSIjNehEhs2NyrnXEHQRTedQcUAeV2LsRlTZI4F+RZdcAb9CKQlxyFYJJQEzRadbQUh42QhEt6GTJHIGMTab7AZRCCQmxwnEJFFHmQabesZdCaYxyV340GeuSbaQU5qZ6dA1Ki4IqADVQZaKZIZFKOMjlRKmDWjOUThipoW1NhjkSHUD5AeNoQMMqG6Zc09/vHEGo89kJq6IkYyAsNQPJXsUcevdfDxylvTyGpsrPh0mpCNCRqDkYkQCqkQMokAa+2vPbJ17Lbx1FpQNI4uV+pF/ViXniJ9IhSPI9e2W0c8bFnDLbetisosc/VSVC52qKRq0DSnuOvusGsVO++29sSHEDX4eHvRM8/kO9AzvgrcbrZpUXPwvBK71IrFAqeplj0bc+swS5WA7O4erpbMrbIvvaLywG/h4/K2Crf0jB4zX6sfXLDeLOvJJ6XcM7B8dJyWzULHChPPR9eRKV0GC52zSshErQfBdjHt8kvxHO0IvHlZQ/LG9sBUscV7tNmX2QdfvdLOAu/B9V/YeI2s/twsPVMtsHo4QmVh1vAd0zOsLqr44ow37vjjQeWhhAsZDGD55Rm4oIQeQq1yiB5sgCH66GzoccgqZ0ETBQSXt+665RBEAQ1P0ziCxui45y46GlOLlYoKrwfvugqp6JQMHronnzseyYRFDOvCRw/74DT1c7vy2O/uL1dRSO/9AFHg5Ej25IPhCFiVfx99BjiFXj72bKCv/vrtvw8/WN3PH3z4N41vf/Ln+woxHqA/1z2AejPpRxr+l7s0bI8rvyug5YhnPOQxEAzMG4vqCKi+B2xhdjup3QLflwZLKK0rkmtB+lqXgRYoIQ+d+5z7cFe600HuhjjMoQ53yEOIQIMT/kuyiZSI1hdGKMECSETiDoL4EmOwIQpQhCIeUBeYPawgiVi0wAaYyJJfYCGKYIwCF+LEl05cMYtZXAFMuBDGNnIBS3gpxg7QSEcLgLBvbcxjFNggsrnQoY515GJKfqFHPf5MLtA4IiDRuAGYfLGQbcQDEc0CjRksko5QeBok84iGSZIlCZdkpCBVYoxHbhKMnHPLH0OZRZbFZBOnbGOd2qICVmIxkzPRQyzByIW2tMKWSaSDTSqxyyg6ay1oAKYKRjmQeJjCFB5phSs2kxBjsHGXi2DLHmyJhjsaxBVRCIE4V6AojBBjCUFIZxoQOBB8LGKXs1RLMUKZhHQhagXi/swnOc2JznSmcwmHhBEeTtlHtCSzjjvoxEK0kM+GhkAJGOGCPycaBDgs5BdrKGRA17IHGGBRBVCwJ0L04FCHYoSiFM3mQnZ2TSiiIZ5w6YRCHeKKkjq0nGV6AxKQ8Aa3GYQYKKUoOxGiHMPEYwY2bSgZCfILHczgqTPQARwJ0oqgTjQK1FyUG5La0IPEgwlQhSoTyFYQq07UlXYyBle7ahA3hDWsbjiIWSfKjEWFc60h4B9B4uHUtz5VBwdBw1zVaadS4FWcSxVII/wa1kYYxBSDTSczFaOEw84gsIyFKhoOAoXIeuE2aj1sIQ6Chcw+FQsHqURkg1BX1TAUr5c9/ggSTDsDJCCks4O1qGrwidfEDoS2T0VIVQe7hNgcFqIIAW5sDyLRwaqmpng95kGUmxBmRHaohjHsWlOZXOAqZBGDnWxh4rFWvXaXtgsRrFljw4Ok8oCs5zXtQu6BBauiVjWFsKkW4IuQ2ZrWtvOFQ1A3Opmt6nO0DSmtae/LkEooYaIqvU0p3OAGBDsEDbTd7EN6tQfx5nCxpnVsDzMSjxxkNgcj3ohbGcvdFF/kq34dq4s18gsTQzUHPp0xRpDhhp26Icc6DrKQh0zkIhv5yEhOspKXzOQmO/nJUI6ylKdM5Spb+cpYzrKWt8zlLnv5y2AOs5jHTOYym/nMaE6zDprXzOY2u/nNcI6zXQICACH5BAkDAPMALAAAAADIAMgAhwAAAApMaBOa1BGd2RGd2RGd2RGd2RGd2RGd2RGd2RGd2RGd2RSe2R2i2iSl2yWl2yWl2yWl2yWl2yam3Cam3Cem3Cqn3C6p3TGq3TKq3TSr3jWr3jas3jes3jmt3jqt3juu3zuu3zuu3zuu3zuu3zuu3z2v30Gw4EGx4EOx4Eq04U+24k+24k+24k+24k+24k+24k+24lC34lG341i65Fy75GC95WW/5mbA5mbA5mW/5mW/5mW/5mW/5mbA5mbA5mbA5mbA5mbA5mfA5mrB5mvC527D52/D6HHE6HPF6HTG6HbG6XjH6XnI6XnI6XrI6XrI6XrI6XvI6XrI6XvI6nvI6nvI6nrI6nvJ6n3J6oXN643P7I/Q7JDQ7JDR7I/Q7JDR7JDR7ZDR7ZDR7ZHR7ZLR7ZTS7ZXS7ZfT7pnU7pvV7p3W76PZ8KTZ8KTZ8KXa8Kba8ajb8afa8aba8aXa8aXa8aTZ8KTZ8KTZ8KTZ8KTZ8KXZ8KXZ8KXZ8Kfa8arc8azc8a7d8rDe8rHe8rPf8rXg87bh87ni87ri87ri87vi9Lri87ri87ri87vj87vj87vj9Lvj9Lzj9L3j9L7k9L/k9MHl9cLm9cTm9cXn9cXn9cXn9cXn9cTm9cLm9cHl9cHl9cDl9L/k9MDl9MLm9cXn9cjo9srp9srp9svp9svp9szp9szq9s3q9s7q98/r98/r98/r98/r98/r98/r987r987r98/r99Dr99Dr9tDs99Dr9tHs99bu+Nju+Nnv+N7x+eHy+uTz+uX0++X0+uX0++X0++X0++Tz+uTz+uX0+uX0++X0++b0++b0++j1++r2++z3++33/O74/O74/O/4/PD4/PH5/PH5/PD4/PD4/PD4/PD4/PH5/PX6/fn8/vr9/vr8/vn8/vr8/vr9/vr8/vr8/vr9/vr9/vr8/vr8/vn8/vn8/vr9/vr9/vr9/vr9/vr9/vz+/v7+/v7+/v7+/v7+/v7+/v7+/v7+/v7+/v7+/v7+/v7+/v7+/v7+/gj+AOcJHEiwoMGDCBMqXMiwocOHECNKnEixosWLGDNq3Mixo8ePIEOKHEmypMmTKFOqXMmypcuXMGPKnEmzps2bOHPq3Mmzp8+fQIMKHUq0qNGjSJMqXcq0qdOnUKNKnUq1qtWrWLNq3cq1q9evYMOKHUu2rNmzaNOqXcu2rdu3cOPKnUu3rt27ePPq3cu3r9+/gAMLHky4sOHDiBMrVvuNWK9exL4ttvmNl67LunhJnixT3i/MmH/J4xxzGGjQw0i/lGf59GVeql1Ocw16WmyM365d8wYxGG3MwSA2AwbM9u1514YpH/aMd0Ngvy8DcxjMEqTrkKbH9ra8e7WGvaL+6+rFEBwv7OibxYbWvTs0huIvLwRnCj16U7HbtzeeML6uhbjYZ59q3+jXnnMI+adQMALax99i4BjY3mgJxpfQNw3ad41qEnb3YEEKIsRKhujF9kyHy21mUIgGTUMidpXEVg2Kyr13UHjRkXcQJi9epyNp8tCoHIIEQReddgU10+N1KpIWjZA2FuRbdMEZxGOPrBxXoJBNCjRbdB/OA82SkITJ2TRChsnab7AZFGCPuBwnUJBCHmQabc8cRGaXsSVH40GeuSaanj0iKaeYNPI5T2WgaXaQiy9iAs6hA0WI4qQHFfjYMIoi1+OGDkEDDaZxgWPqqRQuxF2HGL1YpUL+3pgyCB200mGIoWvJc+qupqaa0IwGRoPRiA3+iBA0ktSqLK1tssXrs+D4epA3J3b3DKkVXVOJfZWol5A3lywrLh1EpgUttNIWBA6wzGFrkbbY9QLqQeaNOy6uZ+l6LrQMfdOpRdNM425B08xqr7jNqrXvuenC5MvB9ppp1sIM02QKxOMK8hbF/MoEDMb3vqUvx7vGNM0fIC+LH1wk89pwShenXKshA7M1csswoSwzHZbU3NbNHL8Ezc5/4CsX0Pu+5I3MlpRrF8kwCYKxIFHytbDJOosriNF8Af3yStMkW+sflghDaUvTjHr22my37fbbcM/0RhErXDDA3XhfsEL+EXAI1QsigKwRxuCErwEIIsaOZc0VDeDt+ON3N3CFNTx9YwkahGeu+eBoWPKvVryYAPnoj5uQsE3Q7LH56prvUXVXwTRO+uyRv1rTNZizrjvn83bVBO3AD9AETpbsbnwYloBld/CzX4CT4MfrvobyzDf/fPTSg/V79aMPf1Px2K+e/Fexc/94A7bThHv4mqPRe1ehm3+36TpB8wb7g7/xulfWNCF78A3QAuV2YrncHQ8NpvhcV+amguU57gIqKMIb/AY46GXOcIiLmwY3yMEOevCDArnGKRI3k+EokC+QKMIEVrjCGpCQJc1YAxZmOEM6vHAvgEABC3c4AQ3cECX+wNACDYeIhS3Uwi+m0CEPeYgCmGyBiFDcAtfkMowaLPGKE3hfSqYBxS5iYQ0SewsbsIjFH5YEGF70Yibocg0VknGJGoCJENMIRTqcsCzXWMEbr8gEmACCjl00wx3HQoQ9wtGMJmnGHAE5xECI0ZBLBIRMWsFIKLbCLUqE5Ar7OJM/VpKGW2hLLzTJQjbYJBOfpKG31FIGUqLAjNdwhSs88otfOI0gzXjiJyfBFkBosgxaHMgvmgCCYqrgFxoJBhJwwEw0pI8g35jEJy+5lmEYkgipSUghVFDMbh4TI8pkpjiRsMaETKMNjAwjWVqJxRqsLCFa6KY8QVAEjGxBnPj+xIEpFQIMGarxLYDQIwtRwIRsKiQO85wnRvKZT0kwZBqA0OUMzUDNuJjinQz5RULnicyDQGMNzFzD/gQSDIbm85kJIY5hrjGDjcrziAYBRg1kQFMZ1MBovzApPq9wS9WswaXynBYSalpTJNxSp/gkBKWaAdSgGmQNRCXq9AyCVHwKS05MaGoxOUkQb8w0qjStwUHQUNVmyqkWWi0mTAkyCbASlZcFeUVZmdnR2BQhrTM4CBncWlMyHKQJcw1lbJia1kIcBAt8pSkWDpKJueLgqqSJp1bzehAcJFYGOEAIYMs6VdJwU6trLchlaYqQnJYVCbFJaz0RMloZJOSeZVXgjUa1ukqDtDYh0ZgrSg+D1qbGQSG3TYgkylrXxVyjqVxl7WgXQlakxsYGLrVBMAkS3G9pQadaiE0hNqqF6RLEsonNrKpAytBy+lSeKjBsQxCb2MU2JBNGwKdDj1OLNaxBvQ7Za2L9+pBMEIIQxQVhWxMLVxBaxKt8FauBMQJVt8phwRjxxlCjalQIY0SmRK3BSC0skY+GdMMcDrGIR0ziEpv4xChOsYpXzOIWu/jFMI6xjGdM4xrb+MY4zrGOd8zjHvv4x0AOspCHTOQiG/nISE6ykpfM5CY7+clQjrJDAgIAIfkECQMA4wAsAAAAAMgAyACHAAAAAjdOA4zHBJfWBJfWBJfWBJfWBJfWBJjWBJjXBJjXBJjXBJjXBJjXBJjXBJjXB5nXEp3ZGJ/ZGJ/ZGJ/ZGJ/ZGJ/ZGJ/ZGJ/ZGJ/ZGaDaGaDaGqDaHaHaH6LbIKPbI6TbJaXcJqXcJ6bcKabcK6fdLqjdL6jdL6ndL6ndL6ndL6ndL6neL6neL6neL6neL6neL6neNKvePK7fQLDgQbDgQrHgQ7HgQ7HgQ7HhQ7HhRLLhRLLhRLLhRrPhTLXiT7biVLjjV7rjWLrjWLrjWbvkWbvkWbvkWbvkWbvkW7vkaMDmbcLnbsPnbsPnbsPnbsPnbsPnbsPnbsPnbsPnbsPnbcLnbsPnbsPnbsPobsPocMTocsToc8Xodcbpdsbpd8bpeMfpecjpe8jpfMnqfcnqf8rqgMrqgMrqgsvqg8vqg8vqg8vqg8zrhMzrhMzrhMzrhMzrhMzrhMzrhMzrhczrhs3ric7skNHtldPultTumNTumdXumdXumdXvmNTumNTumNTumtXvntfvoNfvodjvpNnwp9rwrN3xrt3xrd3xrt3xrd3xrd3xrd3yrt7yr97ysN7ysd/ytODyteHzt+HzuOLzuuLzu+P0vuT0weX0wuX1wuX1wuX1wub1wuX1wuX1wuX1wub1wuX1w+b1xOb1xuf1yOj2yej2yun2zOn2zer2zur3z+v30ev30uz31O331u341+742O742O742O742O742O742O742O742O742e/52O/42u/52e/53PD53/H64PL64fL64/P65PP65fT75/X76PX76fb76vb76/b77Pf77Pf77ff77vf87vj87vf87ff87ff87ff87ff87vj87/j87vj87/j88fn88/r89fr99vv99/v9+Pz9+fz++v3++/3+/f7+/v7+/v7+/v7+/v7+/v7+/v7+/v7+/v7+/v7+/v7+/v7+/v7+/v7+/v7+/v7+/v7+/v7+/v7+/v7+/v7+/v7+/v7+/v7+/v7+/v7+/v7+/v7+/v7+/v7+CP4AxwkcSLCgwYMIEypcyLChw4cQI0qcSLGixYsYM2rcyLGjx48gQ4ocSbKkyZMoU6pcybKly5cwY8qcSbOmzZs4c+rcybOnz59AgwodSrSo0aNIkypdyrSp06dQo0qdSrWq1atYs2rdyrWr169gw4odS7as2bNo06pdy7at27dw48qdS7eu3bt48+rdy7ev37+AAwseTLiw4cOIEytWGy4ZMGDJwi226e3Xrsu7fnmbPFOcMMyYhYnjHDMZaNDJSL8UZ/n05V+qXWZzDTpbbIzhunX7BvEYbczHICITJszabYHdnil/lo13w2G/Lw9zWMwUqeukhN3+trz7tobAov7vAsZQXCzs6JHF1ta9uzaG4i8vFNcKPfpWsdu3/64w/q6F59mHnmrh6NfeZgn5p1AxAtpnHGcFGtjdaAgpiJA3DdrHH2cSepdgfAm9kuGAqlnT4XKSHWShQdaMiJ0psW1zonK2HRRedOQdlIqL1/USmzgzKudcQdBFN51ByPB4HYKqsTdjjQX5Fl1wBu3I4yvHRThjigTNFh2UAz2jJCkP3ibjjBsOxNpvsBkUoIuxHCcQkEEeZBptyxw0JpPHJTfjQeLcCBowFBakpHZyDpTNlgdVBtovXBLUooupFCqYNZ548pCWEkZKUGOPRYbQNjymuZAyyoAjFyEyJOBqAv4hLJGjQt6ciJGLxTC0zSqWPOLrI5kg2lYarxbrag6aLHSmfu9dJGKDPiqkDCm/VuurLG0BY+y2CQQx60HfmNidNZ5OtI116JmiXkLbnGLtu4+YehYh3HLbRpkGhbMsuRqdi10v8g4EjizwwitsWsTWu20I+CkUTrkYWWONpQZl02vB72K7VisK14uHTb9gXDCYaYHQMbdL0LSKyPBa4ha9J29LiEzCsGzwW0vEbGwEDctGic3WrgKXNa3q/GrKL60M9K+ZqDp0EEa7GgFMkyzt6ylOy4VH1An0vJIyVk9y8FzA2GA0vipts/QpAc+lickdgwDTxRhbooxfhMC9Lf7PMGVTdctj9xVJEBEUa4PXsnlS7SSnGHOYNZogPlM2qSZq+eWYZ6755kEdskUQMmgg+ugyBLHFIULtoskkh/jh+uuHTKLJf2ZZU8YIo+euu+gjlIH2Td+YQsjrxBfvOiGmDAnWKzvs7rzuO2CZ0zKOGG998Y7kCdYwuD/vPe9H2pTN8NeXfzzJW5Xx/foalIGTKebH7weMX4XOvvcy4NS6/OWjXv/9+NMf//oHFvUB0Hnuuwn8Bmg9+nmFewfU3QjCV5NsDIKBxRsE+rbCvAiKLno6WQYiMOg6RGgvLLbrHvtGcIff2SR4F+TfIFShvLEcIgug213psuA/oOwiE/6sM17sMkE7zhnxiEhMohKX6BBtpKKINTmGMLpxmExsgQVYxOISoOiSYxjCDWAEIyK42BdJ+CCLaGTBDMiokmDcIYxwdEMeXOGXVJwxjWn0AUzyEMc+5iEYeinGEvBISBY0iyXZ6KMi3WCIDcLFEIUsJBtPEoxFLjIVdNHGFSOJxxnA5I2W7CMiqAgXbQiBk4RMoEskEUpFCoKUbtkkKtG4RpgcA5SthOMk3gLJWaZREjJxRS77SMe2/MCXaFRlTFg5zDDmoS27QGYWDWETVDQzjFRSix6k+YNJCkQbrigmR37xC24o5Bh8bKam1iIJZOrhkAb5hRl2QE8gtAkjxf4IQxb2KYhcIaQbnmimONNSjFluwZ8IsQQQ6MlQe+JTn/vcZxhQoZBsICKXjizLNgu5BEwq5A4MDekOuoARPET0pFmgpkKC8cVFUtQtkjhlFn9QBoQmxBEiFSlGUIrSTDAkG5JIJxgFMdC3pMKjDflFTkV6z4IkoxBNaEIhUnOQYvAUpTZdSDAAWRhtKGGpIZXcOIKxhCKYtQhL4GpBfnHVk6bBnJYrBFhDepBtiOGsZxVDwNp6UkpYzhhzpatBCoFXvBbiIHw9aTQSNc/A7sAMBtlGWQtrVqQVRBCJ5aecWuFYekrOE5TF6zoJ8orM7rOppOlCZ5VwED2E9qx6OP7IGUz7zNgAtrMuM0gaXmvWNBwEFabNwmJVA1LHshaxvC1CExAy28yqlDQLdaxYx5FcsyKErZkNQ2w6S1KEVLcICTFpZlWjVMc6zrvVTUg0TJvVxHA2sI5QyHcVkonMojYx2ggsZOWbXoVglq+xWQJYlwDPg8xXIdy4Q1vvEBtLLPUOBUYub7PAEG4Y4qovVY1cG5pbhuyWt75tCCrAcFKfHqcVhShEhxviWt7G9iGooAQl7stE0PJ2tEy8iGRfa9kcY4SwoUWEj/sVBsqGoW1DlghZ8boEqiY5I0/d51SfTOUqW/nKWM6ylrfM5S57+ctgDrOYx0zmMpv5zGhOsyia18zmNrv5zXCOs5znTOc62/nOeM6znvfM5z77+c+ADrSgB01ovQQEACH5BAkDAOMALAAAAADIAMgAhwAAAAhFXw6AsQ6Syw2a1g2b2A2b2A2b2A2b2A2b2A2b2A2b2A2b2A2b2A2b2A2b2A2b2A2b2BGd2B6i2iGj2iGj2iGj2iGj2iGj2iKk2yKk2yKk2ySk2yal2yim3Cqn3C+p3TGq3TOr3jWs3jas3jas3jas3jas3jet3jet3jet3zmu3zuu3zyv3z+w4EGx4Eaz4Uy14Uy14Uy14Uy14Uy14Uy14Uy14ky14k224k624k+24k224lK441a541y75GG95WK+5WK+5WG95WG95WG95WK+5mK+5ma/5mjA5mnA5mrB52/D53XG6HbG6HbG6XbG6XbG6XbG6XbG6XfH6XbG6XfH6XnH6XrI6XzJ6X7K6X/K6oDK6oLL6oPL6oXM64jO7IrP7IvP7IvP7IzQ7IzQ7IzQ7IzQ7IzQ7YzQ7Y3Q7Y3Q7ZPT7Z/X76HY76HY76PZ8Kba8Kba8Kfa8Kba8KPZ8KLZ8KLZ8KLZ8KLZ8KLZ8KPZ8KTa8Kba8Kjb8arc8azd8a3d8a7e8rDe8rLf8rXg8rbg8rbg87bg87bg87bg8rfh87fh87fh87jh87ni87ri87zj87zj873j873j9L7j9MDk9MHl9MPm9cTm9cbn9cfo9sno9srp9srp9svp9svq9svq98zq98zq98zq98zq98zq98zq98zq9szq9szq9svp9szq9s/r99Hs99Hs993x+eDy+eDy+eDy+eDy+eHy+eHy+eHy+uPz+uX0+uf1++r2++33++33/O73/O74/O/4/PH5/PL5/PP5/fP6/fT6/fX7/fb7/ff7/fb7/ff7/ff7/ff7/ff7/vf7/vf8/vf8/vf8/vf8/vf8/vj8/vn8/vr9/vv9/vv9/vz9/vz9/vz9/vz9/vz9/vz9/vz9/vz9/vz9/v3+/v7+/v7+/v7+/v7+/v7+/v7+/v7+/v7+/v7+/v7+/v7+/v7+/v7+/v7+/v7+/v7+/v7+/v7+/v7+/v7+/v7+/v7+/v7+/v7+/v7+/v7+/v7+/v7+/v7+/gj+AMcJHEiwoMGDCBMqXMiwocOHECNKnEixosWLGDNq3Mixo8ePIEOKHEmypMmTKFOqXMmypcuXMGPKnEmzps2bOHPq3Mmzp8+fQIMKHUq0qNGjSJMqXcq0qdOnUKNKnUq1qtWrWLNq3cq1q9evYMOKHUu2rNmzaNOqXcu2rdu3cOPKnUu3rt27ePPq3cu3r9+/gAMLHky4sOHDiBMrVpsNWK5cwLIttmkN163Lt3BZm0xTF2bMujjLBPb5MzDRMC2XvowLtctiqz8Xc41R3LVrkh/2io25F8ReunQRoy3w2rPjz6jlZriL9+VdDne5EkVdVGjX2ZBr38wwl/NbuRj+ZoNVvbxv1NW0a6/G8Pvlhdmml6/uyrV69dwTur+1kPz88qiJc596yx20n0K7/DffcKINqJ5CByJUjYLzHYOag9vp515C/lFInWvUYIicOAhFaBAxHlbXimvWiHgcNQh551x4B8mXYiy0uXhcgQM15xx0BvWSYnXsuZaeizAG+d15BdnoISzECagjiQXB5txsBQEzJHUM0taii/kRpNpqrRnU4ZPEDaTjMweRFlswB20pSpFpGuciQp6Vdp1BW+6Z5jghikhlQZV9hguPAqGYoiuI/gUMJphAdCdCjT0WGULHDGmhQ730co1ccLBQwKgFfJAEjvCJiFGKQCp0jCv+liwi6yKalNnWF6TmOuoNkSr05X10VnRmeagm1AsnsyYrK5RsxaLrswX8UOxB2QSKXJIXHdPKfK0weZC2yoa7yKZqwQEttF+cltCv2GKkbXWxkGvQNbCIK66taeF67rMf1KeQOINuRAwxjQ5ETKz2hsusWq7sey4bNsWSsL1dqvWBw9AmQZMrE4triVvmYvwsHDLh0vG9byUhsq4T+OsSMZGcrKzLbQGzwsq5avwSxzLPqsmncAHjA86jTgBTzD0v0grQcrFBdAE0q9RL0pHgO1csN+CsLkvH9NyKvHZhcrHDH8CEcMKWeKsXHGM/2zJMMNtridV9EeLDBLneEHX+S8QgO2skrbRK2KN7y0SMp38mrvjijDfueFCANPGDCxlUbrkLPzQRiFCwaAKJIHaELrogkGiyMFnBeAGC5ay3XjkIXsC5UzWf+CH67biH7scnwX7lyg2uB9+63jr9UkjuyONeyC9h4bK68NC/TrdMxdie/PW6Y+lVF9F3n0EXOIWC/fh2hAJWC95H7wJOoJN/vSDnpw99C+y7/z5Y3MsfPPg3iW8/8ub7ivP01zoQTC8m1fsf7vygPa/8joCVI15OjKfA0C1vLMHowvO8BwI1yE4n1QiF9cjnB1f0TiyR+wH6WteCzAGCc5p4RPtuJ4hHmO5xOMyhDnfIwx5CRBj+ojgdTXaBi3YNxhJPUIESlbgEIbZkF39AgxSlOAgn8qUQO1iiFlUAAyumBBdsmKIY0dCGwt1FFFnc4hZ3AJM2jPGNbTigXHSxBDXaUQXCcEkw3shHNPzhg3Txwx3v6EWT4KKPfRQFXYSRxEGq8QUwCSMi3zgII7JFGD9wpB3555JFTJKPdrCkWpqgyUcW8iS7kOQnxeiItwiylFsshExcsco3mtEsaYSlEjkZE0/WcoptaAssdLlEP9hEFL+couDQ0gZi7uCUxXDFLYUFC7AVZBdu/OUm2FIIXbYhjwiBxRdyQM4fnBIiueACFdZpBxodhBqb+OU0xaKLUjbBTwb+icQPyMlPc2IknesMKBcUmZBgDGKVgExLM++4BIImhA38jGgOroARNgT0olT4w0JwEcVEvqUQmVziDrqAz4MQQqISxQhGMdorhQRjEdmUoh3miZYPOQQWKJWoF3cxhyc8YQ7LHEguVopRdzIEF3LsSzGQkNOIFu4WSzCCVI2wBP6YiagXBYM1XROHpkb0IMbgwlSnygVjHASrF41E4nbh1a8axA9jHasxDYLWizIvTeNsaw6+YBBjRDWuUl3CQdxQV3amyRV6JefeMgHYsWbCIK4o7DrPeZgrJDYIB2lDY6caTIOAQbIQcw1bE6tWz25WqmCIk2SpcFfRQFSvmD3+yBNOa4QnIOSzhdUoanyQWDPSVqrhlCwXXJNYiiLkt0Z4qGRRg1O9BnUgyE3ILyRrVMUgtq2EUEh0E4KJwlJWMMVoK1+1+9uFEBatrmFCU5nQwINsNyHHUANW1eCaSOSUDe2VLW1tu5Bj/IGoDhVNV/npg9IyBAy0TW1DRLGFi7bUNa6IQxwM3BDNnrazDhFFJCLx3ccx9rSP9WFG/LpZwYpYI3Bt7CBOrBFjbAGwWzArizMC1bEu4bkzpsgu/OBTP+A4x0AOspCHTOQiG/nISE6ykpfM5CY7+clQjrKUp0zlKlv5yljOspa3zOUue/nLYA6zmMdM5jKb+cxoTrMNmtfM5ja7+c1wlktAAAAh+QQJAwD3ACwAAAAAyADIAIcAAAAAR2YAkM4AldUAldUAldUAldUAldUAltYAltYAltYAltYAltYAltYCl9YLmtcSndkUntkVntkVntkVntkVntkVntkVntkVntkWn9oWn9oXn9oYoNofo9snptwpp9wqp9wqp9wqp9wqp9wrqNwrqN0rqN0rqN0sqN0uqd0wqt4yqt4zq941q943rN85rd88rt8+r98/r98/r98/r98/r99AsOBAsOBAsOBAsOBAsOBBsOBDseBFsuFHs+FJtOFLtOFNteJOtuJPtuJRt+JSt+NTuONUuONUuONUuONUuONUuONUuONVueRVueRVueRVueRVueRXueRau+Rcu+RdvORfveVivuVkv+ZmwOZoweZqweZrwudrwudrwudqwedqwedqwedrwudtwudzxeh3xuh5x+l6yOl7yOl8yel/yuqAy+qAy+uAy+uAy+uAy+uAy+qAy+uAy+uAy+uCzOuEzOuMz+yR0e2R0e2S0u2T0u2U0u2U0u2U0u2U0u2U0u2U0u2U0u2U0u2U0u2U0u2U0u2V0+2X1O6a1e+b1u+d1u+c1u+c1u+d1u+e1++g1++h2O+j2fCl2fCo2/Cp2/Cq2/Cq2/Cq2/Gq2/Gq2/Gq2/Gq2/Gq2/Gq2/Gq2/Gq2/Gq2/Gr3PGv3vGw3vK64vS+5PS/5PTA5fTC5fXB5fXA5fXA5fS/5PS/5PTA5PTA5fXA5fXC5vXE5vXG5/XI6PbK6PbM6vbO6vbP6/fR7PfS7PfT7ffU7fjU7fjU7fjU7fjV7fjV7fjW7vjY7/ja7/nd8fnf8fng8vrh8vrh8vrl9Pvq9vvr9vvr9vzq9vzq9vzq9vzr9vzr9vvq9vzq9vzr9vzs9/zr9vzr9vzs9vzt9/zv9/zz+f32+/33+/33+/34+/34+/33+/32+/31+v30+v30+v30+v30+v30+v30+v31+v32+/34+/3+/v7+/v7+/v7+/v7+/v7+/v7+/v7+/v7+/v7+/v/+/v/+/v7+/v7+/v7+/v7+/v7+/v7+/v4I/gDvCRxIsKDBgwgTKlzIsKHDhxAjSpxIsaLFixgzatzIsaPHjyBDihxJsqTJkyhTqlzJsqXLlzBjypxJs6bNmzhz6tzJs6fPn0CDCh1KtKjRo0iTKl3KtKnTp1CjSp1KtarVq1izat3KtavXr2DDih1LtqzZs2jTql3Ltq3bt3Djyp1Lt67du3jz6t3Lt6/fv4ADCx5MuLDhw4gTK15bTpu2cotvurPmrLIza+4i09Rm2bI2zTLLde4MGfRLyqMrWzPtElzqzuBYY1TFhs0jiNxeW+YGcduyZd1kC1SDoDgCCI4cbtNdeZtDbcOASQe2TLYj49itOF/Imflnhsqm/ovfDjoFduwqyCNkbplhMfHii5nedv48kYXsKy9EBh++aVX1nXeHQvk5o5A2/cEXnGa4BHjeMQkVmBA4CcLnjWkOYnffevkldEyF4rEGQYbGqcIhewh1A+J0w7BmBYnFdYBQd7p9ZxAxK0qnDGvHwFhccgYtx5x6A22To3SxsWaDjzIalBtzvN14JISyAeijiQW5xlySBHFzJDALyjaEj0MchFpqqxnEX47ICCdQjz4eJNprYRL0JZfCEQfjjKnZWNCR1bkp0DYdwIhlQZN1lqZBKq5IjGHbzDLLQw2SiEtCjT2WkDc5XqjcNpnFNQkPGZSaAQtjtLnQHSRitKKf/gh5MwwtqtSqii0GumWHqbyWWoQsC70YoA0YfZjgjgptg4utzNZK5VrI9CptBlaoipAjI2IHwaUXyQrfMEQW5A0vzZariqdqTTLttHaEOxAuwh7HLUbe6oiuQe4cY665uaq167rSsrBLsrV61E2dB3FD677lPpvWLgCvi4hNyjC8b5RrsRDxtGPQNIzF5tLilrobSzuJTM6AzO9bY5TcqwcDv8SNLCo32+Jb2+zgMq8dv/RxzbbaEirOVexcqgcw0Qy0KrwMHRciRmcQM0vbLC1Lv3QhQ8TO7p7kDdC83GuXLBpHzAJMCzNMS9d2TVK2tDDDNPO+tGDtFylVeMAr/hFTy7ysrbLwsihh28jSN03cgCro4ow37vjjkAclChpW+FDC5Zj7YAUaowh1TC2ukBLK6KST4kotDo/FjR0vYO7665e/YAfGOYGDyyik56776KPggudXwhgB+/CvGyGMTtuIvvvyuZPCNlbKtE789LEja1M3uDOvPe8Ib1UH9eCXUAdOuGxvfijzdtVD+NT7gJPy5zNPCljrs098D+/Hr/38X31v//Dju0n59Le89HElev973QusV5NuiIKAuhNF97YijCIk8HJFOF5OkgfB0TlPdXWQXvheYAja4cR2D4yfKIDxO7GI4gxWqJ/remCFM4jCc6CDX+lOl7rI+fCH/kAMohCHuBBu5OJRN2mGMloYmFikwQZQhCIZkAiTZozCEFjEIinkExhSSCGKYLRBEKjYEmUsIotoNEQkbsYXXHwxjGGUAkwgkcY6RoKBdlEGGeDIRxuYMCXcqKMgDTGKP8YlFH3sIxlVooxBDjIXdOHGExMJxyDA5IyOrCMpmKgWbmCBknwMoEtKkUlBUoKTaEEDKCu5yJU0A5OlRGMp3oLIVYaRfzARRizrqEG2vNGWUBRlTEi5yyxGoi3EAGYUQ2GTXBQzi81giyOUKYVWEqQc0vHIMY4htoI0g47FrAVbSAFMRxjyTXZogjqt0EOKKMMOtWHDJPBIEHDUopi9/kyLMlaJBnoSxBRWUKdA2YmRd8azNnYwYEG4QYpYnrMs0+wjGRRaEEMI9KJNUANGHnHQg3ZOIcq44iPfQopPRlEKdfBnQUaBUYxipKMdFVkRSwFOLFIin2/BBUURcoyWYrSd97BGKNSghlAMjiDKgGlHVXoQZTC1L+Xggk8vyouDIKMMXMgqF8pgLYIcQ6kHvUM3WXOJqV70IN2og1a1WocJgvWghxKOM8x6VoOEYq1rZaZB3nrQ5ykmnXRtgh0YhVW8ZrUMB5kEX2tzMuHwIrDqrGpBZmHYtU6qIMJYbG2Aqhg1QPYLB4FEZbUKiYPcQbO3Yc1cIWsK0442qwMy/gguNMsGvxbGooEF7UHS8FouaNS0mv0oaAIaWMkapLdZ5almB2sayP72IMjlQkI4uljT9DSwdiNIdBOyDc0+lTCPpatwoYtchdBisZwtTDnoytyEbFchin0ra8ow1TKUxr3lVYg3DgHWQ7DGFD41xH0TwtvXpoEh3hiFUneamLIOtLUNuUNvY8sQXMAznjKVDS8ucQkIO0S0ry0tpZxFRINQ9rWXLfFFukGG0ZJBxRq5a2XHC+OKpNWwba1xRpDRYq2S4ag6rohQ05AGowb5yEhOspKXzOQmO/nJUI6ylKdM5Spb+cpYzrKWt8zlLnv5y2AOs5jHTOYym/nMaE6zFprXzOY2u/nNcI6znOdM5zrb+c5ICQgAOwAAAAAAAAAAAAAAAAAAAAAAAAAAAAAAAAAAAAAAAAAAAAAAAAAAAAAAAAAAAAAAAAAAAAAAAAAAAAAAAAAAAAAAAAAAAAAAAAAAAAAAAAAAAAAAAAAAAAAAAAAAAAAAAAAAAAAAAAAAAAAAAAAAAAAAAAAAAAAAAAAAAAAAAAAAAAAAAAAAAAAAAAAAAAAAAAAAAAAAAAAAAAAAAAAAAAAAAAAAAAAAAAAAAAAAAAAAAAAAAAAAAAAAAAAAAAAAAAAAAAAAAAAAAAAAAAAAAAAAAAAAAAAAAAAAAAAAAAAAAAAAAAAAAAAAAAAAAAAAAAAAAAAAAAAAAAAAAAAAAAAAAAAAAAAAAAAAAAAAAAAAAAAAAAAAAAAAAAAAAAAAAAAAAAAAAAAAAAAAAAAAAAAAAAAAAAAAAAAAAAAAAAAAAAAAAAAAAAAAAAAAAAAAAAAAAAAAAAAAAAAAAAAAAAAAAAAAAAAAAAAAAAAAAAAAAAAAAAAAAAAAAAAAAAAAAAAAAAAAAAAAAAAAAAAAAAAAAAAAAAAAAAAAAAAAAAAAAAAAAAAAAAAAAAAAAAAAAAAAAAAAAAAAAAAAAAAAAAAAAAAAAAAAAAAAAAAAAAAAAAAAAAAAAAAAAAAAAAAAAAAAAAAAAAAAAAAAAAAAAAAAAAAAAAAAAAAAAAAAAAAAAAAAAAAAAAAAAAAAAAAAAAAAAAAAAAAAAAAAAAAAAAAAAAAAAAAAAAAAAAAAAAAAAAAAAAAAAAAAAAAAAAAAAAAAAAAAAAAAAAAAAAAAAAAAAAAAAAAAAAAAAAAAAAAAAAAAAAAAAAAAAAAAAAAAAAAAAAAAAAAAAAAAAAAAAAAAAAAAAAAAAAAAAAAAAAAAAAAAAAAAAAAAAAAAAAAAAAAAAAAAAAAAAAAAAAAAAAAAAAAAAAAAAAAAAAAAAAAAAAAAAAAAAAAAAAAAAAAAAAAAAAAAAAAAAAAAAAAAAAAAAAAAAAAAAAAAAAAAAAAAAAAAAAAAAAAAAAAAAAAAAAAAAAAAAAAAAAAAAAAAAAAAAAAAAAAAAAAAAAAAAAAAAAAAAAAAAAAAAAAAAAAAAAAAAAAAAAAAAAAAAAAAAAAAAAAAAAAAAAAAAAAAAAAAAAAAAAAAAAAAAAAAAAAAAAAAAAAAAAAAAAAAAAAAAAAAAAAAAAAAAAAAAAAAAAAAAAAAAAAAAAAAAAAAAAAAAAAAAAAAAAAAAAAAAAAAAAAAAAAAAAAAAAAAAAAAAAAAAAAAAAAAAAAAAAAAAAAAAAAAAAAAAAAAAAAAAAAAAAAAAAAAAAAAAAAAAAAAAAAAAAAAAAAAAAAAAAAAAAAAAAAAAAAAAAAAAAAAAAAAAAAAAAAAAAAAAAAAAAAAAAAAAAAAAAAAAAAAAAAAAAAAAAAAAAAAAAAAAAAAAAAAAAAAAAAAAAAAAAAAAAAAAAAAAAAAAAAAAAAAAAAAAAAAAAAAAAAAAAAAAAAAAAAAAAAAAAAAAAAAAAAAAAAAAAAAAAAAAAAAAAAAAAAAAAAAAAAAAAAAAAAAAAAAAAAAAAAAAAAAAAAAAAAAAAAAAAAAAAAAAAAAAAAAAAAAAAAAAAAAAAAAAAAAAAAAAAAAAAAAAAAAAAAAAAAAAAAAAAAAAAAAAAAAAAAAAAAAAAAAAAAAAAAAAAAAAAAAAAAAAAAAAAAAAAAAAAAAAAAAAAAAAAAAAAAAAAAAAAAAAAAAAAAAAAAAAAAAAAAAAAAAAAAAAAAAAAAAAAAAAAAAAAAAAAAAAAAAAAAAAAAAAAAAAAAAAAAAAAAAAAAAAAAAAAAAAAAAAAAAAAAAAAAAAAAAAAAAAAAAAAAAAAAAAAAAAAAAAAAAAAAAAAAAAAAAAAAAAAAAAAAAAAAAAAAAAAAAAAAAAAAAAAAAAAAAAAAAAAAAAAAAAAAAAAAAAAAAAAAAAAAAAAAAAAAAAAAAAAAAAAAAAAAAAAAAAAAAAAAAAAAAAAAAAAAAAAAA"
            alt="Loading..." style="padding: 10em; display: block; margin: auto;"-->
    </my-app>
    <!-- Load aot application code -->
    <script src="./app/build.js"></script>
</body>

</html>

	at com.mycompany.pruebajoobyuno.AppTest.integrationTest(AppTest.java:29)
]]></failure>
  </testcase>
</testsuite>